#
# There is insufficient memory for the Java Runtime Environment to continue.
# Native memory allocation (malloc) failed to allocate 1958016 bytes for Chunk::new
# Possible reasons:
#   The system is out of physical RAM or swap space
#   The process is running with CompressedOops enabled, and the Java Heap may be blocking the growth of the native heap
# Possible solutions:
#   Reduce memory load on the system
#   Increase physical memory or swap space
#   Check if swap backing store is full
#   Decrease Java heap size (-Xmx/-Xms)
#   Decrease number of Java threads
#   Decrease Java thread stack sizes (-Xss)
#   Set larger code cache with -XX:ReservedCodeCacheSize=
#   JVM is running with Unscaled Compressed Oops mode in which the Java heap is
#     placed in the first 4GB address space. The Java Heap base address is the
#     maximum limit for the native heap growth. Please use -XX:HeapBaseMinAddress
#     to set the Java Heap base and to place the Java Heap above 4GB virtual address.
# This output file may be truncated or incomplete.
#
#  Out of Memory Error (arena.cpp:184), pid=32364, tid=35636
#
# JRE version: Java(TM) SE Runtime Environment (19.0.2+7) (build 19.0.2+7-44)
# Java VM: Java HotSpot(TM) 64-Bit Server VM (19.0.2+7-44, mixed mode, sharing, tiered, compressed oops, compressed class ptrs, g1 gc, windows-amd64)
# No core dump will be written. Minidumps are not enabled by default on client versions of Windows
#

---------------  S U M M A R Y ------------

Command Line: com.portfolio.thiagobong.ThiagobongApplication

Host: Intel(R) Celeron(R) N4000 CPU @ 1.10GHz, 2 cores, 3G,  Windows 11 , 64 bit Build 22621 (10.0.22621.1344)
Time: Tue Apr  4 23:25:52 2023 Hora estándar de Argentina elapsed time: 6.106047 seconds (0d 0h 0m 6s)

---------------  T H R E A D  ---------------

Current thread (0x0000028e6a6cf210):  JavaThread "C2 CompilerThread0" daemon [_thread_in_native, id=35636, stack(0x000000b91d000000,0x000000b91d100000)]


Current CompileTask:
C2:   6106 2204   !   4       jdk.internal.loader.BuiltinClassLoader::loadClassOrNull (143 bytes)

Stack: [0x000000b91d000000,0x000000b91d100000]
Native frames: (J=compiled Java code, j=interpreted, Vv=VM code, C=native code)
V  [jvm.dll+0x6ee21a]
V  [jvm.dll+0x85765e]
V  [jvm.dll+0x85904e]
V  [jvm.dll+0x859703]
V  [jvm.dll+0x28298f]
V  [jvm.dll+0xc9adf]
V  [jvm.dll+0xc9e65]
V  [jvm.dll+0x3bca4c]
V  [jvm.dll+0x3860e1]
V  [jvm.dll+0x38555a]
V  [jvm.dll+0x24c3d9]
V  [jvm.dll+0x24b781]
V  [jvm.dll+0x1d6ce1]
V  [jvm.dll+0x25b25a]
V  [jvm.dll+0x2596e8]
V  [jvm.dll+0x807588]
V  [jvm.dll+0x80125a]
V  [jvm.dll+0x6ecf0b]
C  [ucrtbase.dll+0x29363]
C  [KERNEL32.DLL+0x126bd]
C  [ntdll.dll+0x5a9f8]


---------------  P R O C E S S  ---------------

Threads class SMR info:
_java_thread_list=0x0000028e6f9ed3f0, length=15, elements={
0x0000028e4d397be0, 0x0000028e6a6c8b00, 0x0000028e6a6c95d0, 0x0000028e6a6cbff0,
0x0000028e6a6cc920, 0x0000028e6a6cd4d0, 0x0000028e6a6ce8e0, 0x0000028e6a6cf210,
0x0000028e6a6de660, 0x0000028e6a6f96d0, 0x0000028e6e9afb60, 0x0000028e6e9b9f20,
0x0000028e6ef00c70, 0x0000028e6eefc9b0, 0x0000028e6f524710
}

Java Threads: ( => current thread )
  0x0000028e4d397be0 JavaThread "main" [_thread_blocked, id=36700, stack(0x000000b91c300000,0x000000b91c400000)]
  0x0000028e6a6c8b00 JavaThread "Reference Handler" daemon [_thread_blocked, id=28160, stack(0x000000b91ca00000,0x000000b91cb00000)]
  0x0000028e6a6c95d0 JavaThread "Finalizer" daemon [_thread_blocked, id=39492, stack(0x000000b91cb00000,0x000000b91cc00000)]
  0x0000028e6a6cbff0 JavaThread "Signal Dispatcher" daemon [_thread_blocked, id=32460, stack(0x000000b91cc00000,0x000000b91cd00000)]
  0x0000028e6a6cc920 JavaThread "Attach Listener" daemon [_thread_blocked, id=37656, stack(0x000000b91cd00000,0x000000b91ce00000)]
  0x0000028e6a6cd4d0 JavaThread "Service Thread" daemon [_thread_blocked, id=31504, stack(0x000000b91ce00000,0x000000b91cf00000)]
  0x0000028e6a6ce8e0 JavaThread "Monitor Deflation Thread" daemon [_thread_blocked, id=33540, stack(0x000000b91cf00000,0x000000b91d000000)]
=>0x0000028e6a6cf210 JavaThread "C2 CompilerThread0" daemon [_thread_in_native, id=35636, stack(0x000000b91d000000,0x000000b91d100000)]
  0x0000028e6a6de660 JavaThread "C1 CompilerThread0" daemon [_thread_blocked, id=11700, stack(0x000000b91d100000,0x000000b91d200000)]
  0x0000028e6a6f96d0 JavaThread "Sweeper thread" daemon [_thread_blocked, id=28940, stack(0x000000b91d200000,0x000000b91d300000)]
  0x0000028e6e9afb60 JavaThread "Notification Thread" daemon [_thread_blocked, id=36844, stack(0x000000b91d300000,0x000000b91d400000)]
  0x0000028e6e9b9f20 JavaThread "Common-Cleaner" daemon [_thread_blocked, id=38556, stack(0x000000b91d500000,0x000000b91d600000)]
  0x0000028e6ef00c70 JavaThread "Thread-0" [_thread_blocked, id=25772, stack(0x000000b91d700000,0x000000b91d800000)]
  0x0000028e6eefc9b0 JavaThread "restartedMain" [_thread_in_Java, id=40580, stack(0x000000b91d800000,0x000000b91d900000)]
  0x0000028e6f524710 JavaThread "background-preinit" [_thread_in_native, id=31196, stack(0x000000b91d900000,0x000000b91da00000)]

Other Threads:
  0x0000028e6a6aef80 VMThread "VM Thread" [stack: 0x000000b91c900000,0x000000b91ca00000] [id=35060]
  0x0000028e6e9b60c0 WatcherThread "VM Periodic Task Thread" [stack: 0x000000b91d400000,0x000000b91d500000] [id=39600]
  0x0000028e4d3d6390 WorkerThread "GC Thread#0" [stack: 0x000000b91c400000,0x000000b91c500000] [id=40744]
  0x0000028e6ec52140 WorkerThread "GC Thread#1" [stack: 0x000000b91d600000,0x000000b91d700000] [id=40624]
  0x0000028e4d3ded30 ConcurrentGCThread "G1 Main Marker" [stack: 0x000000b91c500000,0x000000b91c600000] [id=38924]
  0x0000028e4d3df760 WorkerThread "G1 Conc#0" [stack: 0x000000b91c600000,0x000000b91c700000] [id=39660]
  0x0000028e4d429800 ConcurrentGCThread "G1 Refine#0" [stack: 0x000000b91c700000,0x000000b91c800000] [id=19984]
  0x0000028e4d42b350 ConcurrentGCThread "G1 Service" [stack: 0x000000b91c800000,0x000000b91c900000] [id=21404]

Threads with active compile tasks:
C2 CompilerThread0     6201 2204   !   4       jdk.internal.loader.BuiltinClassLoader::loadClassOrNull (143 bytes)

VM state: not at safepoint (normal execution)

VM Mutex/Monitor currently owned by a thread: None

Heap address: 0x00000000c2e00000, size: 978 MB, Compressed Oops mode: 32-bit

CDS archive(s) mapped at: [0x0000000800000000-0x0000000800c40000-0x0000000800c40000), size 12845056, SharedBaseAddress: 0x0000000800000000, ArchiveRelocationMode: 0.
Compressed class space mapped at: 0x0000000801000000-0x0000000841000000, reserved size: 1073741824
Narrow klass base: 0x0000000800000000, Narrow klass shift: 0, Narrow klass range: 0x100000000

GC Precious Log:
 CardTable entry size: 512
 Card Set container configuration: InlinePtr #cards 5 size 8 Array Of Cards #cards 12 size 40 Howl #buckets 4 coarsen threshold 1843 Howl Bitmap #cards 512 size 80 coarsen threshold 460 Card regions per heap region 1 cards per card region 2048
 CPUs: 2 total, 2 available
 Memory: 3911M
 Large Page Support: Disabled
 NUMA Support: Disabled
 Compressed Oops: Enabled (32-bit)
 Heap Region Size: 1M
 Heap Min Capacity: 8M
 Heap Initial Capacity: 62M
 Heap Max Capacity: 978M
 Pre-touch: Disabled
 Parallel Workers: 2
 Concurrent Workers: 1
 Concurrent Refinement Workers: 2
 Periodic GC: Disabled

Heap:
 garbage-first heap   total 63488K, used 28085K [0x00000000c2e00000, 0x0000000100000000)
  region size 1024K, 25 young (25600K), 4 survivors (4096K)
 Metaspace       used 18072K, committed 18368K, reserved 1114112K
  class space    used 2181K, committed 2304K, reserved 1048576K

Heap Regions: E=young(eden), S=young(survivor), O=old, HS=humongous(starts), HC=humongous(continues), CS=collection set, F=free, OA=open archive, CA=closed archive, TAMS=top-at-mark-start (previous, next)
|   0|0x00000000c2e00000, 0x00000000c2f00000, 0x00000000c2f00000|100%|HS|  |TAMS 0x00000000c2e00000, 0x00000000c2e00000| Complete 
|   1|0x00000000c2f00000, 0x00000000c3000000, 0x00000000c3000000|100%| O|  |TAMS 0x00000000c2f00000, 0x00000000c2f00000| Untracked 
|   2|0x00000000c3000000, 0x00000000c3100000, 0x00000000c3100000|100%| O|  |TAMS 0x00000000c3000000, 0x00000000c3000000| Untracked 
|   3|0x00000000c3100000, 0x00000000c3200000, 0x00000000c3200000|100%| O|  |TAMS 0x00000000c3100000, 0x00000000c3100000| Untracked 
|   4|0x00000000c3200000, 0x00000000c32b9c00, 0x00000000c3300000| 72%| O|  |TAMS 0x00000000c3200000, 0x00000000c3200000| Untracked 
|   5|0x00000000c3300000, 0x00000000c3300000, 0x00000000c3400000|  0%| F|  |TAMS 0x00000000c3300000, 0x00000000c3300000| Untracked 
|   6|0x00000000c3400000, 0x00000000c3400000, 0x00000000c3500000|  0%| F|  |TAMS 0x00000000c3400000, 0x00000000c3400000| Untracked 
|   7|0x00000000c3500000, 0x00000000c3500000, 0x00000000c3600000|  0%| F|  |TAMS 0x00000000c3500000, 0x00000000c3500000| Untracked 
|   8|0x00000000c3600000, 0x00000000c3600000, 0x00000000c3700000|  0%| F|  |TAMS 0x00000000c3600000, 0x00000000c3600000| Untracked 
|   9|0x00000000c3700000, 0x00000000c3700000, 0x00000000c3800000|  0%| F|  |TAMS 0x00000000c3700000, 0x00000000c3700000| Untracked 
|  10|0x00000000c3800000, 0x00000000c3800000, 0x00000000c3900000|  0%| F|  |TAMS 0x00000000c3800000, 0x00000000c3800000| Untracked 
|  11|0x00000000c3900000, 0x00000000c3900000, 0x00000000c3a00000|  0%| F|  |TAMS 0x00000000c3900000, 0x00000000c3900000| Untracked 
|  12|0x00000000c3a00000, 0x00000000c3a00000, 0x00000000c3b00000|  0%| F|  |TAMS 0x00000000c3a00000, 0x00000000c3a00000| Untracked 
|  13|0x00000000c3b00000, 0x00000000c3b00000, 0x00000000c3c00000|  0%| F|  |TAMS 0x00000000c3b00000, 0x00000000c3b00000| Untracked 
|  14|0x00000000c3c00000, 0x00000000c3c00000, 0x00000000c3d00000|  0%| F|  |TAMS 0x00000000c3c00000, 0x00000000c3c00000| Untracked 
|  15|0x00000000c3d00000, 0x00000000c3d00000, 0x00000000c3e00000|  0%| F|  |TAMS 0x00000000c3d00000, 0x00000000c3d00000| Untracked 
|  16|0x00000000c3e00000, 0x00000000c3e00000, 0x00000000c3f00000|  0%| F|  |TAMS 0x00000000c3e00000, 0x00000000c3e00000| Untracked 
|  17|0x00000000c3f00000, 0x00000000c3f00000, 0x00000000c4000000|  0%| F|  |TAMS 0x00000000c3f00000, 0x00000000c3f00000| Untracked 
|  18|0x00000000c4000000, 0x00000000c4000000, 0x00000000c4100000|  0%| F|  |TAMS 0x00000000c4000000, 0x00000000c4000000| Untracked 
|  19|0x00000000c4100000, 0x00000000c4100000, 0x00000000c4200000|  0%| F|  |TAMS 0x00000000c4100000, 0x00000000c4100000| Untracked 
|  20|0x00000000c4200000, 0x00000000c4200000, 0x00000000c4300000|  0%| F|  |TAMS 0x00000000c4200000, 0x00000000c4200000| Untracked 
|  21|0x00000000c4300000, 0x00000000c4300000, 0x00000000c4400000|  0%| F|  |TAMS 0x00000000c4300000, 0x00000000c4300000| Untracked 
|  22|0x00000000c4400000, 0x00000000c4400000, 0x00000000c4500000|  0%| F|  |TAMS 0x00000000c4400000, 0x00000000c4400000| Untracked 
|  23|0x00000000c4500000, 0x00000000c4500000, 0x00000000c4600000|  0%| F|  |TAMS 0x00000000c4500000, 0x00000000c4500000| Untracked 
|  24|0x00000000c4600000, 0x00000000c4600000, 0x00000000c4700000|  0%| F|  |TAMS 0x00000000c4600000, 0x00000000c4600000| Untracked 
|  25|0x00000000c4700000, 0x00000000c47b3948, 0x00000000c4800000| 70%| S|CS|TAMS 0x00000000c4700000, 0x00000000c4700000| Complete 
|  26|0x00000000c4800000, 0x00000000c4900000, 0x00000000c4900000|100%| S|CS|TAMS 0x00000000c4800000, 0x00000000c4800000| Complete 
|  27|0x00000000c4900000, 0x00000000c4a00000, 0x00000000c4a00000|100%| S|CS|TAMS 0x00000000c4900000, 0x00000000c4900000| Complete 
|  28|0x00000000c4a00000, 0x00000000c4b00000, 0x00000000c4b00000|100%| S|CS|TAMS 0x00000000c4a00000, 0x00000000c4a00000| Complete 
|  29|0x00000000c4b00000, 0x00000000c4b00000, 0x00000000c4c00000|  0%| F|  |TAMS 0x00000000c4b00000, 0x00000000c4b00000| Untracked 
|  30|0x00000000c4c00000, 0x00000000c4c00000, 0x00000000c4d00000|  0%| F|  |TAMS 0x00000000c4c00000, 0x00000000c4c00000| Untracked 
|  31|0x00000000c4d00000, 0x00000000c4d00000, 0x00000000c4e00000|  0%| F|  |TAMS 0x00000000c4d00000, 0x00000000c4d00000| Untracked 
|  32|0x00000000c4e00000, 0x00000000c4e00000, 0x00000000c4f00000|  0%| F|  |TAMS 0x00000000c4e00000, 0x00000000c4e00000| Untracked 
|  33|0x00000000c4f00000, 0x00000000c4f00000, 0x00000000c5000000|  0%| F|  |TAMS 0x00000000c4f00000, 0x00000000c4f00000| Untracked 
|  34|0x00000000c5000000, 0x00000000c5000000, 0x00000000c5100000|  0%| F|  |TAMS 0x00000000c5000000, 0x00000000c5000000| Untracked 
|  35|0x00000000c5100000, 0x00000000c5100000, 0x00000000c5200000|  0%| F|  |TAMS 0x00000000c5100000, 0x00000000c5100000| Untracked 
|  36|0x00000000c5200000, 0x00000000c5200000, 0x00000000c5300000|  0%| F|  |TAMS 0x00000000c5200000, 0x00000000c5200000| Untracked 
|  37|0x00000000c5300000, 0x00000000c5300000, 0x00000000c5400000|  0%| F|  |TAMS 0x00000000c5300000, 0x00000000c5300000| Untracked 
|  38|0x00000000c5400000, 0x00000000c5400000, 0x00000000c5500000|  0%| F|  |TAMS 0x00000000c5400000, 0x00000000c5400000| Untracked 
|  39|0x00000000c5500000, 0x00000000c5500000, 0x00000000c5600000|  0%| F|  |TAMS 0x00000000c5500000, 0x00000000c5500000| Untracked 
|  40|0x00000000c5600000, 0x00000000c5629538, 0x00000000c5700000| 16%| E|  |TAMS 0x00000000c5600000, 0x00000000c5600000| Complete 
|  41|0x00000000c5700000, 0x00000000c5800000, 0x00000000c5800000|100%| E|CS|TAMS 0x00000000c5700000, 0x00000000c5700000| Complete 
|  42|0x00000000c5800000, 0x00000000c5900000, 0x00000000c5900000|100%| E|  |TAMS 0x00000000c5800000, 0x00000000c5800000| Complete 
|  43|0x00000000c5900000, 0x00000000c5a00000, 0x00000000c5a00000|100%| E|CS|TAMS 0x00000000c5900000, 0x00000000c5900000| Complete 
|  44|0x00000000c5a00000, 0x00000000c5b00000, 0x00000000c5b00000|100%| E|CS|TAMS 0x00000000c5a00000, 0x00000000c5a00000| Complete 
|  45|0x00000000c5b00000, 0x00000000c5c00000, 0x00000000c5c00000|100%| E|CS|TAMS 0x00000000c5b00000, 0x00000000c5b00000| Complete 
|  46|0x00000000c5c00000, 0x00000000c5d00000, 0x00000000c5d00000|100%| E|CS|TAMS 0x00000000c5c00000, 0x00000000c5c00000| Complete 
|  47|0x00000000c5d00000, 0x00000000c5e00000, 0x00000000c5e00000|100%| E|CS|TAMS 0x00000000c5d00000, 0x00000000c5d00000| Complete 
|  48|0x00000000c5e00000, 0x00000000c5f00000, 0x00000000c5f00000|100%| E|CS|TAMS 0x00000000c5e00000, 0x00000000c5e00000| Complete 
|  49|0x00000000c5f00000, 0x00000000c6000000, 0x00000000c6000000|100%| E|CS|TAMS 0x00000000c5f00000, 0x00000000c5f00000| Complete 
|  50|0x00000000c6000000, 0x00000000c6100000, 0x00000000c6100000|100%| E|CS|TAMS 0x00000000c6000000, 0x00000000c6000000| Complete 
|  51|0x00000000c6100000, 0x00000000c6200000, 0x00000000c6200000|100%| E|CS|TAMS 0x00000000c6100000, 0x00000000c6100000| Complete 
|  52|0x00000000c6200000, 0x00000000c6300000, 0x00000000c6300000|100%| E|CS|TAMS 0x00000000c6200000, 0x00000000c6200000| Complete 
|  53|0x00000000c6300000, 0x00000000c6400000, 0x00000000c6400000|100%| E|CS|TAMS 0x00000000c6300000, 0x00000000c6300000| Complete 
|  54|0x00000000c6400000, 0x00000000c6500000, 0x00000000c6500000|100%| E|CS|TAMS 0x00000000c6400000, 0x00000000c6400000| Complete 
|  55|0x00000000c6500000, 0x00000000c6600000, 0x00000000c6600000|100%| E|CS|TAMS 0x00000000c6500000, 0x00000000c6500000| Complete 
|  56|0x00000000c6600000, 0x00000000c6700000, 0x00000000c6700000|100%| E|CS|TAMS 0x00000000c6600000, 0x00000000c6600000| Complete 
|  57|0x00000000c6700000, 0x00000000c6800000, 0x00000000c6800000|100%| E|CS|TAMS 0x00000000c6700000, 0x00000000c6700000| Complete 
|  58|0x00000000c6800000, 0x00000000c6900000, 0x00000000c6900000|100%| E|CS|TAMS 0x00000000c6800000, 0x00000000c6800000| Complete 
|  59|0x00000000c6900000, 0x00000000c6a00000, 0x00000000c6a00000|100%| E|CS|TAMS 0x00000000c6900000, 0x00000000c6900000| Complete 
|  60|0x00000000c6a00000, 0x00000000c6b00000, 0x00000000c6b00000|100%| E|CS|TAMS 0x00000000c6a00000, 0x00000000c6a00000| Complete 
|  61|0x00000000c6b00000, 0x00000000c6c00000, 0x00000000c6c00000|100%| E|CS|TAMS 0x00000000c6b00000, 0x00000000c6b00000| Complete 

Card table byte_map: [0x0000028e660c0000,0x0000028e662b0000] _byte_map_base: 0x0000028e65aa9000

Marking Bits (Prev, Next): (CMBitMap*) 0x0000028e4d3d69c0, (CMBitMap*) 0x0000028e4d3d6a00
 Prev Bits: [0x0000028e664a0000, 0x0000028e673e8000)
 Next Bits: [0x0000028e673f0000, 0x0000028e68338000)

Polling page: 0x0000028e4d450000

Metaspace:

Usage:
  Non-class:     15.58 MB used.
      Class:      2.14 MB used.
       Both:     17.72 MB used.

Virtual space:
  Non-class space:       64.00 MB reserved,      15.75 MB ( 25%) committed,  1 nodes.
      Class space:        1.00 GB reserved,       2.25 MB ( <1%) committed,  1 nodes.
             Both:        1.06 GB reserved,      18.00 MB (  2%) committed. 

Chunk freelists:
   Non-Class:  3.67 MB
       Class:  1.72 MB
        Both:  5.39 MB

MaxMetaspaceSize: unlimited
CompressedClassSpaceSize: 1.00 GB
Initial GC threshold: 21.00 MB
Current GC threshold: 21.00 MB
CDS: on
MetaspaceReclaimPolicy: balanced
 - commit_granule_bytes: 65536.
 - commit_granule_words: 8192.
 - virtual_space_node_default_size: 8388608.
 - enlarge_chunks_in_place: 1.
 - new_chunks_are_fully_committed: 0.
 - uncommit_free_chunks: 1.
 - use_allocation_guard: 0.


Internal statistics:

num_allocs_failed_limit: 0.
num_arena_births: 216.
num_arena_deaths: 0.
num_vsnodes_births: 2.
num_vsnodes_deaths: 0.
num_space_committed: 288.
num_space_uncommitted: 0.
num_chunks_returned_to_freelist: 0.
num_chunks_taken_from_freelist: 804.
num_chunk_merges: 0.
num_chunk_splits: 560.
num_chunks_enlarged: 457.
num_inconsistent_stats: 0.

CodeHeap 'non-profiled nmethods': size=120064Kb used=817Kb max_used=817Kb free=119246Kb
 bounds [0x0000028e5e590000, 0x0000028e5e800000, 0x0000028e65ad0000]
CodeHeap 'profiled nmethods': size=120000Kb used=4440Kb max_used=4440Kb free=115559Kb
 bounds [0x0000028e56ad0000, 0x0000028e56f30000, 0x0000028e5e000000]
CodeHeap 'non-nmethods': size=5696Kb used=1278Kb max_used=1305Kb free=4417Kb
 bounds [0x0000028e5e000000, 0x0000028e5e270000, 0x0000028e5e590000]
 total_blobs=2771 nmethods=2279 adapters=403
 compilation: enabled
              stopped_count=0, restarted_count=0
 full_count=0

Compilation events (20 events):
Event: 5.973 Thread 0x0000028e6a6de660 2250       3       java.util.zip.ZipEntry::setExtra0 (493 bytes)
Event: 5.977 Thread 0x0000028e6a6de660 nmethod 2250 0x0000028e56f03910 code [0x0000028e56f03cc0, 0x0000028e56f05978]
Event: 6.006 Thread 0x0000028e6a6de660 2251       3       java.util.jar.JarFile$JarFileEntry::getRealName (5 bytes)
Event: 6.006 Thread 0x0000028e6a6de660 nmethod 2251 0x0000028e56f06310 code [0x0000028e56f064a0, 0x0000028e56f065b8]
Event: 6.039 Thread 0x0000028e6a6de660 2252       3       java.util.concurrent.ConcurrentHashMap$ValueIterator::<init> (12 bytes)
Event: 6.040 Thread 0x0000028e6a6de660 nmethod 2252 0x0000028e56f06690 code [0x0000028e56f06840, 0x0000028e56f06988]
Event: 6.040 Thread 0x0000028e6a6de660 2253       3       java.util.concurrent.ConcurrentHashMap::values (25 bytes)
Event: 6.041 Thread 0x0000028e6a6de660 nmethod 2253 0x0000028e56f06a90 code [0x0000028e56f06c60, 0x0000028e56f06ff8]
Event: 6.041 Thread 0x0000028e6a6de660 2254       3       java.util.concurrent.ConcurrentHashMap$ValuesView::iterator (34 bytes)
Event: 6.041 Thread 0x0000028e6a6de660 nmethod 2254 0x0000028e56f07110 code [0x0000028e56f072c0, 0x0000028e56f074e8]
Event: 6.048 Thread 0x0000028e6a6de660 2255       1       org.springframework.util.ConcurrentReferenceHashMap$SoftEntryReference::getNext (5 bytes)
Event: 6.049 Thread 0x0000028e6a6de660 nmethod 2255 0x0000028e5e65b790 code [0x0000028e5e65b920, 0x0000028e5e65b9d8]
Event: 6.054 Thread 0x0000028e6a6de660 2256       3       org.springframework.asm.Type::getTypeInternal (205 bytes)
Event: 6.056 Thread 0x0000028e6a6de660 nmethod 2256 0x0000028e56f07610 code [0x0000028e56f07900, 0x0000028e56f08818]
Event: 6.056 Thread 0x0000028e6a6de660 2257       3       org.springframework.asm.Type::getClassName (172 bytes)
Event: 6.058 Thread 0x0000028e6a6de660 nmethod 2257 0x0000028e56f08c90 code [0x0000028e56f09040, 0x0000028e56f0a658]
Event: 6.059 Thread 0x0000028e6a6de660 2258   !   3       org.springframework.util.ClassUtils::forName (231 bytes)
Event: 6.068 Thread 0x0000028e6a6de660 nmethod 2258 0x0000028e56f0ae90 code [0x0000028e56f0b5c0, 0x0000028e56f0f318]
Event: 6.069 Thread 0x0000028e6a6de660 2259       3       org.springframework.core.annotation.TypeMappedAnnotation::getType (8 bytes)
Event: 6.069 Thread 0x0000028e6a6de660 nmethod 2259 0x0000028e56f10990 code [0x0000028e56f10b20, 0x0000028e56f10c58]

GC Heap History (8 events):
Event: 0.901 GC heap before
{Heap before GC invocations=0 (full 0):
 garbage-first heap   total 63488K, used 6144K [0x00000000c2e00000, 0x0000000100000000)
  region size 1024K, 6 young (6144K), 0 survivors (0K)
 Metaspace       used 989K, committed 1152K, reserved 1114112K
  class space    used 60K, committed 128K, reserved 1048576K
}
Event: 0.916 GC heap after
{Heap after GC invocations=1 (full 0):
 garbage-first heap   total 63488K, used 4821K [0x00000000c2e00000, 0x0000000100000000)
  region size 1024K, 1 young (1024K), 1 survivors (1024K)
 Metaspace       used 989K, committed 1152K, reserved 1114112K
  class space    used 60K, committed 128K, reserved 1048576K
}
Event: 1.351 GC heap before
{Heap before GC invocations=1 (full 0):
 garbage-first heap   total 63488K, used 7893K [0x00000000c2e00000, 0x0000000100000000)
  region size 1024K, 4 young (4096K), 1 survivors (1024K)
 Metaspace       used 2403K, committed 2624K, reserved 1114112K
  class space    used 227K, committed 320K, reserved 1048576K
}
Event: 1.356 GC heap after
{Heap after GC invocations=2 (full 0):
 garbage-first heap   total 63488K, used 5560K [0x00000000c2e00000, 0x0000000100000000)
  region size 1024K, 1 young (1024K), 1 survivors (1024K)
 Metaspace       used 2403K, committed 2624K, reserved 1114112K
  class space    used 227K, committed 320K, reserved 1048576K
}
Event: 2.064 GC heap before
{Heap before GC invocations=2 (full 0):
 garbage-first heap   total 63488K, used 13752K [0x00000000c2e00000, 0x0000000100000000)
  region size 1024K, 9 young (9216K), 1 survivors (1024K)
 Metaspace       used 4597K, committed 4800K, reserved 1114112K
  class space    used 500K, committed 576K, reserved 1048576K
}
Event: 2.069 GC heap after
{Heap after GC invocations=3 (full 0):
 garbage-first heap   total 63488K, used 6046K [0x00000000c2e00000, 0x0000000100000000)
  region size 1024K, 2 young (2048K), 2 survivors (2048K)
 Metaspace       used 4597K, committed 4800K, reserved 1114112K
  class space    used 500K, committed 576K, reserved 1048576K
}
Event: 4.649 GC heap before
{Heap before GC invocations=3 (full 0):
 garbage-first heap   total 63488K, used 36766K [0x00000000c2e00000, 0x0000000100000000)
  region size 1024K, 33 young (33792K), 2 survivors (2048K)
 Metaspace       used 12923K, committed 13184K, reserved 1114112K
  class space    used 1659K, committed 1792K, reserved 1048576K
}
Event: 4.664 GC heap after
{Heap after GC invocations=4 (full 0):
 garbage-first heap   total 63488K, used 8629K [0x00000000c2e00000, 0x0000000100000000)
  region size 1024K, 4 young (4096K), 4 survivors (4096K)
 Metaspace       used 12923K, committed 13184K, reserved 1114112K
  class space    used 1659K, committed 1792K, reserved 1048576K
}

Dll operation events (9 events):
Event: 0.049 Loaded shared library C:\Program Files\Java\jdk-19\bin\java.dll
Event: 0.070 Loaded shared library C:\Program Files\Java\jdk-19\bin\jsvml.dll
Event: 0.292 Loaded shared library C:\Program Files\Java\jdk-19\bin\net.dll
Event: 0.296 Loaded shared library C:\Program Files\Java\jdk-19\bin\nio.dll
Event: 0.303 Loaded shared library C:\Program Files\Java\jdk-19\bin\zip.dll
Event: 0.880 Loaded shared library C:\Program Files\Java\jdk-19\bin\jimage.dll
Event: 1.800 Loaded shared library C:\Program Files\Java\jdk-19\bin\management.dll
Event: 1.811 Loaded shared library C:\Program Files\Java\jdk-19\bin\management_ext.dll
Event: 3.969 Loaded shared library C:\Program Files\Java\jdk-19\bin\verify.dll

Deoptimization events (20 events):
Event: 5.627 Thread 0x0000028e6f524710 Uncommon trap: trap_request=0xffffff45 fr.pc=0x0000028e5e59c2ac relative=0x000000000000036c
Event: 5.627 Thread 0x0000028e6f524710 Uncommon trap: reason=unstable_if action=reinterpret pc=0x0000028e5e59c2ac method=java.lang.StringLatin1.canEncode(I)Z @ 4 c2
Event: 5.627 Thread 0x0000028e6f524710 DEOPT PACKING pc=0x0000028e5e59c2ac sp=0x000000b91d9fdde0
Event: 5.627 Thread 0x0000028e6f524710 DEOPT UNPACKING pc=0x0000028e5e066d9d sp=0x000000b91d9fdd08 mode 2
Event: 5.627 Thread 0x0000028e6f524710 Uncommon trap: trap_request=0xffffff45 fr.pc=0x0000028e5e59b08c relative=0x000000000000034c
Event: 5.627 Thread 0x0000028e6f524710 Uncommon trap: reason=unstable_if action=reinterpret pc=0x0000028e5e59b08c method=java.lang.AbstractStringBuilder.isLatin1()Z @ 10 c2
Event: 5.627 Thread 0x0000028e6f524710 DEOPT PACKING pc=0x0000028e5e59b08c sp=0x000000b91d9fde00
Event: 5.627 Thread 0x0000028e6f524710 DEOPT UNPACKING pc=0x0000028e5e066d9d sp=0x000000b91d9fdd80 mode 2
Event: 5.627 Thread 0x0000028e6f524710 Uncommon trap: trap_request=0xffffff45 fr.pc=0x0000028e5e5a367c relative=0x000000000000005c
Event: 5.627 Thread 0x0000028e6f524710 Uncommon trap: reason=unstable_if action=reinterpret pc=0x0000028e5e5a367c method=java.lang.AbstractStringBuilder.isLatin1()Z @ 10 c2
Event: 5.627 Thread 0x0000028e6f524710 DEOPT PACKING pc=0x0000028e5e5a367c sp=0x000000b91d9fdde0
Event: 5.627 Thread 0x0000028e6f524710 DEOPT UNPACKING pc=0x0000028e5e066d9d sp=0x000000b91d9fdd70 mode 2
Event: 5.629 Thread 0x0000028e6f524710 Uncommon trap: trap_request=0xffffff45 fr.pc=0x0000028e5e5eb1e8 relative=0x0000000000000048
Event: 5.629 Thread 0x0000028e6f524710 Uncommon trap: reason=unstable_if action=reinterpret pc=0x0000028e5e5eb1e8 method=java.lang.CharacterData.of(I)Ljava/lang/CharacterData; @ 4 c2
Event: 5.629 Thread 0x0000028e6f524710 DEOPT PACKING pc=0x0000028e5e5eb1e8 sp=0x000000b91d9fd560
Event: 5.629 Thread 0x0000028e6f524710 DEOPT UNPACKING pc=0x0000028e5e066d9d sp=0x000000b91d9fd4f8 mode 2
Event: 5.884 Thread 0x0000028e6eefc9b0 Uncommon trap: trap_request=0xffffff45 fr.pc=0x0000028e5e600434 relative=0x0000000000000a34
Event: 5.884 Thread 0x0000028e6eefc9b0 Uncommon trap: reason=unstable_if action=reinterpret pc=0x0000028e5e600434 method=jdk.internal.org.objectweb.asm.SymbolTable.put(Ljdk/internal/org/objectweb/asm/SymbolTable$Entry;)Ljdk/internal/org/objectweb/asm/SymbolTable$Entry; @ 13 c2
Event: 5.884 Thread 0x0000028e6eefc9b0 DEOPT PACKING pc=0x0000028e5e600434 sp=0x000000b91d8fc6c0
Event: 5.884 Thread 0x0000028e6eefc9b0 DEOPT UNPACKING pc=0x0000028e5e066d9d sp=0x000000b91d8fc5f8 mode 2

Classes loaded (20 events):
Event: 5.442 Loading class java/io/InvalidObjectException
Event: 5.442 Loading class java/io/InvalidObjectException done
Event: 5.451 Loading class java/util/concurrent/ConcurrentLinkedQueue
Event: 5.452 Loading class java/util/concurrent/ConcurrentLinkedQueue done
Event: 5.452 Loading class java/util/concurrent/ConcurrentLinkedQueue$Node
Event: 5.453 Loading class java/util/concurrent/ConcurrentLinkedQueue$Node done
Event: 5.462 Loading class java/util/concurrent/atomic/AtomicLongArray
Event: 5.463 Loading class java/util/concurrent/atomic/AtomicLongArray done
Event: 5.463 Loading class java/lang/invoke/VarHandleLongs$Array
Event: 5.464 Loading class java/lang/invoke/VarHandleLongs$Array done
Event: 5.464 Loading class java/util/concurrent/atomic/AtomicReferenceArray
Event: 5.465 Loading class java/util/concurrent/atomic/AtomicReferenceArray done
Event: 5.466 Loading class java/lang/invoke/VarHandleReferences$Array
Event: 5.466 Loading class java/lang/invoke/VarHandleReferences$Array done
Event: 5.621 Loading class sun/text/resources/cldr/FormatData_en
Event: 5.623 Loading class sun/text/resources/cldr/FormatData_en done
Event: 5.623 Loading class sun/text/resources/cldr/FormatData_en_US
Event: 5.623 Loading class sun/text/resources/cldr/FormatData_en_US done
Event: 5.681 Loading class java/io/CharArrayReader
Event: 5.682 Loading class java/io/CharArrayReader done

Classes unloaded (0 events):
No events

Classes redefined (0 events):
No events

Internal exceptions (20 events):
Event: 2.854 Thread 0x0000028e6eefc9b0 Exception <a 'java/lang/NoSuchMethodError'{0x00000000c63b6718}: 'int java.lang.invoke.DirectMethodHandle$Holder.invokeInterface(java.lang.Object, java.lang.Object)'> (0x00000000c63b6718) 
thrown [s\open\src\hotspot\share\interpreter\linkResolver.cpp, line 774]
Event: 3.078 Thread 0x0000028e6eefc9b0 Exception <a 'java/lang/NoSuchMethodError'{0x00000000c60ccc20}: 'java.lang.Object java.lang.invoke.DirectMethodHandle$Holder.invokeSpecial(java.lang.Object, java.lang.Object, java.lang.Object, int, java.lang.Object)'> (0x00000000c60ccc20) 
thrown [s\open\src\hotspot\share\interpreter\linkResolver.cpp, line 774]
Event: 3.079 Thread 0x0000028e6eefc9b0 Exception <a 'java/lang/NoSuchMethodError'{0x00000000c60d54d8}: 'java.lang.Object java.lang.invoke.DirectMethodHandle$Holder.newInvokeSpecial(java.lang.Object, java.lang.Object, java.lang.Object, int, java.lang.Object)'> (0x00000000c60d54d8) 
thrown [s\open\src\hotspot\share\interpreter\linkResolver.cpp, line 774]
Event: 3.081 Thread 0x0000028e6eefc9b0 Exception <a 'java/lang/NoSuchMethodError'{0x00000000c60dd118}: 'java.lang.Object java.lang.invoke.Invokers$Holder.linkToTargetMethod(java.lang.Object, java.lang.Object, int, java.lang.Object, java.lang.Object)'> (0x00000000c60dd118) 
thrown [s\open\src\hotspot\share\interpreter\linkResolver.cpp, line 774]
Event: 3.084 Thread 0x0000028e6eefc9b0 Exception <a 'java/lang/NoSuchMethodError'{0x00000000c60ec2f0}: 'java.lang.Object java.lang.invoke.DirectMethodHandle$Holder.newInvokeSpecial(java.lang.Object, int, java.lang.Object)'> (0x00000000c60ec2f0) 
thrown [s\open\src\hotspot\share\interpreter\linkResolver.cpp, line 774]
Event: 3.084 Thread 0x0000028e6eefc9b0 Exception <a 'java/lang/NoSuchMethodError'{0x00000000c60f0fc8}: 'int java.lang.invoke.DirectMethodHandle$Holder.invokeSpecialIFC(java.lang.Object, java.lang.Object, java.lang.Object, java.lang.Object)'> (0x00000000c60f0fc8) 
thrown [s\open\src\hotspot\share\interpreter\linkResolver.cpp, line 774]
Event: 3.163 Thread 0x0000028e6eefc9b0 Exception <a 'java/lang/NoSuchMethodError'{0x00000000c5fe7060}: 'void java.lang.invoke.DirectMethodHandle$Holder.invokeInterface(java.lang.Object, java.lang.Object, java.lang.Object)'> (0x00000000c5fe7060) 
thrown [s\open\src\hotspot\share\interpreter\linkResolver.cpp, line 774]
Event: 3.344 Thread 0x0000028e6eefc9b0 Exception <a 'java/lang/NoSuchMethodError'{0x00000000c5e76730}: 'void java.lang.invoke.DirectMethodHandle$Holder.invokeStaticInit(java.lang.Object, java.lang.Object)'> (0x00000000c5e76730) 
thrown [s\open\src\hotspot\share\interpreter\linkResolver.cpp, line 774]
Event: 3.350 Thread 0x0000028e6eefc9b0 Exception <a 'java/lang/NoSuchMethodError'{0x00000000c5e830e0}: 'void java.lang.invoke.DirectMethodHandle$Holder.invokeStaticInit(java.lang.Object, java.lang.Object, java.lang.Object)'> (0x00000000c5e830e0) 
thrown [s\open\src\hotspot\share\interpreter\linkResolver.cpp, line 774]
Event: 3.431 Thread 0x0000028e6eefc9b0 Exception <a 'java/lang/NoSuchMethodError'{0x00000000c5ebf160}: 'java.lang.Object java.lang.invoke.DirectMethodHandle$Holder.invokeStatic(java.lang.Object, long, java.lang.Object)'> (0x00000000c5ebf160) 
thrown [s\open\src\hotspot\share\interpreter\linkResolver.cpp, line 774]
Event: 3.432 Thread 0x0000028e6eefc9b0 Exception <a 'java/lang/NoSuchMethodError'{0x00000000c5ec2a60}: 'java.lang.Object java.lang.invoke.DirectMethodHandle$Holder.invokeStaticInit(java.lang.Object, long, java.lang.Object)'> (0x00000000c5ec2a60) 
thrown [s\open\src\hotspot\share\interpreter\linkResolver.cpp, line 774]
Event: 3.433 Thread 0x0000028e6eefc9b0 Exception <a 'java/lang/NoSuchMethodError'{0x00000000c5ec8ce0}: 'java.lang.Object java.lang.invoke.DirectMethodHandle$Holder.newInvokeSpecial(java.lang.Object, long)'> (0x00000000c5ec8ce0) 
thrown [s\open\src\hotspot\share\interpreter\linkResolver.cpp, line 774]
Event: 3.551 Thread 0x0000028e6eefc9b0 Exception <a 'java/lang/NoSuchMethodError'{0x00000000c5d0a788}: 'void java.lang.invoke.DirectMethodHandle$Holder.invokeVirtual(java.lang.Object, java.lang.Object, java.lang.Object, java.lang.Object)'> (0x00000000c5d0a788) 
thrown [s\open\src\hotspot\share\interpreter\linkResolver.cpp, line 774]
Event: 3.641 Thread 0x0000028e6eefc9b0 Exception <a 'java/lang/NoSuchMethodError'{0x00000000c5c44948}: 'void java.lang.invoke.DirectMethodHandle$Holder.invokeSpecial(java.lang.Object, java.lang.Object, java.lang.Object, java.lang.Object, java.lang.Object)'> (0x00000000c5c44948) 
thrown [s\open\src\hotspot\share\interpreter\linkResolver.cpp, line 774]
Event: 3.677 Thread 0x0000028e6eefc9b0 Exception <a 'java/lang/IncompatibleClassChangeError'{0x00000000c5c9afc8}: Found class java.lang.Object, but interface was expected> (0x00000000c5c9afc8) 
thrown [s\open\src\hotspot\share\interpreter\linkResolver.cpp, line 841]
Event: 4.054 Thread 0x0000028e6eefc9b0 Exception <a 'java/lang/NoSuchMethodError'{0x00000000c5407d20}: 'int java.lang.invoke.Invokers$Holder.invokeExact_MT(java.lang.Object, java.lang.Object)'> (0x00000000c5407d20) 
thrown [s\open\src\hotspot\share\interpreter\linkResolver.cpp, line 774]
Event: 4.696 Thread 0x0000028e6eefc9b0 Exception <a 'java/lang/NoSuchMethodError'{0x00000000c6b74198}: 'int java.lang.invoke.DirectMethodHandle$Holder.invokeSpecial(java.lang.Object, java.lang.Object, java.lang.Object, java.lang.Object, java.lang.Object)'> (0x00000000c6b74198) 
thrown [s\open\src\hotspot\share\interpreter\linkResolver.cpp, line 774]
Event: 4.709 Thread 0x0000028e6eefc9b0 Exception <a 'java/lang/NoSuchMethodError'{0x00000000c6ba4868}: 'void java.lang.invoke.DirectMethodHandle$Holder.invokeVirtual(java.lang.Object, java.lang.Object)'> (0x00000000c6ba4868) 
thrown [s\open\src\hotspot\share\interpreter\linkResolver.cpp, line 774]
Event: 5.475 Thread 0x0000028e6eefc9b0 Exception <a 'java/lang/IncompatibleClassChangeError'{0x00000000c600f3f0}: Found class java.lang.Object, but interface was expected> (0x00000000c600f3f0) 
thrown [s\open\src\hotspot\share\interpreter\linkResolver.cpp, line 841]
Event: 5.666 Thread 0x0000028e6eefc9b0 Exception <a 'java/lang/NoSuchMethodError'{0x00000000c5edece8}: 'void java.lang.invoke.DirectMethodHandle$Holder.invokeInterface(java.lang.Object, java.lang.Object, java.lang.Object, java.lang.Object)'> (0x00000000c5edece8) 
thrown [s\open\src\hotspot\share\interpreter\linkResolver.cpp, line 774]

VM Operations (20 events):
Event: 3.487 Executing VM operation: ICBufferFull
Event: 3.488 Executing VM operation: ICBufferFull done
Event: 3.618 Executing VM operation: HandshakeAllThreads
Event: 3.619 Executing VM operation: HandshakeAllThreads done
Event: 3.628 Executing VM operation: HandshakeAllThreads
Event: 3.628 Executing VM operation: HandshakeAllThreads done
Event: 4.031 Executing VM operation: HandshakeAllThreads
Event: 4.031 Executing VM operation: HandshakeAllThreads done
Event: 4.505 Executing VM operation: HandshakeAllThreads
Event: 4.505 Executing VM operation: HandshakeAllThreads done
Event: 4.505 Executing VM operation: Cleanup
Event: 4.506 Executing VM operation: Cleanup done
Event: 4.637 Executing VM operation: HandshakeAllThreads
Event: 4.637 Executing VM operation: HandshakeAllThreads done
Event: 4.649 Executing VM operation: G1CollectForAllocation
Event: 4.664 Executing VM operation: G1CollectForAllocation done
Event: 4.889 Executing VM operation: HandshakeAllThreads
Event: 4.892 Executing VM operation: HandshakeAllThreads done
Event: 5.633 Executing VM operation: HandshakeAllThreads
Event: 5.633 Executing VM operation: HandshakeAllThreads done

Events (17 events):
Event: 0.071 Thread 0x0000028e4d397be0 Thread added: 0x0000028e4d397be0
Event: 0.098 Thread 0x0000028e6a6c8b00 Thread added: 0x0000028e6a6c8b00
Event: 0.098 Thread 0x0000028e6a6c95d0 Thread added: 0x0000028e6a6c95d0
Event: 0.099 Thread 0x0000028e6a6cbff0 Thread added: 0x0000028e6a6cbff0
Event: 0.099 Thread 0x0000028e6a6cc920 Thread added: 0x0000028e6a6cc920
Event: 0.099 Thread 0x0000028e6a6cd4d0 Thread added: 0x0000028e6a6cd4d0
Event: 0.099 Thread 0x0000028e6a6ce8e0 Thread added: 0x0000028e6a6ce8e0
Event: 0.100 Thread 0x0000028e6a6cf210 Thread added: 0x0000028e6a6cf210
Event: 0.100 Thread 0x0000028e6a6de660 Thread added: 0x0000028e6a6de660
Event: 0.101 Thread 0x0000028e6a6f96d0 Thread added: 0x0000028e6a6f96d0
Event: 0.267 Thread 0x0000028e6e9afb60 Thread added: 0x0000028e6e9afb60
Event: 0.279 Thread 0x0000028e6e9b9f20 Thread added: 0x0000028e6e9b9f20
Event: 1.995 Thread 0x0000028e6ef00c70 Thread added: 0x0000028e6ef00c70
Event: 2.002 Thread 0x0000028e6eefc9b0 Thread added: 0x0000028e6eefc9b0
Event: 3.659 Thread 0x0000028e6f524710 Thread added: 0x0000028e6f524710
Event: 4.881 Thread 0x0000028e6f9ac270 Thread added: 0x0000028e6f9ac270
Event: 5.450 Thread 0x0000028e6f9ac270 Thread exited: 0x0000028e6f9ac270


Dynamic libraries:
0x00007ff662410000 - 0x00007ff662420000 	C:\Program Files\Java\jdk-19\bin\java.exe
0x00007ffaa7db0000 - 0x00007ffaa7fc4000 	C:\WINDOWS\SYSTEM32\ntdll.dll
0x00007ffaa7370000 - 0x00007ffaa7433000 	C:\WINDOWS\System32\KERNEL32.DLL
0x00007ffaa54d0000 - 0x00007ffaa586c000 	C:\WINDOWS\System32\KERNELBASE.dll
0x00007ffaa5290000 - 0x00007ffaa53a1000 	C:\WINDOWS\System32\ucrtbase.dll
0x00007ffa7a880000 - 0x00007ffa7a898000 	C:\Program Files\Java\jdk-19\bin\jli.dll
0x00007ffa9b970000 - 0x00007ffa9b98b000 	C:\Program Files\Java\jdk-19\bin\VCRUNTIME140.dll
0x00007ffaa62e0000 - 0x00007ffaa638e000 	C:\WINDOWS\System32\ADVAPI32.dll
0x00007ffaa6d80000 - 0x00007ffaa6e27000 	C:\WINDOWS\System32\msvcrt.dll
0x00007ffaa7980000 - 0x00007ffaa7a24000 	C:\WINDOWS\System32\sechost.dll
0x00007ffaa6000000 - 0x00007ffaa6115000 	C:\WINDOWS\System32\RPCRT4.dll
0x00007ffaa6fd0000 - 0x00007ffaa717d000 	C:\WINDOWS\System32\USER32.dll
0x00007ffaa5870000 - 0x00007ffaa5896000 	C:\WINDOWS\System32\win32u.dll
0x00007ffaa72e0000 - 0x00007ffaa7309000 	C:\WINDOWS\System32\GDI32.dll
0x00007ffaa53b0000 - 0x00007ffaa54c3000 	C:\WINDOWS\System32\gdi32full.dll
0x00007ffaa51f0000 - 0x00007ffaa528a000 	C:\WINDOWS\System32\msvcp_win.dll
0x00007ffa890f0000 - 0x00007ffa8937e000 	C:\WINDOWS\WinSxS\amd64_microsoft.windows.common-controls_6595b64144ccf1df_6.0.22621.608_none_a9444ca7c10bb01d\COMCTL32.dll
0x00007ffa9b990000 - 0x00007ffa9b99a000 	C:\WINDOWS\SYSTEM32\VERSION.dll
0x00007ffaa7940000 - 0x00007ffaa7971000 	C:\WINDOWS\System32\IMM32.DLL
0x00007ffa9efe0000 - 0x00007ffa9efec000 	C:\Program Files\Java\jdk-19\bin\vcruntime140_1.dll
0x00007ffa6cd30000 - 0x00007ffa6cdbe000 	C:\Program Files\Java\jdk-19\bin\msvcp140.dll
0x00007ffa41390000 - 0x00007ffa42050000 	C:\Program Files\Java\jdk-19\bin\server\jvm.dll
0x00007ffa9f500000 - 0x00007ffa9f509000 	C:\WINDOWS\SYSTEM32\WSOCK32.dll
0x00007ffaa7180000 - 0x00007ffaa71f1000 	C:\WINDOWS\System32\WS2_32.dll
0x00007ffa9df10000 - 0x00007ffa9df44000 	C:\WINDOWS\SYSTEM32\WINMM.dll
0x00007ffaa4240000 - 0x00007ffaa4258000 	C:\WINDOWS\SYSTEM32\kernel.appcore.dll
0x00007ffa9b9e0000 - 0x00007ffa9b9ea000 	C:\Program Files\Java\jdk-19\bin\jimage.dll
0x00007ffaa2da0000 - 0x00007ffaa2fce000 	C:\WINDOWS\SYSTEM32\DBGHELP.DLL
0x00007ffaa5bc0000 - 0x00007ffaa5f49000 	C:\WINDOWS\System32\combase.dll
0x00007ffaa6450000 - 0x00007ffaa6527000 	C:\WINDOWS\System32\OLEAUT32.dll
0x00007ffa7f920000 - 0x00007ffa7f952000 	C:\WINDOWS\SYSTEM32\dbgcore.DLL
0x00007ffaa5b40000 - 0x00007ffaa5bbb000 	C:\WINDOWS\System32\bcryptPrimitives.dll
0x00007ffa8cd30000 - 0x00007ffa8cd56000 	C:\Program Files\Java\jdk-19\bin\java.dll
0x00007ffa6cdc0000 - 0x00007ffa6ce97000 	C:\Program Files\Java\jdk-19\bin\jsvml.dll
0x00007ffaa6590000 - 0x00007ffaa6d80000 	C:\WINDOWS\System32\SHELL32.dll
0x00007ffaa3200000 - 0x00007ffaa3ace000 	C:\WINDOWS\SYSTEM32\windows.storage.dll
0x00007ffaa30c0000 - 0x00007ffaa31fe000 	C:\WINDOWS\SYSTEM32\wintypes.dll
0x00007ffaa7c70000 - 0x00007ffaa7d61000 	C:\WINDOWS\System32\SHCORE.dll
0x00007ffaa63f0000 - 0x00007ffaa644e000 	C:\WINDOWS\System32\shlwapi.dll
0x00007ffaa5120000 - 0x00007ffaa5141000 	C:\WINDOWS\SYSTEM32\profapi.dll
0x00007ffa92550000 - 0x00007ffa92563000 	C:\Program Files\Java\jdk-19\bin\net.dll
0x00007ffa9bac0000 - 0x00007ffa9bbef000 	C:\WINDOWS\SYSTEM32\WINHTTP.dll
0x00007ffaa46b0000 - 0x00007ffaa4719000 	C:\WINDOWS\system32\mswsock.dll
0x00007ffa919a0000 - 0x00007ffa919b6000 	C:\Program Files\Java\jdk-19\bin\nio.dll
0x00007ffa8cd00000 - 0x00007ffa8cd18000 	C:\Program Files\Java\jdk-19\bin\zip.dll
0x00007ffa8cdb0000 - 0x00007ffa8cdba000 	C:\Program Files\Java\jdk-19\bin\management.dll
0x00007ffa8ccf0000 - 0x00007ffa8ccfb000 	C:\Program Files\Java\jdk-19\bin\management_ext.dll
0x00007ffaa6530000 - 0x00007ffaa6538000 	C:\WINDOWS\System32\PSAPI.DLL
0x00007ffa91ae0000 - 0x00007ffa91af0000 	C:\Program Files\Java\jdk-19\bin\verify.dll

dbghelp: loaded successfully - version: 4.0.5 - missing functions: none
symbol engine: initialized successfully - sym options: 0x614 - pdb path: .;C:\Program Files\Java\jdk-19\bin;C:\WINDOWS\SYSTEM32;C:\WINDOWS\WinSxS\amd64_microsoft.windows.common-controls_6595b64144ccf1df_6.0.22621.608_none_a9444ca7c10bb01d;C:\Program Files\Java\jdk-19\bin\server

VM Arguments:
java_command: com.portfolio.thiagobong.ThiagobongApplication
java_class_path (initial): C:\Argentina Programa\PortfolioWeb_Thiagobongiovanni\Portfolioweb_Thiagobongiovanni\BackEnd\target\classes;C:\Users\thiag\.m2\repository\org\springframework\boot\spring-boot-starter-data-jpa\3.0.5\spring-boot-starter-data-jpa-3.0.5.jar;C:\Users\thiag\.m2\repository\org\springframework\boot\spring-boot-starter-aop\3.0.5\spring-boot-starter-aop-3.0.5.jar;C:\Users\thiag\.m2\repository\org\springframework\spring-aop\6.0.7\spring-aop-6.0.7.jar;C:\Users\thiag\.m2\repository\org\aspectj\aspectjweaver\1.9.19\aspectjweaver-1.9.19.jar;C:\Users\thiag\.m2\repository\org\springframework\boot\spring-boot-starter-jdbc\3.0.5\spring-boot-starter-jdbc-3.0.5.jar;C:\Users\thiag\.m2\repository\com\zaxxer\HikariCP\5.0.1\HikariCP-5.0.1.jar;C:\Users\thiag\.m2\repository\org\springframework\spring-jdbc\6.0.7\spring-jdbc-6.0.7.jar;C:\Users\thiag\.m2\repository\org\hibernate\orm\hibernate-core\6.1.7.Final\hibernate-core-6.1.7.Final.jar;C:\Users\thiag\.m2\repository\jakarta\persistence\jakarta.persistence-api\3.1.0\jakarta.persistence-api-3.1.0.jar;C:\Users\thiag\.m2\repository\jakarta\transaction\jakarta.transaction-api\2.0.1\jakarta.transaction-api-2.0.1.jar;C:\Users\thiag\.m2\repository\org\jboss\logging\jboss-logging\3.5.0.Final\jboss-logging-3.5.0.Final.jar;C:\Users\thiag\.m2\repository\org\hibernate\common\hibernate-commons-annotations\6.0.6.Final\hibernate-commons-annotations-6.0.6.Final.jar;C:\Users\thiag\.m2\repository\org\jboss\jandex\2.4.2.Final\jandex-2.4.2.Final.jar;C:\Users\thiag\.m2\repository\com\fasterxml\classmate\1.5.1\classmate-1.5.1.jar;C:\Users\thiag\.m2\repository\net\bytebuddy\byte-buddy\1.12.23\byte-buddy-1.12.23.jar;C:\Users\thiag\.m2\repository\org\glassfish\jaxb\jaxb-runtime\4.0.2\jaxb-runtime-4.0.2.jar;C:\Users\thiag\.m2\repository\org\glassfish\jaxb\jaxb-core\4.0.2\jaxb-core-4.0.2.jar;C:\Users\thiag\.m2\repository\org\eclipse\angus\angus-activation\2.0.0\angus-activation-2.0.0.jar;C:\Users\thiag\.m2\repository\org\glassfish\jaxb\txw2\4.0.2\txw2-4.0.2.jar;C:\Users\thiag\.m2\repository\com\sun\istack\istack-commons-runtime\4.1.1\istack-commons-runtime-4.1.1.jar;C:\Users\thiag\.m2\repository\jakarta\inject\jakarta.inject-api\2.0.0\jakarta.inject-api-2.0.0.jar;C:\Users\thiag\.m2\repository\org\antlr\antlr4-runtime\4.10.1\antlr4-runtime-4.10.1.jar;C:\Users\thiag\.m2\repository\org\springframework\data\spring-data-jpa\3.0.4\spring-data-jpa-3.0.4.jar;C:\Users\thiag\.m2\repository\org\springframework\data\spring-data-commons\3.0.4\spring-data-commons-3.0.4.jar;C:\Users\thiag\.m2\repository\org\springframework\spring-orm\6.0.7\spring-orm-6.0.7.jar;C:\Users\thiag\.m2\repository\org\springframework\spring-context\6.0.7\spring-context-6.0.7.jar;C:\Users\thiag\.m2\repository\org\springframework\spring-tx\6.0.7\spring-tx-6.0.7.jar;C:\Users\thiag\.m2\repository\org\springframework\spring-beans\6.0.7\spring-beans-6.0.7.jar;C:\Users\thiag\.m2\repository\jakarta\annotation\jakarta.annotation-api\2.1.1\jakarta.annotation-api-2.1.1.jar;C:\Users\thiag\.m2\repository\org\slf4j\slf4j-api\2.0.7\slf4j-api-2.0.7.jar;C:\Users\thiag\.m2\repository\org\springframework\spring-aspects\6.0.7\spring-aspects-6.0.7.jar;C:\Users\thiag\.m2\repository\org\springframework\boot\spring-boot-starter-validation\3.0.5\spring-boot-starter-validation-3.0.5.jar;C:\Users\thiag\.m2\repository\org\springframework\boot\spring-boot-starter\3.0.5\spring-boot-starter-3.0.5.jar;C:\Users\thiag\.m2\repository\org\springframework\boot\spring-boot-starter-logging\3.0.5\spring-boot-starter-logging-3.0.5.jar;C:\Users\thiag\.m2\repository\ch\qos\logback\logback-classic\1.4.6\logback-classic-1.4.6.jar;C:\Users\thiag\.m2\repository\ch\qos\logback\logback-core\1.4.6\logback-core-1.4.6.jar;C:\Users\thiag\.m2\repository\org\apache\logging\log4j\log4j-to-slf4j\2.19.0\log4j-to-slf4j-2.19.0.jar;C:\Users\thiag\.m2\repository\org\apache\logging\log4j\log4j-api\2.19.0\log4j-api-2.19.0.jar;C:\Users\thiag\.m2\repository\org\slf4j\jul-to-slf4j\2.0.7\jul-to-slf4j-2.0.7.jar;C:\Users\thiag\.m2\repository\org\yaml\snakeyaml\1.33\snakeyaml-1.33.jar;C:\Users\thiag\.m2\repository\org\apache\tomcat\embed\tomcat-embed-el\10.1.7\tomcat-embed-el-10.1.7.jar;C:\Users\thiag\.m2\repository\org\hibernate\validator\hibernate-validator\8.0.0.Final\hibernate-validator-8.0.0.Final.jar;C:\Users\thiag\.m2\repository\jakarta\validation\jakarta.validation-api\3.0.2\jakarta.validation-api-3.0.2.jar;C:\Users\thiag\.m2\repository\org\springframework\boot\spring-boot-starter-web\3.0.5\spring-boot-starter-web-3.0.5.jar;C:\Users\thiag\.m2\repository\org\springframework\boot\spring-boot-starter-json\3.0.5\spring-boot-starter-json-3.0.5.jar;C:\Users\thiag\.m2\repository\com\fasterxml\jackson\core\jackson-databind\2.14.2\jackson-databind-2.14.2.jar;C:\Users\thiag\.m2\repository\com\fasterxml\jackson\core\jackson-annotations\2.14.2\jackson-annotations-2.14.2.jar;C:\Users\thiag\.m2\repository\com\fasterxml\jackson\core\jackson-core\2.14.2\jackson-core-2.14.2.jar;C:\Users\thiag\.m2\repository\com\fasterxml\jackson\datatype\jackson-datatype-jdk8\2.14.2\jackson-datatype-jdk8-2.14.2.jar;C:\Users\thiag\.m2\repository\com\fasterxml\jackson\datatype\jackson-datatype-jsr310\2.14.2\jackson-datatype-jsr310-2.14.2.jar;C:\Users\thiag\.m2\repository\com\fasterxml\jackson\module\jackson-module-parameter-names\2.14.2\jackson-module-parameter-names-2.14.2.jar;C:\Users\thiag\.m2\repository\org\springframework\boot\spring-boot-starter-tomcat\3.0.5\spring-boot-starter-tomcat-3.0.5.jar;C:\Users\thiag\.m2\repository\org\apache\tomcat\embed\tomcat-embed-core\10.1.7\tomcat-embed-core-10.1.7.jar;C:\Users\thiag\.m2\repository\org\apache\tomcat\embed\tomcat-embed-websocket\10.1.7\tomcat-embed-websocket-10.1.7.jar;C:\Users\thiag\.m2\repository\org\springframework\spring-web\6.0.7\spring-web-6.0.7.jar;C:\Users\thiag\.m2\repository\io\micrometer\micrometer-observation\1.10.5\micrometer-observation-1.10.5.jar;C:\Users\thiag\.m2\repository\io\micrometer\micrometer-commons\1.10.5\micrometer-commons-1.10.5.jar;C:\Users\thiag\.m2\repository\org\springframework\spring-webmvc\6.0.7\spring-webmvc-6.0.7.jar;C:\Users\thiag\.m2\repository\org\springframework\spring-expression\6.0.7\spring-expression-6.0.7.jar;C:\Users\thiag\.m2\repository\org\springframework\boot\spring-boot-devtools\3.0.5\spring-boot-devtools-3.0.5.jar;C:\Users\thiag\.m2\repository\org\springframework\boot\spring-boot\3.0.5\spring-boot-3.0.5.jar;C:\Users\thiag\.m2\repository\org\springframework\boot\spring-boot-autoconfigure\3.0.5\spring-boot-autoconfigure-3.0.5.jar;C:\Users\thiag\.m2\repository\com\mysql\mysql-connector-j\8.0.32\mysql-connector-j-8.0.32.jar;C:\Users\thiag\.m2\repository\org\projectlombok\lombok\1.18.26\lombok-1.18.26.jar;C:\Users\thiag\.m2\repository\jakarta\xml\bind\jakarta.xml.bind-api\4.0.0\jakarta.xml.bind-api-4.0.0.jar;C:\Users\thiag\.m2\repository\jakarta\activation\jakarta.activation-api\2.1.1\jakarta.activation-api-2.1.1.jar;C:\Users\thiag\.m2\repository\org\springframework\spring-core\6.0.7\spring-core-6.0.7.jar;C:\Users\thiag\.m2\repository\org\springframework\spring-jcl\6.0.7\spring-jcl-6.0.7.jar
Launcher Type: SUN_STANDARD

[Global flags]
     intx CICompilerCount                          = 2                                         {product} {ergonomic}
     uint ConcGCThreads                            = 1                                         {product} {ergonomic}
     uint G1ConcRefinementThreads                  = 2                                         {product} {ergonomic}
   size_t G1HeapRegionSize                         = 1048576                                   {product} {ergonomic}
    uintx GCDrainStackTargetSize                   = 64                                        {product} {ergonomic}
   size_t InitialHeapSize                          = 65011712                                  {product} {ergonomic}
   size_t MarkStackSize                            = 4194304                                   {product} {ergonomic}
   size_t MaxHeapSize                              = 1025507328                                {product} {ergonomic}
   size_t MaxNewSize                               = 614465536                                 {product} {ergonomic}
   size_t MinHeapDeltaBytes                        = 1048576                                   {product} {ergonomic}
   size_t MinHeapSize                              = 8388608                                   {product} {ergonomic}
    uintx NonNMethodCodeHeapSize                   = 5826188                                {pd product} {ergonomic}
    uintx NonProfiledCodeHeapSize                  = 122916026                              {pd product} {ergonomic}
    uintx ProfiledCodeHeapSize                     = 122916026                              {pd product} {ergonomic}
    uintx ReservedCodeCacheSize                    = 251658240                              {pd product} {ergonomic}
     bool SegmentedCodeCache                       = true                                      {product} {ergonomic}
   size_t SoftMaxHeapSize                          = 1025507328                             {manageable} {ergonomic}
     bool UseCompressedClassPointers               = true                           {product lp64_product} {ergonomic}
     bool UseCompressedOops                        = true                           {product lp64_product} {ergonomic}
     bool UseG1GC                                  = true                                      {product} {ergonomic}
     bool UseLargePagesIndividualAllocation        = false                                  {pd product} {ergonomic}

Logging:
Log output configuration:
 #0: stdout all=warning uptime,level,tags foldmultilines=false
 #1: stderr all=off uptime,level,tags foldmultilines=false

Environment Variables:
JAVA_HOME=C:\Program Files\Java\jdk-19
PATH=C:\Program Files\Common Files\Oracle\Java\javapath;C:\WINDOWS\system32;C:\WINDOWS;C:\WINDOWS\System32\Wbem;C:\WINDOWS\System32\WindowsPowerShell\v1.0\;C:\WINDOWS\System32\OpenSSH\;C:\Program Files\Git\cmd;C:\Program Files\nodejs\;C:\Users\thiag\AppData\Local\Microsoft\WindowsApps;C:\Users\thiag\AppData\Local\Programs\Microsoft VS Code\bin;C:\Users\thiag\AppData\Local\GitHubDesktop\bin;C:\Users\thiag\AppData\Roaming\npm
USERNAME=thiag
OS=Windows_NT
PROCESSOR_IDENTIFIER=Intel64 Family 6 Model 122 Stepping 1, GenuineIntel
TMP=C:\Users\thiag\AppData\Local\Temp
TEMP=C:\Users\thiag\AppData\Local\Temp



---------------  S Y S T E M  ---------------

OS:
 Windows 11 , 64 bit Build 22621 (10.0.22621.1344)
OS uptime: 12 days 1:22 hours

CPU: total 2 (initial active 2) (2 cores per cpu, 1 threads per core) family 6 model 122 stepping 1 microcode 0x34, cx8, cmov, fxsr, mmx, 3dnowpref, sse, sse2, sse3, ssse3, sse4.1, sse4.2, popcnt, tsc, tscinvbit, aes, erms, clmul, sha, clflush, clflushopt, rdtscp, rdpid

Memory: 4k page, system-wide physical 3911M (155M free)
TotalPageFile size 11257M (AvailPageFile size 5M)
current process WorkingSet (physical memory assigned to process): 122M, peak: 122M
current process commit charge ("private bytes"): 176M, peak: 177M

vm_info: Java HotSpot(TM) 64-Bit Server VM (19.0.2+7-44) for windows-amd64 JRE (19.0.2+7-44), built on 2022-11-30T18:02:09Z by "mach5one" with MS VC++ 17.1 (VS2022)

END.
