#
# There is insufficient memory for the Java Runtime Environment to continue.
# Native memory allocation (malloc) failed to allocate 131088 bytes for Chunk::new
# Possible reasons:
#   The system is out of physical RAM or swap space
#   The process is running with CompressedOops enabled, and the Java Heap may be blocking the growth of the native heap
# Possible solutions:
#   Reduce memory load on the system
#   Increase physical memory or swap space
#   Check if swap backing store is full
#   Decrease Java heap size (-Xmx/-Xms)
#   Decrease number of Java threads
#   Decrease Java thread stack sizes (-Xss)
#   Set larger code cache with -XX:ReservedCodeCacheSize=
#   JVM is running with Unscaled Compressed Oops mode in which the Java heap is
#     placed in the first 4GB address space. The Java Heap base address is the
#     maximum limit for the native heap growth. Please use -XX:HeapBaseMinAddress
#     to set the Java Heap base and to place the Java Heap above 4GB virtual address.
# This output file may be truncated or incomplete.
#
#  Out of Memory Error (arena.cpp:184), pid=37828, tid=41448
#
# JRE version: Java(TM) SE Runtime Environment (19.0.2+7) (build 19.0.2+7-44)
# Java VM: Java HotSpot(TM) 64-Bit Server VM (19.0.2+7-44, mixed mode, sharing, tiered, compressed oops, compressed class ptrs, g1 gc, windows-amd64)
# No core dump will be written. Minidumps are not enabled by default on client versions of Windows
#

---------------  S U M M A R Y ------------

Command Line: com.portfolio.thiagobong.ThiagobongApplication

Host: Intel(R) Celeron(R) N4000 CPU @ 1.10GHz, 2 cores, 3G,  Windows 11 , 64 bit Build 22621 (10.0.22621.1344)
Time: Wed Apr  5 00:13:31 2023 Hora estándar de Argentina elapsed time: 38.481615 seconds (0d 0h 0m 38s)

---------------  T H R E A D  ---------------

Current thread (0x000002a6fd901df0):  JavaThread "C2 CompilerThread0" daemon [_thread_in_native, id=41448, stack(0x000000b198700000,0x000000b198800000)]


Current CompileTask:
C2:  38481 4448       4       org.springframework.core.ResolvableType::resolveType (146 bytes)

Stack: [0x000000b198700000,0x000000b198800000]
Native frames: (J=compiled Java code, j=interpreted, Vv=VM code, C=native code)
V  [jvm.dll+0x6ee21a]
V  [jvm.dll+0x85765e]
V  [jvm.dll+0x85904e]
V  [jvm.dll+0x859703]
V  [jvm.dll+0x28298f]
V  [jvm.dll+0xc9adf]
V  [jvm.dll+0xc9e65]
V  [jvm.dll+0xc9c04]
V  [jvm.dll+0x71543f]
V  [jvm.dll+0x39771f]
V  [jvm.dll+0x39522e]
V  [jvm.dll+0x70528c]
V  [jvm.dll+0x708b2b]
V  [jvm.dll+0x700c76]
V  [jvm.dll+0x7002c1]
V  [jvm.dll+0x6fe1a3]
V  [jvm.dll+0x1d9e6c]
V  [jvm.dll+0x1da9fb]
V  [jvm.dll+0x2f6edd]
V  [jvm.dll+0x708b52]
V  [jvm.dll+0x700c76]
V  [jvm.dll+0x7002c1]
V  [jvm.dll+0x6fe1a3]
V  [jvm.dll+0x1d9e6c]
V  [jvm.dll+0x1da9fb]
V  [jvm.dll+0x1da9fb]
V  [jvm.dll+0x2f6edd]
V  [jvm.dll+0x708b52]
V  [jvm.dll+0x700c76]
V  [jvm.dll+0x7002c1]
V  [jvm.dll+0x6fe1a3]
V  [jvm.dll+0x1d9e6c]
V  [jvm.dll+0x1da9fb]
V  [jvm.dll+0x2f6edd]
V  [jvm.dll+0x708b52]
V  [jvm.dll+0x700c76]
V  [jvm.dll+0x7002c1]
V  [jvm.dll+0x6fe1a3]
V  [jvm.dll+0x1d9e6c]
V  [jvm.dll+0x1da9fb]
V  [jvm.dll+0x2f6edd]
V  [jvm.dll+0x708b52]
V  [jvm.dll+0x700c76]
V  [jvm.dll+0x7002c1]
V  [jvm.dll+0x6fe1a3]
V  [jvm.dll+0x1d9e6c]
V  [jvm.dll+0x1da9fb]
V  [jvm.dll+0x2f6edd]
V  [jvm.dll+0x708b52]
V  [jvm.dll+0x700c76]
V  [jvm.dll+0x7002c1]
V  [jvm.dll+0x6fe1a3]
V  [jvm.dll+0x1d9e6c]
V  [jvm.dll+0x1da9fb]
V  [jvm.dll+0x2f6edd]
V  [jvm.dll+0x708b52]
V  [jvm.dll+0x700c76]
V  [jvm.dll+0x7002c1]
V  [jvm.dll+0x6fe1a3]
V  [jvm.dll+0x1d9e6c]
V  [jvm.dll+0x1da9fb]
V  [jvm.dll+0x2f6edd]
V  [jvm.dll+0x708b52]
V  [jvm.dll+0x700c76]
V  [jvm.dll+0x7002c1]
V  [jvm.dll+0x6fe1a3]
V  [jvm.dll+0x1d9e6c]
V  [jvm.dll+0x1da9fb]
V  [jvm.dll+0x2f6edd]
V  [jvm.dll+0x708b52]
V  [jvm.dll+0x700c76]
V  [jvm.dll+0x7002c1]
V  [jvm.dll+0x6fe1a3]
V  [jvm.dll+0x1d9e6c]
V  [jvm.dll+0x2f6edd]
V  [jvm.dll+0x708b52]
V  [jvm.dll+0x700c76]
V  [jvm.dll+0x7002c1]
V  [jvm.dll+0x6fe1a3]
V  [jvm.dll+0x1d9e6c]
V  [jvm.dll+0x2f6edd]
V  [jvm.dll+0x708b52]
V  [jvm.dll+0x700c76]
V  [jvm.dll+0x7002c1]
V  [jvm.dll+0x6fe1a3]
V  [jvm.dll+0x1d9e6c]
V  [jvm.dll+0x24b333]
V  [jvm.dll+0x1d6ce1]
V  [jvm.dll+0x25b25a]
V  [jvm.dll+0x2596e8]
V  [jvm.dll+0x807588]
V  [jvm.dll+0x80125a]
V  [jvm.dll+0x6ecf0b]
C  [ucrtbase.dll+0x29363]
C  [KERNEL32.DLL+0x126bd]
C  [ntdll.dll+0x5a9f8]


---------------  P R O C E S S  ---------------

Threads class SMR info:
_java_thread_list=0x000002a69315d240, length=29, elements={
0x000002a6fd8fc1f0, 0x000002a6fd8fccc0, 0x000002a6fd8fd5f0, 0x000002a6fd8fdf20,
0x000002a6fd900860, 0x000002a6fd901190, 0x000002a6fd901df0, 0x000002a6fd94a860,
0x000002a6fd96d590, 0x000002a6fdb69e60, 0x000002a6fdb72220, 0x000002a6ff3f6790,
0x000002a6ff3f5840, 0x000002a6f165cfb0, 0x000002a6f165c510, 0x000002a6f165bfc0,
0x000002a6f165ca60, 0x000002a6f165d500, 0x000002a6933aba80, 0x000002a6933a5040,
0x000002a6933a45a0, 0x000002a6933ab530, 0x000002a6933a6580, 0x000002a6933a9550,
0x000002a6933a8560, 0x000002a6933a4af0, 0x000002a6933a6ad0, 0x000002a6933a5590,
0x000002a6933a7020
}

Java Threads: ( => current thread )
  0x000002a6fd8fc1f0 JavaThread "Reference Handler" daemon [_thread_blocked, id=41360, stack(0x000000b198100000,0x000000b198200000)]
  0x000002a6fd8fccc0 JavaThread "Finalizer" daemon [_thread_blocked, id=37672, stack(0x000000b198200000,0x000000b198300000)]
  0x000002a6fd8fd5f0 JavaThread "Signal Dispatcher" daemon [_thread_blocked, id=27640, stack(0x000000b198300000,0x000000b198400000)]
  0x000002a6fd8fdf20 JavaThread "Attach Listener" daemon [_thread_blocked, id=40804, stack(0x000000b198400000,0x000000b198500000)]
  0x000002a6fd900860 JavaThread "Service Thread" daemon [_thread_blocked, id=37048, stack(0x000000b198500000,0x000000b198600000)]
  0x000002a6fd901190 JavaThread "Monitor Deflation Thread" daemon [_thread_blocked, id=33308, stack(0x000000b198600000,0x000000b198700000)]
=>0x000002a6fd901df0 JavaThread "C2 CompilerThread0" daemon [_thread_in_native, id=41448, stack(0x000000b198700000,0x000000b198800000)]
  0x000002a6fd94a860 JavaThread "C1 CompilerThread0" daemon [_thread_blocked, id=27456, stack(0x000000b198800000,0x000000b198900000)]
  0x000002a6fd96d590 JavaThread "Sweeper thread" daemon [_thread_blocked, id=33420, stack(0x000000b198900000,0x000000b198a00000)]
  0x000002a6fdb69e60 JavaThread "Notification Thread" daemon [_thread_blocked, id=13300, stack(0x000000b198a00000,0x000000b198b00000)]
  0x000002a6fdb72220 JavaThread "Common-Cleaner" daemon [_thread_blocked, id=39324, stack(0x000000b198c00000,0x000000b198d00000)]
  0x000002a6ff3f6790 JavaThread "Catalina-utility-1" [_thread_blocked, id=25844, stack(0x000000b199000000,0x000000b199100000)]
  0x000002a6ff3f5840 JavaThread "Catalina-utility-2" [_thread_blocked, id=8712, stack(0x000000b199100000,0x000000b199200000)]
  0x000002a6f165cfb0 JavaThread "container-0" [_thread_blocked, id=28476, stack(0x000000b199200000,0x000000b199300000)]
  0x000002a6f165c510 JavaThread "mysql-cj-abandoned-connection-cleanup" daemon [_thread_blocked, id=39296, stack(0x000000b199300000,0x000000b199400000)]
  0x000002a6f165bfc0 JavaThread "File Watcher" daemon [_thread_blocked, id=22560, stack(0x000000b199500000,0x000000b199600000)]
  0x000002a6f165ca60 JavaThread "http-nio-8080-exec-1" daemon [_thread_blocked, id=37484, stack(0x000000b199600000,0x000000b199700000)]
  0x000002a6f165d500 JavaThread "http-nio-8080-exec-2" daemon [_thread_blocked, id=35044, stack(0x000000b199700000,0x000000b199800000)]
  0x000002a6933aba80 JavaThread "http-nio-8080-exec-3" daemon [_thread_blocked, id=20388, stack(0x000000b199800000,0x000000b199900000)]
  0x000002a6933a5040 JavaThread "http-nio-8080-exec-4" daemon [_thread_blocked, id=37920, stack(0x000000b199900000,0x000000b199a00000)]
  0x000002a6933a45a0 JavaThread "http-nio-8080-exec-5" daemon [_thread_blocked, id=28964, stack(0x000000b199a00000,0x000000b199b00000)]
  0x000002a6933ab530 JavaThread "http-nio-8080-exec-6" daemon [_thread_blocked, id=26564, stack(0x000000b199b00000,0x000000b199c00000)]
  0x000002a6933a6580 JavaThread "http-nio-8080-exec-7" daemon [_thread_blocked, id=40436, stack(0x000000b199c00000,0x000000b199d00000)]
  0x000002a6933a9550 JavaThread "http-nio-8080-exec-8" daemon [_thread_blocked, id=35968, stack(0x000000b199d00000,0x000000b199e00000)]
  0x000002a6933a8560 JavaThread "http-nio-8080-exec-9" daemon [_thread_blocked, id=39072, stack(0x000000b199e00000,0x000000b199f00000)]
  0x000002a6933a4af0 JavaThread "http-nio-8080-exec-10" daemon [_thread_blocked, id=38892, stack(0x000000b199f00000,0x000000b19a000000)]
  0x000002a6933a6ad0 JavaThread "http-nio-8080-Poller" daemon [_thread_in_native, id=10236, stack(0x000000b19a000000,0x000000b19a100000)]
  0x000002a6933a5590 JavaThread "http-nio-8080-Acceptor" daemon [_thread_in_native, id=20616, stack(0x000000b19a100000,0x000000b19a200000)]
  0x000002a6933a7020 JavaThread "DestroyJavaVM" [_thread_blocked, id=36096, stack(0x000000b197a00000,0x000000b197b00000)]

Other Threads:
  0x000002a6f166e620 VMThread "VM Thread" [stack: 0x000000b198000000,0x000000b198100000] [id=38492]
  0x000002a6fdb6c3b0 WatcherThread "VM Periodic Task Thread" [stack: 0x000000b198b00000,0x000000b198c00000] [id=40260]
  0x000002a6f15f82d0 WorkerThread "GC Thread#0" [stack: 0x000000b197b00000,0x000000b197c00000] [id=30792]
  0x000002a6fdd11bd0 WorkerThread "GC Thread#1" [stack: 0x000000b198d00000,0x000000b198e00000] [id=33076]
  0x000002a6f1600c80 ConcurrentGCThread "G1 Main Marker" [stack: 0x000000b197c00000,0x000000b197d00000] [id=34228]
  0x000002a6f16019b0 WorkerThread "G1 Conc#0" [stack: 0x000000b197d00000,0x000000b197e00000] [id=14480]
  0x000002a6f1648420 ConcurrentGCThread "G1 Refine#0" [stack: 0x000000b197e00000,0x000000b197f00000] [id=41260]
  0x000002a6f164a370 ConcurrentGCThread "G1 Service" [stack: 0x000000b197f00000,0x000000b198000000] [id=36916]

Threads with active compile tasks:
C2 CompilerThread0    38788 4448       4       org.springframework.core.ResolvableType::resolveType (146 bytes)

VM state: not at safepoint (normal execution)

VM Mutex/Monitor currently owned by a thread: None

Heap address: 0x00000000c2e00000, size: 978 MB, Compressed Oops mode: 32-bit

CDS archive(s) mapped at: [0x0000000800000000-0x0000000800c40000-0x0000000800c40000), size 12845056, SharedBaseAddress: 0x0000000800000000, ArchiveRelocationMode: 0.
Compressed class space mapped at: 0x0000000801000000-0x0000000841000000, reserved size: 1073741824
Narrow klass base: 0x0000000800000000, Narrow klass shift: 0, Narrow klass range: 0x100000000

GC Precious Log:
 CardTable entry size: 512
 Card Set container configuration: InlinePtr #cards 5 size 8 Array Of Cards #cards 12 size 40 Howl #buckets 4 coarsen threshold 1843 Howl Bitmap #cards 512 size 80 coarsen threshold 460 Card regions per heap region 1 cards per card region 2048
 CPUs: 2 total, 2 available
 Memory: 3911M
 Large Page Support: Disabled
 NUMA Support: Disabled
 Compressed Oops: Enabled (32-bit)
 Heap Region Size: 1M
 Heap Min Capacity: 8M
 Heap Initial Capacity: 62M
 Heap Max Capacity: 978M
 Pre-touch: Disabled
 Parallel Workers: 2
 Concurrent Workers: 1
 Concurrent Refinement Workers: 2
 Periodic GC: Disabled

Heap:
 garbage-first heap   total 40960K, used 29352K [0x00000000c2e00000, 0x0000000100000000)
  region size 1024K, 10 young (10240K), 1 survivors (1024K)
 Metaspace       used 45912K, committed 46464K, reserved 1114112K
  class space    used 5948K, committed 6208K, reserved 1048576K

Heap Regions: E=young(eden), S=young(survivor), O=old, HS=humongous(starts), HC=humongous(continues), CS=collection set, F=free, OA=open archive, CA=closed archive, TAMS=top-at-mark-start (previous, next)
|   0|0x00000000c2e00000, 0x00000000c2f00000, 0x00000000c2f00000|100%|HS|  |TAMS 0x00000000c2f00000, 0x00000000c2e00000| Complete 
|   1|0x00000000c2f00000, 0x00000000c3000000, 0x00000000c3000000|100%| O|  |TAMS 0x00000000c3000000, 0x00000000c2f00000| Untracked 
|   2|0x00000000c3000000, 0x00000000c3100000, 0x00000000c3100000|100%| O|  |TAMS 0x00000000c3100000, 0x00000000c3000000| Untracked 
|   3|0x00000000c3100000, 0x00000000c3200000, 0x00000000c3200000|100%| O|  |TAMS 0x00000000c3200000, 0x00000000c3100000| Untracked 
|   4|0x00000000c3200000, 0x00000000c3300000, 0x00000000c3300000|100%| O|  |TAMS 0x00000000c3300000, 0x00000000c3200000| Untracked 
|   5|0x00000000c3300000, 0x00000000c3400000, 0x00000000c3400000|100%| O|  |TAMS 0x00000000c3400000, 0x00000000c3300000| Untracked 
|   6|0x00000000c3400000, 0x00000000c3500000, 0x00000000c3500000|100%| O|  |TAMS 0x00000000c3500000, 0x00000000c3400000| Untracked 
|   7|0x00000000c3500000, 0x00000000c3600000, 0x00000000c3600000|100%| O|  |TAMS 0x00000000c3600000, 0x00000000c3500000| Untracked 
|   8|0x00000000c3600000, 0x00000000c3700000, 0x00000000c3700000|100%| O|  |TAMS 0x00000000c3700000, 0x00000000c3600000| Untracked 
|   9|0x00000000c3700000, 0x00000000c3800000, 0x00000000c3800000|100%| O|  |TAMS 0x00000000c3800000, 0x00000000c3700000| Untracked 
|  10|0x00000000c3800000, 0x00000000c3900000, 0x00000000c3900000|100%| O|  |TAMS 0x00000000c3900000, 0x00000000c3800000| Untracked 
|  11|0x00000000c3900000, 0x00000000c3a00000, 0x00000000c3a00000|100%| O|  |TAMS 0x00000000c3900000, 0x00000000c3900000| Untracked 
|  12|0x00000000c3a00000, 0x00000000c3b00000, 0x00000000c3b00000|100%| O|  |TAMS 0x00000000c3b00000, 0x00000000c3a00000| Untracked 
|  13|0x00000000c3b00000, 0x00000000c3b00000, 0x00000000c3c00000|  0%| F|  |TAMS 0x00000000c3b00000, 0x00000000c3b00000| Untracked 
|  14|0x00000000c3c00000, 0x00000000c3d00000, 0x00000000c3d00000|100%| O|  |TAMS 0x00000000c3d00000, 0x00000000c3c00000| Untracked 
|  15|0x00000000c3d00000, 0x00000000c3e00000, 0x00000000c3e00000|100%| O|  |TAMS 0x00000000c3e00000, 0x00000000c3d00000| Untracked 
|  16|0x00000000c3e00000, 0x00000000c3f00000, 0x00000000c3f00000|100%| O|  |TAMS 0x00000000c3f00000, 0x00000000c3e00000| Untracked 
|  17|0x00000000c3f00000, 0x00000000c4000000, 0x00000000c4000000|100%| O|  |TAMS 0x00000000c4000000, 0x00000000c3f00000| Untracked 
|  18|0x00000000c4000000, 0x00000000c4100000, 0x00000000c4100000|100%| O|  |TAMS 0x00000000c4100000, 0x00000000c4000000| Untracked 
|  19|0x00000000c4100000, 0x00000000c4200000, 0x00000000c4200000|100%| O|  |TAMS 0x00000000c4134e00, 0x00000000c4100000| Untracked 
|  20|0x00000000c4200000, 0x00000000c4300000, 0x00000000c4300000|100%| O|  |TAMS 0x00000000c4200000, 0x00000000c4200000| Untracked 
|  21|0x00000000c4300000, 0x00000000c4371e00, 0x00000000c4400000| 44%| O|  |TAMS 0x00000000c4300000, 0x00000000c4300000| Untracked 
|  22|0x00000000c4400000, 0x00000000c4400000, 0x00000000c4500000|  0%| F|  |TAMS 0x00000000c4400000, 0x00000000c4400000| Untracked 
|  23|0x00000000c4500000, 0x00000000c4500000, 0x00000000c4600000|  0%| F|  |TAMS 0x00000000c4500000, 0x00000000c4500000| Untracked 
|  24|0x00000000c4600000, 0x00000000c4600000, 0x00000000c4700000|  0%| F|  |TAMS 0x00000000c4600000, 0x00000000c4600000| Untracked 
|  25|0x00000000c4700000, 0x00000000c4700000, 0x00000000c4800000|  0%| F|  |TAMS 0x00000000c4700000, 0x00000000c4700000| Untracked 
|  26|0x00000000c4800000, 0x00000000c4800000, 0x00000000c4900000|  0%| F|  |TAMS 0x00000000c4800000, 0x00000000c4800000| Untracked 
|  27|0x00000000c4900000, 0x00000000c4900000, 0x00000000c4a00000|  0%| F|  |TAMS 0x00000000c4900000, 0x00000000c4900000| Untracked 
|  28|0x00000000c4a00000, 0x00000000c4a00000, 0x00000000c4b00000|  0%| F|  |TAMS 0x00000000c4a00000, 0x00000000c4a00000| Untracked 
|  29|0x00000000c4b00000, 0x00000000c4b00000, 0x00000000c4c00000|  0%| F|  |TAMS 0x00000000c4b00000, 0x00000000c4b00000| Untracked 
|  30|0x00000000c4c00000, 0x00000000c4c00800, 0x00000000c4d00000|  0%| E|  |TAMS 0x00000000c4c00000, 0x00000000c4c00000| Complete 
|  31|0x00000000c4d00000, 0x00000000c4e00000, 0x00000000c4e00000|100%| E|CS|TAMS 0x00000000c4d00000, 0x00000000c4d00000| Complete 
|  32|0x00000000c4e00000, 0x00000000c4f00000, 0x00000000c4f00000|100%| E|CS|TAMS 0x00000000c4e00000, 0x00000000c4e00000| Complete 
|  33|0x00000000c4f00000, 0x00000000c5000000, 0x00000000c5000000|100%| E|CS|TAMS 0x00000000c4f00000, 0x00000000c4f00000| Complete 
|  34|0x00000000c5000000, 0x00000000c5100000, 0x00000000c5100000|100%| E|CS|TAMS 0x00000000c5000000, 0x00000000c5000000| Complete 
|  35|0x00000000c5100000, 0x00000000c5200000, 0x00000000c5200000|100%| E|CS|TAMS 0x00000000c5100000, 0x00000000c5100000| Complete 
|  36|0x00000000c5200000, 0x00000000c5300000, 0x00000000c5300000|100%| E|CS|TAMS 0x00000000c5200000, 0x00000000c5200000| Complete 
|  37|0x00000000c5300000, 0x00000000c5400000, 0x00000000c5400000|100%| E|CS|TAMS 0x00000000c5300000, 0x00000000c5300000| Complete 
|  38|0x00000000c5400000, 0x00000000c5438330, 0x00000000c5500000| 21%| S|CS|TAMS 0x00000000c5400000, 0x00000000c5400000| Complete 
|  49|0x00000000c5f00000, 0x00000000c6000000, 0x00000000c6000000|100%| E|CS|TAMS 0x00000000c5f00000, 0x00000000c5f00000| Complete 

Card table byte_map: [0x000002a6f1370000,0x000002a6f1560000] _byte_map_base: 0x000002a6f0d59000

Marking Bits (Prev, Next): (CMBitMap*) 0x000002a6f15f8940, (CMBitMap*) 0x000002a6f15f8900
 Prev Bits: [0x000002a6fa650000, 0x000002a6fb598000)
 Next Bits: [0x000002a6f9700000, 0x000002a6fa648000)

Polling page: 0x000002a6ef520000

Metaspace:

Usage:
  Non-class:     39.03 MB used.
      Class:      5.81 MB used.
       Both:     44.84 MB used.

Virtual space:
  Non-class space:       64.00 MB reserved,      39.31 MB ( 61%) committed,  1 nodes.
      Class space:        1.00 GB reserved,       6.06 MB ( <1%) committed,  1 nodes.
             Both:        1.06 GB reserved,      45.38 MB (  4%) committed. 

Chunk freelists:
   Non-Class:  334.00 KB
       Class:  1.83 MB
        Both:  2.15 MB

MaxMetaspaceSize: unlimited
CompressedClassSpaceSize: 1.00 GB
Initial GC threshold: 21.00 MB
Current GC threshold: 71.19 MB
CDS: on
MetaspaceReclaimPolicy: balanced
 - commit_granule_bytes: 65536.
 - commit_granule_words: 8192.
 - virtual_space_node_default_size: 8388608.
 - enlarge_chunks_in_place: 1.
 - new_chunks_are_fully_committed: 0.
 - uncommit_free_chunks: 1.
 - use_allocation_guard: 0.


Internal statistics:

num_allocs_failed_limit: 6.
num_arena_births: 726.
num_arena_deaths: 0.
num_vsnodes_births: 2.
num_vsnodes_deaths: 0.
num_space_committed: 726.
num_space_uncommitted: 0.
num_chunks_returned_to_freelist: 6.
num_chunks_taken_from_freelist: 2341.
num_chunk_merges: 6.
num_chunk_splits: 1690.
num_chunks_enlarged: 1359.
num_inconsistent_stats: 0.

CodeHeap 'non-profiled nmethods': size=120064Kb used=2734Kb max_used=2734Kb free=117329Kb
 bounds [0x000002a687ac0000, 0x000002a687d70000, 0x000002a68f000000]
CodeHeap 'profiled nmethods': size=120000Kb used=9455Kb max_used=9455Kb free=110544Kb
 bounds [0x000002a680000000, 0x000002a680940000, 0x000002a687530000]
CodeHeap 'non-nmethods': size=5696Kb used=1349Kb max_used=1394Kb free=4346Kb
 bounds [0x000002a687530000, 0x000002a6877a0000, 0x000002a687ac0000]
 total_blobs=5037 nmethods=4448 adapters=500
 compilation: enabled
              stopped_count=0, restarted_count=0
 full_count=0

Compilation events (20 events):
Event: 34.819 Thread 0x000002a6fd901df0 nmethod 4425 0x000002a687d6a590 code [0x000002a687d6a720, 0x000002a687d6a7e8]
Event: 34.821 Thread 0x000002a6fd94a860 4442       3       jdk.internal.loader.NativeLibraries$NativeLibraryImpl::find (9 bytes)
Event: 34.821 Thread 0x000002a6fd94a860 nmethod 4442 0x000002a680930510 code [0x000002a6809306c0, 0x000002a680930808]
Event: 34.828 Thread 0x000002a6fd94a860 4444   !   3       java.nio.CharBuffer::wrap (21 bytes)
Event: 34.829 Thread 0x000002a6fd94a860 nmethod 4444 0x000002a680930890 code [0x000002a680930a60, 0x000002a680930cf8]
Event: 38.338 Thread 0x000002a6fd94a860 4445       3       jdk.internal.misc.Unsafe::putIntUnaligned (14 bytes)
Event: 38.339 Thread 0x000002a6fd94a860 nmethod 4445 0x000002a680930e90 code [0x000002a680931040, 0x000002a680931298]
Event: 38.380 Thread 0x000002a6fd901df0 4446       4       jdk.internal.org.objectweb.asm.ByteVector::enlarge (73 bytes)
Event: 38.386 Thread 0x000002a6fd901df0 nmethod 4446 0x000002a687d6ad10 code [0x000002a687d6aea0, 0x000002a687d6b1f8]
Event: 38.397 Thread 0x000002a6fd94a860 4447       3       java.lang.invoke.StringConcatFactory::parseRecipe (213 bytes)
Event: 38.399 Thread 0x000002a6fd94a860 nmethod 4447 0x000002a680931390 code [0x000002a680931740, 0x000002a6809331d8]
Event: 38.404 Thread 0x000002a6fd901df0 4448       4       org.springframework.core.ResolvableType::resolveType (146 bytes)
Event: 38.406 Thread 0x000002a6fd94a860 4449       3       java.util.TreeMap::successor (66 bytes)
Event: 38.406 Thread 0x000002a6fd94a860 nmethod 4449 0x000002a680933d90 code [0x000002a680933f60, 0x000002a6809342b8]
Event: 38.406 Thread 0x000002a6fd94a860 4450       3       org.springframework.boot.autoconfigure.condition.ConditionEvaluationReport$$Lambda$921/0x0000000801623658::accept (20 bytes)
Event: 38.406 Thread 0x000002a6fd94a860 nmethod 4450 0x000002a680934410 code [0x000002a6809345c0, 0x000002a680934908]
Event: 38.407 Thread 0x000002a6fd94a860 4451       3       org.springframework.boot.autoconfigure.condition.ConditionEvaluationReport::lambda$addNoMatchOutcomeToAncestors$1 (41 bytes)
Event: 38.409 Thread 0x000002a6fd94a860 nmethod 4451 0x000002a680934a10 code [0x000002a680934c80, 0x000002a680935578]
Event: 38.414 Thread 0x000002a6fd94a860 4455       1       org.springframework.boot.autoconfigure.condition.ConditionEvaluationReport$ConditionAndOutcome::getOutcome (5 bytes)
Event: 38.414 Thread 0x000002a6fd94a860 nmethod 4455 0x000002a687d6b310 code [0x000002a687d6b4a0, 0x000002a687d6b558]

GC Heap History (20 events):
Event: 16.565 GC heap before
{Heap before GC invocations=8 (full 0):
 garbage-first heap   total 40960K, used 15582K [0x00000000c2e00000, 0x0000000100000000)
  region size 1024K, 4 young (4096K), 3 survivors (3072K)
 Metaspace       used 25658K, committed 26112K, reserved 1114112K
  class space    used 3246K, committed 3456K, reserved 1048576K
}
Event: 16.577 GC heap after
{Heap after GC invocations=9 (full 0):
 garbage-first heap   total 40960K, used 15080K [0x00000000c2e00000, 0x0000000100000000)
  region size 1024K, 1 young (1024K), 1 survivors (1024K)
 Metaspace       used 25658K, committed 26112K, reserved 1114112K
  class space    used 3246K, committed 3456K, reserved 1048576K
}
Event: 17.855 GC heap before
{Heap before GC invocations=9 (full 0):
 garbage-first heap   total 40960K, used 28392K [0x00000000c2e00000, 0x0000000100000000)
  region size 1024K, 15 young (15360K), 1 survivors (1024K)
 Metaspace       used 29232K, committed 29696K, reserved 1114112K
  class space    used 3625K, committed 3840K, reserved 1048576K
}
Event: 17.863 GC heap after
{Heap after GC invocations=10 (full 0):
 garbage-first heap   total 40960K, used 16583K [0x00000000c2e00000, 0x0000000100000000)
  region size 1024K, 2 young (2048K), 2 survivors (2048K)
 Metaspace       used 29232K, committed 29696K, reserved 1114112K
  class space    used 3625K, committed 3840K, reserved 1048576K
}
Event: 20.884 GC heap before
{Heap before GC invocations=10 (full 0):
 garbage-first heap   total 40960K, used 28871K [0x00000000c2e00000, 0x0000000100000000)
  region size 1024K, 15 young (15360K), 2 survivors (2048K)
 Metaspace       used 31484K, committed 31936K, reserved 1114112K
  class space    used 3917K, committed 4096K, reserved 1048576K
}
Event: 20.897 GC heap after
{Heap after GC invocations=11 (full 0):
 garbage-first heap   total 40960K, used 17515K [0x00000000c2e00000, 0x0000000100000000)
  region size 1024K, 1 young (1024K), 1 survivors (1024K)
 Metaspace       used 31484K, committed 31936K, reserved 1114112K
  class space    used 3917K, committed 4096K, reserved 1048576K
}
Event: 22.939 GC heap before
{Heap before GC invocations=11 (full 0):
 garbage-first heap   total 40960K, used 30827K [0x00000000c2e00000, 0x0000000100000000)
  region size 1024K, 14 young (14336K), 1 survivors (1024K)
 Metaspace       used 35356K, committed 35840K, reserved 1114112K
  class space    used 4521K, committed 4736K, reserved 1048576K
}
Event: 22.948 GC heap after
{Heap after GC invocations=12 (full 0):
 garbage-first heap   total 40960K, used 18192K [0x00000000c2e00000, 0x0000000100000000)
  region size 1024K, 2 young (2048K), 2 survivors (2048K)
 Metaspace       used 35356K, committed 35840K, reserved 1114112K
  class space    used 4521K, committed 4736K, reserved 1048576K
}
Event: 23.027 GC heap before
{Heap before GC invocations=12 (full 0):
 garbage-first heap   total 40960K, used 18192K [0x00000000c2e00000, 0x0000000100000000)
  region size 1024K, 3 young (3072K), 2 survivors (2048K)
 Metaspace       used 35539K, committed 35968K, reserved 1114112K
  class space    used 4537K, committed 4736K, reserved 1048576K
}
Event: 23.033 GC heap after
{Heap after GC invocations=13 (full 0):
 garbage-first heap   total 40960K, used 18297K [0x00000000c2e00000, 0x0000000100000000)
  region size 1024K, 1 young (1024K), 1 survivors (1024K)
 Metaspace       used 35539K, committed 35968K, reserved 1114112K
  class space    used 4537K, committed 4736K, reserved 1048576K
}
Event: 27.824 GC heap before
{Heap before GC invocations=14 (full 0):
 garbage-first heap   total 40960K, used 31609K [0x00000000c2e00000, 0x0000000100000000)
  region size 1024K, 15 young (15360K), 1 survivors (1024K)
 Metaspace       used 40043K, committed 40576K, reserved 1114112K
  class space    used 5076K, committed 5312K, reserved 1048576K
}
Event: 27.830 GC heap after
{Heap after GC invocations=15 (full 0):
 garbage-first heap   total 40960K, used 19334K [0x00000000c2e00000, 0x0000000100000000)
  region size 1024K, 2 young (2048K), 2 survivors (2048K)
 Metaspace       used 40043K, committed 40576K, reserved 1114112K
  class space    used 5076K, committed 5312K, reserved 1048576K
}
Event: 28.514 GC heap before
{Heap before GC invocations=15 (full 0):
 garbage-first heap   total 40960K, used 20358K [0x00000000c2e00000, 0x0000000100000000)
  region size 1024K, 3 young (3072K), 2 survivors (2048K)
 Metaspace       used 40452K, committed 41024K, reserved 1114112K
  class space    used 5122K, committed 5376K, reserved 1048576K
}
Event: 28.522 GC heap after
{Heap after GC invocations=16 (full 0):
 garbage-first heap   total 40960K, used 18953K [0x00000000c2e00000, 0x0000000100000000)
  region size 1024K, 1 young (1024K), 1 survivors (1024K)
 Metaspace       used 40452K, committed 41024K, reserved 1114112K
  class space    used 5122K, committed 5376K, reserved 1048576K
}
Event: 31.094 GC heap before
{Heap before GC invocations=16 (full 0):
 garbage-first heap   total 40960K, used 30217K [0x00000000c2e00000, 0x0000000100000000)
  region size 1024K, 13 young (13312K), 1 survivors (1024K)
 Metaspace       used 43245K, committed 43712K, reserved 1114112K
  class space    used 5596K, committed 5824K, reserved 1048576K
}
Event: 31.100 GC heap after
{Heap after GC invocations=17 (full 0):
 garbage-first heap   total 40960K, used 19846K [0x00000000c2e00000, 0x0000000100000000)
  region size 1024K, 2 young (2048K), 2 survivors (2048K)
 Metaspace       used 43245K, committed 43712K, reserved 1114112K
  class space    used 5596K, committed 5824K, reserved 1048576K
}
Event: 32.677 GC heap before
{Heap before GC invocations=18 (full 0):
 garbage-first heap   total 40960K, used 31110K [0x00000000c2e00000, 0x0000000100000000)
  region size 1024K, 13 young (13312K), 2 survivors (2048K)
 Metaspace       used 44745K, committed 45312K, reserved 1114112K
  class space    used 5813K, committed 6080K, reserved 1048576K
}
Event: 32.690 GC heap after
{Heap after GC invocations=19 (full 0):
 garbage-first heap   total 40960K, used 21173K [0x00000000c2e00000, 0x0000000100000000)
  region size 1024K, 2 young (2048K), 2 survivors (2048K)
 Metaspace       used 44745K, committed 45312K, reserved 1114112K
  class space    used 5813K, committed 6080K, reserved 1048576K
}
Event: 32.849 GC heap before
{Heap before GC invocations=19 (full 0):
 garbage-first heap   total 40960K, used 22197K [0x00000000c2e00000, 0x0000000100000000)
  region size 1024K, 3 young (3072K), 2 survivors (2048K)
 Metaspace       used 44849K, committed 45376K, reserved 1114112K
  class space    used 5826K, committed 6080K, reserved 1048576K
}
Event: 32.857 GC heap after
{Heap after GC invocations=20 (full 0):
 garbage-first heap   total 40960K, used 21160K [0x00000000c2e00000, 0x0000000100000000)
  region size 1024K, 1 young (1024K), 1 survivors (1024K)
 Metaspace       used 44849K, committed 45376K, reserved 1114112K
  class space    used 5826K, committed 6080K, reserved 1048576K
}

Dll operation events (11 events):
Event: 0.059 Loaded shared library C:\Program Files\Java\jdk-19\bin\java.dll
Event: 0.080 Loaded shared library C:\Program Files\Java\jdk-19\bin\jsvml.dll
Event: 0.375 Loaded shared library C:\Program Files\Java\jdk-19\bin\net.dll
Event: 0.379 Loaded shared library C:\Program Files\Java\jdk-19\bin\nio.dll
Event: 0.386 Loaded shared library C:\Program Files\Java\jdk-19\bin\zip.dll
Event: 0.942 Loaded shared library C:\Program Files\Java\jdk-19\bin\jimage.dll
Event: 4.090 Loaded shared library C:\Program Files\Java\jdk-19\bin\management.dll
Event: 4.143 Loaded shared library C:\Program Files\Java\jdk-19\bin\management_ext.dll
Event: 9.744 Loaded shared library C:\Program Files\Java\jdk-19\bin\verify.dll
Event: 17.278 Loaded shared library C:\Program Files\Java\jdk-19\bin\sunmscapi.dll
Event: 23.728 Loaded shared library C:\Program Files\Java\jdk-19\bin\extnet.dll

Deoptimization events (20 events):
Event: 34.589 Thread 0x000002a6fe1d4a70 Uncommon trap: trap_request=0xffffffde fr.pc=0x000002a687d44850 relative=0x0000000000000cb0
Event: 34.589 Thread 0x000002a6fe1d4a70 Uncommon trap: reason=class_check action=maybe_recompile pc=0x000002a687d44850 method=org.springframework.core.annotation.AnnotationsScanner.processClassInheritedAnnotations(Ljava/lang/Object;Ljava/lang/Class;Lorg/springframework/core/annotation/MergedAnn
Event: 34.589 Thread 0x000002a6fe1d4a70 DEOPT PACKING pc=0x000002a687d44850 sp=0x000000b198ffe960
Event: 34.589 Thread 0x000002a6fe1d4a70 DEOPT UNPACKING pc=0x000002a687596d9d sp=0x000000b198ffe848 mode 2
Event: 34.589 Thread 0x000002a6fe1d4a70 Uncommon trap: trap_request=0xffffffde fr.pc=0x000002a687d44850 relative=0x0000000000000cb0
Event: 34.589 Thread 0x000002a6fe1d4a70 Uncommon trap: reason=class_check action=maybe_recompile pc=0x000002a687d44850 method=org.springframework.core.annotation.AnnotationsScanner.processClassInheritedAnnotations(Ljava/lang/Object;Ljava/lang/Class;Lorg/springframework/core/annotation/MergedAnn
Event: 34.589 Thread 0x000002a6fe1d4a70 DEOPT PACKING pc=0x000002a687d44850 sp=0x000000b198ffe960
Event: 34.589 Thread 0x000002a6fe1d4a70 DEOPT UNPACKING pc=0x000002a687596d9d sp=0x000000b198ffe848 mode 2
Event: 34.590 Thread 0x000002a6fe1d4a70 Uncommon trap: trap_request=0xffffffde fr.pc=0x000002a687d44850 relative=0x0000000000000cb0
Event: 34.590 Thread 0x000002a6fe1d4a70 Uncommon trap: reason=class_check action=maybe_recompile pc=0x000002a687d44850 method=org.springframework.core.annotation.AnnotationsScanner.processClassInheritedAnnotations(Ljava/lang/Object;Ljava/lang/Class;Lorg/springframework/core/annotation/MergedAnn
Event: 34.590 Thread 0x000002a6fe1d4a70 DEOPT PACKING pc=0x000002a687d44850 sp=0x000000b198ffe960
Event: 34.590 Thread 0x000002a6fe1d4a70 DEOPT UNPACKING pc=0x000002a687596d9d sp=0x000000b198ffe848 mode 2
Event: 34.590 Thread 0x000002a6fe1d4a70 Uncommon trap: trap_request=0xffffffde fr.pc=0x000002a687d44850 relative=0x0000000000000cb0
Event: 34.590 Thread 0x000002a6fe1d4a70 Uncommon trap: reason=class_check action=maybe_recompile pc=0x000002a687d44850 method=org.springframework.core.annotation.AnnotationsScanner.processClassInheritedAnnotations(Ljava/lang/Object;Ljava/lang/Class;Lorg/springframework/core/annotation/MergedAnn
Event: 34.590 Thread 0x000002a6fe1d4a70 DEOPT PACKING pc=0x000002a687d44850 sp=0x000000b198ffe960
Event: 34.590 Thread 0x000002a6fe1d4a70 DEOPT UNPACKING pc=0x000002a687596d9d sp=0x000000b198ffe848 mode 2
Event: 38.355 Thread 0x000002a6fe1d4a70 Uncommon trap: trap_request=0xffffff45 fr.pc=0x000002a687c61c9c relative=0x0000000000000a9c
Event: 38.355 Thread 0x000002a6fe1d4a70 Uncommon trap: reason=unstable_if action=reinterpret pc=0x000002a687c61c9c method=java.lang.String.<init>([BIILjava/nio/charset/Charset;)V @ 18 c2
Event: 38.355 Thread 0x000002a6fe1d4a70 DEOPT PACKING pc=0x000002a687c61c9c sp=0x000000b198ffe000
Event: 38.356 Thread 0x000002a6fe1d4a70 DEOPT UNPACKING pc=0x000002a687596d9d sp=0x000000b198ffdff0 mode 2

Classes loaded (20 events):
Event: 38.229 Loading class java/util/Collections$ReverseComparator2
Event: 38.229 Loading class java/util/Collections$ReverseComparator2 done
Event: 38.340 Loading class java/nio/channels/spi/AbstractInterruptibleChannel$1
Event: 38.340 Loading class sun/nio/ch/Interruptible
Event: 38.355 Loading class sun/nio/ch/Interruptible done
Event: 38.355 Loading class java/nio/channels/spi/AbstractInterruptibleChannel$1 done
Event: 38.357 Loading class java/nio/BufferMismatch
Event: 38.357 Loading class java/nio/BufferMismatch done
Event: 38.357 Loading class sun/nio/ch/SourceChannelImpl
Event: 38.358 Loading class java/nio/channels/Pipe$SourceChannel
Event: 38.358 Loading class java/nio/channels/Pipe$SourceChannel done
Event: 38.358 Loading class sun/nio/ch/SourceChannelImpl done
Event: 38.358 Loading class sun/nio/ch/SinkChannelImpl
Event: 38.373 Loading class java/nio/channels/Pipe$SinkChannel
Event: 38.373 Loading class java/nio/channels/Pipe$SinkChannel done
Event: 38.373 Loading class sun/nio/ch/SinkChannelImpl done
Event: 38.387 Loading class java/util/TreeMap$ValueSpliterator
Event: 38.394 Loading class java/util/TreeMap$TreeMapSpliterator
Event: 38.394 Loading class java/util/TreeMap$TreeMapSpliterator done
Event: 38.394 Loading class java/util/TreeMap$ValueSpliterator done

Classes unloaded (0 events):
No events

Classes redefined (0 events):
No events

Internal exceptions (20 events):
Event: 23.751 Thread 0x000002a6fe1d4a70 Exception <a 'java/net/ConnectException'{0x00000000c51c7240}: Connection refused: no further information> (0x00000000c51c7240) 
thrown [s\open\src\hotspot\share\prims\jni.cpp, line 536]
Event: 28.970 Thread 0x000002a6fe1d4a70 Exception <a 'java/lang/NoSuchMethodError'{0x00000000c52393c0}: 'java.lang.Object java.lang.invoke.DirectMethodHandle$Holder.invokeStatic(java.lang.Object, java.lang.Object, int, java.lang.Object)'> (0x00000000c52393c0) 
thrown [s\open\src\hotspot\share\interpreter\linkResolver.cpp, line 774]
Event: 28.970 Thread 0x000002a6fe1d4a70 Exception <a 'java/lang/NoSuchMethodError'{0x00000000c523ce60}: 'java.lang.Object java.lang.invoke.DirectMethodHandle$Holder.invokeStaticInit(java.lang.Object, java.lang.Object, int, java.lang.Object)'> (0x00000000c523ce60) 
thrown [s\open\src\hotspot\share\interpreter\linkResolver.cpp, line 774]
Event: 29.045 Thread 0x000002a6fe1d4a70 Exception <a 'java/lang/IncompatibleClassChangeError'{0x00000000c51567c8}: Found class java.lang.Object, but interface was expected> (0x00000000c51567c8) 
thrown [s\open\src\hotspot\share\interpreter\linkResolver.cpp, line 841]
Event: 29.088 Thread 0x000002a6fe1d4a70 Exception <a 'java/lang/NoSuchMethodError'{0x00000000c502bb00}: 'void java.lang.invoke.DirectMethodHandle$Holder.invokeInterface(java.lang.Object, java.lang.Object)'> (0x00000000c502bb00) 
thrown [s\open\src\hotspot\share\interpreter\linkResolver.cpp, line 774]
Event: 29.210 Thread 0x000002a6fe1d4a70 Exception <a 'java/lang/NoSuchMethodError'{0x00000000c4fd4018}: 'void java.lang.invoke.Invokers$Holder.invokeExact_MT(java.lang.Object, java.lang.Object, java.lang.Object, java.lang.Object)'> (0x00000000c4fd4018) 
thrown [s\open\src\hotspot\share\interpreter\linkResolver.cpp, line 774]
Event: 29.389 Thread 0x000002a6fe1d4a70 Exception <a 'java/lang/NoSuchMethodError'{0x00000000c4e8bc18}: 'java.lang.Object java.lang.invoke.DirectMethodHandle$Holder.invokeInterface(java.lang.Object, java.lang.Object, java.lang.Object, java.lang.Object)'> (0x00000000c4e8bc18) 
thrown [s\open\src\hotspot\share\interpreter\linkResolver.cpp, line 774]
Event: 29.625 Thread 0x000002a6fe1d4a70 Exception <a 'java/lang/NoSuchMethodError'{0x00000000c4c85b28}: 'java.lang.Object java.lang.invoke.DirectMethodHandle$Holder.newInvokeSpecial(java.lang.Object, java.lang.Object, java.lang.Object, java.lang.Object, java.lang.Object, java.lang.Object, java.lang.Object, java.lang.Object)'> (0x00000000c4c85b28) 
thrown [s\open\src\hotspot\share\interpreter\linkResolver.cpp, line 774]
Event: 31.418 Thread 0x000002a6fe1d4a70 Exception <a 'java/lang/IncompatibleClassChangeError'{0x00000000c54ca9d0}: Found class java.lang.Object, but interface was expected> (0x00000000c54ca9d0) 
thrown [s\open\src\hotspot\share\interpreter\linkResolver.cpp, line 841]
Event: 31.600 Thread 0x000002a6fe1d4a70 Exception <a 'java/lang/NoSuchMethodError'{0x00000000c52dbfa0}: 'void java.lang.invoke.DirectMethodHandle$Holder.invokeVirtual(java.lang.Object, java.lang.Object, long)'> (0x00000000c52dbfa0) 
thrown [s\open\src\hotspot\share\interpreter\linkResolver.cpp, line 774]
Event: 32.348 Thread 0x000002a6fe1d4a70 Exception <a 'java/lang/IncompatibleClassChangeError'{0x00000000c4c293a0}: Found class java.lang.Object, but interface was expected> (0x00000000c4c293a0) 
thrown [s\open\src\hotspot\share\interpreter\linkResolver.cpp, line 841]
Event: 32.471 Thread 0x000002a6fe1d4a70 Exception <a 'java/lang/NoSuchMethodError'{0x00000000c4be23c8}: 'int java.lang.invoke.DirectMethodHandle$Holder.invokeStaticInit(java.lang.Object, java.lang.Object, java.lang.Object, java.lang.Object)'> (0x00000000c4be23c8) 
thrown [s\open\src\hotspot\share\interpreter\linkResolver.cpp, line 774]
Event: 32.697 Thread 0x000002a6fe1d4a70 Implicit null exception at 0x000002a687c8d35b to 0x000002a687c8d75e
Event: 33.370 Thread 0x000002a6fe1d4a70 Implicit null exception at 0x000002a687ce9690 to 0x000002a687cead84
Event: 33.371 Thread 0x000002a6fe1d4a70 Implicit null exception at 0x000002a687be29da to 0x000002a687be2bb8
Event: 34.537 Thread 0x000002a6fe1d4a70 Exception <a 'java/net/BindException'{0x00000000c4f89930}: Address already in use: bind> (0x00000000c4f89930) 
thrown [s\open\src\hotspot\share\prims\jni.cpp, line 536]
Event: 34.651 Thread 0x000002a6fe1d4a70 Exception <a 'java/lang/NoSuchMethodError'{0x00000000c4e2a740}: 'java.lang.Object java.lang.invoke.DirectMethodHandle$Holder.newInvokeSpecial(java.lang.Object, java.lang.Object, int, java.lang.Object, java.lang.Object)'> (0x00000000c4e2a740) 
thrown [s\open\src\hotspot\share\interpreter\linkResolver.cpp, line 774]
Event: 34.652 Thread 0x000002a6fe1d4a70 Exception <a 'java/lang/NoSuchMethodError'{0x00000000c4e36158}: 'java.lang.Object java.lang.invoke.DirectMethodHandle$Holder.invokeSpecial(java.lang.Object, java.lang.Object, int, java.lang.Object, int, java.lang.Object)'> (0x00000000c4e36158) 
thrown [s\open\src\hotspot\share\interpreter\linkResolver.cpp, line 774]
Event: 34.654 Thread 0x000002a6fe1d4a70 Exception <a 'java/lang/NoSuchMethodError'{0x00000000c4e3e450}: 'java.lang.Object java.lang.invoke.DirectMethodHandle$Holder.newInvokeSpecial(java.lang.Object, java.lang.Object, int, java.lang.Object, int)'> (0x00000000c4e3e450) 
thrown [s\open\src\hotspot\share\interpreter\linkResolver.cpp, line 774]
Event: 34.654 Thread 0x000002a6fe1d4a70 Exception <a 'java/lang/NoSuchMethodError'{0x00000000c4e42568}: 'java.lang.Object java.lang.invoke.DirectMethodHandle$Holder.invokeSpecial(java.lang.Object, java.lang.Object, java.lang.Object, int, java.lang.Object, int)'> (0x00000000c4e42568) 
thrown [s\open\src\hotspot\share\interpreter\linkResolver.cpp, line 774]

VM Operations (20 events):
Event: 31.164 Executing VM operation: G1PauseRemark
Event: 31.191 Executing VM operation: G1PauseRemark done
Event: 31.216 Executing VM operation: G1PauseCleanup
Event: 31.222 Executing VM operation: G1PauseCleanup done
Event: 31.733 Executing VM operation: HandshakeAllThreads
Event: 31.733 Executing VM operation: HandshakeAllThreads done
Event: 31.878 Executing VM operation: HandshakeAllThreads
Event: 31.878 Executing VM operation: HandshakeAllThreads done
Event: 32.284 Executing VM operation: HandshakeAllThreads
Event: 32.284 Executing VM operation: HandshakeAllThreads done
Event: 32.284 Executing VM operation: Cleanup
Event: 32.284 Executing VM operation: Cleanup done
Event: 32.677 Executing VM operation: G1CollectForAllocation
Event: 32.690 Executing VM operation: G1CollectForAllocation done
Event: 32.849 Executing VM operation: G1CollectForAllocation
Event: 32.857 Executing VM operation: G1CollectForAllocation done
Event: 33.879 Executing VM operation: Cleanup
Event: 33.895 Executing VM operation: Cleanup done
Event: 34.897 Executing VM operation: Cleanup
Event: 38.278 Executing VM operation: Cleanup done

Events (20 events):
Event: 10.837 Thread 0x000002a6fe8d8570 Thread added: 0x000002a6fe8d8570
Event: 11.516 Thread 0x000002a6fe8d8570 Thread exited: 0x000002a6fe8d8570
Event: 12.723 Thread 0x000002a6fe8cc020 Thread exited: 0x000002a6fe8cc020
Event: 17.927 Thread 0x000002a6ff3f6790 Thread added: 0x000002a6ff3f6790
Event: 17.930 Thread 0x000002a6ff3f5840 Thread added: 0x000002a6ff3f5840
Event: 17.938 Thread 0x000002a6f165cfb0 Thread added: 0x000002a6f165cfb0
Event: 20.183 Thread 0x000002a6f165c510 Thread added: 0x000002a6f165c510
Event: 34.327 Thread 0x000002a6f165bfc0 Thread added: 0x000002a6f165bfc0
Event: 34.841 Thread 0x000002a6f165ca60 Thread added: 0x000002a6f165ca60
Event: 34.842 Thread 0x000002a6f165d500 Thread added: 0x000002a6f165d500
Event: 34.842 Thread 0x000002a6933aba80 Thread added: 0x000002a6933aba80
Event: 34.842 Thread 0x000002a6933a5040 Thread added: 0x000002a6933a5040
Event: 34.842 Thread 0x000002a6933a45a0 Thread added: 0x000002a6933a45a0
Event: 34.842 Thread 0x000002a6933ab530 Thread added: 0x000002a6933ab530
Event: 34.842 Thread 0x000002a6933a6580 Thread added: 0x000002a6933a6580
Event: 34.843 Thread 0x000002a6933a9550 Thread added: 0x000002a6933a9550
Event: 34.843 Thread 0x000002a6933a8560 Thread added: 0x000002a6933a8560
Event: 34.843 Thread 0x000002a6933a4af0 Thread added: 0x000002a6933a4af0
Event: 38.377 Thread 0x000002a6933a6ad0 Thread added: 0x000002a6933a6ad0
Event: 38.379 Thread 0x000002a6933a5590 Thread added: 0x000002a6933a5590


Dynamic libraries:
0x00007ff71b5f0000 - 0x00007ff71b600000 	C:\Program Files\Java\jdk-19\bin\java.exe
0x00007ffaa7db0000 - 0x00007ffaa7fc4000 	C:\WINDOWS\SYSTEM32\ntdll.dll
0x00007ffaa7370000 - 0x00007ffaa7433000 	C:\WINDOWS\System32\KERNEL32.DLL
0x00007ffaa54d0000 - 0x00007ffaa586c000 	C:\WINDOWS\System32\KERNELBASE.dll
0x00007ffaa5290000 - 0x00007ffaa53a1000 	C:\WINDOWS\System32\ucrtbase.dll
0x00007ffa8ccd0000 - 0x00007ffa8cce8000 	C:\Program Files\Java\jdk-19\bin\jli.dll
0x00007ffaa62e0000 - 0x00007ffaa638e000 	C:\WINDOWS\System32\ADVAPI32.dll
0x00007ffaa6d80000 - 0x00007ffaa6e27000 	C:\WINDOWS\System32\msvcrt.dll
0x00007ffaa7980000 - 0x00007ffaa7a24000 	C:\WINDOWS\System32\sechost.dll
0x00007ffaa6000000 - 0x00007ffaa6115000 	C:\WINDOWS\System32\RPCRT4.dll
0x00007ffaa6fd0000 - 0x00007ffaa717d000 	C:\WINDOWS\System32\USER32.dll
0x00007ffaa5870000 - 0x00007ffaa5896000 	C:\WINDOWS\System32\win32u.dll
0x00007ffaa72e0000 - 0x00007ffaa7309000 	C:\WINDOWS\System32\GDI32.dll
0x00007ffaa53b0000 - 0x00007ffaa54c3000 	C:\WINDOWS\System32\gdi32full.dll
0x00007ffaa51f0000 - 0x00007ffaa528a000 	C:\WINDOWS\System32\msvcp_win.dll
0x00007ffa9b970000 - 0x00007ffa9b98b000 	C:\Program Files\Java\jdk-19\bin\VCRUNTIME140.dll
0x00007ffa890f0000 - 0x00007ffa8937e000 	C:\WINDOWS\WinSxS\amd64_microsoft.windows.common-controls_6595b64144ccf1df_6.0.22621.608_none_a9444ca7c10bb01d\COMCTL32.dll
0x00007ffa9b990000 - 0x00007ffa9b99a000 	C:\WINDOWS\SYSTEM32\VERSION.dll
0x00007ffaa7940000 - 0x00007ffaa7971000 	C:\WINDOWS\System32\IMM32.DLL
0x00007ffa9efe0000 - 0x00007ffa9efec000 	C:\Program Files\Java\jdk-19\bin\vcruntime140_1.dll
0x00007ffa6cd30000 - 0x00007ffa6cdbe000 	C:\Program Files\Java\jdk-19\bin\msvcp140.dll
0x00007ffa41390000 - 0x00007ffa42050000 	C:\Program Files\Java\jdk-19\bin\server\jvm.dll
0x00007ffa9f500000 - 0x00007ffa9f509000 	C:\WINDOWS\SYSTEM32\WSOCK32.dll
0x00007ffaa7180000 - 0x00007ffaa71f1000 	C:\WINDOWS\System32\WS2_32.dll
0x00007ffa9df10000 - 0x00007ffa9df44000 	C:\WINDOWS\SYSTEM32\WINMM.dll
0x00007ffaa4240000 - 0x00007ffaa4258000 	C:\WINDOWS\SYSTEM32\kernel.appcore.dll
0x00007ffa9b9e0000 - 0x00007ffa9b9ea000 	C:\Program Files\Java\jdk-19\bin\jimage.dll
0x00007ffaa2da0000 - 0x00007ffaa2fce000 	C:\WINDOWS\SYSTEM32\DBGHELP.DLL
0x00007ffaa5bc0000 - 0x00007ffaa5f49000 	C:\WINDOWS\System32\combase.dll
0x00007ffaa6450000 - 0x00007ffaa6527000 	C:\WINDOWS\System32\OLEAUT32.dll
0x00007ffa7f920000 - 0x00007ffa7f952000 	C:\WINDOWS\SYSTEM32\dbgcore.DLL
0x00007ffaa5b40000 - 0x00007ffaa5bbb000 	C:\WINDOWS\System32\bcryptPrimitives.dll
0x00007ffa8cd30000 - 0x00007ffa8cd56000 	C:\Program Files\Java\jdk-19\bin\java.dll
0x00007ffa6cdc0000 - 0x00007ffa6ce97000 	C:\Program Files\Java\jdk-19\bin\jsvml.dll
0x00007ffaa6590000 - 0x00007ffaa6d80000 	C:\WINDOWS\System32\SHELL32.dll
0x00007ffaa3200000 - 0x00007ffaa3ace000 	C:\WINDOWS\SYSTEM32\windows.storage.dll
0x00007ffaa30c0000 - 0x00007ffaa31fe000 	C:\WINDOWS\SYSTEM32\wintypes.dll
0x00007ffaa7c70000 - 0x00007ffaa7d61000 	C:\WINDOWS\System32\SHCORE.dll
0x00007ffaa63f0000 - 0x00007ffaa644e000 	C:\WINDOWS\System32\shlwapi.dll
0x00007ffaa5120000 - 0x00007ffaa5141000 	C:\WINDOWS\SYSTEM32\profapi.dll
0x00007ffa92550000 - 0x00007ffa92563000 	C:\Program Files\Java\jdk-19\bin\net.dll
0x00007ffa9bac0000 - 0x00007ffa9bbef000 	C:\WINDOWS\SYSTEM32\WINHTTP.dll
0x00007ffaa46b0000 - 0x00007ffaa4719000 	C:\WINDOWS\system32\mswsock.dll
0x00007ffa919a0000 - 0x00007ffa919b6000 	C:\Program Files\Java\jdk-19\bin\nio.dll
0x00007ffa8cd00000 - 0x00007ffa8cd18000 	C:\Program Files\Java\jdk-19\bin\zip.dll
0x00007ffa8cdb0000 - 0x00007ffa8cdba000 	C:\Program Files\Java\jdk-19\bin\management.dll
0x00007ffa8ccf0000 - 0x00007ffa8ccfb000 	C:\Program Files\Java\jdk-19\bin\management_ext.dll
0x00007ffaa6530000 - 0x00007ffaa6538000 	C:\WINDOWS\System32\PSAPI.DLL
0x00007ffa91ae0000 - 0x00007ffa91af0000 	C:\Program Files\Java\jdk-19\bin\verify.dll
0x00007ffaa4920000 - 0x00007ffaa493b000 	C:\WINDOWS\SYSTEM32\CRYPTSP.dll
0x00007ffaa41b0000 - 0x00007ffaa41e5000 	C:\WINDOWS\system32\rsaenh.dll
0x00007ffaa47b0000 - 0x00007ffaa47d8000 	C:\WINDOWS\SYSTEM32\USERENV.dll
0x00007ffaa4ad0000 - 0x00007ffaa4af8000 	C:\WINDOWS\SYSTEM32\bcrypt.dll
0x00007ffaa4910000 - 0x00007ffaa491c000 	C:\WINDOWS\SYSTEM32\CRYPTBASE.dll
0x00007ffaa3db0000 - 0x00007ffaa3ddd000 	C:\WINDOWS\SYSTEM32\IPHLPAPI.DLL
0x00007ffaa7200000 - 0x00007ffaa7209000 	C:\WINDOWS\System32\NSI.dll
0x00007ffa9c850000 - 0x00007ffa9c869000 	C:\WINDOWS\SYSTEM32\dhcpcsvc6.DLL
0x00007ffa9baa0000 - 0x00007ffa9babf000 	C:\WINDOWS\SYSTEM32\dhcpcsvc.DLL
0x00007ffaa3de0000 - 0x00007ffaa3ed3000 	C:\WINDOWS\SYSTEM32\DNSAPI.dll
0x00007ffaa2070000 - 0x00007ffaa207e000 	C:\Program Files\Java\jdk-19\bin\sunmscapi.dll
0x00007ffaa59d0000 - 0x00007ffaa5b36000 	C:\WINDOWS\System32\CRYPT32.dll
0x00007ffaa4aa0000 - 0x00007ffaa4acd000 	C:\WINDOWS\SYSTEM32\ncrypt.dll
0x00007ffaa4a60000 - 0x00007ffaa4a97000 	C:\WINDOWS\SYSTEM32\NTASN1.dll
0x00007ffa8a620000 - 0x00007ffa8a62a000 	C:\Windows\System32\rasadhlp.dll
0x00007ffa998f0000 - 0x00007ffa99973000 	C:\WINDOWS\System32\fwpuclnt.dll
0x00007ffa8f5f0000 - 0x00007ffa8f5f8000 	C:\Program Files\Java\jdk-19\bin\extnet.dll
0x00007ffa924e0000 - 0x00007ffa924e8000 	C:\WINDOWS\system32\wshunix.dll

dbghelp: loaded successfully - version: 4.0.5 - missing functions: none
symbol engine: initialized successfully - sym options: 0x614 - pdb path: .;C:\Program Files\Java\jdk-19\bin;C:\WINDOWS\SYSTEM32;C:\WINDOWS\WinSxS\amd64_microsoft.windows.common-controls_6595b64144ccf1df_6.0.22621.608_none_a9444ca7c10bb01d;C:\Program Files\Java\jdk-19\bin\server

VM Arguments:
java_command: com.portfolio.thiagobong.ThiagobongApplication
java_class_path (initial): C:\Argentina Programa\PortfolioWeb_Thiagobongiovanni\Portfolioweb_Thiagobongiovanni\BackEnd\target\classes;C:\Users\thiag\.m2\repository\org\springframework\boot\spring-boot-starter-data-jpa\3.0.5\spring-boot-starter-data-jpa-3.0.5.jar;C:\Users\thiag\.m2\repository\org\springframework\boot\spring-boot-starter-aop\3.0.5\spring-boot-starter-aop-3.0.5.jar;C:\Users\thiag\.m2\repository\org\springframework\spring-aop\6.0.7\spring-aop-6.0.7.jar;C:\Users\thiag\.m2\repository\org\aspectj\aspectjweaver\1.9.19\aspectjweaver-1.9.19.jar;C:\Users\thiag\.m2\repository\org\springframework\boot\spring-boot-starter-jdbc\3.0.5\spring-boot-starter-jdbc-3.0.5.jar;C:\Users\thiag\.m2\repository\com\zaxxer\HikariCP\5.0.1\HikariCP-5.0.1.jar;C:\Users\thiag\.m2\repository\org\springframework\spring-jdbc\6.0.7\spring-jdbc-6.0.7.jar;C:\Users\thiag\.m2\repository\org\hibernate\orm\hibernate-core\6.1.7.Final\hibernate-core-6.1.7.Final.jar;C:\Users\thiag\.m2\repository\jakarta\persistence\jakarta.persistence-api\3.1.0\jakarta.persistence-api-3.1.0.jar;C:\Users\thiag\.m2\repository\jakarta\transaction\jakarta.transaction-api\2.0.1\jakarta.transaction-api-2.0.1.jar;C:\Users\thiag\.m2\repository\org\jboss\logging\jboss-logging\3.5.0.Final\jboss-logging-3.5.0.Final.jar;C:\Users\thiag\.m2\repository\org\hibernate\common\hibernate-commons-annotations\6.0.6.Final\hibernate-commons-annotations-6.0.6.Final.jar;C:\Users\thiag\.m2\repository\org\jboss\jandex\2.4.2.Final\jandex-2.4.2.Final.jar;C:\Users\thiag\.m2\repository\com\fasterxml\classmate\1.5.1\classmate-1.5.1.jar;C:\Users\thiag\.m2\repository\net\bytebuddy\byte-buddy\1.12.23\byte-buddy-1.12.23.jar;C:\Users\thiag\.m2\repository\org\glassfish\jaxb\jaxb-runtime\4.0.2\jaxb-runtime-4.0.2.jar;C:\Users\thiag\.m2\repository\org\glassfish\jaxb\jaxb-core\4.0.2\jaxb-core-4.0.2.jar;C:\Users\thiag\.m2\repository\org\eclipse\angus\angus-activation\2.0.0\angus-activation-2.0.0.jar;C:\Users\thiag\.m2\repository\org\glassfish\jaxb\txw2\4.0.2\txw2-4.0.2.jar;C:\Users\thiag\.m2\repository\com\sun\istack\istack-commons-runtime\4.1.1\istack-commons-runtime-4.1.1.jar;C:\Users\thiag\.m2\repository\jakarta\inject\jakarta.inject-api\2.0.0\jakarta.inject-api-2.0.0.jar;C:\Users\thiag\.m2\repository\org\antlr\antlr4-runtime\4.10.1\antlr4-runtime-4.10.1.jar;C:\Users\thiag\.m2\repository\org\springframework\data\spring-data-jpa\3.0.4\spring-data-jpa-3.0.4.jar;C:\Users\thiag\.m2\repository\org\springframework\data\spring-data-commons\3.0.4\spring-data-commons-3.0.4.jar;C:\Users\thiag\.m2\repository\org\springframework\spring-orm\6.0.7\spring-orm-6.0.7.jar;C:\Users\thiag\.m2\repository\org\springframework\spring-context\6.0.7\spring-context-6.0.7.jar;C:\Users\thiag\.m2\repository\org\springframework\spring-tx\6.0.7\spring-tx-6.0.7.jar;C:\Users\thiag\.m2\repository\org\springframework\spring-beans\6.0.7\spring-beans-6.0.7.jar;C:\Users\thiag\.m2\repository\jakarta\annotation\jakarta.annotation-api\2.1.1\jakarta.annotation-api-2.1.1.jar;C:\Users\thiag\.m2\repository\org\slf4j\slf4j-api\2.0.7\slf4j-api-2.0.7.jar;C:\Users\thiag\.m2\repository\org\springframework\spring-aspects\6.0.7\spring-aspects-6.0.7.jar;C:\Users\thiag\.m2\repository\org\springframework\boot\spring-boot-starter-validation\3.0.5\spring-boot-starter-validation-3.0.5.jar;C:\Users\thiag\.m2\repository\org\springframework\boot\spring-boot-starter\3.0.5\spring-boot-starter-3.0.5.jar;C:\Users\thiag\.m2\repository\org\springframework\boot\spring-boot-starter-logging\3.0.5\spring-boot-starter-logging-3.0.5.jar;C:\Users\thiag\.m2\repository\ch\qos\logback\logback-classic\1.4.6\logback-classic-1.4.6.jar;C:\Users\thiag\.m2\repository\ch\qos\logback\logback-core\1.4.6\logback-core-1.4.6.jar;C:\Users\thiag\.m2\repository\org\apache\logging\log4j\log4j-to-slf4j\2.19.0\log4j-to-slf4j-2.19.0.jar;C:\Users\thiag\.m2\repository\org\apache\logging\log4j\log4j-api\2.19.0\log4j-api-2.19.0.jar;C:\Users\thiag\.m2\repository\org\slf4j\jul-to-slf4j\2.0.7\jul-to-slf4j-2.0.7.jar;C:\Users\thiag\.m2\repository\org\yaml\snakeyaml\1.33\snakeyaml-1.33.jar;C:\Users\thiag\.m2\repository\org\apache\tomcat\embed\tomcat-embed-el\10.1.7\tomcat-embed-el-10.1.7.jar;C:\Users\thiag\.m2\repository\org\hibernate\validator\hibernate-validator\8.0.0.Final\hibernate-validator-8.0.0.Final.jar;C:\Users\thiag\.m2\repository\jakarta\validation\jakarta.validation-api\3.0.2\jakarta.validation-api-3.0.2.jar;C:\Users\thiag\.m2\repository\org\springframework\boot\spring-boot-starter-web\3.0.5\spring-boot-starter-web-3.0.5.jar;C:\Users\thiag\.m2\repository\org\springframework\boot\spring-boot-starter-json\3.0.5\spring-boot-starter-json-3.0.5.jar;C:\Users\thiag\.m2\repository\com\fasterxml\jackson\core\jackson-databind\2.14.2\jackson-databind-2.14.2.jar;C:\Users\thiag\.m2\repository\com\fasterxml\jackson\core\jackson-annotations\2.14.2\jackson-annotations-2.14.2.jar;C:\Users\thiag\.m2\repository\com\fasterxml\jackson\core\jackson-core\2.14.2\jackson-core-2.14.2.jar;C:\Users\thiag\.m2\repository\com\fasterxml\jackson\datatype\jackson-datatype-jdk8\2.14.2\jackson-datatype-jdk8-2.14.2.jar;C:\Users\thiag\.m2\repository\com\fasterxml\jackson\datatype\jackson-datatype-jsr310\2.14.2\jackson-datatype-jsr310-2.14.2.jar;C:\Users\thiag\.m2\repository\com\fasterxml\jackson\module\jackson-module-parameter-names\2.14.2\jackson-module-parameter-names-2.14.2.jar;C:\Users\thiag\.m2\repository\org\springframework\boot\spring-boot-starter-tomcat\3.0.5\spring-boot-starter-tomcat-3.0.5.jar;C:\Users\thiag\.m2\repository\org\apache\tomcat\embed\tomcat-embed-core\10.1.7\tomcat-embed-core-10.1.7.jar;C:\Users\thiag\.m2\repository\org\apache\tomcat\embed\tomcat-embed-websocket\10.1.7\tomcat-embed-websocket-10.1.7.jar;C:\Users\thiag\.m2\repository\org\springframework\spring-web\6.0.7\spring-web-6.0.7.jar;C:\Users\thiag\.m2\repository\io\micrometer\micrometer-observation\1.10.5\micrometer-observation-1.10.5.jar;C:\Users\thiag\.m2\repository\io\micrometer\micrometer-commons\1.10.5\micrometer-commons-1.10.5.jar;C:\Users\thiag\.m2\repository\org\springframework\spring-webmvc\6.0.7\spring-webmvc-6.0.7.jar;C:\Users\thiag\.m2\repository\org\springframework\spring-expression\6.0.7\spring-expression-6.0.7.jar;C:\Users\thiag\.m2\repository\org\springframework\boot\spring-boot-devtools\3.0.5\spring-boot-devtools-3.0.5.jar;C:\Users\thiag\.m2\repository\org\springframework\boot\spring-boot\3.0.5\spring-boot-3.0.5.jar;C:\Users\thiag\.m2\repository\org\springframework\boot\spring-boot-autoconfigure\3.0.5\spring-boot-autoconfigure-3.0.5.jar;C:\Users\thiag\.m2\repository\com\mysql\mysql-connector-j\8.0.32\mysql-connector-j-8.0.32.jar;C:\Users\thiag\.m2\repository\org\projectlombok\lombok\1.18.26\lombok-1.18.26.jar;C:\Users\thiag\.m2\repository\jakarta\xml\bind\jakarta.xml.bind-api\4.0.0\jakarta.xml.bind-api-4.0.0.jar;C:\Users\thiag\.m2\repository\jakarta\activation\jakarta.activation-api\2.1.1\jakarta.activation-api-2.1.1.jar;C:\Users\thiag\.m2\repository\org\springframework\spring-core\6.0.7\spring-core-6.0.7.jar;C:\Users\thiag\.m2\repository\org\springframework\spring-jcl\6.0.7\spring-jcl-6.0.7.jar
Launcher Type: SUN_STANDARD

[Global flags]
     intx CICompilerCount                          = 2                                         {product} {ergonomic}
     uint ConcGCThreads                            = 1                                         {product} {ergonomic}
     uint G1ConcRefinementThreads                  = 2                                         {product} {ergonomic}
   size_t G1HeapRegionSize                         = 1048576                                   {product} {ergonomic}
    uintx GCDrainStackTargetSize                   = 64                                        {product} {ergonomic}
   size_t InitialHeapSize                          = 65011712                                  {product} {ergonomic}
   size_t MarkStackSize                            = 4194304                                   {product} {ergonomic}
   size_t MaxHeapSize                              = 1025507328                                {product} {ergonomic}
   size_t MaxNewSize                               = 614465536                                 {product} {ergonomic}
   size_t MinHeapDeltaBytes                        = 1048576                                   {product} {ergonomic}
   size_t MinHeapSize                              = 8388608                                   {product} {ergonomic}
    uintx NonNMethodCodeHeapSize                   = 5826188                                {pd product} {ergonomic}
    uintx NonProfiledCodeHeapSize                  = 122916026                              {pd product} {ergonomic}
    uintx ProfiledCodeHeapSize                     = 122916026                              {pd product} {ergonomic}
    uintx ReservedCodeCacheSize                    = 251658240                              {pd product} {ergonomic}
     bool SegmentedCodeCache                       = true                                      {product} {ergonomic}
   size_t SoftMaxHeapSize                          = 1025507328                             {manageable} {ergonomic}
     bool UseCompressedClassPointers               = true                           {product lp64_product} {ergonomic}
     bool UseCompressedOops                        = true                           {product lp64_product} {ergonomic}
     bool UseG1GC                                  = true                                      {product} {ergonomic}
     bool UseLargePagesIndividualAllocation        = false                                  {pd product} {ergonomic}

Logging:
Log output configuration:
 #0: stdout all=warning uptime,level,tags foldmultilines=false
 #1: stderr all=off uptime,level,tags foldmultilines=false

Environment Variables:
JAVA_HOME=C:\Program Files\Java\jdk-19
PATH=C:\Program Files\Common Files\Oracle\Java\javapath;C:\WINDOWS\system32;C:\WINDOWS;C:\WINDOWS\System32\Wbem;C:\WINDOWS\System32\WindowsPowerShell\v1.0\;C:\WINDOWS\System32\OpenSSH\;C:\Program Files\Git\cmd;C:\Program Files\nodejs\;C:\Users\thiag\AppData\Local\Microsoft\WindowsApps;C:\Users\thiag\AppData\Local\Programs\Microsoft VS Code\bin;C:\Users\thiag\AppData\Local\GitHubDesktop\bin;C:\Users\thiag\AppData\Roaming\npm
USERNAME=thiag
OS=Windows_NT
PROCESSOR_IDENTIFIER=Intel64 Family 6 Model 122 Stepping 1, GenuineIntel
TMP=C:\Users\thiag\AppData\Local\Temp
TEMP=C:\Users\thiag\AppData\Local\Temp



---------------  S Y S T E M  ---------------

OS:
 Windows 11 , 64 bit Build 22621 (10.0.22621.1344)
OS uptime: 12 days 2:10 hours

CPU: total 2 (initial active 2) (2 cores per cpu, 1 threads per core) family 6 model 122 stepping 1 microcode 0x34, cx8, cmov, fxsr, mmx, 3dnowpref, sse, sse2, sse3, ssse3, sse4.1, sse4.2, popcnt, tsc, tscinvbit, aes, erms, clmul, sha, clflush, clflushopt, rdtscp, rdpid

Memory: 4k page, system-wide physical 3911M (259M free)
TotalPageFile size 11257M (AvailPageFile size 13M)
current process WorkingSet (physical memory assigned to process): 165M, peak: 183M
current process commit charge ("private bytes"): 192M, peak: 209M

vm_info: Java HotSpot(TM) 64-Bit Server VM (19.0.2+7-44) for windows-amd64 JRE (19.0.2+7-44), built on 2022-11-30T18:02:09Z by "mach5one" with MS VC++ 17.1 (VS2022)

END.
