#
# There is insufficient memory for the Java Runtime Environment to continue.
# Native memory allocation (malloc) failed to allocate 50232 bytes for Chunk::new
# Possible reasons:
#   The system is out of physical RAM or swap space
#   The process is running with CompressedOops enabled, and the Java Heap may be blocking the growth of the native heap
# Possible solutions:
#   Reduce memory load on the system
#   Increase physical memory or swap space
#   Check if swap backing store is full
#   Decrease Java heap size (-Xmx/-Xms)
#   Decrease number of Java threads
#   Decrease Java thread stack sizes (-Xss)
#   Set larger code cache with -XX:ReservedCodeCacheSize=
#   JVM is running with Unscaled Compressed Oops mode in which the Java heap is
#     placed in the first 4GB address space. The Java Heap base address is the
#     maximum limit for the native heap growth. Please use -XX:HeapBaseMinAddress
#     to set the Java Heap base and to place the Java Heap above 4GB virtual address.
# This output file may be truncated or incomplete.
#
#  Out of Memory Error (arena.cpp:184), pid=36896, tid=41208
#
# JRE version: Java(TM) SE Runtime Environment (19.0.2+7) (build 19.0.2+7-44)
# Java VM: Java HotSpot(TM) 64-Bit Server VM (19.0.2+7-44, mixed mode, tiered, compressed oops, compressed class ptrs, g1 gc, windows-amd64)
# No core dump will be written. Minidumps are not enabled by default on client versions of Windows
#

---------------  S U M M A R Y ------------

Command Line: -Dmaven.multiModuleProjectDirectory=C:\Argentina Programa\PortfolioWeb_Thiagobongiovanni\Portfolioweb_Thiagobongiovanni\BackEnd org.apache.maven.wrapper.MavenWrapperMain -Dexec.vmArgs= -Dexec.args=${exec.vmArgs} -classpath %classpath ${exec.mainClass} ${exec.appArgs} -Dexec.executable=C:\Program Files\Java\jdk-19\bin\java.exe -Dexec.mainClass=com.portfolio.thiagobong.ThiagobongApplication -Dexec.classpathScope=runtime -Dexec.appArgs= -Dmaven.ext.class.path=C:\Program Files\NetBeans-17\netbeans\java\maven-nblib\netbeans-eventspy.jar --no-transfer-progress org.codehaus.mojo:exec-maven-plugin:3.1.0:exec

Host: Intel(R) Celeron(R) N4000 CPU @ 1.10GHz, 2 cores, 3G,  Windows 11 , 64 bit Build 22621 (10.0.22621.1344)
Time: Wed Apr  5 00:13:33 2023 Hora estándar de Argentina elapsed time: 2.843478 seconds (0d 0h 0m 2s)

---------------  T H R E A D  ---------------

Current thread (0x000002276e3bc950):  JavaThread "main" [_thread_in_vm, id=41208, stack(0x000000e1e6f00000,0x000000e1e7000000)]

Stack: [0x000000e1e6f00000,0x000000e1e7000000]
Native frames: (J=compiled Java code, j=interpreted, Vv=VM code, C=native code)
V  [jvm.dll+0x6ee21a]
V  [jvm.dll+0x85765e]
V  [jvm.dll+0x85904e]
V  [jvm.dll+0x859703]
V  [jvm.dll+0x28298f]
V  [jvm.dll+0xc9adf]
V  [jvm.dll+0xc9e65]
V  [jvm.dll+0x226848]
V  [jvm.dll+0x225686]
V  [jvm.dll+0x7cc802]
V  [jvm.dll+0x7cdc4a]
V  [jvm.dll+0x7cdf78]
V  [jvm.dll+0x271e1b]
V  [jvm.dll+0x27203f]
V  [jvm.dll+0x5cb4e8]
V  [jvm.dll+0x5ce447]
V  [jvm.dll+0x3ddda7]
V  [jvm.dll+0x3dd3ff]
C  0x000002270755bef4

Java frames: (J=compiled Java code, j=interpreted, Vv=VM code)
j  java.lang.String.replaceFirst(Ljava/lang/String;Ljava/lang/String;)Ljava/lang/String;+1 java.base@19.0.2
j  org.apache.maven.wrapper.MavenWrapperMain.wrapperProperties(Ljava/nio/file/Path;)Ljava/nio/file/Path;+16
j  org.apache.maven.wrapper.MavenWrapperMain.main([Ljava/lang/String;)V+5
v  ~StubRoutines::call_stub 0x0000022707531016

---------------  P R O C E S S  ---------------

Threads class SMR info:
_java_thread_list=0x000002270f177300, length=12, elements={
0x000002276e3bc950, 0x000002270f1f1d60, 0x000002270f1f2a40, 0x000002270f1fbe00,
0x000002270f1f2f80, 0x000002270f1f34c0, 0x000002270f1f3a00, 0x000002270f1f3f40,
0x000002270f1fac80, 0x0000022713459750, 0x0000022713563bb0, 0x000002271357c020
}

Java Threads: ( => current thread )
=>0x000002276e3bc950 JavaThread "main" [_thread_in_vm, id=41208, stack(0x000000e1e6f00000,0x000000e1e7000000)]
  0x000002270f1f1d60 JavaThread "Reference Handler" daemon [_thread_blocked, id=11132, stack(0x000000e1e7600000,0x000000e1e7700000)]
  0x000002270f1f2a40 JavaThread "Finalizer" daemon [_thread_blocked, id=28828, stack(0x000000e1e7700000,0x000000e1e7800000)]
  0x000002270f1fbe00 JavaThread "Signal Dispatcher" daemon [_thread_blocked, id=21696, stack(0x000000e1e7800000,0x000000e1e7900000)]
  0x000002270f1f2f80 JavaThread "Attach Listener" daemon [_thread_blocked, id=30148, stack(0x000000e1e7900000,0x000000e1e7a00000)]
  0x000002270f1f34c0 JavaThread "Service Thread" daemon [_thread_blocked, id=34748, stack(0x000000e1e7a00000,0x000000e1e7b00000)]
  0x000002270f1f3a00 JavaThread "Monitor Deflation Thread" daemon [_thread_blocked, id=4308, stack(0x000000e1e7b00000,0x000000e1e7c00000)]
  0x000002270f1f3f40 JavaThread "C2 CompilerThread0" daemon [_thread_blocked, id=34944, stack(0x000000e1e7c00000,0x000000e1e7d00000)]
  0x000002270f1fac80 JavaThread "C1 CompilerThread0" daemon [_thread_blocked, id=27992, stack(0x000000e1e7d00000,0x000000e1e7e00000)]
  0x0000022713459750 JavaThread "Sweeper thread" daemon [_thread_blocked, id=11344, stack(0x000000e1e7e00000,0x000000e1e7f00000)]
  0x0000022713563bb0 JavaThread "Notification Thread" daemon [_thread_blocked, id=41772, stack(0x000000e1e7f00000,0x000000e1e8000000)]
  0x000002271357c020 JavaThread "Common-Cleaner" daemon [_thread_blocked, id=36140, stack(0x000000e1e8100000,0x000000e1e8200000)]

Other Threads:
  0x000002276e47e940 VMThread "VM Thread" [stack: 0x000000e1e7500000,0x000000e1e7600000] [id=33936]
  0x00000227135640f0 WatcherThread "VM Periodic Task Thread" [stack: 0x000000e1e8000000,0x000000e1e8100000] [id=41084]
  0x000002276e3fbaf0 WorkerThread "GC Thread#0" [stack: 0x000000e1e7000000,0x000000e1e7100000] [id=23992]
  0x000002276e404490 ConcurrentGCThread "G1 Main Marker" [stack: 0x000000e1e7100000,0x000000e1e7200000] [id=15556]
  0x000002276e404ec0 WorkerThread "G1 Conc#0" [stack: 0x000000e1e7200000,0x000000e1e7300000] [id=6632]
  0x000002276e44df40 ConcurrentGCThread "G1 Refine#0" [stack: 0x000000e1e7300000,0x000000e1e7400000] [id=33908]
  0x000002276e44ea80 ConcurrentGCThread "G1 Service" [stack: 0x000000e1e7400000,0x000000e1e7500000] [id=40080]

Threads with active compile tasks:

VM state: not at safepoint (normal execution)

VM Mutex/Monitor currently owned by a thread: None

Heap address: 0x00000000c2e00000, size: 978 MB, Compressed Oops mode: 32-bit

CDS archive(s) not mapped
Compressed class space mapped at: 0x0000000100000000-0x0000000140000000, reserved size: 1073741824
Narrow klass base: 0x0000000000000000, Narrow klass shift: 3, Narrow klass range: 0x140000000

GC Precious Log:
 CardTable entry size: 512
 Card Set container configuration: InlinePtr #cards 5 size 8 Array Of Cards #cards 12 size 40 Howl #buckets 4 coarsen threshold 1843 Howl Bitmap #cards 512 size 80 coarsen threshold 460 Card regions per heap region 1 cards per card region 2048
 CPUs: 2 total, 2 available
 Memory: 3911M
 Large Page Support: Disabled
 NUMA Support: Disabled
 Compressed Oops: Enabled (32-bit)
 Heap Region Size: 1M
 Heap Min Capacity: 8M
 Heap Initial Capacity: 62M
 Heap Max Capacity: 978M
 Pre-touch: Disabled
 Parallel Workers: 2
 Concurrent Workers: 1
 Concurrent Refinement Workers: 2
 Periodic GC: Disabled

Heap:
 garbage-first heap   total 63488K, used 1024K [0x00000000c2e00000, 0x0000000100000000)
  region size 1024K, 2 young (2048K), 0 survivors (0K)
 Metaspace       used 5084K, committed 5248K, reserved 1114112K
  class space    used 411K, committed 512K, reserved 1048576K

Heap Regions: E=young(eden), S=young(survivor), O=old, HS=humongous(starts), HC=humongous(continues), CS=collection set, F=free, OA=open archive, CA=closed archive, TAMS=top-at-mark-start (previous, next)
|   0|0x00000000c2e00000, 0x00000000c2e00000, 0x00000000c2f00000|  0%| F|  |TAMS 0x00000000c2e00000, 0x00000000c2e00000| Untracked 
|   1|0x00000000c2f00000, 0x00000000c2f00000, 0x00000000c3000000|  0%| F|  |TAMS 0x00000000c2f00000, 0x00000000c2f00000| Untracked 
|   2|0x00000000c3000000, 0x00000000c3000000, 0x00000000c3100000|  0%| F|  |TAMS 0x00000000c3000000, 0x00000000c3000000| Untracked 
|   3|0x00000000c3100000, 0x00000000c3100000, 0x00000000c3200000|  0%| F|  |TAMS 0x00000000c3100000, 0x00000000c3100000| Untracked 
|   4|0x00000000c3200000, 0x00000000c3200000, 0x00000000c3300000|  0%| F|  |TAMS 0x00000000c3200000, 0x00000000c3200000| Untracked 
|   5|0x00000000c3300000, 0x00000000c3300000, 0x00000000c3400000|  0%| F|  |TAMS 0x00000000c3300000, 0x00000000c3300000| Untracked 
|   6|0x00000000c3400000, 0x00000000c3400000, 0x00000000c3500000|  0%| F|  |TAMS 0x00000000c3400000, 0x00000000c3400000| Untracked 
|   7|0x00000000c3500000, 0x00000000c3500000, 0x00000000c3600000|  0%| F|  |TAMS 0x00000000c3500000, 0x00000000c3500000| Untracked 
|   8|0x00000000c3600000, 0x00000000c3600000, 0x00000000c3700000|  0%| F|  |TAMS 0x00000000c3600000, 0x00000000c3600000| Untracked 
|   9|0x00000000c3700000, 0x00000000c3700000, 0x00000000c3800000|  0%| F|  |TAMS 0x00000000c3700000, 0x00000000c3700000| Untracked 
|  10|0x00000000c3800000, 0x00000000c3800000, 0x00000000c3900000|  0%| F|  |TAMS 0x00000000c3800000, 0x00000000c3800000| Untracked 
|  11|0x00000000c3900000, 0x00000000c3900000, 0x00000000c3a00000|  0%| F|  |TAMS 0x00000000c3900000, 0x00000000c3900000| Untracked 
|  12|0x00000000c3a00000, 0x00000000c3a00000, 0x00000000c3b00000|  0%| F|  |TAMS 0x00000000c3a00000, 0x00000000c3a00000| Untracked 
|  13|0x00000000c3b00000, 0x00000000c3b00000, 0x00000000c3c00000|  0%| F|  |TAMS 0x00000000c3b00000, 0x00000000c3b00000| Untracked 
|  14|0x00000000c3c00000, 0x00000000c3c00000, 0x00000000c3d00000|  0%| F|  |TAMS 0x00000000c3c00000, 0x00000000c3c00000| Untracked 
|  15|0x00000000c3d00000, 0x00000000c3d00000, 0x00000000c3e00000|  0%| F|  |TAMS 0x00000000c3d00000, 0x00000000c3d00000| Untracked 
|  16|0x00000000c3e00000, 0x00000000c3e00000, 0x00000000c3f00000|  0%| F|  |TAMS 0x00000000c3e00000, 0x00000000c3e00000| Untracked 
|  17|0x00000000c3f00000, 0x00000000c3f00000, 0x00000000c4000000|  0%| F|  |TAMS 0x00000000c3f00000, 0x00000000c3f00000| Untracked 
|  18|0x00000000c4000000, 0x00000000c4000000, 0x00000000c4100000|  0%| F|  |TAMS 0x00000000c4000000, 0x00000000c4000000| Untracked 
|  19|0x00000000c4100000, 0x00000000c4100000, 0x00000000c4200000|  0%| F|  |TAMS 0x00000000c4100000, 0x00000000c4100000| Untracked 
|  20|0x00000000c4200000, 0x00000000c4200000, 0x00000000c4300000|  0%| F|  |TAMS 0x00000000c4200000, 0x00000000c4200000| Untracked 
|  21|0x00000000c4300000, 0x00000000c4300000, 0x00000000c4400000|  0%| F|  |TAMS 0x00000000c4300000, 0x00000000c4300000| Untracked 
|  22|0x00000000c4400000, 0x00000000c4400000, 0x00000000c4500000|  0%| F|  |TAMS 0x00000000c4400000, 0x00000000c4400000| Untracked 
|  23|0x00000000c4500000, 0x00000000c4500000, 0x00000000c4600000|  0%| F|  |TAMS 0x00000000c4500000, 0x00000000c4500000| Untracked 
|  24|0x00000000c4600000, 0x00000000c4600000, 0x00000000c4700000|  0%| F|  |TAMS 0x00000000c4600000, 0x00000000c4600000| Untracked 
|  25|0x00000000c4700000, 0x00000000c4700000, 0x00000000c4800000|  0%| F|  |TAMS 0x00000000c4700000, 0x00000000c4700000| Untracked 
|  26|0x00000000c4800000, 0x00000000c4800000, 0x00000000c4900000|  0%| F|  |TAMS 0x00000000c4800000, 0x00000000c4800000| Untracked 
|  27|0x00000000c4900000, 0x00000000c4900000, 0x00000000c4a00000|  0%| F|  |TAMS 0x00000000c4900000, 0x00000000c4900000| Untracked 
|  28|0x00000000c4a00000, 0x00000000c4a00000, 0x00000000c4b00000|  0%| F|  |TAMS 0x00000000c4a00000, 0x00000000c4a00000| Untracked 
|  29|0x00000000c4b00000, 0x00000000c4b00000, 0x00000000c4c00000|  0%| F|  |TAMS 0x00000000c4b00000, 0x00000000c4b00000| Untracked 
|  30|0x00000000c4c00000, 0x00000000c4c00000, 0x00000000c4d00000|  0%| F|  |TAMS 0x00000000c4c00000, 0x00000000c4c00000| Untracked 
|  31|0x00000000c4d00000, 0x00000000c4d00000, 0x00000000c4e00000|  0%| F|  |TAMS 0x00000000c4d00000, 0x00000000c4d00000| Untracked 
|  32|0x00000000c4e00000, 0x00000000c4e00000, 0x00000000c4f00000|  0%| F|  |TAMS 0x00000000c4e00000, 0x00000000c4e00000| Untracked 
|  33|0x00000000c4f00000, 0x00000000c4f00000, 0x00000000c5000000|  0%| F|  |TAMS 0x00000000c4f00000, 0x00000000c4f00000| Untracked 
|  34|0x00000000c5000000, 0x00000000c5000000, 0x00000000c5100000|  0%| F|  |TAMS 0x00000000c5000000, 0x00000000c5000000| Untracked 
|  35|0x00000000c5100000, 0x00000000c5100000, 0x00000000c5200000|  0%| F|  |TAMS 0x00000000c5100000, 0x00000000c5100000| Untracked 
|  36|0x00000000c5200000, 0x00000000c5200000, 0x00000000c5300000|  0%| F|  |TAMS 0x00000000c5200000, 0x00000000c5200000| Untracked 
|  37|0x00000000c5300000, 0x00000000c5300000, 0x00000000c5400000|  0%| F|  |TAMS 0x00000000c5300000, 0x00000000c5300000| Untracked 
|  38|0x00000000c5400000, 0x00000000c5400000, 0x00000000c5500000|  0%| F|  |TAMS 0x00000000c5400000, 0x00000000c5400000| Untracked 
|  39|0x00000000c5500000, 0x00000000c5500000, 0x00000000c5600000|  0%| F|  |TAMS 0x00000000c5500000, 0x00000000c5500000| Untracked 
|  40|0x00000000c5600000, 0x00000000c5600000, 0x00000000c5700000|  0%| F|  |TAMS 0x00000000c5600000, 0x00000000c5600000| Untracked 
|  41|0x00000000c5700000, 0x00000000c5700000, 0x00000000c5800000|  0%| F|  |TAMS 0x00000000c5700000, 0x00000000c5700000| Untracked 
|  42|0x00000000c5800000, 0x00000000c5800000, 0x00000000c5900000|  0%| F|  |TAMS 0x00000000c5800000, 0x00000000c5800000| Untracked 
|  43|0x00000000c5900000, 0x00000000c5900000, 0x00000000c5a00000|  0%| F|  |TAMS 0x00000000c5900000, 0x00000000c5900000| Untracked 
|  44|0x00000000c5a00000, 0x00000000c5a00000, 0x00000000c5b00000|  0%| F|  |TAMS 0x00000000c5a00000, 0x00000000c5a00000| Untracked 
|  45|0x00000000c5b00000, 0x00000000c5b00000, 0x00000000c5c00000|  0%| F|  |TAMS 0x00000000c5b00000, 0x00000000c5b00000| Untracked 
|  46|0x00000000c5c00000, 0x00000000c5c00000, 0x00000000c5d00000|  0%| F|  |TAMS 0x00000000c5c00000, 0x00000000c5c00000| Untracked 
|  47|0x00000000c5d00000, 0x00000000c5d00000, 0x00000000c5e00000|  0%| F|  |TAMS 0x00000000c5d00000, 0x00000000c5d00000| Untracked 
|  48|0x00000000c5e00000, 0x00000000c5e00000, 0x00000000c5f00000|  0%| F|  |TAMS 0x00000000c5e00000, 0x00000000c5e00000| Untracked 
|  49|0x00000000c5f00000, 0x00000000c5f00000, 0x00000000c6000000|  0%| F|  |TAMS 0x00000000c5f00000, 0x00000000c5f00000| Untracked 
|  50|0x00000000c6000000, 0x00000000c6000000, 0x00000000c6100000|  0%| F|  |TAMS 0x00000000c6000000, 0x00000000c6000000| Untracked 
|  51|0x00000000c6100000, 0x00000000c6100000, 0x00000000c6200000|  0%| F|  |TAMS 0x00000000c6100000, 0x00000000c6100000| Untracked 
|  52|0x00000000c6200000, 0x00000000c6200000, 0x00000000c6300000|  0%| F|  |TAMS 0x00000000c6200000, 0x00000000c6200000| Untracked 
|  53|0x00000000c6300000, 0x00000000c6300000, 0x00000000c6400000|  0%| F|  |TAMS 0x00000000c6300000, 0x00000000c6300000| Untracked 
|  54|0x00000000c6400000, 0x00000000c6400000, 0x00000000c6500000|  0%| F|  |TAMS 0x00000000c6400000, 0x00000000c6400000| Untracked 
|  55|0x00000000c6500000, 0x00000000c6500000, 0x00000000c6600000|  0%| F|  |TAMS 0x00000000c6500000, 0x00000000c6500000| Untracked 
|  56|0x00000000c6600000, 0x00000000c6600000, 0x00000000c6700000|  0%| F|  |TAMS 0x00000000c6600000, 0x00000000c6600000| Untracked 
|  57|0x00000000c6700000, 0x00000000c6700000, 0x00000000c6800000|  0%| F|  |TAMS 0x00000000c6700000, 0x00000000c6700000| Untracked 
|  58|0x00000000c6800000, 0x00000000c6800000, 0x00000000c6900000|  0%| F|  |TAMS 0x00000000c6800000, 0x00000000c6800000| Untracked 
|  59|0x00000000c6900000, 0x00000000c6900000, 0x00000000c6a00000|  0%| F|  |TAMS 0x00000000c6900000, 0x00000000c6900000| Untracked 
|  60|0x00000000c6a00000, 0x00000000c6a21390, 0x00000000c6b00000| 12%| E|  |TAMS 0x00000000c6a00000, 0x00000000c6a00000| Complete 
|  61|0x00000000c6b00000, 0x00000000c6c00000, 0x00000000c6c00000|100%| E|CS|TAMS 0x00000000c6b00000, 0x00000000c6b00000| Complete 

Card table byte_map: [0x000002276e170000,0x000002276e360000] _byte_map_base: 0x000002276db59000

Marking Bits (Prev, Next): (CMBitMap*) 0x000002276e3fc120, (CMBitMap*) 0x000002276e3fc160
 Prev Bits: [0x0000022776510000, 0x0000022777458000)
 Next Bits: [0x0000022777460000, 0x00000227783a8000)

Polling page: 0x000002276c350000

Metaspace:

Usage:
  Non-class:      4.56 MB used.
      Class:    411.16 KB used.
       Both:      4.97 MB used.

Virtual space:
  Non-class space:       64.00 MB reserved,       4.62 MB (  7%) committed,  1 nodes.
      Class space:        1.00 GB reserved,     512.00 KB ( <1%) committed,  1 nodes.
             Both:        1.06 GB reserved,       5.12 MB ( <1%) committed. 

Chunk freelists:
   Non-Class:  2.99 MB
       Class:  3.56 MB
        Both:  6.55 MB

MaxMetaspaceSize: unlimited
CompressedClassSpaceSize: 1.00 GB
Initial GC threshold: 21.00 MB
Current GC threshold: 21.00 MB
CDS: off
MetaspaceReclaimPolicy: balanced
 - commit_granule_bytes: 65536.
 - commit_granule_words: 8192.
 - virtual_space_node_default_size: 8388608.
 - enlarge_chunks_in_place: 1.
 - new_chunks_are_fully_committed: 0.
 - uncommit_free_chunks: 1.
 - use_allocation_guard: 0.


Internal statistics:

num_allocs_failed_limit: 0.
num_arena_births: 4.
num_arena_deaths: 0.
num_vsnodes_births: 2.
num_vsnodes_deaths: 0.
num_space_committed: 82.
num_space_uncommitted: 0.
num_chunks_returned_to_freelist: 0.
num_chunks_taken_from_freelist: 9.
num_chunk_merges: 0.
num_chunk_splits: 4.
num_chunks_enlarged: 1.
num_inconsistent_stats: 0.

CodeHeap 'non-profiled nmethods': size=120064Kb used=14Kb max_used=14Kb free=120049Kb
 bounds [0x0000022707ac0000, 0x0000022707d30000, 0x000002270f000000]
CodeHeap 'profiled nmethods': size=120000Kb used=118Kb max_used=118Kb free=119881Kb
 bounds [0x0000022700000000, 0x0000022700270000, 0x0000022707530000]
CodeHeap 'non-nmethods': size=5696Kb used=1145Kb max_used=1145Kb free=4551Kb
 bounds [0x0000022707530000, 0x00000227077a0000, 0x0000022707ac0000]
 total_blobs=416 nmethods=88 adapters=240
 compilation: enabled
              stopped_count=0, restarted_count=0
 full_count=0

Compilation events (20 events):
Event: 2.090 Thread 0x000002270f1fac80 nmethod 78 0x0000022700019690 code [0x0000022700019840, 0x0000022700019988]
Event: 2.090 Thread 0x000002270f1fac80   79       3       java.lang.AbstractStringBuilder::append (77 bytes)
Event: 2.091 Thread 0x000002270f1fac80 nmethod 79 0x0000022700019a10 code [0x0000022700019c20, 0x000002270001a318]
Event: 2.091 Thread 0x000002270f1fac80   77       3       java.util.Optional::<init> (10 bytes)
Event: 2.091 Thread 0x000002270f1fac80 nmethod 77 0x000002270001a590 code [0x000002270001a740, 0x000002270001a8f8]
Event: 2.411 Thread 0x000002270f1fac80   80       3       java.lang.StringLatin1::indexOfChar (33 bytes)
Event: 2.412 Thread 0x000002270f1fac80 nmethod 80 0x000002270001a990 code [0x000002270001ab40, 0x000002270001ad78]
Event: 2.413 Thread 0x000002270f1fac80   81       3       java.lang.String::indexOf (29 bytes)
Event: 2.414 Thread 0x000002270f1fac80 nmethod 81 0x000002270001ae90 code [0x000002270001b060, 0x000002270001b2f8]
Event: 2.414 Thread 0x000002270f1fac80   82       3       java.lang.StringLatin1::indexOf (36 bytes)
Event: 2.414 Thread 0x000002270f1fac80 nmethod 82 0x000002270001b410 code [0x000002270001b5e0, 0x000002270001ba18]
Event: 2.414 Thread 0x000002270f1fac80   83       3       java.lang.String::indexOf (7 bytes)
Event: 2.414 Thread 0x000002270f1fac80 nmethod 83 0x000002270001bb90 code [0x000002270001bd60, 0x000002270001c078]
Event: 2.551 Thread 0x000002270f1fac80   84       3       java.util.zip.ZipUtils::SH (21 bytes)
Event: 2.551 Thread 0x000002270f1fac80 nmethod 84 0x000002270001c190 code [0x000002270001c320, 0x000002270001c478]
Event: 2.565 Thread 0x000002270f1fac80   85       3       java.lang.Math::min (11 bytes)
Event: 2.565 Thread 0x000002270f1fac80 nmethod 85 0x000002270001c590 code [0x000002270001c720, 0x000002270001c858]
Event: 2.567 Thread 0x000002270f1fac80   86       3       java.util.HashMap::put (13 bytes)
Event: 2.568 Thread 0x000002270f1fac80 nmethod 86 0x000002270001c910 code [0x000002270001cae0, 0x000002270001cdd8]
Event: 2.770 Thread 0x000002270f1fac80   87       3       sun.nio.fs.WindowsPathParser::isSlash (18 bytes)

GC Heap History (0 events):
No events

Dll operation events (5 events):
Event: 0.085 Loaded shared library C:\Program Files\Java\jdk-19\bin\java.dll
Event: 1.261 Loaded shared library C:\Program Files\Java\jdk-19\bin\jsvml.dll
Event: 2.539 Loaded shared library C:\Program Files\Java\jdk-19\bin\net.dll
Event: 2.544 Loaded shared library C:\Program Files\Java\jdk-19\bin\nio.dll
Event: 2.563 Loaded shared library C:\Program Files\Java\jdk-19\bin\zip.dll

Deoptimization events (0 events):
No events

Classes loaded (20 events):
Event: 2.765 Loading class java/lang/PublicMethods$Key done
Event: 2.765 Loading class java/lang/Void
Event: 2.766 Loading class java/lang/Void done
Event: 2.766 Loading class java/util/concurrent/ConcurrentHashMap$ForwardingNode
Event: 2.766 Loading class java/util/concurrent/ConcurrentHashMap$ForwardingNode done
Event: 2.766 Loading class java/nio/file/Paths
Event: 2.767 Loading class java/nio/file/Paths done
Event: 2.767 Loading class java/nio/file/FileSystems
Event: 2.767 Loading class java/nio/file/FileSystems done
Event: 2.767 Loading class java/nio/file/FileSystems$DefaultFileSystemHolder
Event: 2.767 Loading class java/nio/file/FileSystems$DefaultFileSystemHolder done
Event: 2.767 Loading class java/nio/file/FileSystems$DefaultFileSystemHolder$1
Event: 2.767 Loading class java/nio/file/FileSystems$DefaultFileSystemHolder$1 done
Event: 2.768 Loading class java/net/URI$Parser
Event: 2.768 Loading class java/net/URI$Parser done
Event: 2.769 Loading class sun/nio/fs/WindowsPath$1
Event: 2.769 Loading class sun/nio/fs/WindowsPath$1 done
Event: 2.769 Loading class sun/nio/fs/WindowsUriSupport
Event: 2.770 Loading class sun/nio/fs/WindowsUriSupport done
Event: 2.770 Loading class java/util/regex/Pattern

Classes unloaded (0 events):
No events

Classes redefined (0 events):
No events

Internal exceptions (0 events):
No events

VM Operations (4 events):
Event: 2.506 Executing VM operation: Cleanup
Event: 2.506 Executing VM operation: Cleanup done
Event: 2.566 Executing VM operation: HandshakeAllThreads
Event: 2.566 Executing VM operation: HandshakeAllThreads done

Events (12 events):
Event: 1.262 Thread 0x000002276e3bc950 Thread added: 0x000002276e3bc950
Event: 1.687 Thread 0x000002270f1f1d60 Thread added: 0x000002270f1f1d60
Event: 1.687 Thread 0x000002270f1f2a40 Thread added: 0x000002270f1f2a40
Event: 1.722 Thread 0x000002270f1fbe00 Thread added: 0x000002270f1fbe00
Event: 1.722 Thread 0x000002270f1f2f80 Thread added: 0x000002270f1f2f80
Event: 1.722 Thread 0x000002270f1f34c0 Thread added: 0x000002270f1f34c0
Event: 1.723 Thread 0x000002270f1f3a00 Thread added: 0x000002270f1f3a00
Event: 1.723 Thread 0x000002270f1f3f40 Thread added: 0x000002270f1f3f40
Event: 1.749 Thread 0x000002270f1fac80 Thread added: 0x000002270f1fac80
Event: 1.758 Thread 0x0000022713459750 Thread added: 0x0000022713459750
Event: 2.034 Thread 0x0000022713563bb0 Thread added: 0x0000022713563bb0
Event: 2.149 Thread 0x000002271357c020 Thread added: 0x000002271357c020


Dynamic libraries:
0x00007ff71b5f0000 - 0x00007ff71b600000 	C:\Program Files\Java\jdk-19\bin\java.exe
0x00007ffaa7db0000 - 0x00007ffaa7fc4000 	C:\WINDOWS\SYSTEM32\ntdll.dll
0x00007ffaa7370000 - 0x00007ffaa7433000 	C:\WINDOWS\System32\KERNEL32.DLL
0x00007ffaa54d0000 - 0x00007ffaa586c000 	C:\WINDOWS\System32\KERNELBASE.dll
0x00007ffaa5290000 - 0x00007ffaa53a1000 	C:\WINDOWS\System32\ucrtbase.dll
0x00007ffa8ccd0000 - 0x00007ffa8cce8000 	C:\Program Files\Java\jdk-19\bin\jli.dll
0x00007ffaa62e0000 - 0x00007ffaa638e000 	C:\WINDOWS\System32\ADVAPI32.dll
0x00007ffaa6d80000 - 0x00007ffaa6e27000 	C:\WINDOWS\System32\msvcrt.dll
0x00007ffaa7980000 - 0x00007ffaa7a24000 	C:\WINDOWS\System32\sechost.dll
0x00007ffaa6000000 - 0x00007ffaa6115000 	C:\WINDOWS\System32\RPCRT4.dll
0x00007ffaa6fd0000 - 0x00007ffaa717d000 	C:\WINDOWS\System32\USER32.dll
0x00007ffaa5870000 - 0x00007ffaa5896000 	C:\WINDOWS\System32\win32u.dll
0x00007ffaa72e0000 - 0x00007ffaa7309000 	C:\WINDOWS\System32\GDI32.dll
0x00007ffaa53b0000 - 0x00007ffaa54c3000 	C:\WINDOWS\System32\gdi32full.dll
0x00007ffaa51f0000 - 0x00007ffaa528a000 	C:\WINDOWS\System32\msvcp_win.dll
0x00007ffa9b970000 - 0x00007ffa9b98b000 	C:\Program Files\Java\jdk-19\bin\VCRUNTIME140.dll
0x00007ffa890f0000 - 0x00007ffa8937e000 	C:\WINDOWS\WinSxS\amd64_microsoft.windows.common-controls_6595b64144ccf1df_6.0.22621.608_none_a9444ca7c10bb01d\COMCTL32.dll
0x00007ffa9b990000 - 0x00007ffa9b99a000 	C:\WINDOWS\SYSTEM32\VERSION.dll
0x00007ffaa7940000 - 0x00007ffaa7971000 	C:\WINDOWS\System32\IMM32.DLL
0x00007ffa9efe0000 - 0x00007ffa9efec000 	C:\Program Files\Java\jdk-19\bin\vcruntime140_1.dll
0x00007ffa6cd30000 - 0x00007ffa6cdbe000 	C:\Program Files\Java\jdk-19\bin\msvcp140.dll
0x00007ffa41390000 - 0x00007ffa42050000 	C:\Program Files\Java\jdk-19\bin\server\jvm.dll
0x00007ffa9f500000 - 0x00007ffa9f509000 	C:\WINDOWS\SYSTEM32\WSOCK32.dll
0x00007ffaa7180000 - 0x00007ffaa71f1000 	C:\WINDOWS\System32\WS2_32.dll
0x00007ffa9df10000 - 0x00007ffa9df44000 	C:\WINDOWS\SYSTEM32\WINMM.dll
0x00007ffaa4240000 - 0x00007ffaa4258000 	C:\WINDOWS\SYSTEM32\kernel.appcore.dll
0x00007ffa9b9e0000 - 0x00007ffa9b9ea000 	C:\Program Files\Java\jdk-19\bin\jimage.dll
0x00007ffaa2da0000 - 0x00007ffaa2fce000 	C:\WINDOWS\SYSTEM32\DBGHELP.DLL
0x00007ffaa5bc0000 - 0x00007ffaa5f49000 	C:\WINDOWS\System32\combase.dll
0x00007ffaa6450000 - 0x00007ffaa6527000 	C:\WINDOWS\System32\OLEAUT32.dll
0x00007ffa7f920000 - 0x00007ffa7f952000 	C:\WINDOWS\SYSTEM32\dbgcore.DLL
0x00007ffaa5b40000 - 0x00007ffaa5bbb000 	C:\WINDOWS\System32\bcryptPrimitives.dll
0x00007ffa8cd30000 - 0x00007ffa8cd56000 	C:\Program Files\Java\jdk-19\bin\java.dll
0x00007ffa6cdc0000 - 0x00007ffa6ce97000 	C:\Program Files\Java\jdk-19\bin\jsvml.dll
0x00007ffaa6590000 - 0x00007ffaa6d80000 	C:\WINDOWS\System32\SHELL32.dll
0x00007ffaa3200000 - 0x00007ffaa3ace000 	C:\WINDOWS\SYSTEM32\windows.storage.dll
0x00007ffaa30c0000 - 0x00007ffaa31fe000 	C:\WINDOWS\SYSTEM32\wintypes.dll
0x00007ffaa7c70000 - 0x00007ffaa7d61000 	C:\WINDOWS\System32\SHCORE.dll
0x00007ffaa63f0000 - 0x00007ffaa644e000 	C:\WINDOWS\System32\shlwapi.dll
0x00007ffaa5120000 - 0x00007ffaa5141000 	C:\WINDOWS\SYSTEM32\profapi.dll
0x00007ffa92550000 - 0x00007ffa92563000 	C:\Program Files\Java\jdk-19\bin\net.dll
0x00007ffa9bac0000 - 0x00007ffa9bbef000 	C:\WINDOWS\SYSTEM32\WINHTTP.dll
0x00007ffaa46b0000 - 0x00007ffaa4719000 	C:\WINDOWS\system32\mswsock.dll
0x00007ffa919a0000 - 0x00007ffa919b6000 	C:\Program Files\Java\jdk-19\bin\nio.dll
0x00007ffa8cd00000 - 0x00007ffa8cd18000 	C:\Program Files\Java\jdk-19\bin\zip.dll

dbghelp: loaded successfully - version: 4.0.5 - missing functions: none
symbol engine: initialized successfully - sym options: 0x614 - pdb path: .;C:\Program Files\Java\jdk-19\bin;C:\WINDOWS\SYSTEM32;C:\WINDOWS\WinSxS\amd64_microsoft.windows.common-controls_6595b64144ccf1df_6.0.22621.608_none_a9444ca7c10bb01d;C:\Program Files\Java\jdk-19\bin\server

VM Arguments:
jvm_args: -Dmaven.multiModuleProjectDirectory=C:\Argentina Programa\PortfolioWeb_Thiagobongiovanni\Portfolioweb_Thiagobongiovanni\BackEnd 
java_command: org.apache.maven.wrapper.MavenWrapperMain -Dexec.vmArgs= -Dexec.args=${exec.vmArgs} -classpath %classpath ${exec.mainClass} ${exec.appArgs} -Dexec.executable=C:\Program Files\Java\jdk-19\bin\java.exe -Dexec.mainClass=com.portfolio.thiagobong.ThiagobongApplication -Dexec.classpathScope=runtime -Dexec.appArgs= -Dmaven.ext.class.path=C:\Program Files\NetBeans-17\netbeans\java\maven-nblib\netbeans-eventspy.jar --no-transfer-progress org.codehaus.mojo:exec-maven-plugin:3.1.0:exec
java_class_path (initial): C:\Argentina Programa\PortfolioWeb_Thiagobongiovanni\Portfolioweb_Thiagobongiovanni\BackEnd\.mvn\wrapper\maven-wrapper.jar
Launcher Type: SUN_STANDARD

[Global flags]
     intx CICompilerCount                          = 2                                         {product} {ergonomic}
     uint ConcGCThreads                            = 1                                         {product} {ergonomic}
     uint G1ConcRefinementThreads                  = 2                                         {product} {ergonomic}
   size_t G1HeapRegionSize                         = 1048576                                   {product} {ergonomic}
    uintx GCDrainStackTargetSize                   = 64                                        {product} {ergonomic}
   size_t InitialHeapSize                          = 65011712                                  {product} {ergonomic}
   size_t MarkStackSize                            = 4194304                                   {product} {ergonomic}
   size_t MaxHeapSize                              = 1025507328                                {product} {ergonomic}
   size_t MaxNewSize                               = 614465536                                 {product} {ergonomic}
   size_t MinHeapDeltaBytes                        = 1048576                                   {product} {ergonomic}
   size_t MinHeapSize                              = 8388608                                   {product} {ergonomic}
    uintx NonNMethodCodeHeapSize                   = 5826188                                {pd product} {ergonomic}
    uintx NonProfiledCodeHeapSize                  = 122916026                              {pd product} {ergonomic}
    uintx ProfiledCodeHeapSize                     = 122916026                              {pd product} {ergonomic}
    uintx ReservedCodeCacheSize                    = 251658240                              {pd product} {ergonomic}
     bool SegmentedCodeCache                       = true                                      {product} {ergonomic}
   size_t SoftMaxHeapSize                          = 1025507328                             {manageable} {ergonomic}
     bool UseCompressedClassPointers               = true                           {product lp64_product} {ergonomic}
     bool UseCompressedOops                        = true                           {product lp64_product} {ergonomic}
     bool UseG1GC                                  = true                                      {product} {ergonomic}
     bool UseLargePagesIndividualAllocation        = false                                  {pd product} {ergonomic}

Logging:
Log output configuration:
 #0: stdout all=warning uptime,level,tags foldmultilines=false
 #1: stderr all=off uptime,level,tags foldmultilines=false

Environment Variables:
JAVA_HOME=C:\Program Files\Java\jdk-19
PATH=C:\Program Files\Common Files\Oracle\Java\javapath;C:\WINDOWS\system32;C:\WINDOWS;C:\WINDOWS\System32\Wbem;C:\WINDOWS\System32\WindowsPowerShell\v1.0\;C:\WINDOWS\System32\OpenSSH\;C:\Program Files\Git\cmd;C:\Program Files\nodejs\;C:\Users\thiag\AppData\Local\Microsoft\WindowsApps;C:\Users\thiag\AppData\Local\Programs\Microsoft VS Code\bin;C:\Users\thiag\AppData\Local\GitHubDesktop\bin;C:\Users\thiag\AppData\Roaming\npm
USERNAME=thiag
OS=Windows_NT
PROCESSOR_IDENTIFIER=Intel64 Family 6 Model 122 Stepping 1, GenuineIntel
TMP=C:\Users\thiag\AppData\Local\Temp
TEMP=C:\Users\thiag\AppData\Local\Temp



---------------  S Y S T E M  ---------------

OS:
 Windows 11 , 64 bit Build 22621 (10.0.22621.1344)
OS uptime: 12 days 2:10 hours

CPU: total 2 (initial active 2) (2 cores per cpu, 1 threads per core) family 6 model 122 stepping 1 microcode 0x34, cx8, cmov, fxsr, mmx, 3dnowpref, sse, sse2, sse3, ssse3, sse4.1, sse4.2, popcnt, tsc, tscinvbit, aes, erms, clmul, sha, clflush, clflushopt, rdtscp, rdpid

Memory: 4k page, system-wide physical 3911M (306M free)
TotalPageFile size 11257M (AvailPageFile size 159M)
current process WorkingSet (physical memory assigned to process): 28M, peak: 28M
current process commit charge ("private bytes"): 122M, peak: 124M

vm_info: Java HotSpot(TM) 64-Bit Server VM (19.0.2+7-44) for windows-amd64 JRE (19.0.2+7-44), built on 2022-11-30T18:02:09Z by "mach5one" with MS VC++ 17.1 (VS2022)

END.
