#
# There is insufficient memory for the Java Runtime Environment to continue.
# Native memory allocation (mmap) failed to map 1048576 bytes for G1 virtual space
# Possible reasons:
#   The system is out of physical RAM or swap space
#   The process is running with CompressedOops enabled, and the Java Heap may be blocking the growth of the native heap
# Possible solutions:
#   Reduce memory load on the system
#   Increase physical memory or swap space
#   Check if swap backing store is full
#   Decrease Java heap size (-Xmx/-Xms)
#   Decrease number of Java threads
#   Decrease Java thread stack sizes (-Xss)
#   Set larger code cache with -XX:ReservedCodeCacheSize=
#   JVM is running with Unscaled Compressed Oops mode in which the Java heap is
#     placed in the first 4GB address space. The Java Heap base address is the
#     maximum limit for the native heap growth. Please use -XX:HeapBaseMinAddress
#     to set the Java Heap base and to place the Java Heap above 4GB virtual address.
# This output file may be truncated or incomplete.
#
#  Out of Memory Error (os_windows.cpp:3536), pid=27476, tid=12676
#
# JRE version: Java(TM) SE Runtime Environment (19.0.2+7) (build 19.0.2+7-44)
# Java VM: Java HotSpot(TM) 64-Bit Server VM (19.0.2+7-44, mixed mode, sharing, tiered, compressed oops, compressed class ptrs, g1 gc, windows-amd64)
# No core dump will be written. Minidumps are not enabled by default on client versions of Windows
#

---------------  S U M M A R Y ------------

Command Line: com.portfolio.thiagobong.ThiagobongApplication

Host: Intel(R) Celeron(R) N4000 CPU @ 1.10GHz, 2 cores, 3G,  Windows 11 , 64 bit Build 22621 (10.0.22621.1344)
Time: Tue Apr  4 23:28:56 2023 Hora estándar de Argentina elapsed time: 14.477833 seconds (0d 0h 0m 14s)

---------------  T H R E A D  ---------------

Current thread (0x000002501213e350):  VMThread "VM Thread" [stack: 0x000000c1c2500000,0x000000c1c2600000] [id=12676]

Stack: [0x000000c1c2500000,0x000000c1c2600000]
Native frames: (J=compiled Java code, j=interpreted, Vv=VM code, C=native code)
V  [jvm.dll+0x6ee21a]
V  [jvm.dll+0x85765e]
V  [jvm.dll+0x85904e]
V  [jvm.dll+0x859703]
V  [jvm.dll+0x28298f]
V  [jvm.dll+0x6eb009]
V  [jvm.dll+0x6dfbaa]
V  [jvm.dll+0x3573f6]
V  [jvm.dll+0x35ee56]
V  [jvm.dll+0x3b541e]
V  [jvm.dll+0x3b564f]
V  [jvm.dll+0x32c9ea]
V  [jvm.dll+0x32ca97]
V  [jvm.dll+0x374cd2]
V  [jvm.dll+0x37340f]
V  [jvm.dll+0x32c210]
V  [jvm.dll+0x3729ab]
V  [jvm.dll+0x85ebc3]
V  [jvm.dll+0x85f989]
V  [jvm.dll+0x85febd]
V  [jvm.dll+0x86034b]
V  [jvm.dll+0x860407]
V  [jvm.dll+0x80125a]
V  [jvm.dll+0x6ecf0b]
C  [ucrtbase.dll+0x29363]
C  [KERNEL32.DLL+0x126bd]
C  [ntdll.dll+0x5a9f8]

VM_Operation (0x000000c1c34fc580): G1CollectForAllocation, mode: safepoint, requested by thread 0x0000025031d7ec70


---------------  P R O C E S S  ---------------

Threads class SMR info:
_java_thread_list=0x0000025033c2b460, length=18, elements={
0x0000025012088a90, 0x000002502d3f5e40, 0x000002502d3f6770, 0x000002502d3fb400,
0x000002502d3fbfb0, 0x000002502d3fd080, 0x000002502d3fd9b0, 0x000002502d404590,
0x000002502d40bca0, 0x000002502d410bc0, 0x0000025031881700, 0x000002503188a2d0,
0x0000025031fe1210, 0x0000025031d7ec70, 0x0000025033b56c00, 0x0000025033b57140,
0x0000025033cd8e30, 0x0000025032c55f70
}

Java Threads: ( => current thread )
  0x0000025012088a90 JavaThread "main" [_thread_blocked, id=39012, stack(0x000000c1c1f00000,0x000000c1c2000000)]
  0x000002502d3f5e40 JavaThread "Reference Handler" daemon [_thread_blocked, id=24256, stack(0x000000c1c2600000,0x000000c1c2700000)]
  0x000002502d3f6770 JavaThread "Finalizer" daemon [_thread_blocked, id=8452, stack(0x000000c1c2700000,0x000000c1c2800000)]
  0x000002502d3fb400 JavaThread "Signal Dispatcher" daemon [_thread_blocked, id=34356, stack(0x000000c1c2800000,0x000000c1c2900000)]
  0x000002502d3fbfb0 JavaThread "Attach Listener" daemon [_thread_blocked, id=39812, stack(0x000000c1c2900000,0x000000c1c2a00000)]
  0x000002502d3fd080 JavaThread "Service Thread" daemon [_thread_blocked, id=31080, stack(0x000000c1c2a00000,0x000000c1c2b00000)]
  0x000002502d3fd9b0 JavaThread "Monitor Deflation Thread" daemon [_thread_blocked, id=29400, stack(0x000000c1c2b00000,0x000000c1c2c00000)]
  0x000002502d404590 JavaThread "C2 CompilerThread0" daemon [_thread_blocked, id=37748, stack(0x000000c1c2c00000,0x000000c1c2d00000)]
  0x000002502d40bca0 JavaThread "C1 CompilerThread0" daemon [_thread_blocked, id=13764, stack(0x000000c1c2d00000,0x000000c1c2e00000)]
  0x000002502d410bc0 JavaThread "Sweeper thread" daemon [_thread_blocked, id=40704, stack(0x000000c1c2e00000,0x000000c1c2f00000)]
  0x0000025031881700 JavaThread "Notification Thread" daemon [_thread_blocked, id=35784, stack(0x000000c1c2f00000,0x000000c1c3000000)]
  0x000002503188a2d0 JavaThread "Common-Cleaner" daemon [_thread_blocked, id=35504, stack(0x000000c1c3100000,0x000000c1c3200000)]
  0x0000025031fe1210 JavaThread "Thread-0" [_thread_blocked, id=39296, stack(0x000000c1c3300000,0x000000c1c3400000)]
  0x0000025031d7ec70 JavaThread "restartedMain" [_thread_blocked, id=22740, stack(0x000000c1c3400000,0x000000c1c3500000)]
  0x0000025033b56c00 JavaThread "Catalina-utility-1" [_thread_blocked, id=40516, stack(0x000000c1c3500000,0x000000c1c3600000)]
  0x0000025033b57140 JavaThread "Catalina-utility-2" [_thread_blocked, id=17276, stack(0x000000c1c3600000,0x000000c1c3700000)]
  0x0000025033cd8e30 JavaThread "container-0" [_thread_blocked, id=23236, stack(0x000000c1c3700000,0x000000c1c3800000)]
  0x0000025032c55f70 JavaThread "mysql-cj-abandoned-connection-cleanup" daemon [_thread_blocked, id=38716, stack(0x000000c1c3800000,0x000000c1c3900000)]

Other Threads:
=>0x000002501213e350 VMThread "VM Thread" [stack: 0x000000c1c2500000,0x000000c1c2600000] [id=12676]
  0x0000025031883c50 WatcherThread "VM Periodic Task Thread" [stack: 0x000000c1c3000000,0x000000c1c3100000] [id=33832]
  0x00000250120c8090 WorkerThread "GC Thread#0" [stack: 0x000000c1c2000000,0x000000c1c2100000] [id=40120]
  0x0000025031a68430 WorkerThread "GC Thread#1" [stack: 0x000000c1c3200000,0x000000c1c3300000] [id=11344]
  0x00000250120d0940 ConcurrentGCThread "G1 Main Marker" [stack: 0x000000c1c2100000,0x000000c1c2200000] [id=37012]
  0x00000250120d1280 WorkerThread "G1 Conc#0" [stack: 0x000000c1c2200000,0x000000c1c2300000] [id=32704]
  0x00000250121179f0 ConcurrentGCThread "G1 Refine#0" [stack: 0x000000c1c2300000,0x000000c1c2400000] [id=35892]
  0x000002501211b310 ConcurrentGCThread "G1 Service" [stack: 0x000000c1c2400000,0x000000c1c2500000] [id=11132]

Threads with active compile tasks:
C2 CompilerThread0    14563 4081       4       java.util.ArrayDeque::add (7 bytes)

VM state: at safepoint (normal execution)

VM Mutex/Monitor currently owned by a thread:  ([mutex/lock_event])
[0x0000025012083c30] Threads_lock - owner thread: 0x000002501213e350
[0x0000025012083cc0] Heap_lock - owner thread: 0x0000025031d7ec70

Heap address: 0x00000000c2e00000, size: 978 MB, Compressed Oops mode: 32-bit

CDS archive(s) mapped at: [0x0000000800000000-0x0000000800c40000-0x0000000800c40000), size 12845056, SharedBaseAddress: 0x0000000800000000, ArchiveRelocationMode: 0.
Compressed class space mapped at: 0x0000000801000000-0x0000000841000000, reserved size: 1073741824
Narrow klass base: 0x0000000800000000, Narrow klass shift: 0, Narrow klass range: 0x100000000

GC Precious Log:
 CardTable entry size: 512
 Card Set container configuration: InlinePtr #cards 5 size 8 Array Of Cards #cards 12 size 40 Howl #buckets 4 coarsen threshold 1843 Howl Bitmap #cards 512 size 80 coarsen threshold 460 Card regions per heap region 1 cards per card region 2048
 CPUs: 2 total, 2 available
 Memory: 3911M
 Large Page Support: Disabled
 NUMA Support: Disabled
 Compressed Oops: Enabled (32-bit)
 Heap Region Size: 1M
 Heap Min Capacity: 8M
 Heap Initial Capacity: 62M
 Heap Max Capacity: 978M
 Pre-touch: Disabled
 Parallel Workers: 2
 Concurrent Workers: 1
 Concurrent Refinement Workers: 2
 Periodic GC: Disabled

Heap:
 garbage-first heap   total 53248K, used 19053K [0x00000000c2e00000, 0x0000000100000000)
  region size 1024K, 3 young (3072K), 3 survivors (3072K)
 Metaspace       used 40745K, committed 41280K, reserved 1114112K
  class space    used 5167K, committed 5440K, reserved 1048576K

Heap Regions: E=young(eden), S=young(survivor), O=old, HS=humongous(starts), HC=humongous(continues), CS=collection set, F=free, OA=open archive, CA=closed archive, TAMS=top-at-mark-start (previous, next)
|   0|0x00000000c2e00000, 0x00000000c2f00000, 0x00000000c2f00000|100%|HS|  |TAMS 0x00000000c2f00000, 0x00000000c2e00000| Complete 
|   1|0x00000000c2f00000, 0x00000000c3000000, 0x00000000c3000000|100%| O|  |TAMS 0x00000000c3000000, 0x00000000c2f00000| Untracked 
|   2|0x00000000c3000000, 0x00000000c3100000, 0x00000000c3100000|100%| O|  |TAMS 0x00000000c3100000, 0x00000000c3000000| Untracked 
|   3|0x00000000c3100000, 0x00000000c3200000, 0x00000000c3200000|100%| O|  |TAMS 0x00000000c3200000, 0x00000000c3100000| Untracked 
|   4|0x00000000c3200000, 0x00000000c3300000, 0x00000000c3300000|100%| O|  |TAMS 0x00000000c3300000, 0x00000000c3200000| Untracked 
|   5|0x00000000c3300000, 0x00000000c3400000, 0x00000000c3400000|100%| O|  |TAMS 0x00000000c3400000, 0x00000000c3300000| Untracked 
|   6|0x00000000c3400000, 0x00000000c3500000, 0x00000000c3500000|100%| O|  |TAMS 0x00000000c3500000, 0x00000000c3400000| Untracked 
|   7|0x00000000c3500000, 0x00000000c3600000, 0x00000000c3600000|100%| O|  |TAMS 0x00000000c3600000, 0x00000000c3500000| Untracked 
|   8|0x00000000c3600000, 0x00000000c3700000, 0x00000000c3700000|100%| O|  |TAMS 0x00000000c3700000, 0x00000000c3600000| Untracked 
|   9|0x00000000c3700000, 0x00000000c3800000, 0x00000000c3800000|100%| O|  |TAMS 0x00000000c3800000, 0x00000000c3700000| Untracked 
|  10|0x00000000c3800000, 0x00000000c3900000, 0x00000000c3900000|100%| O|  |TAMS 0x00000000c3900000, 0x00000000c3800000| Untracked 
|  11|0x00000000c3900000, 0x00000000c3a00000, 0x00000000c3a00000|100%| O|  |TAMS 0x00000000c3a00000, 0x00000000c3900000| Untracked 
|  12|0x00000000c3a00000, 0x00000000c3b00000, 0x00000000c3b00000|100%| O|  |TAMS 0x00000000c3b00000, 0x00000000c3a00000| Untracked 
|  13|0x00000000c3b00000, 0x00000000c3c00000, 0x00000000c3c00000|100%| O|  |TAMS 0x00000000c3c00000, 0x00000000c3b00000| Untracked 
|  14|0x00000000c3c00000, 0x00000000c3ccf600, 0x00000000c3d00000| 81%| O|  |TAMS 0x00000000c3ccf600, 0x00000000c3c00000| Untracked 
|  15|0x00000000c3d00000, 0x00000000c3d00000, 0x00000000c3e00000|  0%| F|  |TAMS 0x00000000c3d00000, 0x00000000c3d00000| Untracked 
|  16|0x00000000c3e00000, 0x00000000c3e00000, 0x00000000c3f00000|  0%| F|  |TAMS 0x00000000c3e00000, 0x00000000c3e00000| Untracked 
|  17|0x00000000c3f00000, 0x00000000c3f00000, 0x00000000c4000000|  0%| F|  |TAMS 0x00000000c3f00000, 0x00000000c3f00000| Untracked 
|  18|0x00000000c4000000, 0x00000000c4100000, 0x00000000c4100000|100%| O|  |TAMS 0x00000000c4100000, 0x00000000c4000000| Untracked 
|  19|0x00000000c4100000, 0x00000000c4100000, 0x00000000c4200000|  0%| F|  |TAMS 0x00000000c4100000, 0x00000000c4100000| Untracked 
|  20|0x00000000c4200000, 0x00000000c4200000, 0x00000000c4300000|  0%| F|  |TAMS 0x00000000c4200000, 0x00000000c4200000| Untracked 
|  21|0x00000000c4300000, 0x00000000c4300000, 0x00000000c4400000|  0%| F|  |TAMS 0x00000000c4300000, 0x00000000c4300000| Untracked 
|  22|0x00000000c4400000, 0x00000000c4400000, 0x00000000c4500000|  0%| F|  |TAMS 0x00000000c4400000, 0x00000000c4400000| Untracked 
|  23|0x00000000c4500000, 0x00000000c45cbfc0, 0x00000000c4600000| 79%| S|CS|TAMS 0x00000000c4500000, 0x00000000c4500000| Complete 
|  24|0x00000000c4600000, 0x00000000c4700000, 0x00000000c4700000|100%| S|CS|TAMS 0x00000000c4600000, 0x00000000c4600000| Complete 
|  25|0x00000000c4700000, 0x00000000c4800000, 0x00000000c4800000|100%| S|CS|TAMS 0x00000000c4700000, 0x00000000c4700000| Complete 
|  26|0x00000000c4800000, 0x00000000c4800000, 0x00000000c4900000|  0%| F|  |TAMS 0x00000000c4800000, 0x00000000c4800000| Untracked 
|  27|0x00000000c4900000, 0x00000000c4900000, 0x00000000c4a00000|  0%| F|  |TAMS 0x00000000c4900000, 0x00000000c4900000| Untracked 
|  28|0x00000000c4a00000, 0x00000000c4a00000, 0x00000000c4b00000|  0%| F|  |TAMS 0x00000000c4a00000, 0x00000000c4a00000| Untracked 
|  29|0x00000000c4b00000, 0x00000000c4b00000, 0x00000000c4c00000|  0%| F|  |TAMS 0x00000000c4b00000, 0x00000000c4b00000| Untracked 
|  30|0x00000000c4c00000, 0x00000000c4c00000, 0x00000000c4d00000|  0%| F|  |TAMS 0x00000000c4c00000, 0x00000000c4c00000| Untracked 
|  31|0x00000000c4d00000, 0x00000000c4d00000, 0x00000000c4e00000|  0%| F|  |TAMS 0x00000000c4d00000, 0x00000000c4d00000| Untracked 
|  32|0x00000000c4e00000, 0x00000000c4e00000, 0x00000000c4f00000|  0%| F|  |TAMS 0x00000000c4e00000, 0x00000000c4e00000| Untracked 
|  33|0x00000000c4f00000, 0x00000000c4f00000, 0x00000000c5000000|  0%| F|  |TAMS 0x00000000c4f00000, 0x00000000c4f00000| Untracked 
|  34|0x00000000c5000000, 0x00000000c5000000, 0x00000000c5100000|  0%| F|  |TAMS 0x00000000c5000000, 0x00000000c5000000| Untracked 
|  35|0x00000000c5100000, 0x00000000c5100000, 0x00000000c5200000|  0%| F|  |TAMS 0x00000000c5100000, 0x00000000c5100000| Untracked 
|  36|0x00000000c5200000, 0x00000000c5200000, 0x00000000c5300000|  0%| F|  |TAMS 0x00000000c5200000, 0x00000000c5200000| Untracked 
|  37|0x00000000c5300000, 0x00000000c5300000, 0x00000000c5400000|  0%| F|  |TAMS 0x00000000c5300000, 0x00000000c5300000| Untracked 
|  38|0x00000000c5400000, 0x00000000c5400000, 0x00000000c5500000|  0%| F|  |TAMS 0x00000000c5400000, 0x00000000c5400000| Untracked 
|  39|0x00000000c5500000, 0x00000000c5500000, 0x00000000c5600000|  0%| F|  |TAMS 0x00000000c5500000, 0x00000000c5500000| Untracked 
|  40|0x00000000c5600000, 0x00000000c5600000, 0x00000000c5700000|  0%| F|  |TAMS 0x00000000c5600000, 0x00000000c5600000| Untracked 
|  41|0x00000000c5700000, 0x00000000c5700000, 0x00000000c5800000|  0%| F|  |TAMS 0x00000000c5700000, 0x00000000c5700000| Untracked 
|  42|0x00000000c5800000, 0x00000000c5800000, 0x00000000c5900000|  0%| F|  |TAMS 0x00000000c5800000, 0x00000000c5800000| Untracked 
|  43|0x00000000c5900000, 0x00000000c5900000, 0x00000000c5a00000|  0%| F|  |TAMS 0x00000000c5900000, 0x00000000c5900000| Untracked 
|  44|0x00000000c5a00000, 0x00000000c5a00000, 0x00000000c5b00000|  0%| F|  |TAMS 0x00000000c5a00000, 0x00000000c5a00000| Untracked 
|  45|0x00000000c5b00000, 0x00000000c5b00000, 0x00000000c5c00000|  0%| F|  |TAMS 0x00000000c5b00000, 0x00000000c5b00000| Untracked 
|  46|0x00000000c5c00000, 0x00000000c5c00000, 0x00000000c5d00000|  0%| F|  |TAMS 0x00000000c5c00000, 0x00000000c5c00000| Untracked 
|  47|0x00000000c5d00000, 0x00000000c5d00000, 0x00000000c5e00000|  0%| F|  |TAMS 0x00000000c5d00000, 0x00000000c5d00000| Untracked 
|  48|0x00000000c5e00000, 0x00000000c5e00000, 0x00000000c5f00000|  0%| F|  |TAMS 0x00000000c5e00000, 0x00000000c5e00000| Untracked 
|  49|0x00000000c5f00000, 0x00000000c5f00000, 0x00000000c6000000|  0%| F|  |TAMS 0x00000000c5f00000, 0x00000000c5f00000| Untracked 
|  50|0x00000000c6000000, 0x00000000c6000000, 0x00000000c6100000|  0%| F|  |TAMS 0x00000000c6000000, 0x00000000c6000000| Untracked 
|  61|0x00000000c6b00000, 0x00000000c6b00000, 0x00000000c6c00000|  0%| F|  |TAMS 0x00000000c6b00000, 0x00000000c6b00000| Untracked 

Card table byte_map: [0x0000025011e40000,0x0000025012030000] _byte_map_base: 0x0000025011829000

Marking Bits (Prev, Next): (CMBitMap*) 0x00000250120c85d0, (CMBitMap*) 0x00000250120c8610
 Prev Bits: [0x00000250291d0000, 0x000002502a118000)
 Next Bits: [0x000002502a120000, 0x000002502b068000)

Polling page: 0x00000250101f0000

Metaspace:

Usage:
  Non-class:     34.74 MB used.
      Class:      5.05 MB used.
       Both:     39.79 MB used.

Virtual space:
  Non-class space:       64.00 MB reserved,      35.00 MB ( 55%) committed,  1 nodes.
      Class space:        1.00 GB reserved,       5.31 MB ( <1%) committed,  1 nodes.
             Both:        1.06 GB reserved,      40.31 MB (  4%) committed. 

Chunk freelists:
   Non-Class:  912.00 KB
       Class:  2.59 MB
        Both:  3.48 MB

MaxMetaspaceSize: unlimited
CompressedClassSpaceSize: 1.00 GB
Initial GC threshold: 21.00 MB
Current GC threshold: 58.69 MB
CDS: on
MetaspaceReclaimPolicy: balanced
 - commit_granule_bytes: 65536.
 - commit_granule_words: 8192.
 - virtual_space_node_default_size: 8388608.
 - enlarge_chunks_in_place: 1.
 - new_chunks_are_fully_committed: 0.
 - uncommit_free_chunks: 1.
 - use_allocation_guard: 0.


Internal statistics:

num_allocs_failed_limit: 6.
num_arena_births: 644.
num_arena_deaths: 0.
num_vsnodes_births: 2.
num_vsnodes_deaths: 0.
num_space_committed: 645.
num_space_uncommitted: 0.
num_chunks_returned_to_freelist: 6.
num_chunks_taken_from_freelist: 2050.
num_chunk_merges: 3.
num_chunk_splits: 1475.
num_chunks_enlarged: 1182.
num_inconsistent_stats: 0.

CodeHeap 'non-profiled nmethods': size=120064Kb used=2090Kb max_used=2090Kb free=117973Kb
 bounds [0x0000025021aa0000, 0x0000025021d10000, 0x0000025028fe0000]
CodeHeap 'profiled nmethods': size=120000Kb used=8646Kb max_used=8646Kb free=111353Kb
 bounds [0x0000025019fe0000, 0x000002501a860000, 0x0000025021510000]
CodeHeap 'non-nmethods': size=5696Kb used=1345Kb max_used=1376Kb free=4350Kb
 bounds [0x0000025021510000, 0x0000025021780000, 0x0000025021aa0000]
 total_blobs=4658 nmethods=4076 adapters=493
 compilation: enabled
              stopped_count=0, restarted_count=0
 full_count=0

Compilation events (20 events):
Event: 14.438 Thread 0x000002502d404590 4069       4       java.lang.reflect.Modifier::isStatic (13 bytes)
Event: 14.438 Thread 0x000002502d40bca0 nmethod 4073 0x000002501a84ea90 code [0x000002501a84ec60, 0x000002501a84f118]
Event: 14.439 Thread 0x000002502d404590 nmethod 4069 0x0000025021ca9a90 code [0x0000025021ca9c00, 0x0000025021ca9c58]
Event: 14.439 Thread 0x000002502d404590 4062       4       java.security.SecureClassLoader::getProtectionDomain (38 bytes)
Event: 14.442 Thread 0x000002502d404590 nmethod 4062 0x0000025021ca9d90 code [0x0000025021ca9f40, 0x0000025021caa148]
Event: 14.443 Thread 0x000002502d404590 4074       4       jdk.internal.loader.URLClassPath$JarLoader$2::getContentLength (9 bytes)
Event: 14.444 Thread 0x000002502d404590 nmethod 4074 0x0000025021caa310 code [0x0000025021caa4a0, 0x0000025021caa538]
Event: 14.444 Thread 0x000002502d404590 4075   !   4       java.util.jar.JarFile$JarFileEntry::getCodeSigners (81 bytes)
Event: 14.446 Thread 0x000002502d404590 nmethod 4075 0x0000025021caa610 code [0x0000025021caa7a0, 0x0000025021caa928]
Event: 14.446 Thread 0x000002502d40bca0 4076       3       org.hibernate.event.service.internal.EventListenerRegistryImpl$Builder$$Lambda$790/0x00000008015633c0::apply (11 bytes)
Event: 14.447 Thread 0x000002502d40bca0 nmethod 4076 0x000002501a84f310 code [0x000002501a84f4e0, 0x000002501a84f998]
Event: 14.447 Thread 0x000002502d40bca0 4077       3       java.util.Collections$UnmodifiableMap$UnmodifiableEntrySet$1::hasNext (10 bytes)
Event: 14.447 Thread 0x000002502d40bca0 nmethod 4077 0x000002501a84fb90 code [0x000002501a84fd40, 0x000002501a84ff08]
Event: 14.447 Thread 0x000002502d40bca0 4078       3       java.util.Collections$UnmodifiableMap$UnmodifiableEntrySet$UnmodifiableEntry::<init> (16 bytes)
Event: 14.448 Thread 0x000002502d40bca0 nmethod 4078 0x000002501a850010 code [0x000002501a8501e0, 0x000002501a850628]
Event: 14.448 Thread 0x000002502d40bca0 4079       3       java.util.Collections$UnmodifiableMap$UnmodifiableEntrySet$UnmodifiableEntry::getKey (10 bytes)
Event: 14.448 Thread 0x000002502d40bca0 nmethod 4079 0x000002501a850790 code [0x000002501a850940, 0x000002501a850b08]
Event: 14.455 Thread 0x000002502d40bca0 4080       3       org.jboss.logging.Slf4jLocationAwareLogger::isEnabled (114 bytes)
Event: 14.456 Thread 0x000002502d40bca0 nmethod 4080 0x000002501a850c10 code [0x000002501a850ea0, 0x000002501a8517b8]
Event: 14.457 Thread 0x000002502d404590 4081       4       java.util.ArrayDeque::add (7 bytes)

GC Heap History (20 events):
Event: 1.288 GC heap after
{Heap after GC invocations=2 (full 0):
 garbage-first heap   total 63488K, used 5564K [0x00000000c2e00000, 0x0000000100000000)
  region size 1024K, 1 young (1024K), 1 survivors (1024K)
 Metaspace       used 2396K, committed 2624K, reserved 1114112K
  class space    used 227K, committed 320K, reserved 1048576K
}
Event: 1.861 GC heap before
{Heap before GC invocations=2 (full 0):
 garbage-first heap   total 63488K, used 14780K [0x00000000c2e00000, 0x0000000100000000)
  region size 1024K, 10 young (10240K), 1 survivors (1024K)
 Metaspace       used 4918K, committed 5120K, reserved 1114112K
  class space    used 537K, committed 640K, reserved 1048576K
}
Event: 1.865 GC heap after
{Heap after GC invocations=3 (full 0):
 garbage-first heap   total 63488K, used 6178K [0x00000000c2e00000, 0x0000000100000000)
  region size 1024K, 2 young (2048K), 2 survivors (2048K)
 Metaspace       used 4918K, committed 5120K, reserved 1114112K
  class space    used 537K, committed 640K, reserved 1048576K
}
Event: 3.708 GC heap before
{Heap before GC invocations=3 (full 0):
 garbage-first heap   total 63488K, used 36898K [0x00000000c2e00000, 0x0000000100000000)
  region size 1024K, 33 young (33792K), 2 survivors (2048K)
 Metaspace       used 13236K, committed 13504K, reserved 1114112K
  class space    used 1688K, committed 1792K, reserved 1048576K
}
Event: 3.722 GC heap after
{Heap after GC invocations=4 (full 0):
 garbage-first heap   total 63488K, used 8573K [0x00000000c2e00000, 0x0000000100000000)
  region size 1024K, 4 young (4096K), 4 survivors (4096K)
 Metaspace       used 13236K, committed 13504K, reserved 1114112K
  class space    used 1688K, committed 1792K, reserved 1048576K
}
Event: 6.750 GC heap before
{Heap before GC invocations=4 (full 0):
 garbage-first heap   total 63488K, used 39293K [0x00000000c2e00000, 0x0000000100000000)
  region size 1024K, 35 young (35840K), 4 survivors (4096K)
 Metaspace       used 19718K, committed 20032K, reserved 1114112K
  class space    used 2390K, committed 2496K, reserved 1048576K
}
Event: 6.768 GC heap after
{Heap after GC invocations=5 (full 0):
 garbage-first heap   total 63488K, used 11280K [0x00000000c2e00000, 0x0000000100000000)
  region size 1024K, 5 young (5120K), 5 survivors (5120K)
 Metaspace       used 19718K, committed 20032K, reserved 1114112K
  class space    used 2390K, committed 2496K, reserved 1048576K
}
Event: 7.667 GC heap before
{Heap before GC invocations=5 (full 0):
 garbage-first heap   total 63488K, used 21520K [0x00000000c2e00000, 0x0000000100000000)
  region size 1024K, 16 young (16384K), 5 survivors (5120K)
 Metaspace       used 21261K, committed 21504K, reserved 1114112K
  class space    used 2582K, committed 2688K, reserved 1048576K
}
Event: 7.686 GC heap after
{Heap after GC invocations=6 (full 0):
 garbage-first heap   total 63488K, used 11703K [0x00000000c2e00000, 0x0000000100000000)
  region size 1024K, 1 young (1024K), 1 survivors (1024K)
 Metaspace       used 21261K, committed 21504K, reserved 1114112K
  class space    used 2582K, committed 2688K, reserved 1048576K
}
Event: 9.381 GC heap before
{Heap before GC invocations=7 (full 0):
 garbage-first heap   total 45056K, used 37303K [0x00000000c2e00000, 0x0000000100000000)
  region size 1024K, 26 young (26624K), 1 survivors (1024K)
 Metaspace       used 25816K, committed 26240K, reserved 1114112K
  class space    used 3268K, committed 3456K, reserved 1048576K
}
Event: 9.395 GC heap after
{Heap after GC invocations=8 (full 0):
 garbage-first heap   total 45056K, used 14206K [0x00000000c2e00000, 0x0000000100000000)
  region size 1024K, 4 young (4096K), 4 survivors (4096K)
 Metaspace       used 25816K, committed 26240K, reserved 1114112K
  class space    used 3268K, committed 3456K, reserved 1048576K
}
Event: 9.586 GC heap before
{Heap before GC invocations=8 (full 0):
 garbage-first heap   total 45056K, used 15230K [0x00000000c2e00000, 0x0000000100000000)
  region size 1024K, 5 young (5120K), 4 survivors (4096K)
 Metaspace       used 26501K, committed 26944K, reserved 1114112K
  class space    used 3341K, committed 3520K, reserved 1048576K
}
Event: 9.598 GC heap after
{Heap after GC invocations=9 (full 0):
 garbage-first heap   total 45056K, used 14619K [0x00000000c2e00000, 0x0000000100000000)
  region size 1024K, 1 young (1024K), 1 survivors (1024K)
 Metaspace       used 26501K, committed 26944K, reserved 1114112K
  class space    used 3341K, committed 3520K, reserved 1048576K
}
Event: 10.681 GC heap before
{Heap before GC invocations=9 (full 0):
 garbage-first heap   total 45056K, used 31003K [0x00000000c2e00000, 0x0000000100000000)
  region size 1024K, 18 young (18432K), 1 survivors (1024K)
 Metaspace       used 29737K, committed 30208K, reserved 1114112K
  class space    used 3695K, committed 3904K, reserved 1048576K
}
Event: 10.688 GC heap after
{Heap after GC invocations=10 (full 0):
 garbage-first heap   total 45056K, used 16278K [0x00000000c2e00000, 0x0000000100000000)
  region size 1024K, 3 young (3072K), 3 survivors (3072K)
 Metaspace       used 29737K, committed 30208K, reserved 1114112K
  class space    used 3695K, committed 3904K, reserved 1048576K
}
Event: 11.752 GC heap before
{Heap before GC invocations=10 (full 0):
 garbage-first heap   total 45056K, used 31638K [0x00000000c2e00000, 0x0000000100000000)
  region size 1024K, 19 young (19456K), 3 survivors (3072K)
 Metaspace       used 33718K, committed 34176K, reserved 1114112K
  class space    used 4288K, committed 4480K, reserved 1048576K
}
Event: 11.761 GC heap after
{Heap after GC invocations=11 (full 0):
 garbage-first heap   total 45056K, used 17213K [0x00000000c2e00000, 0x0000000100000000)
  region size 1024K, 1 young (1024K), 1 survivors (1024K)
 Metaspace       used 33718K, committed 34176K, reserved 1114112K
  class space    used 4288K, committed 4480K, reserved 1048576K
}
Event: 12.129 GC heap before
{Heap before GC invocations=11 (full 0):
 garbage-first heap   total 45056K, used 22333K [0x00000000c2e00000, 0x0000000100000000)
  region size 1024K, 7 young (7168K), 1 survivors (1024K)
 Metaspace       used 35502K, committed 35968K, reserved 1114112K
  class space    used 4532K, committed 4736K, reserved 1048576K
}
Event: 12.140 GC heap after
{Heap after GC invocations=12 (full 0):
 garbage-first heap   total 45056K, used 17439K [0x00000000c2e00000, 0x0000000100000000)
  region size 1024K, 2 young (2048K), 2 survivors (2048K)
 Metaspace       used 35502K, committed 35968K, reserved 1114112K
  class space    used 4532K, committed 4736K, reserved 1048576K
}
Event: 14.460 GC heap before
{Heap before GC invocations=13 (full 0):
 garbage-first heap   total 45056K, used 33823K [0x00000000c2e00000, 0x0000000100000000)
  region size 1024K, 18 young (18432K), 2 survivors (2048K)
 Metaspace       used 40745K, committed 41280K, reserved 1114112K
  class space    used 5167K, committed 5440K, reserved 1048576K
}

Dll operation events (11 events):
Event: 0.021 Loaded shared library C:\Program Files\Java\jdk-19\bin\java.dll
Event: 0.041 Loaded shared library C:\Program Files\Java\jdk-19\bin\jsvml.dll
Event: 0.268 Loaded shared library C:\Program Files\Java\jdk-19\bin\net.dll
Event: 0.272 Loaded shared library C:\Program Files\Java\jdk-19\bin\nio.dll
Event: 0.278 Loaded shared library C:\Program Files\Java\jdk-19\bin\zip.dll
Event: 0.636 Loaded shared library C:\Program Files\Java\jdk-19\bin\jimage.dll
Event: 1.612 Loaded shared library C:\Program Files\Java\jdk-19\bin\management.dll
Event: 1.620 Loaded shared library C:\Program Files\Java\jdk-19\bin\management_ext.dll
Event: 3.161 Loaded shared library C:\Program Files\Java\jdk-19\bin\verify.dll
Event: 9.933 Loaded shared library C:\Program Files\Java\jdk-19\bin\sunmscapi.dll
Event: 12.727 Loaded shared library C:\Program Files\Java\jdk-19\bin\extnet.dll

Deoptimization events (20 events):
Event: 12.232 Thread 0x0000025031d7ec70 Uncommon trap: trap_request=0xffffffde fr.pc=0x0000025021c43a14 relative=0x0000000000000754
Event: 12.232 Thread 0x0000025031d7ec70 Uncommon trap: reason=class_check action=maybe_recompile pc=0x0000025021c43a14 method=java.util.regex.Matcher.search(I)Z @ 121 c2
Event: 12.232 Thread 0x0000025031d7ec70 DEOPT PACKING pc=0x0000025021c43a14 sp=0x000000c1c34fd590
Event: 12.232 Thread 0x0000025031d7ec70 DEOPT UNPACKING pc=0x0000025021576d9d sp=0x000000c1c34fd560 mode 2
Event: 12.239 Thread 0x0000025031d7ec70 Uncommon trap: trap_request=0xffffff45 fr.pc=0x0000025021c297dc relative=0x000000000000075c
Event: 12.239 Thread 0x0000025031d7ec70 Uncommon trap: reason=unstable_if action=reinterpret pc=0x0000025021c297dc method=java.util.Properties.load0(Ljava/util/Properties$LineReader;)V @ 160 c2
Event: 12.239 Thread 0x0000025031d7ec70 DEOPT PACKING pc=0x0000025021c297dc sp=0x000000c1c34facc0
Event: 12.239 Thread 0x0000025031d7ec70 DEOPT UNPACKING pc=0x0000025021576d9d sp=0x000000c1c34fac68 mode 2
Event: 12.736 Thread 0x0000025031d7ec70 Uncommon trap: trap_request=0xffffff45 fr.pc=0x0000025021aeb5c8 relative=0x00000000000000a8
Event: 12.736 Thread 0x0000025031d7ec70 Uncommon trap: reason=unstable_if action=reinterpret pc=0x0000025021aeb5c8 method=java.net.URI.match(CJJ)Z @ 45 c2
Event: 12.736 Thread 0x0000025031d7ec70 DEOPT PACKING pc=0x0000025021aeb5c8 sp=0x000000c1c34fcdc0
Event: 12.736 Thread 0x0000025031d7ec70 DEOPT UNPACKING pc=0x0000025021576d9d sp=0x000000c1c34fcd70 mode 2
Event: 12.850 Thread 0x0000025031d7ec70 Uncommon trap: trap_request=0xffffff45 fr.pc=0x0000025021c490a4 relative=0x0000000000000a24
Event: 12.850 Thread 0x0000025031d7ec70 Uncommon trap: reason=unstable_if action=reinterpret pc=0x0000025021c490a4 method=java.lang.String.<init>([BIILjava/nio/charset/Charset;)V @ 47 c2
Event: 12.851 Thread 0x0000025031d7ec70 DEOPT PACKING pc=0x0000025021c490a4 sp=0x000000c1c34fd180
Event: 12.851 Thread 0x0000025031d7ec70 DEOPT UNPACKING pc=0x0000025021576d9d sp=0x000000c1c34fd168 mode 2
Event: 14.122 Thread 0x0000025031d7ec70 Uncommon trap: trap_request=0xffffffde fr.pc=0x0000025021c9a38c relative=0x0000000000000dcc
Event: 14.122 Thread 0x0000025031d7ec70 Uncommon trap: reason=class_check action=maybe_recompile pc=0x0000025021c9a38c method=java.util.concurrent.ConcurrentHashMap.putVal(Ljava/lang/Object;Ljava/lang/Object;Z)Ljava/lang/Object; @ 159 c2
Event: 14.122 Thread 0x0000025031d7ec70 DEOPT PACKING pc=0x0000025021c9a38c sp=0x000000c1c34fe070
Event: 14.122 Thread 0x0000025031d7ec70 DEOPT UNPACKING pc=0x0000025021576d9d sp=0x000000c1c34fdff0 mode 2

Classes loaded (20 events):
Event: 12.921 Loading class java/util/concurrent/atomic/AtomicReferenceFieldUpdater$AtomicReferenceFieldUpdaterImpl$1
Event: 12.921 Loading class java/util/concurrent/atomic/AtomicReferenceFieldUpdater$AtomicReferenceFieldUpdaterImpl$1 done
Event: 13.953 Loading class java/security/AllPermissionCollection
Event: 13.953 Loading class java/security/AllPermissionCollection done
Event: 14.321 Loading class javax/naming/RefAddr
Event: 14.322 Loading class javax/naming/RefAddr done
Event: 14.322 Loading class javax/naming/StringRefAddr
Event: 14.322 Loading class javax/naming/StringRefAddr done
Event: 14.371 Loading class java/util/concurrent/CompletionStage
Event: 14.382 Loading class java/util/concurrent/CompletionStage done
Event: 14.384 Loading class java/util/concurrent/CompletableFuture
Event: 14.386 Loading class java/util/concurrent/CompletableFuture done
Event: 14.386 Loading class java/util/concurrent/CompletableFuture$AltResult
Event: 14.386 Loading class java/util/concurrent/CompletableFuture$AltResult done
Event: 14.386 Loading class java/util/concurrent/CompletableFuture$ThreadPerTaskExecutor
Event: 14.387 Loading class java/util/concurrent/CompletableFuture$ThreadPerTaskExecutor done
Event: 14.387 Loading class java/util/concurrent/CompletableFuture$Completion
Event: 14.387 Loading class java/util/concurrent/CompletableFuture$AsynchronousCompletionTask
Event: 14.388 Loading class java/util/concurrent/CompletableFuture$AsynchronousCompletionTask done
Event: 14.388 Loading class java/util/concurrent/CompletableFuture$Completion done

Classes unloaded (0 events):
No events

Classes redefined (0 events):
No events

Internal exceptions (20 events):
Event: 8.812 Thread 0x0000025031d7ec70 Exception <a 'java/lang/NoSuchMethodError'{0x00000000c49b9840}: 'java.lang.Object java.lang.invoke.DirectMethodHandle$Holder.invokeSpecialIFC(java.lang.Object, java.lang.Object, java.lang.Object)'> (0x00000000c49b9840) 
thrown [s\open\src\hotspot\share\interpreter\linkResolver.cpp, line 774]
Event: 8.842 Thread 0x0000025031d7ec70 Exception <a 'java/lang/NoSuchMethodError'{0x00000000c48052d8}: 'java.lang.Object java.lang.invoke.DirectMethodHandle$Holder.invokeVirtual(java.lang.Object, java.lang.Object, java.lang.Object, java.lang.Object, java.lang.Object)'> (0x00000000c48052d8) 
thrown [s\open\src\hotspot\share\interpreter\linkResolver.cpp, line 774]
Event: 9.065 Thread 0x0000025031d7ec70 Exception <a 'java/lang/NoSuchMethodError'{0x00000000c46a9c50}: 'java.lang.reflect.Field[] java.lang.Class.getDeclaredFields(java.lang.Class)'> (0x00000000c46a9c50) 
thrown [s\open\src\hotspot\share\interpreter\linkResolver.cpp, line 774]
Event: 9.097 Thread 0x0000025031d7ec70 Exception <a 'java/lang/NoSuchMethodError'{0x00000000c4524608}: 'void java.lang.invoke.DirectMethodHandle$Holder.invokeStatic(java.lang.Object, java.lang.Object, int)'> (0x00000000c4524608) 
thrown [s\open\src\hotspot\share\interpreter\linkResolver.cpp, line 774]
Event: 9.186 Thread 0x0000025031d7ec70 Exception <a 'java/lang/NoSuchMethodError'{0x00000000c44b6b38}: 'void java.lang.invoke.DirectMethodHandle$Holder.invokeInterface(java.lang.Object, java.lang.Object, int)'> (0x00000000c44b6b38) 
thrown [s\open\src\hotspot\share\interpreter\linkResolver.cpp, line 774]
Event: 9.200 Thread 0x0000025031d7ec70 Exception <a 'java/lang/IncompatibleClassChangeError'{0x00000000c4306678}: Found class java.lang.Object, but interface was expected> (0x00000000c4306678) 
thrown [s\open\src\hotspot\share\interpreter\linkResolver.cpp, line 841]
Event: 9.201 Thread 0x0000025031d7ec70 Exception <a 'java/lang/NoSuchMethodError'{0x00000000c430b758}: 'void java.lang.invoke.DirectMethodHandle$Holder.invokeStatic(java.lang.Object, int, java.lang.Object)'> (0x00000000c430b758) 
thrown [s\open\src\hotspot\share\interpreter\linkResolver.cpp, line 774]
Event: 9.439 Thread 0x0000025031d7ec70 Exception <a 'java/lang/NoSuchMethodError'{0x00000000c6b7d4f0}: 'java.lang.Object java.lang.invoke.DirectMethodHandle$Holder.invokeStaticInit(java.lang.Object, int, int, int, int)'> (0x00000000c6b7d4f0) 
thrown [s\open\src\hotspot\share\interpreter\linkResolver.cpp, line 774]
Event: 9.563 Thread 0x0000025031d7ec70 Exception <a 'java/lang/NoSuchMethodError'{0x00000000c6bbc840}: 'java.lang.Object java.lang.invoke.DirectMethodHandle$Holder.invokeStaticInit(java.lang.Object, java.lang.Object, int, int, int, int)'> (0x00000000c6bbc840) 
thrown [s\open\src\hotspot\share\interpreter\linkResolver.cpp, line 774]
Event: 9.749 Thread 0x0000025031d7ec70 Exception <a 'java/lang/NoSuchMethodError'{0x00000000c563f840}: 'int java.lang.invoke.DirectMethodHandle$Holder.invokeVirtual(java.lang.Object, java.lang.Object, java.lang.Object, java.lang.Object)'> (0x00000000c563f840) 
thrown [s\open\src\hotspot\share\interpreter\linkResolver.cpp, line 774]
Event: 9.749 Thread 0x0000025031d7ec70 Exception <a 'java/lang/NoSuchMethodError'{0x00000000c5643368}: 'int java.lang.invoke.DelegatingMethodHandle$Holder.reinvoke_L(java.lang.Object, java.lang.Object, java.lang.Object, java.lang.Object)'> (0x00000000c5643368) 
thrown [s\open\src\hotspot\share\interpreter\linkResolver.cpp, line 774]
Event: 10.021 Thread 0x0000025031d7ec70 Exception <a 'sun/nio/fs/WindowsException'{0x00000000c510eab0}> (0x00000000c510eab0) 
thrown [s\open\src\hotspot\share\prims\jni.cpp, line 517]
Event: 10.025 Thread 0x0000025031d7ec70 Exception <a 'sun/nio/fs/WindowsException'{0x00000000c5118248}> (0x00000000c5118248) 
thrown [s\open\src\hotspot\share\prims\jni.cpp, line 517]
Event: 10.028 Thread 0x0000025031d7ec70 Exception <a 'sun/nio/fs/WindowsException'{0x00000000c5118920}> (0x00000000c5118920) 
thrown [s\open\src\hotspot\share\prims\jni.cpp, line 517]
Event: 10.257 Thread 0x0000025031d7ec70 Exception <a 'java/io/FileNotFoundException'{0x00000000c4fd2878}> (0x00000000c4fd2878) 
thrown [s\open\src\hotspot\share\prims\jni.cpp, line 517]
Event: 10.448 Thread 0x0000025031d7ec70 Exception <a 'java/lang/NoSuchMethodError'{0x00000000c4ec3d90}: 'int java.lang.invoke.DirectMethodHandle$Holder.invokeInterface(java.lang.Object, java.lang.Object, java.lang.Object, java.lang.Object)'> (0x00000000c4ec3d90) 
thrown [s\open\src\hotspot\share\interpreter\linkResolver.cpp, line 774]
Event: 10.549 Thread 0x0000025031d7ec70 Exception <a 'java/lang/NoSuchMethodError'{0x00000000c4ca92e8}: 'long java.lang.invoke.DirectMethodHandle$Holder.invokeVirtual(java.lang.Object, java.lang.Object)'> (0x00000000c4ca92e8) 
thrown [s\open\src\hotspot\share\interpreter\linkResolver.cpp, line 774]
Event: 10.557 Thread 0x0000025031d7ec70 Exception <a 'java/io/FileNotFoundException'{0x00000000c4cd2f78}> (0x00000000c4cd2f78) 
thrown [s\open\src\hotspot\share\prims\jni.cpp, line 517]
Event: 10.755 Thread 0x0000025031d7ec70 Exception <a 'java/lang/NoSuchMethodError'{0x00000000c60e5b50}: 'java.lang.Object java.lang.invoke.DirectMethodHandle$Holder.newInvokeSpecial(java.lang.Object, java.lang.Object, java.lang.Object, java.lang.Object, java.lang.Object, java.lang.Object, java.lang.Object, java.lang.Object, java.lang.Object, java.lang.Object, java.lang.Object)'> (0x00000000c60e5b50) 
thrown [s\open\src\hotspot\share\interpreter\linkResolver.cpp, line 774]
Event: 10.952 Thread 0x0000025031d7ec70 Exception <a 'java/lang/NoSuchMethodError'{0x00000000c5583de0}: 'void java.lang.invoke.DelegatingMethodHandle$Holder.reinvoke_L(java.lang.Object, java.lang.Object, java.lang.Object, java.lang.Object, int, java.lang.Object, java.lang.Object, java.lang.Object)'> (0x00000000c5583de0) 
thrown [s\open\src\hotspot\share\interpreter\linkResolver.cpp, line 774]

VM Operations (20 events):
Event: 10.642 Executing VM operation: HandshakeAllThreads done
Event: 10.642 Executing VM operation: Cleanup
Event: 10.642 Executing VM operation: Cleanup done
Event: 10.681 Executing VM operation: G1CollectForAllocation
Event: 10.690 Executing VM operation: G1CollectForAllocation done
Event: 11.694 Executing VM operation: Cleanup
Event: 11.695 Executing VM operation: Cleanup done
Event: 11.752 Executing VM operation: G1CollectForAllocation
Event: 11.761 Executing VM operation: G1CollectForAllocation done
Event: 12.129 Executing VM operation: CollectForMetadataAllocation
Event: 12.152 Executing VM operation: CollectForMetadataAllocation done
Event: 12.185 Executing VM operation: G1PauseRemark
Event: 12.191 Executing VM operation: G1PauseRemark done
Event: 12.206 Executing VM operation: G1PauseCleanup
Event: 12.206 Executing VM operation: G1PauseCleanup done
Event: 12.811 Executing VM operation: HandshakeAllThreads
Event: 12.811 Executing VM operation: HandshakeAllThreads done
Event: 13.816 Executing VM operation: Cleanup
Event: 13.816 Executing VM operation: Cleanup done
Event: 14.460 Executing VM operation: G1CollectForAllocation

Events (20 events):
Event: 0.069 Thread 0x000002502d3f6770 Thread added: 0x000002502d3f6770
Event: 0.069 Thread 0x000002502d3fb400 Thread added: 0x000002502d3fb400
Event: 0.069 Thread 0x000002502d3fbfb0 Thread added: 0x000002502d3fbfb0
Event: 0.069 Thread 0x000002502d3fd080 Thread added: 0x000002502d3fd080
Event: 0.070 Thread 0x000002502d3fd9b0 Thread added: 0x000002502d3fd9b0
Event: 0.070 Thread 0x000002502d404590 Thread added: 0x000002502d404590
Event: 0.070 Thread 0x000002502d40bca0 Thread added: 0x000002502d40bca0
Event: 0.070 Thread 0x000002502d410bc0 Thread added: 0x000002502d410bc0
Event: 0.243 Thread 0x0000025031881700 Thread added: 0x0000025031881700
Event: 0.253 Thread 0x000002503188a2d0 Thread added: 0x000002503188a2d0
Event: 1.750 Thread 0x0000025031fe1210 Thread added: 0x0000025031fe1210
Event: 1.755 Thread 0x0000025031d7ec70 Thread added: 0x0000025031d7ec70
Event: 2.882 Thread 0x00000250323bba20 Thread added: 0x00000250323bba20
Event: 4.790 Thread 0x000002503283a750 Thread added: 0x000002503283a750
Event: 5.111 Thread 0x000002503283a750 Thread exited: 0x000002503283a750
Event: 5.711 Thread 0x00000250323bba20 Thread exited: 0x00000250323bba20
Event: 10.572 Thread 0x0000025033b56c00 Thread added: 0x0000025033b56c00
Event: 10.575 Thread 0x0000025033b57140 Thread added: 0x0000025033b57140
Event: 10.585 Thread 0x0000025033cd8e30 Thread added: 0x0000025033cd8e30
Event: 10.643 Thread 0x0000025032c55f70 Thread added: 0x0000025032c55f70


Dynamic libraries:
0x00007ff662410000 - 0x00007ff662420000 	C:\Program Files\Java\jdk-19\bin\java.exe
0x00007ffaa7db0000 - 0x00007ffaa7fc4000 	C:\WINDOWS\SYSTEM32\ntdll.dll
0x00007ffaa7370000 - 0x00007ffaa7433000 	C:\WINDOWS\System32\KERNEL32.DLL
0x00007ffaa54d0000 - 0x00007ffaa586c000 	C:\WINDOWS\System32\KERNELBASE.dll
0x00007ffaa5290000 - 0x00007ffaa53a1000 	C:\WINDOWS\System32\ucrtbase.dll
0x00007ffa9b970000 - 0x00007ffa9b98b000 	C:\Program Files\Java\jdk-19\bin\VCRUNTIME140.dll
0x00007ffa7a880000 - 0x00007ffa7a898000 	C:\Program Files\Java\jdk-19\bin\jli.dll
0x00007ffaa62e0000 - 0x00007ffaa638e000 	C:\WINDOWS\System32\ADVAPI32.dll
0x00007ffaa6d80000 - 0x00007ffaa6e27000 	C:\WINDOWS\System32\msvcrt.dll
0x00007ffaa7980000 - 0x00007ffaa7a24000 	C:\WINDOWS\System32\sechost.dll
0x00007ffaa6000000 - 0x00007ffaa6115000 	C:\WINDOWS\System32\RPCRT4.dll
0x00007ffaa6fd0000 - 0x00007ffaa717d000 	C:\WINDOWS\System32\USER32.dll
0x00007ffaa5870000 - 0x00007ffaa5896000 	C:\WINDOWS\System32\win32u.dll
0x00007ffaa72e0000 - 0x00007ffaa7309000 	C:\WINDOWS\System32\GDI32.dll
0x00007ffaa53b0000 - 0x00007ffaa54c3000 	C:\WINDOWS\System32\gdi32full.dll
0x00007ffaa51f0000 - 0x00007ffaa528a000 	C:\WINDOWS\System32\msvcp_win.dll
0x00007ffa890f0000 - 0x00007ffa8937e000 	C:\WINDOWS\WinSxS\amd64_microsoft.windows.common-controls_6595b64144ccf1df_6.0.22621.608_none_a9444ca7c10bb01d\COMCTL32.dll
0x00007ffa9b990000 - 0x00007ffa9b99a000 	C:\WINDOWS\SYSTEM32\VERSION.dll
0x00007ffaa7940000 - 0x00007ffaa7971000 	C:\WINDOWS\System32\IMM32.DLL
0x00007ffa9efe0000 - 0x00007ffa9efec000 	C:\Program Files\Java\jdk-19\bin\vcruntime140_1.dll
0x00007ffa6cd30000 - 0x00007ffa6cdbe000 	C:\Program Files\Java\jdk-19\bin\msvcp140.dll
0x00007ffa41390000 - 0x00007ffa42050000 	C:\Program Files\Java\jdk-19\bin\server\jvm.dll
0x00007ffa9df10000 - 0x00007ffa9df44000 	C:\WINDOWS\SYSTEM32\WINMM.dll
0x00007ffa9f500000 - 0x00007ffa9f509000 	C:\WINDOWS\SYSTEM32\WSOCK32.dll
0x00007ffaa7180000 - 0x00007ffaa71f1000 	C:\WINDOWS\System32\WS2_32.dll
0x00007ffaa4240000 - 0x00007ffaa4258000 	C:\WINDOWS\SYSTEM32\kernel.appcore.dll
0x00007ffa9b9e0000 - 0x00007ffa9b9ea000 	C:\Program Files\Java\jdk-19\bin\jimage.dll
0x00007ffaa2da0000 - 0x00007ffaa2fce000 	C:\WINDOWS\SYSTEM32\DBGHELP.DLL
0x00007ffaa5bc0000 - 0x00007ffaa5f49000 	C:\WINDOWS\System32\combase.dll
0x00007ffaa6450000 - 0x00007ffaa6527000 	C:\WINDOWS\System32\OLEAUT32.dll
0x00007ffa7f920000 - 0x00007ffa7f952000 	C:\WINDOWS\SYSTEM32\dbgcore.DLL
0x00007ffaa5b40000 - 0x00007ffaa5bbb000 	C:\WINDOWS\System32\bcryptPrimitives.dll
0x00007ffa8cd30000 - 0x00007ffa8cd56000 	C:\Program Files\Java\jdk-19\bin\java.dll
0x00007ffa6cdc0000 - 0x00007ffa6ce97000 	C:\Program Files\Java\jdk-19\bin\jsvml.dll
0x00007ffaa6590000 - 0x00007ffaa6d80000 	C:\WINDOWS\System32\SHELL32.dll
0x00007ffaa3200000 - 0x00007ffaa3ace000 	C:\WINDOWS\SYSTEM32\windows.storage.dll
0x00007ffaa30c0000 - 0x00007ffaa31fe000 	C:\WINDOWS\SYSTEM32\wintypes.dll
0x00007ffaa7c70000 - 0x00007ffaa7d61000 	C:\WINDOWS\System32\SHCORE.dll
0x00007ffaa63f0000 - 0x00007ffaa644e000 	C:\WINDOWS\System32\shlwapi.dll
0x00007ffaa5120000 - 0x00007ffaa5141000 	C:\WINDOWS\SYSTEM32\profapi.dll
0x00007ffa92550000 - 0x00007ffa92563000 	C:\Program Files\Java\jdk-19\bin\net.dll
0x00007ffa9bac0000 - 0x00007ffa9bbef000 	C:\WINDOWS\SYSTEM32\WINHTTP.dll
0x00007ffaa46b0000 - 0x00007ffaa4719000 	C:\WINDOWS\system32\mswsock.dll
0x00007ffa919a0000 - 0x00007ffa919b6000 	C:\Program Files\Java\jdk-19\bin\nio.dll
0x00007ffa8cd00000 - 0x00007ffa8cd18000 	C:\Program Files\Java\jdk-19\bin\zip.dll
0x00007ffa8cdb0000 - 0x00007ffa8cdba000 	C:\Program Files\Java\jdk-19\bin\management.dll
0x00007ffa8ccf0000 - 0x00007ffa8ccfb000 	C:\Program Files\Java\jdk-19\bin\management_ext.dll
0x00007ffaa6530000 - 0x00007ffaa6538000 	C:\WINDOWS\System32\PSAPI.DLL
0x00007ffa91ae0000 - 0x00007ffa91af0000 	C:\Program Files\Java\jdk-19\bin\verify.dll
0x00007ffaa4920000 - 0x00007ffaa493b000 	C:\WINDOWS\SYSTEM32\CRYPTSP.dll
0x00007ffaa41b0000 - 0x00007ffaa41e5000 	C:\WINDOWS\system32\rsaenh.dll
0x00007ffaa47b0000 - 0x00007ffaa47d8000 	C:\WINDOWS\SYSTEM32\USERENV.dll
0x00007ffaa4ad0000 - 0x00007ffaa4af8000 	C:\WINDOWS\SYSTEM32\bcrypt.dll
0x00007ffaa4910000 - 0x00007ffaa491c000 	C:\WINDOWS\SYSTEM32\CRYPTBASE.dll
0x00007ffaa3db0000 - 0x00007ffaa3ddd000 	C:\WINDOWS\SYSTEM32\IPHLPAPI.DLL
0x00007ffaa7200000 - 0x00007ffaa7209000 	C:\WINDOWS\System32\NSI.dll
0x00007ffa9c850000 - 0x00007ffa9c869000 	C:\WINDOWS\SYSTEM32\dhcpcsvc6.DLL
0x00007ffa9baa0000 - 0x00007ffa9babf000 	C:\WINDOWS\SYSTEM32\dhcpcsvc.DLL
0x00007ffaa3de0000 - 0x00007ffaa3ed3000 	C:\WINDOWS\SYSTEM32\DNSAPI.dll
0x00007ffaa2070000 - 0x00007ffaa207e000 	C:\Program Files\Java\jdk-19\bin\sunmscapi.dll
0x00007ffaa59d0000 - 0x00007ffaa5b36000 	C:\WINDOWS\System32\CRYPT32.dll
0x00007ffaa4aa0000 - 0x00007ffaa4acd000 	C:\WINDOWS\SYSTEM32\ncrypt.dll
0x00007ffaa4a60000 - 0x00007ffaa4a97000 	C:\WINDOWS\SYSTEM32\NTASN1.dll
0x00007ffa8a620000 - 0x00007ffa8a62a000 	C:\Windows\System32\rasadhlp.dll
0x00007ffa998f0000 - 0x00007ffa99973000 	C:\WINDOWS\System32\fwpuclnt.dll
0x00007ffa8f5f0000 - 0x00007ffa8f5f8000 	C:\Program Files\Java\jdk-19\bin\extnet.dll

dbghelp: loaded successfully - version: 4.0.5 - missing functions: none
symbol engine: initialized successfully - sym options: 0x614 - pdb path: .;C:\Program Files\Java\jdk-19\bin;C:\WINDOWS\SYSTEM32;C:\WINDOWS\WinSxS\amd64_microsoft.windows.common-controls_6595b64144ccf1df_6.0.22621.608_none_a9444ca7c10bb01d;C:\Program Files\Java\jdk-19\bin\server

VM Arguments:
java_command: com.portfolio.thiagobong.ThiagobongApplication
java_class_path (initial): C:\Argentina Programa\PortfolioWeb_Thiagobongiovanni\Portfolioweb_Thiagobongiovanni\BackEnd\target\classes;C:\Users\thiag\.m2\repository\org\springframework\boot\spring-boot-starter-data-jpa\3.0.5\spring-boot-starter-data-jpa-3.0.5.jar;C:\Users\thiag\.m2\repository\org\springframework\boot\spring-boot-starter-aop\3.0.5\spring-boot-starter-aop-3.0.5.jar;C:\Users\thiag\.m2\repository\org\springframework\spring-aop\6.0.7\spring-aop-6.0.7.jar;C:\Users\thiag\.m2\repository\org\aspectj\aspectjweaver\1.9.19\aspectjweaver-1.9.19.jar;C:\Users\thiag\.m2\repository\org\springframework\boot\spring-boot-starter-jdbc\3.0.5\spring-boot-starter-jdbc-3.0.5.jar;C:\Users\thiag\.m2\repository\com\zaxxer\HikariCP\5.0.1\HikariCP-5.0.1.jar;C:\Users\thiag\.m2\repository\org\springframework\spring-jdbc\6.0.7\spring-jdbc-6.0.7.jar;C:\Users\thiag\.m2\repository\org\hibernate\orm\hibernate-core\6.1.7.Final\hibernate-core-6.1.7.Final.jar;C:\Users\thiag\.m2\repository\jakarta\persistence\jakarta.persistence-api\3.1.0\jakarta.persistence-api-3.1.0.jar;C:\Users\thiag\.m2\repository\jakarta\transaction\jakarta.transaction-api\2.0.1\jakarta.transaction-api-2.0.1.jar;C:\Users\thiag\.m2\repository\org\jboss\logging\jboss-logging\3.5.0.Final\jboss-logging-3.5.0.Final.jar;C:\Users\thiag\.m2\repository\org\hibernate\common\hibernate-commons-annotations\6.0.6.Final\hibernate-commons-annotations-6.0.6.Final.jar;C:\Users\thiag\.m2\repository\org\jboss\jandex\2.4.2.Final\jandex-2.4.2.Final.jar;C:\Users\thiag\.m2\repository\com\fasterxml\classmate\1.5.1\classmate-1.5.1.jar;C:\Users\thiag\.m2\repository\net\bytebuddy\byte-buddy\1.12.23\byte-buddy-1.12.23.jar;C:\Users\thiag\.m2\repository\org\glassfish\jaxb\jaxb-runtime\4.0.2\jaxb-runtime-4.0.2.jar;C:\Users\thiag\.m2\repository\org\glassfish\jaxb\jaxb-core\4.0.2\jaxb-core-4.0.2.jar;C:\Users\thiag\.m2\repository\org\eclipse\angus\angus-activation\2.0.0\angus-activation-2.0.0.jar;C:\Users\thiag\.m2\repository\org\glassfish\jaxb\txw2\4.0.2\txw2-4.0.2.jar;C:\Users\thiag\.m2\repository\com\sun\istack\istack-commons-runtime\4.1.1\istack-commons-runtime-4.1.1.jar;C:\Users\thiag\.m2\repository\jakarta\inject\jakarta.inject-api\2.0.0\jakarta.inject-api-2.0.0.jar;C:\Users\thiag\.m2\repository\org\antlr\antlr4-runtime\4.10.1\antlr4-runtime-4.10.1.jar;C:\Users\thiag\.m2\repository\org\springframework\data\spring-data-jpa\3.0.4\spring-data-jpa-3.0.4.jar;C:\Users\thiag\.m2\repository\org\springframework\data\spring-data-commons\3.0.4\spring-data-commons-3.0.4.jar;C:\Users\thiag\.m2\repository\org\springframework\spring-orm\6.0.7\spring-orm-6.0.7.jar;C:\Users\thiag\.m2\repository\org\springframework\spring-context\6.0.7\spring-context-6.0.7.jar;C:\Users\thiag\.m2\repository\org\springframework\spring-tx\6.0.7\spring-tx-6.0.7.jar;C:\Users\thiag\.m2\repository\org\springframework\spring-beans\6.0.7\spring-beans-6.0.7.jar;C:\Users\thiag\.m2\repository\jakarta\annotation\jakarta.annotation-api\2.1.1\jakarta.annotation-api-2.1.1.jar;C:\Users\thiag\.m2\repository\org\slf4j\slf4j-api\2.0.7\slf4j-api-2.0.7.jar;C:\Users\thiag\.m2\repository\org\springframework\spring-aspects\6.0.7\spring-aspects-6.0.7.jar;C:\Users\thiag\.m2\repository\org\springframework\boot\spring-boot-starter-validation\3.0.5\spring-boot-starter-validation-3.0.5.jar;C:\Users\thiag\.m2\repository\org\springframework\boot\spring-boot-starter\3.0.5\spring-boot-starter-3.0.5.jar;C:\Users\thiag\.m2\repository\org\springframework\boot\spring-boot-starter-logging\3.0.5\spring-boot-starter-logging-3.0.5.jar;C:\Users\thiag\.m2\repository\ch\qos\logback\logback-classic\1.4.6\logback-classic-1.4.6.jar;C:\Users\thiag\.m2\repository\ch\qos\logback\logback-core\1.4.6\logback-core-1.4.6.jar;C:\Users\thiag\.m2\repository\org\apache\logging\log4j\log4j-to-slf4j\2.19.0\log4j-to-slf4j-2.19.0.jar;C:\Users\thiag\.m2\repository\org\apache\logging\log4j\log4j-api\2.19.0\log4j-api-2.19.0.jar;C:\Users\thiag\.m2\repository\org\slf4j\jul-to-slf4j\2.0.7\jul-to-slf4j-2.0.7.jar;C:\Users\thiag\.m2\repository\org\yaml\snakeyaml\1.33\snakeyaml-1.33.jar;C:\Users\thiag\.m2\repository\org\apache\tomcat\embed\tomcat-embed-el\10.1.7\tomcat-embed-el-10.1.7.jar;C:\Users\thiag\.m2\repository\org\hibernate\validator\hibernate-validator\8.0.0.Final\hibernate-validator-8.0.0.Final.jar;C:\Users\thiag\.m2\repository\jakarta\validation\jakarta.validation-api\3.0.2\jakarta.validation-api-3.0.2.jar;C:\Users\thiag\.m2\repository\org\springframework\boot\spring-boot-starter-web\3.0.5\spring-boot-starter-web-3.0.5.jar;C:\Users\thiag\.m2\repository\org\springframework\boot\spring-boot-starter-json\3.0.5\spring-boot-starter-json-3.0.5.jar;C:\Users\thiag\.m2\repository\com\fasterxml\jackson\core\jackson-databind\2.14.2\jackson-databind-2.14.2.jar;C:\Users\thiag\.m2\repository\com\fasterxml\jackson\core\jackson-annotations\2.14.2\jackson-annotations-2.14.2.jar;C:\Users\thiag\.m2\repository\com\fasterxml\jackson\core\jackson-core\2.14.2\jackson-core-2.14.2.jar;C:\Users\thiag\.m2\repository\com\fasterxml\jackson\datatype\jackson-datatype-jdk8\2.14.2\jackson-datatype-jdk8-2.14.2.jar;C:\Users\thiag\.m2\repository\com\fasterxml\jackson\datatype\jackson-datatype-jsr310\2.14.2\jackson-datatype-jsr310-2.14.2.jar;C:\Users\thiag\.m2\repository\com\fasterxml\jackson\module\jackson-module-parameter-names\2.14.2\jackson-module-parameter-names-2.14.2.jar;C:\Users\thiag\.m2\repository\org\springframework\boot\spring-boot-starter-tomcat\3.0.5\spring-boot-starter-tomcat-3.0.5.jar;C:\Users\thiag\.m2\repository\org\apache\tomcat\embed\tomcat-embed-core\10.1.7\tomcat-embed-core-10.1.7.jar;C:\Users\thiag\.m2\repository\org\apache\tomcat\embed\tomcat-embed-websocket\10.1.7\tomcat-embed-websocket-10.1.7.jar;C:\Users\thiag\.m2\repository\org\springframework\spring-web\6.0.7\spring-web-6.0.7.jar;C:\Users\thiag\.m2\repository\io\micrometer\micrometer-observation\1.10.5\micrometer-observation-1.10.5.jar;C:\Users\thiag\.m2\repository\io\micrometer\micrometer-commons\1.10.5\micrometer-commons-1.10.5.jar;C:\Users\thiag\.m2\repository\org\springframework\spring-webmvc\6.0.7\spring-webmvc-6.0.7.jar;C:\Users\thiag\.m2\repository\org\springframework\spring-expression\6.0.7\spring-expression-6.0.7.jar;C:\Users\thiag\.m2\repository\org\springframework\boot\spring-boot-devtools\3.0.5\spring-boot-devtools-3.0.5.jar;C:\Users\thiag\.m2\repository\org\springframework\boot\spring-boot\3.0.5\spring-boot-3.0.5.jar;C:\Users\thiag\.m2\repository\org\springframework\boot\spring-boot-autoconfigure\3.0.5\spring-boot-autoconfigure-3.0.5.jar;C:\Users\thiag\.m2\repository\com\mysql\mysql-connector-j\8.0.32\mysql-connector-j-8.0.32.jar;C:\Users\thiag\.m2\repository\org\projectlombok\lombok\1.18.26\lombok-1.18.26.jar;C:\Users\thiag\.m2\repository\jakarta\xml\bind\jakarta.xml.bind-api\4.0.0\jakarta.xml.bind-api-4.0.0.jar;C:\Users\thiag\.m2\repository\jakarta\activation\jakarta.activation-api\2.1.1\jakarta.activation-api-2.1.1.jar;C:\Users\thiag\.m2\repository\org\springframework\spring-core\6.0.7\spring-core-6.0.7.jar;C:\Users\thiag\.m2\repository\org\springframework\spring-jcl\6.0.7\spring-jcl-6.0.7.jar
Launcher Type: SUN_STANDARD

[Global flags]
     intx CICompilerCount                          = 2                                         {product} {ergonomic}
     uint ConcGCThreads                            = 1                                         {product} {ergonomic}
     uint G1ConcRefinementThreads                  = 2                                         {product} {ergonomic}
   size_t G1HeapRegionSize                         = 1048576                                   {product} {ergonomic}
    uintx GCDrainStackTargetSize                   = 64                                        {product} {ergonomic}
   size_t InitialHeapSize                          = 65011712                                  {product} {ergonomic}
   size_t MarkStackSize                            = 4194304                                   {product} {ergonomic}
   size_t MaxHeapSize                              = 1025507328                                {product} {ergonomic}
   size_t MaxNewSize                               = 614465536                                 {product} {ergonomic}
   size_t MinHeapDeltaBytes                        = 1048576                                   {product} {ergonomic}
   size_t MinHeapSize                              = 8388608                                   {product} {ergonomic}
    uintx NonNMethodCodeHeapSize                   = 5826188                                {pd product} {ergonomic}
    uintx NonProfiledCodeHeapSize                  = 122916026                              {pd product} {ergonomic}
    uintx ProfiledCodeHeapSize                     = 122916026                              {pd product} {ergonomic}
    uintx ReservedCodeCacheSize                    = 251658240                              {pd product} {ergonomic}
     bool SegmentedCodeCache                       = true                                      {product} {ergonomic}
   size_t SoftMaxHeapSize                          = 1025507328                             {manageable} {ergonomic}
     bool UseCompressedClassPointers               = true                           {product lp64_product} {ergonomic}
     bool UseCompressedOops                        = true                           {product lp64_product} {ergonomic}
     bool UseG1GC                                  = true                                      {product} {ergonomic}
     bool UseLargePagesIndividualAllocation        = false                                  {pd product} {ergonomic}

Logging:
Log output configuration:
 #0: stdout all=warning uptime,level,tags foldmultilines=false
 #1: stderr all=off uptime,level,tags foldmultilines=false

Environment Variables:
JAVA_HOME=C:\Program Files\Java\jdk-19
PATH=C:\Program Files\Common Files\Oracle\Java\javapath;C:\WINDOWS\system32;C:\WINDOWS;C:\WINDOWS\System32\Wbem;C:\WINDOWS\System32\WindowsPowerShell\v1.0\;C:\WINDOWS\System32\OpenSSH\;C:\Program Files\Git\cmd;C:\Program Files\nodejs\;C:\Users\thiag\AppData\Local\Microsoft\WindowsApps;C:\Users\thiag\AppData\Local\Programs\Microsoft VS Code\bin;C:\Users\thiag\AppData\Local\GitHubDesktop\bin;C:\Users\thiag\AppData\Roaming\npm
USERNAME=thiag
OS=Windows_NT
PROCESSOR_IDENTIFIER=Intel64 Family 6 Model 122 Stepping 1, GenuineIntel
TMP=C:\Users\thiag\AppData\Local\Temp
TEMP=C:\Users\thiag\AppData\Local\Temp



---------------  S Y S T E M  ---------------

OS:
 Windows 11 , 64 bit Build 22621 (10.0.22621.1344)
OS uptime: 12 days 1:25 hours

CPU: total 2 (initial active 2) (2 cores per cpu, 1 threads per core) family 6 model 122 stepping 1 microcode 0x34, cx8, cmov, fxsr, mmx, 3dnowpref, sse, sse2, sse3, ssse3, sse4.1, sse4.2, popcnt, tsc, tscinvbit, aes, erms, clmul, sha, clflush, clflushopt, rdtscp, rdpid

Memory: 4k page, system-wide physical 3911M (238M free)
TotalPageFile size 11257M (AvailPageFile size 5M)
current process WorkingSet (physical memory assigned to process): 176M, peak: 177M
current process commit charge ("private bytes"): 209M, peak: 210M

vm_info: Java HotSpot(TM) 64-Bit Server VM (19.0.2+7-44) for windows-amd64 JRE (19.0.2+7-44), built on 2022-11-30T18:02:09Z by "mach5one" with MS VC++ 17.1 (VS2022)

END.
