#
# There is insufficient memory for the Java Runtime Environment to continue.
# Native memory allocation (malloc) failed to allocate 1140320 bytes for Chunk::new
# Possible reasons:
#   The system is out of physical RAM or swap space
#   The process is running with CompressedOops enabled, and the Java Heap may be blocking the growth of the native heap
# Possible solutions:
#   Reduce memory load on the system
#   Increase physical memory or swap space
#   Check if swap backing store is full
#   Decrease Java heap size (-Xmx/-Xms)
#   Decrease number of Java threads
#   Decrease Java thread stack sizes (-Xss)
#   Set larger code cache with -XX:ReservedCodeCacheSize=
#   JVM is running with Unscaled Compressed Oops mode in which the Java heap is
#     placed in the first 4GB address space. The Java Heap base address is the
#     maximum limit for the native heap growth. Please use -XX:HeapBaseMinAddress
#     to set the Java Heap base and to place the Java Heap above 4GB virtual address.
# This output file may be truncated or incomplete.
#
#  Out of Memory Error (arena.cpp:184), pid=15100, tid=21736
#
# JRE version: Java(TM) SE Runtime Environment (19.0.2+7) (build 19.0.2+7-44)
# Java VM: Java HotSpot(TM) 64-Bit Server VM (19.0.2+7-44, mixed mode, sharing, tiered, compressed oops, compressed class ptrs, g1 gc, windows-amd64)
# No core dump will be written. Minidumps are not enabled by default on client versions of Windows
#

---------------  S U M M A R Y ------------

Command Line: com.portfolio.thiagobong.ThiagobongApplication

Host: Intel(R) Celeron(R) N4000 CPU @ 1.10GHz, 2 cores, 3G,  Windows 11 , 64 bit Build 22621 (10.0.22621.1344)
Time: Tue Apr  4 23:33:37 2023 Hora estándar de Argentina elapsed time: 17.142410 seconds (0d 0h 0m 17s)

---------------  T H R E A D  ---------------

Current thread (0x0000023578bdabc0):  JavaThread "C2 CompilerThread0" daemon [_thread_in_native, id=21736, stack(0x000000592dc00000,0x000000592dd00000)]


Current CompileTask:
C2:  17142 4287       4       org.springframework.core.annotation.TypeMappedAnnotations::get (52 bytes)

Stack: [0x000000592dc00000,0x000000592dd00000]
Native frames: (J=compiled Java code, j=interpreted, Vv=VM code, C=native code)
V  [jvm.dll+0x6ee21a]
V  [jvm.dll+0x85765e]
V  [jvm.dll+0x85904e]
V  [jvm.dll+0x859703]
V  [jvm.dll+0x28298f]
V  [jvm.dll+0xc9adf]
V  [jvm.dll+0xc9e65]
V  [jvm.dll+0x3bca4c]
V  [jvm.dll+0x3860e1]
V  [jvm.dll+0x38555a]
V  [jvm.dll+0x24c3d9]
V  [jvm.dll+0x24b781]
V  [jvm.dll+0x1d6ce1]
V  [jvm.dll+0x25b25a]
V  [jvm.dll+0x2596e8]
V  [jvm.dll+0x807588]
V  [jvm.dll+0x80125a]
V  [jvm.dll+0x6ecf0b]
C  [ucrtbase.dll+0x29363]
C  [KERNEL32.DLL+0x126bd]
C  [ntdll.dll+0x5a9f8]


---------------  P R O C E S S  ---------------

Threads class SMR info:
_java_thread_list=0x000002357f682680, length=18, elements={
0x000002356a857a40, 0x0000023578bcd750, 0x0000023578bce080, 0x0000023578bd1900,
0x0000023578bd24b0, 0x0000023578bd3580, 0x0000023578bd3eb0, 0x0000023578bdabc0,
0x0000023578be4f60, 0x0000023578bfb070, 0x000002357d0e5900, 0x000002357d0ec0c0,
0x000002357d61a7f0, 0x000002357d61b550, 0x000002357efd6060, 0x000002357e086770,
0x000002357e7c0240, 0x000002357eb82310
}

Java Threads: ( => current thread )
  0x000002356a857a40 JavaThread "main" [_thread_blocked, id=28076, stack(0x000000592cf00000,0x000000592d000000)]
  0x0000023578bcd750 JavaThread "Reference Handler" daemon [_thread_blocked, id=30168, stack(0x000000592d600000,0x000000592d700000)]
  0x0000023578bce080 JavaThread "Finalizer" daemon [_thread_blocked, id=40720, stack(0x000000592d700000,0x000000592d800000)]
  0x0000023578bd1900 JavaThread "Signal Dispatcher" daemon [_thread_blocked, id=30120, stack(0x000000592d800000,0x000000592d900000)]
  0x0000023578bd24b0 JavaThread "Attach Listener" daemon [_thread_blocked, id=40420, stack(0x000000592d900000,0x000000592da00000)]
  0x0000023578bd3580 JavaThread "Service Thread" daemon [_thread_blocked, id=6132, stack(0x000000592da00000,0x000000592db00000)]
  0x0000023578bd3eb0 JavaThread "Monitor Deflation Thread" daemon [_thread_blocked, id=30148, stack(0x000000592db00000,0x000000592dc00000)]
=>0x0000023578bdabc0 JavaThread "C2 CompilerThread0" daemon [_thread_in_native, id=21736, stack(0x000000592dc00000,0x000000592dd00000)]
  0x0000023578be4f60 JavaThread "C1 CompilerThread0" daemon [_thread_blocked, id=30800, stack(0x000000592dd00000,0x000000592de00000)]
  0x0000023578bfb070 JavaThread "Sweeper thread" daemon [_thread_blocked, id=37628, stack(0x000000592de00000,0x000000592df00000)]
  0x000002357d0e5900 JavaThread "Notification Thread" daemon [_thread_blocked, id=34000, stack(0x000000592df00000,0x000000592e000000)]
  0x000002357d0ec0c0 JavaThread "Common-Cleaner" daemon [_thread_blocked, id=39444, stack(0x000000592e100000,0x000000592e200000)]
  0x000002357d61a7f0 JavaThread "Thread-0" [_thread_blocked, id=22720, stack(0x000000592e300000,0x000000592e400000)]
  0x000002357d61b550 JavaThread "restartedMain" [_thread_in_Java, id=9028, stack(0x000000592e400000,0x000000592e500000)]
  0x000002357efd6060 JavaThread "Catalina-utility-1" [_thread_blocked, id=21948, stack(0x000000592e500000,0x000000592e600000)]
  0x000002357e086770 JavaThread "Catalina-utility-2" [_thread_blocked, id=8420, stack(0x000000592e600000,0x000000592e700000)]
  0x000002357e7c0240 JavaThread "container-0" [_thread_blocked, id=28340, stack(0x000000592e700000,0x000000592e800000)]
  0x000002357eb82310 JavaThread "mysql-cj-abandoned-connection-cleanup" daemon [_thread_blocked, id=35160, stack(0x000000592e800000,0x000000592e900000)]

Other Threads:
  0x000002356a90ec10 VMThread "VM Thread" [stack: 0x000000592d500000,0x000000592d600000] [id=39052]
  0x000002357d0e7e50 WatcherThread "VM Periodic Task Thread" [stack: 0x000000592e000000,0x000000592e100000] [id=39908]
  0x000002356a8961f0 WorkerThread "GC Thread#0" [stack: 0x000000592d000000,0x000000592d100000] [id=32584]
  0x000002357d232420 WorkerThread "GC Thread#1" [stack: 0x000000592e200000,0x000000592e300000] [id=40788]
  0x000002356a89ee90 ConcurrentGCThread "G1 Main Marker" [stack: 0x000000592d100000,0x000000592d200000] [id=38624]
  0x000002356a8a0060 WorkerThread "G1 Conc#0" [stack: 0x000000592d200000,0x000000592d300000] [id=35932]
  0x000002356a8eb850 ConcurrentGCThread "G1 Refine#0" [stack: 0x000000592d300000,0x000000592d400000] [id=38000]
  0x000002356a8ee650 ConcurrentGCThread "G1 Service" [stack: 0x000000592d400000,0x000000592d500000] [id=40052]

Threads with active compile tasks:
C2 CompilerThread0    17231 4287       4       org.springframework.core.annotation.TypeMappedAnnotations::get (52 bytes)

VM state: not at safepoint (normal execution)

VM Mutex/Monitor currently owned by a thread: None

Heap address: 0x00000000c2e00000, size: 978 MB, Compressed Oops mode: 32-bit

CDS archive(s) mapped at: [0x0000000800000000-0x0000000800c40000-0x0000000800c40000), size 12845056, SharedBaseAddress: 0x0000000800000000, ArchiveRelocationMode: 0.
Compressed class space mapped at: 0x0000000801000000-0x0000000841000000, reserved size: 1073741824
Narrow klass base: 0x0000000800000000, Narrow klass shift: 0, Narrow klass range: 0x100000000

GC Precious Log:
 CardTable entry size: 512
 Card Set container configuration: InlinePtr #cards 5 size 8 Array Of Cards #cards 12 size 40 Howl #buckets 4 coarsen threshold 1843 Howl Bitmap #cards 512 size 80 coarsen threshold 460 Card regions per heap region 1 cards per card region 2048
 CPUs: 2 total, 2 available
 Memory: 3911M
 Large Page Support: Disabled
 NUMA Support: Disabled
 Compressed Oops: Enabled (32-bit)
 Heap Region Size: 1M
 Heap Min Capacity: 8M
 Heap Initial Capacity: 62M
 Heap Max Capacity: 978M
 Pre-touch: Disabled
 Parallel Workers: 2
 Concurrent Workers: 1
 Concurrent Refinement Workers: 2
 Periodic GC: Disabled

Heap:
 garbage-first heap   total 40960K, used 20284K [0x00000000c2e00000, 0x0000000100000000)
  region size 1024K, 2 young (2048K), 1 survivors (1024K)
 Metaspace       used 47485K, committed 48000K, reserved 1114112K
  class space    used 6071K, committed 6336K, reserved 1048576K

Heap Regions: E=young(eden), S=young(survivor), O=old, HS=humongous(starts), HC=humongous(continues), CS=collection set, F=free, OA=open archive, CA=closed archive, TAMS=top-at-mark-start (previous, next)
|   0|0x00000000c2e00000, 0x00000000c2f00000, 0x00000000c2f00000|100%|HS|  |TAMS 0x00000000c2f00000, 0x00000000c2f00000| Complete 
|   1|0x00000000c2f00000, 0x00000000c3000000, 0x00000000c3000000|100%| O|  |TAMS 0x00000000c3000000, 0x00000000c3000000| Untracked 
|   2|0x00000000c3000000, 0x00000000c3100000, 0x00000000c3100000|100%| O|  |TAMS 0x00000000c3100000, 0x00000000c3100000| Untracked 
|   3|0x00000000c3100000, 0x00000000c3200000, 0x00000000c3200000|100%| O|  |TAMS 0x00000000c3200000, 0x00000000c3200000| Untracked 
|   4|0x00000000c3200000, 0x00000000c3300000, 0x00000000c3300000|100%| O|  |TAMS 0x00000000c3300000, 0x00000000c3300000| Untracked 
|   5|0x00000000c3300000, 0x00000000c3400000, 0x00000000c3400000|100%| O|  |TAMS 0x00000000c3400000, 0x00000000c3400000| Untracked 
|   6|0x00000000c3400000, 0x00000000c3500000, 0x00000000c3500000|100%| O|  |TAMS 0x00000000c3500000, 0x00000000c3500000| Untracked 
|   7|0x00000000c3500000, 0x00000000c3600000, 0x00000000c3600000|100%| O|  |TAMS 0x00000000c3600000, 0x00000000c3600000| Untracked 
|   8|0x00000000c3600000, 0x00000000c3700000, 0x00000000c3700000|100%| O|  |TAMS 0x00000000c3700000, 0x00000000c3700000| Untracked 
|   9|0x00000000c3700000, 0x00000000c3800000, 0x00000000c3800000|100%| O|  |TAMS 0x00000000c3800000, 0x00000000c3800000| Untracked 
|  10|0x00000000c3800000, 0x00000000c3900000, 0x00000000c3900000|100%| O|  |TAMS 0x00000000c3900000, 0x00000000c3900000| Untracked 
|  11|0x00000000c3900000, 0x00000000c3900000, 0x00000000c3a00000|  0%| F|  |TAMS 0x00000000c3900000, 0x00000000c3900000| Untracked 
|  12|0x00000000c3a00000, 0x00000000c3b00000, 0x00000000c3b00000|100%| O|  |TAMS 0x00000000c3b00000, 0x00000000c3b00000| Untracked 
|  13|0x00000000c3b00000, 0x00000000c3c00000, 0x00000000c3c00000|100%| O|  |TAMS 0x00000000c3b34800, 0x00000000c3c00000| Untracked 
|  14|0x00000000c3c00000, 0x00000000c3d00000, 0x00000000c3d00000|100%| O|  |TAMS 0x00000000c3c00000, 0x00000000c3d00000| Untracked 
|  15|0x00000000c3d00000, 0x00000000c3e00000, 0x00000000c3e00000|100%| O|  |TAMS 0x00000000c3d00000, 0x00000000c3e00000| Untracked 
|  16|0x00000000c3e00000, 0x00000000c3f00000, 0x00000000c3f00000|100%| O|  |TAMS 0x00000000c3f00000, 0x00000000c3f00000| Untracked 
|  17|0x00000000c3f00000, 0x00000000c4000000, 0x00000000c4000000|100%| O|  |TAMS 0x00000000c4000000, 0x00000000c4000000| Untracked 
|  18|0x00000000c4000000, 0x00000000c4100000, 0x00000000c4100000|100%| O|  |TAMS 0x00000000c4100000, 0x00000000c4100000| Untracked 
|  19|0x00000000c4100000, 0x00000000c41d5a00, 0x00000000c4200000| 83%| O|  |TAMS 0x00000000c4100000, 0x00000000c41d5a00| Untracked 
|  20|0x00000000c4200000, 0x00000000c4200000, 0x00000000c4300000|  0%| F|  |TAMS 0x00000000c4200000, 0x00000000c4200000| Untracked 
|  21|0x00000000c4300000, 0x00000000c4300000, 0x00000000c4400000|  0%| F|  |TAMS 0x00000000c4300000, 0x00000000c4300000| Untracked 
|  22|0x00000000c4400000, 0x00000000c4400000, 0x00000000c4500000|  0%| F|  |TAMS 0x00000000c4400000, 0x00000000c4400000| Untracked 
|  23|0x00000000c4500000, 0x00000000c4500000, 0x00000000c4600000|  0%| F|  |TAMS 0x00000000c4500000, 0x00000000c4500000| Untracked 
|  24|0x00000000c4600000, 0x00000000c4600000, 0x00000000c4700000|  0%| F|  |TAMS 0x00000000c4600000, 0x00000000c4600000| Untracked 
|  25|0x00000000c4700000, 0x00000000c4700000, 0x00000000c4800000|  0%| F|  |TAMS 0x00000000c4700000, 0x00000000c4700000| Untracked 
|  26|0x00000000c4800000, 0x00000000c48f9950, 0x00000000c4900000| 97%| S|CS|TAMS 0x00000000c4800000, 0x00000000c4800000| Complete 
|  27|0x00000000c4900000, 0x00000000c4900000, 0x00000000c4a00000|  0%| F|  |TAMS 0x00000000c4900000, 0x00000000c4900000| Untracked 
|  28|0x00000000c4a00000, 0x00000000c4a00000, 0x00000000c4b00000|  0%| F|  |TAMS 0x00000000c4a00000, 0x00000000c4a00000| Untracked 
|  29|0x00000000c4b00000, 0x00000000c4b00000, 0x00000000c4c00000|  0%| F|  |TAMS 0x00000000c4b00000, 0x00000000c4b00000| Untracked 
|  30|0x00000000c4c00000, 0x00000000c4c00000, 0x00000000c4d00000|  0%| F|  |TAMS 0x00000000c4c00000, 0x00000000c4c00000| Untracked 
|  31|0x00000000c4d00000, 0x00000000c4d00000, 0x00000000c4e00000|  0%| F|  |TAMS 0x00000000c4d00000, 0x00000000c4d00000| Untracked 
|  32|0x00000000c4e00000, 0x00000000c4e00000, 0x00000000c4f00000|  0%| F|  |TAMS 0x00000000c4e00000, 0x00000000c4e00000| Untracked 
|  33|0x00000000c4f00000, 0x00000000c4f00000, 0x00000000c5000000|  0%| F|  |TAMS 0x00000000c4f00000, 0x00000000c4f00000| Untracked 
|  34|0x00000000c5000000, 0x00000000c5000000, 0x00000000c5100000|  0%| F|  |TAMS 0x00000000c5000000, 0x00000000c5000000| Untracked 
|  35|0x00000000c5100000, 0x00000000c5100000, 0x00000000c5200000|  0%| F|  |TAMS 0x00000000c5100000, 0x00000000c5100000| Untracked 
|  36|0x00000000c5200000, 0x00000000c5200000, 0x00000000c5300000|  0%| F|  |TAMS 0x00000000c5200000, 0x00000000c5200000| Untracked 
|  37|0x00000000c5300000, 0x00000000c5300000, 0x00000000c5400000|  0%| F|  |TAMS 0x00000000c5300000, 0x00000000c5300000| Untracked 
|  38|0x00000000c5400000, 0x00000000c5400000, 0x00000000c5500000|  0%| F|  |TAMS 0x00000000c5400000, 0x00000000c5400000| Untracked 
|  49|0x00000000c5f00000, 0x00000000c5f3b508, 0x00000000c6000000| 23%| E|  |TAMS 0x00000000c5f00000, 0x00000000c5f00000| Complete 

Card table byte_map: [0x0000023574580000,0x0000023574770000] _byte_map_base: 0x0000023573f69000

Marking Bits (Prev, Next): (CMBitMap*) 0x000002356a896820, (CMBitMap*) 0x000002356a896860
 Prev Bits: [0x0000023574960000, 0x00000235758a8000)
 Next Bits: [0x00000235758b0000, 0x00000235767f8000)

Polling page: 0x000002356a910000

Metaspace:

Usage:
  Non-class:     40.44 MB used.
      Class:      5.93 MB used.
       Both:     46.37 MB used.

Virtual space:
  Non-class space:       64.00 MB reserved,      40.69 MB ( 64%) committed,  1 nodes.
      Class space:        1.00 GB reserved,       6.19 MB ( <1%) committed,  1 nodes.
             Both:        1.06 GB reserved,      46.88 MB (  4%) committed. 

Chunk freelists:
   Non-Class:  3.22 MB
       Class:  1.87 MB
        Both:  5.09 MB

MaxMetaspaceSize: unlimited
CompressedClassSpaceSize: 1.00 GB
Initial GC threshold: 21.00 MB
Current GC threshold: 58.69 MB
CDS: on
MetaspaceReclaimPolicy: balanced
 - commit_granule_bytes: 65536.
 - commit_granule_words: 8192.
 - virtual_space_node_default_size: 8388608.
 - enlarge_chunks_in_place: 1.
 - new_chunks_are_fully_committed: 0.
 - uncommit_free_chunks: 1.
 - use_allocation_guard: 0.


Internal statistics:

num_allocs_failed_limit: 6.
num_arena_births: 654.
num_arena_deaths: 0.
num_vsnodes_births: 2.
num_vsnodes_deaths: 0.
num_space_committed: 750.
num_space_uncommitted: 0.
num_chunks_returned_to_freelist: 6.
num_chunks_taken_from_freelist: 2180.
num_chunk_merges: 6.
num_chunk_splits: 1581.
num_chunks_enlarged: 1276.
num_inconsistent_stats: 0.

CodeHeap 'non-profiled nmethods': size=120064Kb used=2245Kb max_used=2245Kb free=117818Kb
 bounds [0x0000023507ac0000, 0x0000023507d30000, 0x000002350f000000]
CodeHeap 'profiled nmethods': size=120000Kb used=9024Kb max_used=9024Kb free=110975Kb
 bounds [0x0000023500000000, 0x00000235008e0000, 0x0000023507530000]
CodeHeap 'non-nmethods': size=5696Kb used=1383Kb max_used=1406Kb free=4312Kb
 bounds [0x0000023507530000, 0x00000235077a0000, 0x0000023507ac0000]
 total_blobs=4914 nmethods=4291 adapters=534
 compilation: enabled
              stopped_count=0, restarted_count=0
 full_count=0

Compilation events (20 events):
Event: 16.921 Thread 0x0000023578be4f60 4283       3       org.springframework.context.annotation.ConfigurationClassBeanDefinitionReader$ConfigurationClassBeanDefinition::cloneBeanDefinition (5 bytes)
Event: 16.922 Thread 0x0000023578be4f60 nmethod 4283 0x00000235008c7b90 code [0x00000235008c7d60, 0x00000235008c8128]
Event: 16.922 Thread 0x0000023578be4f60 4284       3       org.springframework.beans.BeanMetadataAttributeAccessor::setAttribute (15 bytes)
Event: 16.922 Thread 0x0000023578be4f60 nmethod 4284 0x00000235008c8290 code [0x00000235008c84a0, 0x00000235008c8bc8]
Event: 16.923 Thread 0x0000023578be4f60 4286       3       org.springframework.beans.factory.support.RootBeanDefinition::<init> (43 bytes)
Event: 16.923 Thread 0x0000023578be4f60 nmethod 4286 0x00000235008c8e90 code [0x00000235008c9060, 0x00000235008c93e8]
Event: 16.926 Thread 0x0000023578be4f60 4288       1       org.springframework.context.support.GenericApplicationContext::getBeanFactory (5 bytes)
Event: 16.926 Thread 0x0000023578be4f60 nmethod 4288 0x0000023507cee890 code [0x0000023507ceea20, 0x0000023507ceead8]
Event: 16.933 Thread 0x0000023578bdabc0 nmethod 4280 0x0000023507ceeb90 code [0x0000023507ceed40, 0x0000023507cef188]
Event: 16.933 Thread 0x0000023578bdabc0 4289       4       java.util.AbstractCollection::toArray (144 bytes)
Event: 16.948 Thread 0x0000023578be4f60 4290       3       org.springframework.boot.context.properties.bind.Binder::findProperty (75 bytes)
Event: 16.949 Thread 0x0000023578be4f60 nmethod 4290 0x00000235008c9510 code [0x00000235008c9760, 0x00000235008ca0c8]
Event: 16.959 Thread 0x0000023578bdabc0 nmethod 4289 0x0000023507cef490 code [0x0000023507cef660, 0x0000023507cefff8]
Event: 16.959 Thread 0x0000023578bdabc0 4287       4       org.springframework.core.annotation.TypeMappedAnnotations::get (52 bytes)
Event: 17.018 Thread 0x0000023578be4f60 4293       3       java.lang.reflect.Method::isCallerSensitive (27 bytes)
Event: 17.020 Thread 0x0000023578be4f60 nmethod 4293 0x00000235008ca410 code [0x00000235008ca660, 0x00000235008cb0a8]
Event: 17.112 Thread 0x0000023578be4f60 4294       3       org.springframework.core.annotation.AnnotationUtils::isCandidateClass (41 bytes)
Event: 17.113 Thread 0x0000023578be4f60 nmethod 4294 0x00000235008cb410 code [0x00000235008cb680, 0x00000235008cc188]
Event: 17.126 Thread 0x0000023578be4f60 4295       3       java.lang.invoke.MethodHandleImpl::valueConversion (325 bytes)
Event: 17.128 Thread 0x0000023578be4f60 nmethod 4295 0x00000235008cc510 code [0x00000235008cc800, 0x00000235008cd4a8]

GC Heap History (20 events):
Event: 6.984 GC heap before
{Heap before GC invocations=4 (full 0):
 garbage-first heap   total 63488K, used 39290K [0x00000000c2e00000, 0x0000000100000000)
  region size 1024K, 35 young (35840K), 4 survivors (4096K)
 Metaspace       used 19613K, committed 19904K, reserved 1114112K
  class space    used 2382K, committed 2496K, reserved 1048576K
}
Event: 7.003 GC heap after
{Heap after GC invocations=5 (full 0):
 garbage-first heap   total 63488K, used 11172K [0x00000000c2e00000, 0x0000000100000000)
  region size 1024K, 5 young (5120K), 5 survivors (5120K)
 Metaspace       used 19613K, committed 19904K, reserved 1114112K
  class space    used 2382K, committed 2496K, reserved 1048576K
}
Event: 8.555 GC heap before
{Heap before GC invocations=5 (full 0):
 garbage-first heap   total 63488K, used 22436K [0x00000000c2e00000, 0x0000000100000000)
  region size 1024K, 17 young (17408K), 5 survivors (5120K)
 Metaspace       used 21282K, committed 21504K, reserved 1114112K
  class space    used 2586K, committed 2688K, reserved 1048576K
}
Event: 8.575 GC heap after
{Heap after GC invocations=6 (full 0):
 garbage-first heap   total 63488K, used 11748K [0x00000000c2e00000, 0x0000000100000000)
  region size 1024K, 1 young (1024K), 1 survivors (1024K)
 Metaspace       used 21282K, committed 21504K, reserved 1114112K
  class space    used 2586K, committed 2688K, reserved 1048576K
}
Event: 10.614 GC heap before
{Heap before GC invocations=7 (full 0):
 garbage-first heap   total 40960K, used 35300K [0x00000000c2e00000, 0x0000000100000000)
  region size 1024K, 24 young (24576K), 1 survivors (1024K)
 Metaspace       used 25590K, committed 26048K, reserved 1114112K
  class space    used 3241K, committed 3456K, reserved 1048576K
}
Event: 10.630 GC heap after
{Heap after GC invocations=8 (full 0):
 garbage-first heap   total 40960K, used 14527K [0x00000000c2e00000, 0x0000000100000000)
  region size 1024K, 3 young (3072K), 3 survivors (3072K)
 Metaspace       used 25590K, committed 26048K, reserved 1114112K
  class space    used 3241K, committed 3456K, reserved 1048576K
}
Event: 10.675 GC heap before
{Heap before GC invocations=8 (full 0):
 garbage-first heap   total 40960K, used 15551K [0x00000000c2e00000, 0x0000000100000000)
  region size 1024K, 4 young (4096K), 3 survivors (3072K)
 Metaspace       used 25649K, committed 26112K, reserved 1114112K
  class space    used 3246K, committed 3456K, reserved 1048576K
}
Event: 10.687 GC heap after
{Heap after GC invocations=9 (full 0):
 garbage-first heap   total 40960K, used 15098K [0x00000000c2e00000, 0x0000000100000000)
  region size 1024K, 1 young (1024K), 1 survivors (1024K)
 Metaspace       used 25649K, committed 26112K, reserved 1114112K
  class space    used 3246K, committed 3456K, reserved 1048576K
}
Event: 11.833 GC heap before
{Heap before GC invocations=9 (full 0):
 garbage-first heap   total 40960K, used 28410K [0x00000000c2e00000, 0x0000000100000000)
  region size 1024K, 15 young (15360K), 1 survivors (1024K)
 Metaspace       used 29236K, committed 29696K, reserved 1114112K
  class space    used 3625K, committed 3840K, reserved 1048576K
}
Event: 11.841 GC heap after
{Heap after GC invocations=10 (full 0):
 garbage-first heap   total 40960K, used 16594K [0x00000000c2e00000, 0x0000000100000000)
  region size 1024K, 2 young (2048K), 2 survivors (2048K)
 Metaspace       used 29236K, committed 29696K, reserved 1114112K
  class space    used 3625K, committed 3840K, reserved 1048576K
}
Event: 12.632 GC heap before
{Heap before GC invocations=10 (full 0):
 garbage-first heap   total 40960K, used 28882K [0x00000000c2e00000, 0x0000000100000000)
  region size 1024K, 15 young (15360K), 2 survivors (2048K)
 Metaspace       used 31485K, committed 31936K, reserved 1114112K
  class space    used 3918K, committed 4096K, reserved 1048576K
}
Event: 12.643 GC heap after
{Heap after GC invocations=11 (full 0):
 garbage-first heap   total 40960K, used 17435K [0x00000000c2e00000, 0x0000000100000000)
  region size 1024K, 1 young (1024K), 1 survivors (1024K)
 Metaspace       used 31485K, committed 31936K, reserved 1114112K
  class space    used 3918K, committed 4096K, reserved 1048576K
}
Event: 13.498 GC heap before
{Heap before GC invocations=11 (full 0):
 garbage-first heap   total 40960K, used 29723K [0x00000000c2e00000, 0x0000000100000000)
  region size 1024K, 14 young (14336K), 1 survivors (1024K)
 Metaspace       used 35356K, committed 35840K, reserved 1114112K
  class space    used 4523K, committed 4736K, reserved 1048576K
}
Event: 13.506 GC heap after
{Heap after GC invocations=12 (full 0):
 garbage-first heap   total 40960K, used 18004K [0x00000000c2e00000, 0x0000000100000000)
  region size 1024K, 2 young (2048K), 2 survivors (2048K)
 Metaspace       used 35356K, committed 35840K, reserved 1114112K
  class space    used 4523K, committed 4736K, reserved 1048576K
}
Event: 13.542 GC heap before
{Heap before GC invocations=12 (full 0):
 garbage-first heap   total 40960K, used 18004K [0x00000000c2e00000, 0x0000000100000000)
  region size 1024K, 3 young (3072K), 2 survivors (2048K)
 Metaspace       used 35544K, committed 35968K, reserved 1114112K
  class space    used 4538K, committed 4736K, reserved 1048576K
}
Event: 13.553 GC heap after
{Heap after GC invocations=13 (full 0):
 garbage-first heap   total 40960K, used 18075K [0x00000000c2e00000, 0x0000000100000000)
  region size 1024K, 1 young (1024K), 1 survivors (1024K)
 Metaspace       used 35544K, committed 35968K, reserved 1114112K
  class space    used 4538K, committed 4736K, reserved 1048576K
}
Event: 16.235 GC heap before
{Heap before GC invocations=14 (full 0):
 garbage-first heap   total 40960K, used 31387K [0x00000000c2e00000, 0x0000000100000000)
  region size 1024K, 15 young (15360K), 1 survivors (1024K)
 Metaspace       used 43383K, committed 43840K, reserved 1114112K
  class space    used 5468K, committed 5696K, reserved 1048576K
}
Event: 16.247 GC heap after
{Heap after GC invocations=15 (full 0):
 garbage-first heap   total 40960K, used 19832K [0x00000000c2e00000, 0x0000000100000000)
  region size 1024K, 2 young (2048K), 2 survivors (2048K)
 Metaspace       used 43383K, committed 43840K, reserved 1114112K
  class space    used 5468K, committed 5696K, reserved 1048576K
}
Event: 16.307 GC heap before
{Heap before GC invocations=15 (full 0):
 garbage-first heap   total 40960K, used 19832K [0x00000000c2e00000, 0x0000000100000000)
  region size 1024K, 3 young (3072K), 2 survivors (2048K)
 Metaspace       used 43651K, committed 44160K, reserved 1114112K
  class space    used 5500K, committed 5760K, reserved 1048576K
}
Event: 16.321 GC heap after
{Heap after GC invocations=16 (full 0):
 garbage-first heap   total 40960K, used 19459K [0x00000000c2e00000, 0x0000000100000000)
  region size 1024K, 1 young (1024K), 1 survivors (1024K)
 Metaspace       used 43651K, committed 44160K, reserved 1114112K
  class space    used 5500K, committed 5760K, reserved 1048576K
}

Dll operation events (11 events):
Event: 0.023 Loaded shared library C:\Program Files\Java\jdk-19\bin\java.dll
Event: 0.043 Loaded shared library C:\Program Files\Java\jdk-19\bin\jsvml.dll
Event: 0.299 Loaded shared library C:\Program Files\Java\jdk-19\bin\net.dll
Event: 0.304 Loaded shared library C:\Program Files\Java\jdk-19\bin\nio.dll
Event: 0.312 Loaded shared library C:\Program Files\Java\jdk-19\bin\zip.dll
Event: 0.778 Loaded shared library C:\Program Files\Java\jdk-19\bin\jimage.dll
Event: 1.690 Loaded shared library C:\Program Files\Java\jdk-19\bin\management.dll
Event: 1.703 Loaded shared library C:\Program Files\Java\jdk-19\bin\management_ext.dll
Event: 4.187 Loaded shared library C:\Program Files\Java\jdk-19\bin\verify.dll
Event: 11.307 Loaded shared library C:\Program Files\Java\jdk-19\bin\sunmscapi.dll
Event: 13.907 Loaded shared library C:\Program Files\Java\jdk-19\bin\extnet.dll

Deoptimization events (20 events):
Event: 14.147 Thread 0x000002357d61b550 Uncommon trap: trap_request=0xffffffc6 fr.pc=0x0000023507c554ac relative=0x00000000000007ec
Event: 14.147 Thread 0x000002357d61b550 Uncommon trap: reason=bimorphic_or_optimized_type_check action=maybe_recompile pc=0x0000023507c554ac method=java.util.regex.Pattern$Start.match(Ljava/util/regex/Matcher;ILjava/lang/CharSequence;)Z @ 44 c2
Event: 14.147 Thread 0x000002357d61b550 DEOPT PACKING pc=0x0000023507c554ac sp=0x000000592e4faf80
Event: 14.147 Thread 0x000002357d61b550 DEOPT UNPACKING pc=0x0000023507596d9d sp=0x000000592e4faed0 mode 2
Event: 14.180 Thread 0x000002357d61b550 Uncommon trap: trap_request=0xffffff45 fr.pc=0x0000023507c84c78 relative=0x00000000000009b8
Event: 14.180 Thread 0x000002357d61b550 Uncommon trap: reason=unstable_if action=reinterpret pc=0x0000023507c84c78 method=sun.net.util.IPAddressUtil.scan(Ljava/lang/String;JJ[C)I @ 14 c2
Event: 14.180 Thread 0x000002357d61b550 DEOPT PACKING pc=0x0000023507c84c78 sp=0x000000592e4f9640
Event: 14.180 Thread 0x000002357d61b550 DEOPT UNPACKING pc=0x0000023507596d9d sp=0x000000592e4f94b0 mode 2
Event: 14.451 Thread 0x000002357d61b550 Uncommon trap: trap_request=0xffffff45 fr.pc=0x0000023507bbaccc relative=0x00000000000001cc
Event: 14.451 Thread 0x000002357d61b550 Uncommon trap: reason=unstable_if action=reinterpret pc=0x0000023507bbaccc method=java.util.HashMap.putVal(ILjava/lang/Object;Ljava/lang/Object;ZZ)Ljava/lang/Object; @ 162 c2
Event: 14.451 Thread 0x000002357d61b550 DEOPT PACKING pc=0x0000023507bbaccc sp=0x000000592e4fa480
Event: 14.451 Thread 0x000002357d61b550 DEOPT UNPACKING pc=0x0000023507596d9d sp=0x000000592e4fa400 mode 2
Event: 16.116 Thread 0x000002357d61b550 Uncommon trap: trap_request=0xffffffde fr.pc=0x0000023507cbd304 relative=0x0000000000000ce4
Event: 16.116 Thread 0x000002357d61b550 Uncommon trap: reason=class_check action=maybe_recompile pc=0x0000023507cbd304 method=java.util.concurrent.ConcurrentHashMap.putVal(Ljava/lang/Object;Ljava/lang/Object;Z)Ljava/lang/Object; @ 159 c2
Event: 16.116 Thread 0x000002357d61b550 DEOPT PACKING pc=0x0000023507cbd304 sp=0x000000592e4fe0f0
Event: 16.116 Thread 0x000002357d61b550 DEOPT UNPACKING pc=0x0000023507596d9d sp=0x000000592e4fe070 mode 2
Event: 16.969 Thread 0x000002357d61b550 Uncommon trap: trap_request=0xffffff76 fr.pc=0x0000023507cefef0 relative=0x0000000000000890
Event: 16.969 Thread 0x000002357d61b550 Uncommon trap: reason=predicate action=maybe_recompile pc=0x0000023507cefef0 method=java.util.AbstractCollection.toArray([Ljava/lang/Object;)[Ljava/lang/Object; @ 43 c2
Event: 16.969 Thread 0x000002357d61b550 DEOPT PACKING pc=0x0000023507cefef0 sp=0x000000592e4fcc70
Event: 16.969 Thread 0x000002357d61b550 DEOPT UNPACKING pc=0x0000023507596d9d sp=0x000000592e4fcc38 mode 2

Classes loaded (20 events):
Event: 16.393 Loading class java/util/concurrent/CompletableFuture$AltResult
Event: 16.393 Loading class java/util/concurrent/CompletableFuture$AltResult done
Event: 16.393 Loading class java/util/concurrent/CompletableFuture$ThreadPerTaskExecutor
Event: 16.393 Loading class java/util/concurrent/CompletableFuture$ThreadPerTaskExecutor done
Event: 16.394 Loading class java/util/concurrent/CompletableFuture$Completion
Event: 16.394 Loading class java/util/concurrent/CompletableFuture$AsynchronousCompletionTask
Event: 16.394 Loading class java/util/concurrent/CompletableFuture$AsynchronousCompletionTask done
Event: 16.394 Loading class java/util/concurrent/CompletableFuture$Completion done
Event: 16.507 Loading class java/util/concurrent/CancellationException
Event: 16.507 Loading class java/util/concurrent/CancellationException done
Event: 16.839 Loading class java/util/stream/Streams$ConcatSpliterator$OfRef
Event: 16.840 Loading class java/util/stream/Streams$ConcatSpliterator
Event: 16.840 Loading class java/util/stream/Streams$ConcatSpliterator done
Event: 16.840 Loading class java/util/stream/Streams$ConcatSpliterator$OfRef done
Event: 16.840 Loading class java/util/stream/Streams$2
Event: 16.840 Loading class java/util/stream/Streams$2 done
Event: 16.889 Loading class javax/naming/Reference
Event: 16.889 Loading class javax/naming/Reference done
Event: 16.895 Loading class java/util/ArrayList$ListItr
Event: 16.895 Loading class java/util/ArrayList$ListItr done

Classes unloaded (0 events):
No events

Classes redefined (0 events):
No events

Internal exceptions (20 events):
Event: 10.960 Thread 0x000002357d61b550 Exception <a 'java/lang/NoSuchMethodError'{0x00000000c539c3f0}: 'java.lang.Object java.lang.invoke.DirectMethodHandle$Holder.invokeStaticInit(java.lang.Object, java.lang.Object, int, int, int, int)'> (0x00000000c539c3f0) 
thrown [s\open\src\hotspot\share\interpreter\linkResolver.cpp, line 774]
Event: 11.140 Thread 0x000002357d61b550 Exception <a 'java/lang/NoSuchMethodError'{0x00000000c501f270}: 'int java.lang.invoke.DirectMethodHandle$Holder.invokeVirtual(java.lang.Object, java.lang.Object, java.lang.Object, java.lang.Object)'> (0x00000000c501f270) 
thrown [s\open\src\hotspot\share\interpreter\linkResolver.cpp, line 774]
Event: 11.140 Thread 0x000002357d61b550 Exception <a 'java/lang/NoSuchMethodError'{0x00000000c5023008}: 'int java.lang.invoke.DelegatingMethodHandle$Holder.reinvoke_L(java.lang.Object, java.lang.Object, java.lang.Object, java.lang.Object)'> (0x00000000c5023008) 
thrown [s\open\src\hotspot\share\interpreter\linkResolver.cpp, line 774]
Event: 11.430 Thread 0x000002357d61b550 Exception <a 'sun/nio/fs/WindowsException'{0x00000000c4cf53d0}> (0x00000000c4cf53d0) 
thrown [s\open\src\hotspot\share\prims\jni.cpp, line 517]
Event: 11.432 Thread 0x000002357d61b550 Exception <a 'sun/nio/fs/WindowsException'{0x00000000c4cfaff8}> (0x00000000c4cfaff8) 
thrown [s\open\src\hotspot\share\prims\jni.cpp, line 517]
Event: 11.433 Thread 0x000002357d61b550 Exception <a 'sun/nio/fs/WindowsException'{0x00000000c4cfb6d0}> (0x00000000c4cfb6d0) 
thrown [s\open\src\hotspot\share\prims\jni.cpp, line 517]
Event: 11.697 Thread 0x000002357d61b550 Exception <a 'java/io/FileNotFoundException'{0x00000000c49b6f60}> (0x00000000c49b6f60) 
thrown [s\open\src\hotspot\share\prims\jni.cpp, line 517]
Event: 11.761 Thread 0x000002357d61b550 Exception <a 'java/lang/NoSuchMethodError'{0x00000000c48a8eb8}: 'int java.lang.invoke.DirectMethodHandle$Holder.invokeInterface(java.lang.Object, java.lang.Object, java.lang.Object, java.lang.Object)'> (0x00000000c48a8eb8) 
thrown [s\open\src\hotspot\share\interpreter\linkResolver.cpp, line 774]
Event: 11.880 Thread 0x000002357d61b550 Exception <a 'java/lang/NoSuchMethodError'{0x00000000c5f90640}: 'long java.lang.invoke.DirectMethodHandle$Holder.invokeVirtual(java.lang.Object, java.lang.Object)'> (0x00000000c5f90640) 
thrown [s\open\src\hotspot\share\interpreter\linkResolver.cpp, line 774]
Event: 11.891 Thread 0x000002357d61b550 Exception <a 'java/io/FileNotFoundException'{0x00000000c5fb9fc0}> (0x00000000c5fb9fc0) 
thrown [s\open\src\hotspot\share\prims\jni.cpp, line 517]
Event: 12.205 Thread 0x000002357d61b550 Exception <a 'java/lang/NoSuchMethodError'{0x00000000c4fb8328}: 'java.lang.Object java.lang.invoke.DirectMethodHandle$Holder.newInvokeSpecial(java.lang.Object, java.lang.Object, java.lang.Object, java.lang.Object, java.lang.Object, java.lang.Object, java.lang.Object, java.lang.Object, java.lang.Object, java.lang.Object, java.lang.Object)'> (0x00000000c4fb8328) 
thrown [s\open\src\hotspot\share\interpreter\linkResolver.cpp, line 774]
Event: 12.404 Thread 0x000002357d61b550 Exception <a 'java/lang/NoSuchMethodError'{0x00000000c4c7b380}: 'void java.lang.invoke.DelegatingMethodHandle$Holder.reinvoke_L(java.lang.Object, java.lang.Object, java.lang.Object, java.lang.Object, int, java.lang.Object, java.lang.Object, java.lang.Object)'> (0x00000000c4c7b380) 
thrown [s\open\src\hotspot\share\interpreter\linkResolver.cpp, line 774]
Event: 14.167 Thread 0x000002357d61b550 Exception <a 'sun/nio/fs/WindowsException'{0x00000000c4e56320}> (0x00000000c4e56320) 
thrown [s\open\src\hotspot\share\prims\jni.cpp, line 517]
Event: 14.897 Thread 0x000002357d61b550 Exception <a 'java/io/IOException'{0x00000000c4c9b0e8}> (0x00000000c4c9b0e8) 
thrown [s\open\src\hotspot\share\prims\jni.cpp, line 517]
Event: 14.899 Thread 0x000002357d61b550 Exception <a 'java/io/IOException'{0x00000000c4c9cce0}> (0x00000000c4c9cce0) 
thrown [s\open\src\hotspot\share\prims\jni.cpp, line 517]
Event: 16.715 Thread 0x000002357d61b550 Exception <a 'java/lang/NoSuchMethodError'{0x00000000c4ed1fa8}: 'java.lang.Object java.lang.invoke.DirectMethodHandle$Holder.invokeStatic(java.lang.Object, java.lang.Object, int, java.lang.Object)'> (0x00000000c4ed1fa8) 
thrown [s\open\src\hotspot\share\interpreter\linkResolver.cpp, line 774]
Event: 16.715 Thread 0x000002357d61b550 Exception <a 'java/lang/NoSuchMethodError'{0x00000000c4ed5a48}: 'java.lang.Object java.lang.invoke.DirectMethodHandle$Holder.invokeStaticInit(java.lang.Object, java.lang.Object, int, java.lang.Object)'> (0x00000000c4ed5a48) 
thrown [s\open\src\hotspot\share\interpreter\linkResolver.cpp, line 774]
Event: 16.768 Thread 0x000002357d61b550 Exception <a 'java/lang/IncompatibleClassChangeError'{0x00000000c4df3f20}: Found class java.lang.Object, but interface was expected> (0x00000000c4df3f20) 
thrown [s\open\src\hotspot\share\interpreter\linkResolver.cpp, line 841]
Event: 16.819 Thread 0x000002357d61b550 Exception <a 'java/lang/NoSuchMethodError'{0x00000000c4ccd660}: 'void java.lang.invoke.DirectMethodHandle$Holder.invokeInterface(java.lang.Object, java.lang.Object)'> (0x00000000c4ccd660) 
thrown [s\open\src\hotspot\share\interpreter\linkResolver.cpp, line 774]
Event: 16.906 Thread 0x000002357d61b550 Exception <a 'java/lang/NoSuchMethodError'{0x00000000c4a7dde0}: 'void java.lang.invoke.Invokers$Holder.invokeExact_MT(java.lang.Object, java.lang.Object, java.lang.Object, java.lang.Object)'> (0x00000000c4a7dde0) 
thrown [s\open\src\hotspot\share\interpreter\linkResolver.cpp, line 774]

VM Operations (20 events):
Event: 13.629 Executing VM operation: G1PauseCleanup
Event: 13.629 Executing VM operation: G1PauseCleanup done
Event: 14.029 Executing VM operation: HandshakeAllThreads
Event: 14.029 Executing VM operation: HandshakeAllThreads done
Event: 14.179 Executing VM operation: HandshakeAllThreads
Event: 14.180 Executing VM operation: HandshakeAllThreads done
Event: 14.528 Executing VM operation: HandshakeAllThreads
Event: 14.528 Executing VM operation: HandshakeAllThreads done
Event: 14.766 Executing VM operation: HandshakeAllThreads
Event: 14.766 Executing VM operation: HandshakeAllThreads done
Event: 14.766 Executing VM operation: Cleanup
Event: 14.766 Executing VM operation: Cleanup done
Event: 15.773 Executing VM operation: Cleanup
Event: 15.773 Executing VM operation: Cleanup done
Event: 16.235 Executing VM operation: G1CollectForAllocation
Event: 16.247 Executing VM operation: G1CollectForAllocation done
Event: 16.307 Executing VM operation: G1CollectForAllocation
Event: 16.321 Executing VM operation: G1CollectForAllocation done
Event: 16.896 Executing VM operation: HandshakeAllThreads
Event: 16.896 Executing VM operation: HandshakeAllThreads done

Events (20 events):
Event: 0.069 Thread 0x0000023578bce080 Thread added: 0x0000023578bce080
Event: 0.070 Thread 0x0000023578bd1900 Thread added: 0x0000023578bd1900
Event: 0.070 Thread 0x0000023578bd24b0 Thread added: 0x0000023578bd24b0
Event: 0.070 Thread 0x0000023578bd3580 Thread added: 0x0000023578bd3580
Event: 0.070 Thread 0x0000023578bd3eb0 Thread added: 0x0000023578bd3eb0
Event: 0.071 Thread 0x0000023578bdabc0 Thread added: 0x0000023578bdabc0
Event: 0.071 Thread 0x0000023578be4f60 Thread added: 0x0000023578be4f60
Event: 0.071 Thread 0x0000023578bfb070 Thread added: 0x0000023578bfb070
Event: 0.257 Thread 0x000002357d0e5900 Thread added: 0x000002357d0e5900
Event: 0.269 Thread 0x000002357d0ec0c0 Thread added: 0x000002357d0ec0c0
Event: 1.871 Thread 0x000002357d61a7f0 Thread added: 0x000002357d61a7f0
Event: 1.878 Thread 0x000002357d61b550 Thread added: 0x000002357d61b550
Event: 3.919 Thread 0x000002357dc78fb0 Thread added: 0x000002357dc78fb0
Event: 5.289 Thread 0x000002357ded4f00 Thread added: 0x000002357ded4f00
Event: 5.497 Thread 0x000002357ded4f00 Thread exited: 0x000002357ded4f00
Event: 6.551 Thread 0x000002357dc78fb0 Thread exited: 0x000002357dc78fb0
Event: 11.912 Thread 0x000002357efd6060 Thread added: 0x000002357efd6060
Event: 11.920 Thread 0x000002357e086770 Thread added: 0x000002357e086770
Event: 11.930 Thread 0x000002357e7c0240 Thread added: 0x000002357e7c0240
Event: 12.066 Thread 0x000002357eb82310 Thread added: 0x000002357eb82310


Dynamic libraries:
0x00007ff662410000 - 0x00007ff662420000 	C:\Program Files\Java\jdk-19\bin\java.exe
0x00007ffaa7db0000 - 0x00007ffaa7fc4000 	C:\WINDOWS\SYSTEM32\ntdll.dll
0x00007ffaa7370000 - 0x00007ffaa7433000 	C:\WINDOWS\System32\KERNEL32.DLL
0x00007ffaa54d0000 - 0x00007ffaa586c000 	C:\WINDOWS\System32\KERNELBASE.dll
0x00007ffaa5290000 - 0x00007ffaa53a1000 	C:\WINDOWS\System32\ucrtbase.dll
0x00007ffa9b970000 - 0x00007ffa9b98b000 	C:\Program Files\Java\jdk-19\bin\VCRUNTIME140.dll
0x00007ffa7a880000 - 0x00007ffa7a898000 	C:\Program Files\Java\jdk-19\bin\jli.dll
0x00007ffaa62e0000 - 0x00007ffaa638e000 	C:\WINDOWS\System32\ADVAPI32.dll
0x00007ffaa6d80000 - 0x00007ffaa6e27000 	C:\WINDOWS\System32\msvcrt.dll
0x00007ffaa7980000 - 0x00007ffaa7a24000 	C:\WINDOWS\System32\sechost.dll
0x00007ffaa6000000 - 0x00007ffaa6115000 	C:\WINDOWS\System32\RPCRT4.dll
0x00007ffaa6fd0000 - 0x00007ffaa717d000 	C:\WINDOWS\System32\USER32.dll
0x00007ffaa5870000 - 0x00007ffaa5896000 	C:\WINDOWS\System32\win32u.dll
0x00007ffaa72e0000 - 0x00007ffaa7309000 	C:\WINDOWS\System32\GDI32.dll
0x00007ffaa53b0000 - 0x00007ffaa54c3000 	C:\WINDOWS\System32\gdi32full.dll
0x00007ffaa51f0000 - 0x00007ffaa528a000 	C:\WINDOWS\System32\msvcp_win.dll
0x00007ffa890f0000 - 0x00007ffa8937e000 	C:\WINDOWS\WinSxS\amd64_microsoft.windows.common-controls_6595b64144ccf1df_6.0.22621.608_none_a9444ca7c10bb01d\COMCTL32.dll
0x00007ffa9b990000 - 0x00007ffa9b99a000 	C:\WINDOWS\SYSTEM32\VERSION.dll
0x00007ffaa7940000 - 0x00007ffaa7971000 	C:\WINDOWS\System32\IMM32.DLL
0x00007ffa9efe0000 - 0x00007ffa9efec000 	C:\Program Files\Java\jdk-19\bin\vcruntime140_1.dll
0x00007ffa6cd30000 - 0x00007ffa6cdbe000 	C:\Program Files\Java\jdk-19\bin\msvcp140.dll
0x00007ffa41390000 - 0x00007ffa42050000 	C:\Program Files\Java\jdk-19\bin\server\jvm.dll
0x00007ffa9df10000 - 0x00007ffa9df44000 	C:\WINDOWS\SYSTEM32\WINMM.dll
0x00007ffa9f500000 - 0x00007ffa9f509000 	C:\WINDOWS\SYSTEM32\WSOCK32.dll
0x00007ffaa7180000 - 0x00007ffaa71f1000 	C:\WINDOWS\System32\WS2_32.dll
0x00007ffaa4240000 - 0x00007ffaa4258000 	C:\WINDOWS\SYSTEM32\kernel.appcore.dll
0x00007ffa9b9e0000 - 0x00007ffa9b9ea000 	C:\Program Files\Java\jdk-19\bin\jimage.dll
0x00007ffaa2da0000 - 0x00007ffaa2fce000 	C:\WINDOWS\SYSTEM32\DBGHELP.DLL
0x00007ffaa5bc0000 - 0x00007ffaa5f49000 	C:\WINDOWS\System32\combase.dll
0x00007ffaa6450000 - 0x00007ffaa6527000 	C:\WINDOWS\System32\OLEAUT32.dll
0x00007ffa7f920000 - 0x00007ffa7f952000 	C:\WINDOWS\SYSTEM32\dbgcore.DLL
0x00007ffaa5b40000 - 0x00007ffaa5bbb000 	C:\WINDOWS\System32\bcryptPrimitives.dll
0x00007ffa8cd30000 - 0x00007ffa8cd56000 	C:\Program Files\Java\jdk-19\bin\java.dll
0x00007ffa6cdc0000 - 0x00007ffa6ce97000 	C:\Program Files\Java\jdk-19\bin\jsvml.dll
0x00007ffaa6590000 - 0x00007ffaa6d80000 	C:\WINDOWS\System32\SHELL32.dll
0x00007ffaa3200000 - 0x00007ffaa3ace000 	C:\WINDOWS\SYSTEM32\windows.storage.dll
0x00007ffaa30c0000 - 0x00007ffaa31fe000 	C:\WINDOWS\SYSTEM32\wintypes.dll
0x00007ffaa7c70000 - 0x00007ffaa7d61000 	C:\WINDOWS\System32\SHCORE.dll
0x00007ffaa63f0000 - 0x00007ffaa644e000 	C:\WINDOWS\System32\shlwapi.dll
0x00007ffaa5120000 - 0x00007ffaa5141000 	C:\WINDOWS\SYSTEM32\profapi.dll
0x00007ffa92550000 - 0x00007ffa92563000 	C:\Program Files\Java\jdk-19\bin\net.dll
0x00007ffa9bac0000 - 0x00007ffa9bbef000 	C:\WINDOWS\SYSTEM32\WINHTTP.dll
0x00007ffaa46b0000 - 0x00007ffaa4719000 	C:\WINDOWS\system32\mswsock.dll
0x00007ffa919a0000 - 0x00007ffa919b6000 	C:\Program Files\Java\jdk-19\bin\nio.dll
0x00007ffa8cd00000 - 0x00007ffa8cd18000 	C:\Program Files\Java\jdk-19\bin\zip.dll
0x00007ffa8cdb0000 - 0x00007ffa8cdba000 	C:\Program Files\Java\jdk-19\bin\management.dll
0x00007ffa8ccf0000 - 0x00007ffa8ccfb000 	C:\Program Files\Java\jdk-19\bin\management_ext.dll
0x00007ffaa6530000 - 0x00007ffaa6538000 	C:\WINDOWS\System32\PSAPI.DLL
0x00007ffa91ae0000 - 0x00007ffa91af0000 	C:\Program Files\Java\jdk-19\bin\verify.dll
0x00007ffaa4920000 - 0x00007ffaa493b000 	C:\WINDOWS\SYSTEM32\CRYPTSP.dll
0x00007ffaa41b0000 - 0x00007ffaa41e5000 	C:\WINDOWS\system32\rsaenh.dll
0x00007ffaa47b0000 - 0x00007ffaa47d8000 	C:\WINDOWS\SYSTEM32\USERENV.dll
0x00007ffaa4ad0000 - 0x00007ffaa4af8000 	C:\WINDOWS\SYSTEM32\bcrypt.dll
0x00007ffaa4910000 - 0x00007ffaa491c000 	C:\WINDOWS\SYSTEM32\CRYPTBASE.dll
0x00007ffaa3db0000 - 0x00007ffaa3ddd000 	C:\WINDOWS\SYSTEM32\IPHLPAPI.DLL
0x00007ffaa7200000 - 0x00007ffaa7209000 	C:\WINDOWS\System32\NSI.dll
0x00007ffa9c850000 - 0x00007ffa9c869000 	C:\WINDOWS\SYSTEM32\dhcpcsvc6.DLL
0x00007ffa9baa0000 - 0x00007ffa9babf000 	C:\WINDOWS\SYSTEM32\dhcpcsvc.DLL
0x00007ffaa3de0000 - 0x00007ffaa3ed3000 	C:\WINDOWS\SYSTEM32\DNSAPI.dll
0x00007ffaa2070000 - 0x00007ffaa207e000 	C:\Program Files\Java\jdk-19\bin\sunmscapi.dll
0x00007ffaa59d0000 - 0x00007ffaa5b36000 	C:\WINDOWS\System32\CRYPT32.dll
0x00007ffaa4aa0000 - 0x00007ffaa4acd000 	C:\WINDOWS\SYSTEM32\ncrypt.dll
0x00007ffaa4a60000 - 0x00007ffaa4a97000 	C:\WINDOWS\SYSTEM32\NTASN1.dll
0x00007ffa8a620000 - 0x00007ffa8a62a000 	C:\Windows\System32\rasadhlp.dll
0x00007ffa998f0000 - 0x00007ffa99973000 	C:\WINDOWS\System32\fwpuclnt.dll
0x00007ffa8f5f0000 - 0x00007ffa8f5f8000 	C:\Program Files\Java\jdk-19\bin\extnet.dll

dbghelp: loaded successfully - version: 4.0.5 - missing functions: none
symbol engine: initialized successfully - sym options: 0x614 - pdb path: .;C:\Program Files\Java\jdk-19\bin;C:\WINDOWS\SYSTEM32;C:\WINDOWS\WinSxS\amd64_microsoft.windows.common-controls_6595b64144ccf1df_6.0.22621.608_none_a9444ca7c10bb01d;C:\Program Files\Java\jdk-19\bin\server

VM Arguments:
java_command: com.portfolio.thiagobong.ThiagobongApplication
java_class_path (initial): C:\Argentina Programa\PortfolioWeb_Thiagobongiovanni\Portfolioweb_Thiagobongiovanni\BackEnd\target\classes;C:\Users\thiag\.m2\repository\org\springframework\boot\spring-boot-starter-data-jpa\3.0.5\spring-boot-starter-data-jpa-3.0.5.jar;C:\Users\thiag\.m2\repository\org\springframework\boot\spring-boot-starter-aop\3.0.5\spring-boot-starter-aop-3.0.5.jar;C:\Users\thiag\.m2\repository\org\springframework\spring-aop\6.0.7\spring-aop-6.0.7.jar;C:\Users\thiag\.m2\repository\org\aspectj\aspectjweaver\1.9.19\aspectjweaver-1.9.19.jar;C:\Users\thiag\.m2\repository\org\springframework\boot\spring-boot-starter-jdbc\3.0.5\spring-boot-starter-jdbc-3.0.5.jar;C:\Users\thiag\.m2\repository\com\zaxxer\HikariCP\5.0.1\HikariCP-5.0.1.jar;C:\Users\thiag\.m2\repository\org\springframework\spring-jdbc\6.0.7\spring-jdbc-6.0.7.jar;C:\Users\thiag\.m2\repository\org\hibernate\orm\hibernate-core\6.1.7.Final\hibernate-core-6.1.7.Final.jar;C:\Users\thiag\.m2\repository\jakarta\persistence\jakarta.persistence-api\3.1.0\jakarta.persistence-api-3.1.0.jar;C:\Users\thiag\.m2\repository\jakarta\transaction\jakarta.transaction-api\2.0.1\jakarta.transaction-api-2.0.1.jar;C:\Users\thiag\.m2\repository\org\jboss\logging\jboss-logging\3.5.0.Final\jboss-logging-3.5.0.Final.jar;C:\Users\thiag\.m2\repository\org\hibernate\common\hibernate-commons-annotations\6.0.6.Final\hibernate-commons-annotations-6.0.6.Final.jar;C:\Users\thiag\.m2\repository\org\jboss\jandex\2.4.2.Final\jandex-2.4.2.Final.jar;C:\Users\thiag\.m2\repository\com\fasterxml\classmate\1.5.1\classmate-1.5.1.jar;C:\Users\thiag\.m2\repository\net\bytebuddy\byte-buddy\1.12.23\byte-buddy-1.12.23.jar;C:\Users\thiag\.m2\repository\org\glassfish\jaxb\jaxb-runtime\4.0.2\jaxb-runtime-4.0.2.jar;C:\Users\thiag\.m2\repository\org\glassfish\jaxb\jaxb-core\4.0.2\jaxb-core-4.0.2.jar;C:\Users\thiag\.m2\repository\org\eclipse\angus\angus-activation\2.0.0\angus-activation-2.0.0.jar;C:\Users\thiag\.m2\repository\org\glassfish\jaxb\txw2\4.0.2\txw2-4.0.2.jar;C:\Users\thiag\.m2\repository\com\sun\istack\istack-commons-runtime\4.1.1\istack-commons-runtime-4.1.1.jar;C:\Users\thiag\.m2\repository\jakarta\inject\jakarta.inject-api\2.0.0\jakarta.inject-api-2.0.0.jar;C:\Users\thiag\.m2\repository\org\antlr\antlr4-runtime\4.10.1\antlr4-runtime-4.10.1.jar;C:\Users\thiag\.m2\repository\org\springframework\data\spring-data-jpa\3.0.4\spring-data-jpa-3.0.4.jar;C:\Users\thiag\.m2\repository\org\springframework\data\spring-data-commons\3.0.4\spring-data-commons-3.0.4.jar;C:\Users\thiag\.m2\repository\org\springframework\spring-orm\6.0.7\spring-orm-6.0.7.jar;C:\Users\thiag\.m2\repository\org\springframework\spring-context\6.0.7\spring-context-6.0.7.jar;C:\Users\thiag\.m2\repository\org\springframework\spring-tx\6.0.7\spring-tx-6.0.7.jar;C:\Users\thiag\.m2\repository\org\springframework\spring-beans\6.0.7\spring-beans-6.0.7.jar;C:\Users\thiag\.m2\repository\jakarta\annotation\jakarta.annotation-api\2.1.1\jakarta.annotation-api-2.1.1.jar;C:\Users\thiag\.m2\repository\org\slf4j\slf4j-api\2.0.7\slf4j-api-2.0.7.jar;C:\Users\thiag\.m2\repository\org\springframework\spring-aspects\6.0.7\spring-aspects-6.0.7.jar;C:\Users\thiag\.m2\repository\org\springframework\boot\spring-boot-starter-validation\3.0.5\spring-boot-starter-validation-3.0.5.jar;C:\Users\thiag\.m2\repository\org\springframework\boot\spring-boot-starter\3.0.5\spring-boot-starter-3.0.5.jar;C:\Users\thiag\.m2\repository\org\springframework\boot\spring-boot-starter-logging\3.0.5\spring-boot-starter-logging-3.0.5.jar;C:\Users\thiag\.m2\repository\ch\qos\logback\logback-classic\1.4.6\logback-classic-1.4.6.jar;C:\Users\thiag\.m2\repository\ch\qos\logback\logback-core\1.4.6\logback-core-1.4.6.jar;C:\Users\thiag\.m2\repository\org\apache\logging\log4j\log4j-to-slf4j\2.19.0\log4j-to-slf4j-2.19.0.jar;C:\Users\thiag\.m2\repository\org\apache\logging\log4j\log4j-api\2.19.0\log4j-api-2.19.0.jar;C:\Users\thiag\.m2\repository\org\slf4j\jul-to-slf4j\2.0.7\jul-to-slf4j-2.0.7.jar;C:\Users\thiag\.m2\repository\org\yaml\snakeyaml\1.33\snakeyaml-1.33.jar;C:\Users\thiag\.m2\repository\org\apache\tomcat\embed\tomcat-embed-el\10.1.7\tomcat-embed-el-10.1.7.jar;C:\Users\thiag\.m2\repository\org\hibernate\validator\hibernate-validator\8.0.0.Final\hibernate-validator-8.0.0.Final.jar;C:\Users\thiag\.m2\repository\jakarta\validation\jakarta.validation-api\3.0.2\jakarta.validation-api-3.0.2.jar;C:\Users\thiag\.m2\repository\org\springframework\boot\spring-boot-starter-web\3.0.5\spring-boot-starter-web-3.0.5.jar;C:\Users\thiag\.m2\repository\org\springframework\boot\spring-boot-starter-json\3.0.5\spring-boot-starter-json-3.0.5.jar;C:\Users\thiag\.m2\repository\com\fasterxml\jackson\core\jackson-databind\2.14.2\jackson-databind-2.14.2.jar;C:\Users\thiag\.m2\repository\com\fasterxml\jackson\core\jackson-annotations\2.14.2\jackson-annotations-2.14.2.jar;C:\Users\thiag\.m2\repository\com\fasterxml\jackson\core\jackson-core\2.14.2\jackson-core-2.14.2.jar;C:\Users\thiag\.m2\repository\com\fasterxml\jackson\datatype\jackson-datatype-jdk8\2.14.2\jackson-datatype-jdk8-2.14.2.jar;C:\Users\thiag\.m2\repository\com\fasterxml\jackson\datatype\jackson-datatype-jsr310\2.14.2\jackson-datatype-jsr310-2.14.2.jar;C:\Users\thiag\.m2\repository\com\fasterxml\jackson\module\jackson-module-parameter-names\2.14.2\jackson-module-parameter-names-2.14.2.jar;C:\Users\thiag\.m2\repository\org\springframework\boot\spring-boot-starter-tomcat\3.0.5\spring-boot-starter-tomcat-3.0.5.jar;C:\Users\thiag\.m2\repository\org\apache\tomcat\embed\tomcat-embed-core\10.1.7\tomcat-embed-core-10.1.7.jar;C:\Users\thiag\.m2\repository\org\apache\tomcat\embed\tomcat-embed-websocket\10.1.7\tomcat-embed-websocket-10.1.7.jar;C:\Users\thiag\.m2\repository\org\springframework\spring-web\6.0.7\spring-web-6.0.7.jar;C:\Users\thiag\.m2\repository\io\micrometer\micrometer-observation\1.10.5\micrometer-observation-1.10.5.jar;C:\Users\thiag\.m2\repository\io\micrometer\micrometer-commons\1.10.5\micrometer-commons-1.10.5.jar;C:\Users\thiag\.m2\repository\org\springframework\spring-webmvc\6.0.7\spring-webmvc-6.0.7.jar;C:\Users\thiag\.m2\repository\org\springframework\spring-expression\6.0.7\spring-expression-6.0.7.jar;C:\Users\thiag\.m2\repository\org\springframework\boot\spring-boot-devtools\3.0.5\spring-boot-devtools-3.0.5.jar;C:\Users\thiag\.m2\repository\org\springframework\boot\spring-boot\3.0.5\spring-boot-3.0.5.jar;C:\Users\thiag\.m2\repository\org\springframework\boot\spring-boot-autoconfigure\3.0.5\spring-boot-autoconfigure-3.0.5.jar;C:\Users\thiag\.m2\repository\com\mysql\mysql-connector-j\8.0.32\mysql-connector-j-8.0.32.jar;C:\Users\thiag\.m2\repository\org\projectlombok\lombok\1.18.26\lombok-1.18.26.jar;C:\Users\thiag\.m2\repository\jakarta\xml\bind\jakarta.xml.bind-api\4.0.0\jakarta.xml.bind-api-4.0.0.jar;C:\Users\thiag\.m2\repository\jakarta\activation\jakarta.activation-api\2.1.1\jakarta.activation-api-2.1.1.jar;C:\Users\thiag\.m2\repository\org\springframework\spring-core\6.0.7\spring-core-6.0.7.jar;C:\Users\thiag\.m2\repository\org\springframework\spring-jcl\6.0.7\spring-jcl-6.0.7.jar
Launcher Type: SUN_STANDARD

[Global flags]
     intx CICompilerCount                          = 2                                         {product} {ergonomic}
     uint ConcGCThreads                            = 1                                         {product} {ergonomic}
     uint G1ConcRefinementThreads                  = 2                                         {product} {ergonomic}
   size_t G1HeapRegionSize                         = 1048576                                   {product} {ergonomic}
    uintx GCDrainStackTargetSize                   = 64                                        {product} {ergonomic}
   size_t InitialHeapSize                          = 65011712                                  {product} {ergonomic}
   size_t MarkStackSize                            = 4194304                                   {product} {ergonomic}
   size_t MaxHeapSize                              = 1025507328                                {product} {ergonomic}
   size_t MaxNewSize                               = 614465536                                 {product} {ergonomic}
   size_t MinHeapDeltaBytes                        = 1048576                                   {product} {ergonomic}
   size_t MinHeapSize                              = 8388608                                   {product} {ergonomic}
    uintx NonNMethodCodeHeapSize                   = 5826188                                {pd product} {ergonomic}
    uintx NonProfiledCodeHeapSize                  = 122916026                              {pd product} {ergonomic}
    uintx ProfiledCodeHeapSize                     = 122916026                              {pd product} {ergonomic}
    uintx ReservedCodeCacheSize                    = 251658240                              {pd product} {ergonomic}
     bool SegmentedCodeCache                       = true                                      {product} {ergonomic}
   size_t SoftMaxHeapSize                          = 1025507328                             {manageable} {ergonomic}
     bool UseCompressedClassPointers               = true                           {product lp64_product} {ergonomic}
     bool UseCompressedOops                        = true                           {product lp64_product} {ergonomic}
     bool UseG1GC                                  = true                                      {product} {ergonomic}
     bool UseLargePagesIndividualAllocation        = false                                  {pd product} {ergonomic}

Logging:
Log output configuration:
 #0: stdout all=warning uptime,level,tags foldmultilines=false
 #1: stderr all=off uptime,level,tags foldmultilines=false

Environment Variables:
JAVA_HOME=C:\Program Files\Java\jdk-19
PATH=C:\Program Files\Common Files\Oracle\Java\javapath;C:\WINDOWS\system32;C:\WINDOWS;C:\WINDOWS\System32\Wbem;C:\WINDOWS\System32\WindowsPowerShell\v1.0\;C:\WINDOWS\System32\OpenSSH\;C:\Program Files\Git\cmd;C:\Program Files\nodejs\;C:\Users\thiag\AppData\Local\Microsoft\WindowsApps;C:\Users\thiag\AppData\Local\Programs\Microsoft VS Code\bin;C:\Users\thiag\AppData\Local\GitHubDesktop\bin;C:\Users\thiag\AppData\Roaming\npm
USERNAME=thiag
OS=Windows_NT
PROCESSOR_IDENTIFIER=Intel64 Family 6 Model 122 Stepping 1, GenuineIntel
TMP=C:\Users\thiag\AppData\Local\Temp
TEMP=C:\Users\thiag\AppData\Local\Temp



---------------  S Y S T E M  ---------------

OS:
 Windows 11 , 64 bit Build 22621 (10.0.22621.1344)
OS uptime: 12 days 1:30 hours

CPU: total 2 (initial active 2) (2 cores per cpu, 1 threads per core) family 6 model 122 stepping 1 microcode 0x34, cx8, cmov, fxsr, mmx, 3dnowpref, sse, sse2, sse3, ssse3, sse4.1, sse4.2, popcnt, tsc, tscinvbit, aes, erms, clmul, sha, clflush, clflushopt, rdtscp, rdpid

Memory: 4k page, system-wide physical 3911M (313M free)
TotalPageFile size 11257M (AvailPageFile size 5M)
current process WorkingSet (physical memory assigned to process): 176M, peak: 176M
current process commit charge ("private bytes"): 203M, peak: 204M

vm_info: Java HotSpot(TM) 64-Bit Server VM (19.0.2+7-44) for windows-amd64 JRE (19.0.2+7-44), built on 2022-11-30T18:02:09Z by "mach5one" with MS VC++ 17.1 (VS2022)

END.
