#
# There is insufficient memory for the Java Runtime Environment to continue.
# Native memory allocation (malloc) failed to allocate 331056 bytes for Chunk::new
# Possible reasons:
#   The system is out of physical RAM or swap space
#   The process is running with CompressedOops enabled, and the Java Heap may be blocking the growth of the native heap
# Possible solutions:
#   Reduce memory load on the system
#   Increase physical memory or swap space
#   Check if swap backing store is full
#   Decrease Java heap size (-Xmx/-Xms)
#   Decrease number of Java threads
#   Decrease Java thread stack sizes (-Xss)
#   Set larger code cache with -XX:ReservedCodeCacheSize=
#   JVM is running with Unscaled Compressed Oops mode in which the Java heap is
#     placed in the first 4GB address space. The Java Heap base address is the
#     maximum limit for the native heap growth. Please use -XX:HeapBaseMinAddress
#     to set the Java Heap base and to place the Java Heap above 4GB virtual address.
# This output file may be truncated or incomplete.
#
#  Out of Memory Error (arena.cpp:184), pid=34020, tid=38124
#
# JRE version: Java(TM) SE Runtime Environment (19.0.2+7) (build 19.0.2+7-44)
# Java VM: Java HotSpot(TM) 64-Bit Server VM (19.0.2+7-44, mixed mode, sharing, tiered, compressed oops, compressed class ptrs, g1 gc, windows-amd64)
# No core dump will be written. Minidumps are not enabled by default on client versions of Windows
#

---------------  S U M M A R Y ------------

Command Line: com.portfolio.thiagobong.ThiagobongApplication

Host: Intel(R) Celeron(R) N4000 CPU @ 1.10GHz, 2 cores, 3G,  Windows 11 , 64 bit Build 22621 (10.0.22621.1344)
Time: Wed Apr  5 00:13:33 2023 Hora estándar de Argentina elapsed time: 612.251381 seconds (0d 0h 10m 12s)

---------------  T H R E A D  ---------------

Current thread (0x00000297da9a3f50):  JavaThread "C2 CompilerThread0" daemon [_thread_in_native, id=38124, stack(0x000000f5f4c00000,0x000000f5f4d00000)]


Current CompileTask:
C2: 612251 6024 %     4       jdk.internal.loader.URLClassPath$1::next @ 9 (59 bytes)

Stack: [0x000000f5f4c00000,0x000000f5f4d00000]
Native frames: (J=compiled Java code, j=interpreted, Vv=VM code, C=native code)
V  [jvm.dll+0x6ee21a]
V  [jvm.dll+0x85765e]
V  [jvm.dll+0x85904e]
V  [jvm.dll+0x859703]
V  [jvm.dll+0x28298f]
V  [jvm.dll+0xc9adf]
V  [jvm.dll+0xc9e65]
V  [jvm.dll+0x2f7caf]
V  [jvm.dll+0x5f076b]
V  [jvm.dll+0x25590c]
V  [jvm.dll+0x24e1a7]
V  [jvm.dll+0x24b673]
V  [jvm.dll+0x1d6ce1]
V  [jvm.dll+0x25b25a]
V  [jvm.dll+0x2596e8]
V  [jvm.dll+0x807588]
V  [jvm.dll+0x80125a]
V  [jvm.dll+0x6ecf0b]
C  [ucrtbase.dll+0x29363]
C  [KERNEL32.DLL+0x126bd]
C  [ntdll.dll+0x5a9f8]


---------------  P R O C E S S  ---------------

Threads class SMR info:
_java_thread_list=0x00000297e0066fc0, length=19, elements={
0x00000297da99d0e0, 0x00000297da99da10, 0x00000297da9a0750, 0x00000297da9a1080,
0x00000297da9a19b0, 0x00000297da9a22e0, 0x00000297da9a3f50, 0x00000297da9c4a00,
0x00000297da9ff310, 0x00000297decc72d0, 0x00000297decd22a0, 0x00000297dfbf4830,
0x00000297dfbf2300, 0x00000297e2127600, 0x00000297e21295e0, 0x00000297e212c060,
0x00000297e2129b30, 0x00000297e212d5a0, 0x00000297e212cb00
}

Java Threads: ( => current thread )
  0x00000297da99d0e0 JavaThread "Reference Handler" daemon [_thread_blocked, id=12236, stack(0x000000f5f4600000,0x000000f5f4700000)]
  0x00000297da99da10 JavaThread "Finalizer" daemon [_thread_blocked, id=19492, stack(0x000000f5f4700000,0x000000f5f4800000)]
  0x00000297da9a0750 JavaThread "Signal Dispatcher" daemon [_thread_blocked, id=8356, stack(0x000000f5f4800000,0x000000f5f4900000)]
  0x00000297da9a1080 JavaThread "Attach Listener" daemon [_thread_blocked, id=22740, stack(0x000000f5f4900000,0x000000f5f4a00000)]
  0x00000297da9a19b0 JavaThread "Service Thread" daemon [_thread_blocked, id=40124, stack(0x000000f5f4a00000,0x000000f5f4b00000)]
  0x00000297da9a22e0 JavaThread "Monitor Deflation Thread" daemon [_thread_blocked, id=37576, stack(0x000000f5f4b00000,0x000000f5f4c00000)]
=>0x00000297da9a3f50 JavaThread "C2 CompilerThread0" daemon [_thread_in_native, id=38124, stack(0x000000f5f4c00000,0x000000f5f4d00000)]
  0x00000297da9c4a00 JavaThread "C1 CompilerThread0" daemon [_thread_blocked, id=39168, stack(0x000000f5f4d00000,0x000000f5f4e00000)]
  0x00000297da9ff310 JavaThread "Sweeper thread" daemon [_thread_blocked, id=18840, stack(0x000000f5f4e00000,0x000000f5f4f00000)]
  0x00000297decc72d0 JavaThread "Notification Thread" daemon [_thread_blocked, id=23084, stack(0x000000f5f4f00000,0x000000f5f5000000)]
  0x00000297decd22a0 JavaThread "Common-Cleaner" daemon [_thread_blocked, id=38604, stack(0x000000f5f5100000,0x000000f5f5200000)]
  0x00000297dfbf4830 JavaThread "mysql-cj-abandoned-connection-cleanup" daemon [_thread_blocked, id=36024, stack(0x000000f5f5800000,0x000000f5f5900000)]
  0x00000297dfbf2300 JavaThread "Live Reload Server" daemon [_thread_in_native, id=41684, stack(0x000000f5f5c00000,0x000000f5f5d00000)]
  0x00000297e2127600 JavaThread "DestroyJavaVM" [_thread_blocked, id=34524, stack(0x000000f5f3f00000,0x000000f5f4000000)]
  0x00000297e21295e0 JavaThread "Thread-11" [_thread_blocked, id=41776, stack(0x000000f5f6600000,0x000000f5f6700000)]
  0x00000297e212c060 JavaThread "restartedMain" [_thread_in_Java, id=2896, stack(0x000000f5f5400000,0x000000f5f5500000)]
  0x00000297e2129b30 JavaThread "Catalina-utility-1" [_thread_blocked, id=35108, stack(0x000000f5f5300000,0x000000f5f5400000)]
  0x00000297e212d5a0 JavaThread "Catalina-utility-2" [_thread_blocked, id=30820, stack(0x000000f5f5500000,0x000000f5f5600000)]
  0x00000297e212cb00 JavaThread "container-0" [_thread_blocked, id=35340, stack(0x000000f5f5700000,0x000000f5f5800000)]

Other Threads:
  0x00000297bf6ce760 VMThread "VM Thread" [stack: 0x000000f5f4500000,0x000000f5f4600000] [id=40800]
  0x00000297deccd830 WatcherThread "VM Periodic Task Thread" [stack: 0x000000f5f5000000,0x000000f5f5100000] [id=39564]
  0x00000297bf656390 WorkerThread "GC Thread#0" [stack: 0x000000f5f4000000,0x000000f5f4100000] [id=22880]
  0x00000297dee98ef0 WorkerThread "GC Thread#1" [stack: 0x000000f5f5200000,0x000000f5f5300000] [id=40360]
  0x00000297bf65f030 ConcurrentGCThread "G1 Main Marker" [stack: 0x000000f5f4100000,0x000000f5f4200000] [id=33376]
  0x00000297bf660200 WorkerThread "G1 Conc#0" [stack: 0x000000f5f4200000,0x000000f5f4300000] [id=36796]
  0x00000297bf6ab9f0 ConcurrentGCThread "G1 Refine#0" [stack: 0x000000f5f4300000,0x000000f5f4400000] [id=38884]
  0x00000297bf6ae7f0 ConcurrentGCThread "G1 Service" [stack: 0x000000f5f4400000,0x000000f5f4500000] [id=37812]

Threads with active compile tasks:
C2 CompilerThread0   612324 6024 %     4       jdk.internal.loader.URLClassPath$1::next @ 9 (59 bytes)

VM state: not at safepoint (normal execution)

VM Mutex/Monitor currently owned by a thread: None

Heap address: 0x00000000c2e00000, size: 978 MB, Compressed Oops mode: 32-bit

CDS archive(s) mapped at: [0x0000000800000000-0x0000000800c40000-0x0000000800c40000), size 12845056, SharedBaseAddress: 0x0000000800000000, ArchiveRelocationMode: 0.
Compressed class space mapped at: 0x0000000801000000-0x0000000841000000, reserved size: 1073741824
Narrow klass base: 0x0000000800000000, Narrow klass shift: 0, Narrow klass range: 0x100000000

GC Precious Log:
 CardTable entry size: 512
 Card Set container configuration: InlinePtr #cards 5 size 8 Array Of Cards #cards 12 size 40 Howl #buckets 4 coarsen threshold 1843 Howl Bitmap #cards 512 size 80 coarsen threshold 460 Card regions per heap region 1 cards per card region 2048
 CPUs: 2 total, 2 available
 Memory: 3911M
 Large Page Support: Disabled
 NUMA Support: Disabled
 Compressed Oops: Enabled (32-bit)
 Heap Region Size: 1M
 Heap Min Capacity: 8M
 Heap Initial Capacity: 62M
 Heap Max Capacity: 978M
 Pre-touch: Disabled
 Parallel Workers: 2
 Concurrent Workers: 1
 Concurrent Refinement Workers: 2
 Periodic GC: Disabled

Heap:
 garbage-first heap   total 54272K, used 34389K [0x00000000c2e00000, 0x0000000100000000)
  region size 1024K, 16 young (16384K), 3 survivors (3072K)
 Metaspace       used 48426K, committed 49024K, reserved 1114112K
  class space    used 6122K, committed 6400K, reserved 1048576K

Heap Regions: E=young(eden), S=young(survivor), O=old, HS=humongous(starts), HC=humongous(continues), CS=collection set, F=free, OA=open archive, CA=closed archive, TAMS=top-at-mark-start (previous, next)
|   0|0x00000000c2e00000, 0x00000000c2f00000, 0x00000000c2f00000|100%|HS|  |TAMS 0x00000000c2f00000, 0x00000000c2e00000| Untracked 
|   1|0x00000000c2f00000, 0x00000000c2ff5a58, 0x00000000c3000000| 95%| O|  |TAMS 0x00000000c2ff5a58, 0x00000000c2f00000| Untracked 
|   2|0x00000000c3000000, 0x00000000c30fffa8, 0x00000000c3100000| 99%| O|  |TAMS 0x00000000c30fffa8, 0x00000000c3000000| Untracked 
|   3|0x00000000c3100000, 0x00000000c3200000, 0x00000000c3200000|100%| O|  |TAMS 0x00000000c3200000, 0x00000000c3100000| Untracked 
|   4|0x00000000c3200000, 0x00000000c32ffff8, 0x00000000c3300000| 99%| O|  |TAMS 0x00000000c32ffff8, 0x00000000c3200000| Untracked 
|   5|0x00000000c3300000, 0x00000000c33ffff8, 0x00000000c3400000| 99%| O|  |TAMS 0x00000000c33ffff8, 0x00000000c3300000| Untracked 
|   6|0x00000000c3400000, 0x00000000c34ffff8, 0x00000000c3500000| 99%| O|  |TAMS 0x00000000c34ffff8, 0x00000000c3400000| Untracked 
|   7|0x00000000c3500000, 0x00000000c35ffff0, 0x00000000c3600000| 99%| O|  |TAMS 0x00000000c35ffff0, 0x00000000c3500000| Untracked 
|   8|0x00000000c3600000, 0x00000000c3700000, 0x00000000c3700000|100%| O|  |TAMS 0x00000000c3700000, 0x00000000c3600000| Untracked 
|   9|0x00000000c3700000, 0x00000000c37fffd8, 0x00000000c3800000| 99%| O|  |TAMS 0x00000000c37fffd8, 0x00000000c3700000| Untracked 
|  10|0x00000000c3800000, 0x00000000c38fffd0, 0x00000000c3900000| 99%| O|  |TAMS 0x00000000c38fffd0, 0x00000000c3800000| Untracked 
|  11|0x00000000c3900000, 0x00000000c3a00000, 0x00000000c3a00000|100%| O|  |TAMS 0x00000000c3a00000, 0x00000000c3900000| Untracked 
|  12|0x00000000c3a00000, 0x00000000c3affff8, 0x00000000c3b00000| 99%| O|  |TAMS 0x00000000c3affff8, 0x00000000c3a00000| Untracked 
|  13|0x00000000c3b00000, 0x00000000c3bffff0, 0x00000000c3c00000| 99%| O|  |TAMS 0x00000000c3bffff0, 0x00000000c3b00000| Untracked 
|  14|0x00000000c3c00000, 0x00000000c3cffff0, 0x00000000c3d00000| 99%| O|  |TAMS 0x00000000c3cffff0, 0x00000000c3c00000| Untracked 
|  15|0x00000000c3d00000, 0x00000000c3e00000, 0x00000000c3e00000|100%| O|  |TAMS 0x00000000c3e00000, 0x00000000c3d00000| Untracked 
|  16|0x00000000c3e00000, 0x00000000c3f00000, 0x00000000c3f00000|100%| O|  |TAMS 0x00000000c3f00000, 0x00000000c3e00000| Untracked 
|  17|0x00000000c3f00000, 0x00000000c3ff4f00, 0x00000000c4000000| 95%| O|  |TAMS 0x00000000c3f00000, 0x00000000c3f00000| Untracked 
|  18|0x00000000c4000000, 0x00000000c40fffe8, 0x00000000c4100000| 99%| O|  |TAMS 0x00000000c4000000, 0x00000000c4000000| Untracked 
|  19|0x00000000c4100000, 0x00000000c4100000, 0x00000000c4200000|  0%| F|  |TAMS 0x00000000c4100000, 0x00000000c4100000| Untracked 
|  20|0x00000000c4200000, 0x00000000c4285200, 0x00000000c4300000| 52%| O|  |TAMS 0x00000000c4200000, 0x00000000c4200000| Untracked 
|  21|0x00000000c4300000, 0x00000000c4300000, 0x00000000c4400000|  0%| F|  |TAMS 0x00000000c4300000, 0x00000000c4300000| Untracked 
|  22|0x00000000c4400000, 0x00000000c4400000, 0x00000000c4500000|  0%| F|  |TAMS 0x00000000c4400000, 0x00000000c4400000| Untracked 
|  23|0x00000000c4500000, 0x00000000c4500000, 0x00000000c4600000|  0%| F|  |TAMS 0x00000000c4500000, 0x00000000c4500000| Untracked 
|  24|0x00000000c4600000, 0x00000000c4600000, 0x00000000c4700000|  0%| F|  |TAMS 0x00000000c4600000, 0x00000000c4600000| Untracked 
|  25|0x00000000c4700000, 0x00000000c4700000, 0x00000000c4800000|  0%| F|  |TAMS 0x00000000c4700000, 0x00000000c4700000| Untracked 
|  26|0x00000000c4800000, 0x00000000c4800000, 0x00000000c4900000|  0%| F|  |TAMS 0x00000000c4800000, 0x00000000c4800000| Untracked 
|  27|0x00000000c4900000, 0x00000000c4900000, 0x00000000c4a00000|  0%| F|  |TAMS 0x00000000c4900000, 0x00000000c4900000| Untracked 
|  28|0x00000000c4a00000, 0x00000000c4a00000, 0x00000000c4b00000|  0%| F|  |TAMS 0x00000000c4a00000, 0x00000000c4a00000| Untracked 
|  29|0x00000000c4b00000, 0x00000000c4b25aa8, 0x00000000c4c00000| 14%| S|CS|TAMS 0x00000000c4b00000, 0x00000000c4b00000| Complete 
|  30|0x00000000c4c00000, 0x00000000c4d00000, 0x00000000c4d00000|100%| S|CS|TAMS 0x00000000c4c00000, 0x00000000c4c00000| Complete 
|  31|0x00000000c4d00000, 0x00000000c4e00000, 0x00000000c4e00000|100%| S|CS|TAMS 0x00000000c4d00000, 0x00000000c4d00000| Complete 
|  32|0x00000000c4e00000, 0x00000000c4e00000, 0x00000000c4f00000|  0%| F|  |TAMS 0x00000000c4e00000, 0x00000000c4e00000| Untracked 
|  33|0x00000000c4f00000, 0x00000000c4f00000, 0x00000000c5000000|  0%| F|  |TAMS 0x00000000c4f00000, 0x00000000c4f00000| Untracked 
|  34|0x00000000c5000000, 0x00000000c5000000, 0x00000000c5100000|  0%| F|  |TAMS 0x00000000c5000000, 0x00000000c5000000| Untracked 
|  35|0x00000000c5100000, 0x00000000c5100000, 0x00000000c5200000|  0%| F|  |TAMS 0x00000000c5100000, 0x00000000c5100000| Untracked 
|  36|0x00000000c5200000, 0x00000000c5200000, 0x00000000c5300000|  0%| F|  |TAMS 0x00000000c5200000, 0x00000000c5200000| Untracked 
|  37|0x00000000c5300000, 0x00000000c5300000, 0x00000000c5400000|  0%| F|  |TAMS 0x00000000c5300000, 0x00000000c5300000| Untracked 
|  38|0x00000000c5400000, 0x00000000c5400000, 0x00000000c5500000|  0%| F|  |TAMS 0x00000000c5400000, 0x00000000c5400000| Untracked 
|  39|0x00000000c5500000, 0x00000000c5500000, 0x00000000c5600000|  0%| F|  |TAMS 0x00000000c5500000, 0x00000000c5500000| Untracked 
|  40|0x00000000c5600000, 0x00000000c566be88, 0x00000000c5700000| 42%| E|  |TAMS 0x00000000c5600000, 0x00000000c5600000| Complete 
|  41|0x00000000c5700000, 0x00000000c5800000, 0x00000000c5800000|100%| E|CS|TAMS 0x00000000c5700000, 0x00000000c5700000| Complete 
|  42|0x00000000c5800000, 0x00000000c5900000, 0x00000000c5900000|100%| E|CS|TAMS 0x00000000c5800000, 0x00000000c5800000| Complete 
|  43|0x00000000c5900000, 0x00000000c5a00000, 0x00000000c5a00000|100%| E|CS|TAMS 0x00000000c5900000, 0x00000000c5900000| Complete 
|  44|0x00000000c5a00000, 0x00000000c5b00000, 0x00000000c5b00000|100%| E|CS|TAMS 0x00000000c5a00000, 0x00000000c5a00000| Complete 
|  45|0x00000000c5b00000, 0x00000000c5c00000, 0x00000000c5c00000|100%| E|CS|TAMS 0x00000000c5b00000, 0x00000000c5b00000| Complete 
|  46|0x00000000c5c00000, 0x00000000c5d00000, 0x00000000c5d00000|100%| E|CS|TAMS 0x00000000c5c00000, 0x00000000c5c00000| Complete 
|  47|0x00000000c5d00000, 0x00000000c5e00000, 0x00000000c5e00000|100%| E|CS|TAMS 0x00000000c5d00000, 0x00000000c5d00000| Complete 
|  48|0x00000000c5e00000, 0x00000000c5f00000, 0x00000000c5f00000|100%| E|CS|TAMS 0x00000000c5e00000, 0x00000000c5e00000| Complete 
|  49|0x00000000c5f00000, 0x00000000c6000000, 0x00000000c6000000|100%| E|CS|TAMS 0x00000000c5f00000, 0x00000000c5f00000| Complete 
|  50|0x00000000c6000000, 0x00000000c6100000, 0x00000000c6100000|100%| E|CS|TAMS 0x00000000c6000000, 0x00000000c6000000| Complete 
|  51|0x00000000c6100000, 0x00000000c6200000, 0x00000000c6200000|100%| E|CS|TAMS 0x00000000c6100000, 0x00000000c6100000| Complete 
|  61|0x00000000c6b00000, 0x00000000c6c00000, 0x00000000c6c00000|100%| E|CS|TAMS 0x00000000c6b00000, 0x00000000c6b00000| Complete 

Card table byte_map: [0x00000297bf3d0000,0x00000297bf5c0000] _byte_map_base: 0x00000297bedb9000

Marking Bits (Prev, Next): (CMBitMap*) 0x00000297bf656a00, (CMBitMap*) 0x00000297bf6569c0
 Prev Bits: [0x00000297d76b0000, 0x00000297d85f8000)
 Next Bits: [0x00000297d6760000, 0x00000297d76a8000)

Polling page: 0x00000297bd5c0000

Metaspace:

Usage:
  Non-class:     41.31 MB used.
      Class:      5.98 MB used.
       Both:     47.29 MB used.

Virtual space:
  Non-class space:       64.00 MB reserved,      41.62 MB ( 65%) committed,  1 nodes.
      Class space:        1.00 GB reserved,       6.25 MB ( <1%) committed,  1 nodes.
             Both:        1.06 GB reserved,      47.88 MB (  4%) committed. 

Chunk freelists:
   Non-Class:  2.02 MB
       Class:  1.70 MB
        Both:  3.72 MB

MaxMetaspaceSize: unlimited
CompressedClassSpaceSize: 1.00 GB
Initial GC threshold: 21.00 MB
Current GC threshold: 79.50 MB
CDS: on
MetaspaceReclaimPolicy: balanced
 - commit_granule_bytes: 65536.
 - commit_granule_words: 8192.
 - virtual_space_node_default_size: 8388608.
 - enlarge_chunks_in_place: 1.
 - new_chunks_are_fully_committed: 0.
 - uncommit_free_chunks: 1.
 - use_allocation_guard: 0.


Internal statistics:

num_allocs_failed_limit: 6.
num_arena_births: 770.
num_arena_deaths: 4.
num_vsnodes_births: 2.
num_vsnodes_deaths: 0.
num_space_committed: 766.
num_space_uncommitted: 0.
num_chunks_returned_to_freelist: 10.
num_chunks_taken_from_freelist: 2497.
num_chunk_merges: 6.
num_chunk_splits: 1786.
num_chunks_enlarged: 1418.
num_inconsistent_stats: 0.

CodeHeap 'non-profiled nmethods': size=120064Kb used=3477Kb max_used=3477Kb free=116586Kb
 bounds [0x00000297cf030000, 0x00000297cf3a0000, 0x00000297d6570000]
CodeHeap 'profiled nmethods': size=120000Kb used=10663Kb max_used=11763Kb free=109336Kb
 bounds [0x00000297c7570000, 0x00000297c80f0000, 0x00000297ceaa0000]
CodeHeap 'non-nmethods': size=5696Kb used=1356Kb max_used=1401Kb free=4340Kb
 bounds [0x00000297ceaa0000, 0x00000297ced10000, 0x00000297cf030000]
 total_blobs=5791 nmethods=5199 adapters=503
 compilation: enabled
              stopped_count=0, restarted_count=0
 full_count=0

Compilation events (20 events):
Event: 612.220 Thread 0x00000297da9c4a00 6037       3       org.hibernate.query.sqm.function.SqmFunctionRegistry::namedDescriptorBuilder (7 bytes)
Event: 612.221 Thread 0x00000297da9c4a00 nmethod 6037 0x00000297c7ccd510 code [0x00000297c7ccd6c0, 0x00000297c7ccd808]
Event: 612.221 Thread 0x00000297da9c4a00 6039       3       org.hibernate.query.sqm.produce.function.NamedFunctionDescriptorBuilder::descriptor (44 bytes)
Event: 612.221 Thread 0x00000297da9c4a00 nmethod 6039 0x00000297c8090690 code [0x00000297c8090840, 0x00000297c8090a48]
Event: 612.221 Thread 0x00000297da9c4a00 6038       1       org.hibernate.query.spi.QueryEngine::getSqmFunctionRegistry (5 bytes)
Event: 612.221 Thread 0x00000297da9c4a00 nmethod 6038 0x00000297cf394c10 code [0x00000297cf394da0, 0x00000297cf394e58]
Event: 612.221 Thread 0x00000297da9c4a00 6040   !   3       org.hibernate.boot.registry.classloading.internal.AggregatedServiceLoader$ClassPathAndModulePathAggregatedServiceLoader::hasNextIgnoringServiceConfigurationError (24 bytes)
Event: 612.222 Thread 0x00000297da9c4a00 nmethod 6040 0x00000297c7b22b10 code [0x00000297c7b22ce0, 0x00000297c7b22f98]
Event: 612.222 Thread 0x00000297da9c4a00 6041       3       java.lang.Math::abs (11 bytes)
Event: 612.222 Thread 0x00000297da9c4a00 nmethod 6041 0x00000297c7d59610 code [0x00000297c7d597c0, 0x00000297c7d59918]
Event: 612.237 Thread 0x00000297da9c4a00 6045       3       org.springframework.beans.AbstractNestablePropertyAccessor::<init> (37 bytes)
Event: 612.238 Thread 0x00000297da9c4a00 nmethod 6045 0x00000297c7c83b90 code [0x00000297c7c83d80, 0x00000297c7c843d8]
Event: 612.239 Thread 0x00000297da9c4a00 6046       3       java.util.ArrayList$ArrayListSpliterator::forEachRemaining (127 bytes)
Event: 612.240 Thread 0x00000297da9c4a00 nmethod 6046 0x00000297c78fc890 code [0x00000297c78fca80, 0x00000297c78fd088]
Event: 612.240 Thread 0x00000297da9c4a00 6047       3       org.springframework.beans.factory.support.DefaultListableBeanFactory::isSelfReference (45 bytes)
Event: 612.241 Thread 0x00000297da9c4a00 nmethod 6047 0x00000297c78fbd10 code [0x00000297c78fbf20, 0x00000297c78fc608]
Event: 612.241 Thread 0x00000297da9c4a00 6048       3       org.springframework.beans.factory.support.DefaultListableBeanFactory::isAutowireCandidate (114 bytes)
Event: 612.243 Thread 0x00000297da9c4a00 nmethod 6048 0x00000297c75d0110 code [0x00000297c75d0460, 0x00000297c75d1ae8]
Event: 612.244 Thread 0x00000297da9c4a00 6049       3       org.springframework.boot.context.properties.ConfigurationPropertiesBean::findFactoryMethodUsingReflection (84 bytes)
Event: 612.245 Thread 0x00000297da9c4a00 nmethod 6049 0x00000297c792c790 code [0x00000297c792ca00, 0x00000297c792d598]

GC Heap History (20 events):
Event: 17.695 GC heap before
{Heap before GC invocations=14 (full 0):
 garbage-first heap   total 45056K, used 34366K [0x00000000c2e00000, 0x0000000100000000)
  region size 1024K, 18 young (18432K), 3 survivors (3072K)
 Metaspace       used 44332K, committed 44864K, reserved 1114112K
  class space    used 5741K, committed 6016K, reserved 1048576K
}
Event: 17.706 GC heap after
{Heap after GC invocations=15 (full 0):
 garbage-first heap   total 54272K, used 20408K [0x00000000c2e00000, 0x0000000100000000)
  region size 1024K, 3 young (3072K), 3 survivors (3072K)
 Metaspace       used 44332K, committed 44864K, reserved 1114112K
  class space    used 5741K, committed 6016K, reserved 1048576K
}
Event: 20.626 GC heap before
{Heap before GC invocations=15 (full 0):
 garbage-first heap   total 54272K, used 40888K [0x00000000c2e00000, 0x0000000100000000)
  region size 1024K, 23 young (23552K), 3 survivors (3072K)
 Metaspace       used 46970K, committed 47488K, reserved 1114112K
  class space    used 6062K, committed 6272K, reserved 1048576K
}
Event: 20.659 GC heap after
{Heap after GC invocations=16 (full 0):
 garbage-first heap   total 54272K, used 22220K [0x00000000c2e00000, 0x0000000100000000)
  region size 1024K, 3 young (3072K), 3 survivors (3072K)
 Metaspace       used 46970K, committed 47488K, reserved 1114112K
  class space    used 6062K, committed 6272K, reserved 1048576K
}
Event: 549.194 GC heap before
{Heap before GC invocations=16 (full 0):
 garbage-first heap   total 54272K, used 27340K [0x00000000c2e00000, 0x0000000100000000)
  region size 1024K, 9 young (9216K), 3 survivors (3072K)
 Metaspace       used 47242K, committed 47808K, reserved 1114112K
  class space    used 6091K, committed 6336K, reserved 1048576K
}
Event: 549.549 GC heap after
{Heap after GC invocations=17 (full 1):
 garbage-first heap   total 54272K, used 19448K [0x00000000c2e00000, 0x0000000100000000)
  region size 1024K, 0 young (0K), 0 survivors (0K)
 Metaspace       used 47242K, committed 47808K, reserved 1114112K
  class space    used 6091K, committed 6336K, reserved 1048576K
}
Event: 552.288 GC heap before
{Heap before GC invocations=17 (full 1):
 garbage-first heap   total 54272K, used 39928K [0x00000000c2e00000, 0x0000000100000000)
  region size 1024K, 20 young (20480K), 0 survivors (0K)
 Metaspace       used 47343K, committed 47936K, reserved 1114112K
  class space    used 6095K, committed 6336K, reserved 1048576K
}
Event: 552.295 GC heap after
{Heap after GC invocations=18 (full 1):
 garbage-first heap   total 54272K, used 21790K [0x00000000c2e00000, 0x0000000100000000)
  region size 1024K, 3 young (3072K), 3 survivors (3072K)
 Metaspace       used 47343K, committed 47936K, reserved 1114112K
  class space    used 6095K, committed 6336K, reserved 1048576K
}
Event: 554.002 GC heap before
{Heap before GC invocations=18 (full 1):
 garbage-first heap   total 54272K, used 40222K [0x00000000c2e00000, 0x0000000100000000)
  region size 1024K, 21 young (21504K), 3 survivors (3072K)
 Metaspace       used 47592K, committed 48192K, reserved 1114112K
  class space    used 6097K, committed 6336K, reserved 1048576K
}
Event: 554.013 GC heap after
{Heap after GC invocations=19 (full 1):
 garbage-first heap   total 54272K, used 23041K [0x00000000c2e00000, 0x0000000100000000)
  region size 1024K, 2 young (2048K), 2 survivors (2048K)
 Metaspace       used 47592K, committed 48192K, reserved 1114112K
  class space    used 6097K, committed 6336K, reserved 1048576K
}
Event: 559.145 GC heap before
{Heap before GC invocations=19 (full 1):
 garbage-first heap   total 54272K, used 30209K [0x00000000c2e00000, 0x0000000100000000)
  region size 1024K, 10 young (10240K), 2 survivors (2048K)
 Metaspace       used 47706K, committed 48256K, reserved 1114112K
  class space    used 6102K, committed 6336K, reserved 1048576K
}
Event: 559.222 GC heap after
{Heap after GC invocations=20 (full 2):
 garbage-first heap   total 54272K, used 19710K [0x00000000c2e00000, 0x0000000100000000)
  region size 1024K, 0 young (0K), 0 survivors (0K)
 Metaspace       used 47703K, committed 48256K, reserved 1114112K
  class space    used 6101K, committed 6336K, reserved 1048576K
}
Event: 562.559 GC heap before
{Heap before GC invocations=20 (full 2):
 garbage-first heap   total 54272K, used 41214K [0x00000000c2e00000, 0x0000000100000000)
  region size 1024K, 21 young (21504K), 0 survivors (0K)
 Metaspace       used 47871K, committed 48384K, reserved 1114112K
  class space    used 6105K, committed 6336K, reserved 1048576K
}
Event: 562.567 GC heap after
{Heap after GC invocations=21 (full 2):
 garbage-first heap   total 54272K, used 21909K [0x00000000c2e00000, 0x0000000100000000)
  region size 1024K, 3 young (3072K), 3 survivors (3072K)
 Metaspace       used 47871K, committed 48384K, reserved 1114112K
  class space    used 6105K, committed 6336K, reserved 1048576K
}
Event: 565.237 GC heap before
{Heap before GC invocations=21 (full 2):
 garbage-first heap   total 54272K, used 40341K [0x00000000c2e00000, 0x0000000100000000)
  region size 1024K, 21 young (21504K), 3 survivors (3072K)
 Metaspace       used 48136K, committed 48768K, reserved 1114112K
  class space    used 6115K, committed 6400K, reserved 1048576K
}
Event: 565.256 GC heap after
{Heap after GC invocations=22 (full 2):
 garbage-first heap   total 54272K, used 23119K [0x00000000c2e00000, 0x0000000100000000)
  region size 1024K, 2 young (2048K), 2 survivors (2048K)
 Metaspace       used 48136K, committed 48768K, reserved 1114112K
  class space    used 6115K, committed 6400K, reserved 1048576K
}
Event: 604.585 GC heap before
{Heap before GC invocations=22 (full 2):
 garbage-first heap   total 54272K, used 29263K [0x00000000c2e00000, 0x0000000100000000)
  region size 1024K, 9 young (9216K), 2 survivors (2048K)
 Metaspace       used 48251K, committed 48832K, reserved 1114112K
  class space    used 6120K, committed 6400K, reserved 1048576K
}
Event: 604.770 GC heap after
{Heap after GC invocations=23 (full 3):
 garbage-first heap   total 54272K, used 19902K [0x00000000c2e00000, 0x0000000100000000)
  region size 1024K, 0 young (0K), 0 survivors (0K)
 Metaspace       used 48248K, committed 48832K, reserved 1114112K
  class space    used 6120K, committed 6400K, reserved 1048576K
}
Event: 609.693 GC heap before
{Heap before GC invocations=23 (full 3):
 garbage-first heap   total 54272K, used 41406K [0x00000000c2e00000, 0x0000000100000000)
  region size 1024K, 21 young (21504K), 0 survivors (0K)
 Metaspace       used 48341K, committed 48896K, reserved 1114112K
  class space    used 6121K, committed 6400K, reserved 1048576K
}
Event: 609.700 GC heap after
{Heap after GC invocations=24 (full 3):
 garbage-first heap   total 54272K, used 22101K [0x00000000c2e00000, 0x0000000100000000)
  region size 1024K, 3 young (3072K), 3 survivors (3072K)
 Metaspace       used 48341K, committed 48896K, reserved 1114112K
  class space    used 6121K, committed 6400K, reserved 1048576K
}

Dll operation events (11 events):
Event: 0.020 Loaded shared library C:\Program Files\Java\jdk-19\bin\java.dll
Event: 0.039 Loaded shared library C:\Program Files\Java\jdk-19\bin\jsvml.dll
Event: 0.240 Loaded shared library C:\Program Files\Java\jdk-19\bin\net.dll
Event: 0.244 Loaded shared library C:\Program Files\Java\jdk-19\bin\nio.dll
Event: 0.250 Loaded shared library C:\Program Files\Java\jdk-19\bin\zip.dll
Event: 0.650 Loaded shared library C:\Program Files\Java\jdk-19\bin\jimage.dll
Event: 1.493 Loaded shared library C:\Program Files\Java\jdk-19\bin\management.dll
Event: 1.502 Loaded shared library C:\Program Files\Java\jdk-19\bin\management_ext.dll
Event: 3.253 Loaded shared library C:\Program Files\Java\jdk-19\bin\verify.dll
Event: 11.578 Loaded shared library C:\Program Files\Java\jdk-19\bin\sunmscapi.dll
Event: 14.982 Loaded shared library C:\Program Files\Java\jdk-19\bin\extnet.dll

Deoptimization events (20 events):
Event: 608.310 Thread 0x00000297e212c060 DEOPT PACKING pc=0x00000297cf361074 sp=0x000000f5f54fde60
Event: 608.310 Thread 0x00000297e212c060 DEOPT UNPACKING pc=0x00000297ceb06d9d sp=0x000000f5f54fde58 mode 2
Event: 608.505 Thread 0x00000297e212c060 Uncommon trap: trap_request=0xffffffbe fr.pc=0x00000297cf361074 relative=0x0000000000002074
Event: 608.505 Thread 0x00000297e212c060 Uncommon trap: reason=profile_predicate action=maybe_recompile pc=0x00000297cf361074 method=org.springframework.core.annotation.TypeMappedAnnotation.asMap(Ljava/util/function/Function;[Lorg/springframework/core/annotation/MergedAnnotation$Adapt;)Ljava/uti
Event: 608.505 Thread 0x00000297e212c060 DEOPT PACKING pc=0x00000297cf361074 sp=0x000000f5f54fde60
Event: 608.505 Thread 0x00000297e212c060 DEOPT UNPACKING pc=0x00000297ceb06d9d sp=0x000000f5f54fde58 mode 2
Event: 608.760 Thread 0x00000297e212c060 Uncommon trap: trap_request=0xffffffbe fr.pc=0x00000297cf361074 relative=0x0000000000002074
Event: 608.760 Thread 0x00000297e212c060 Uncommon trap: reason=profile_predicate action=maybe_recompile pc=0x00000297cf361074 method=org.springframework.core.annotation.TypeMappedAnnotation.asMap(Ljava/util/function/Function;[Lorg/springframework/core/annotation/MergedAnnotation$Adapt;)Ljava/uti
Event: 608.760 Thread 0x00000297e212c060 DEOPT PACKING pc=0x00000297cf361074 sp=0x000000f5f54fded0
Event: 608.760 Thread 0x00000297e212c060 DEOPT UNPACKING pc=0x00000297ceb06d9d sp=0x000000f5f54fdec8 mode 2
Event: 608.762 Thread 0x00000297e212c060 Uncommon trap: trap_request=0xffffffbe fr.pc=0x00000297cf361074 relative=0x0000000000002074
Event: 608.762 Thread 0x00000297e212c060 Uncommon trap: reason=profile_predicate action=maybe_recompile pc=0x00000297cf361074 method=org.springframework.core.annotation.TypeMappedAnnotation.asMap(Ljava/util/function/Function;[Lorg/springframework/core/annotation/MergedAnnotation$Adapt;)Ljava/uti
Event: 608.762 Thread 0x00000297e212c060 DEOPT PACKING pc=0x00000297cf361074 sp=0x000000f5f54fded0
Event: 608.762 Thread 0x00000297e212c060 DEOPT UNPACKING pc=0x00000297ceb06d9d sp=0x000000f5f54fdec8 mode 2
Event: 609.498 Thread 0x00000297e212c060 Uncommon trap: trap_request=0xffffffbe fr.pc=0x00000297cf11664c relative=0x0000000000000e0c
Event: 609.498 Thread 0x00000297e212c060 Uncommon trap: reason=profile_predicate action=maybe_recompile pc=0x00000297cf11664c method=org.springframework.boot.context.properties.source.SpringIterableConfigurationPropertySource$Mappings.updateMappings([Ljava/lang/String;)V @ 97 c2
Event: 609.498 Thread 0x00000297e212c060 DEOPT PACKING pc=0x00000297cf11664c sp=0x000000f5f54fbe00
Event: 609.498 Thread 0x00000297e212c060 DEOPT UNPACKING pc=0x00000297ceb06d9d sp=0x000000f5f54fbde8 mode 2
Event: 609.575 Thread 0x00000297e212c060 DEOPT PACKING pc=0x00000297c7c8da29 sp=0x000000f5f54f9c00
Event: 609.575 Thread 0x00000297e212c060 DEOPT UNPACKING pc=0x00000297ceb07524 sp=0x000000f5f54f90b0 mode 0

Classes loaded (20 events):
Event: 563.289 Loading class java/net/ConnectException
Event: 563.290 Loading class java/net/ConnectException done
Event: 563.290 Loading class sun/net/util/SocketExceptions
Event: 563.290 Loading class sun/net/util/SocketExceptions done
Event: 563.294 Loading class java/net/BindException
Event: 563.294 Loading class java/net/BindException done
Event: 563.295 Loading class sun/util/resources/LocaleData$CommonResourceBundleProvider
Event: 563.295 Loading class sun/util/resources/LocaleData$LocaleDataResourceBundleProvider
Event: 563.295 Loading class java/util/spi/ResourceBundleProvider
Event: 563.296 Loading class java/util/spi/ResourceBundleProvider done
Event: 563.296 Loading class sun/util/resources/LocaleData$LocaleDataResourceBundleProvider done
Event: 563.296 Loading class sun/util/resources/LocaleData$CommonResourceBundleProvider done
Event: 563.296 Loading class java/util/ArrayList$SubList$1
Event: 563.297 Loading class java/util/ArrayList$SubList$1 done
Event: 563.297 Loading class sun/util/resources/Bundles$2
Event: 563.298 Loading class sun/util/resources/Bundles$2 done
Event: 563.369 Loading class java/text/FieldPosition$Delegate
Event: 563.370 Loading class java/text/FieldPosition$Delegate done
Event: 604.578 Loading class java/util/concurrent/atomic/Striped64$Cell
Event: 604.578 Loading class java/util/concurrent/atomic/Striped64$Cell done

Classes unloaded (2 events):
Event: 559.172 Thread 0x00000297bf6ce760 Unloading class 0x0000000801641c00 'org/apache/catalina/loader/JdbcLeakPrevention'
Event: 604.624 Thread 0x00000297bf6ce760 Unloading class 0x0000000801643400 'org/apache/catalina/loader/JdbcLeakPrevention'

Classes redefined (0 events):
No events

Internal exceptions (20 events):
Event: 562.851 Thread 0x00000297e212a5d0 Exception <a 'java/io/FileNotFoundException'{0x00000000c5fc4860}> (0x00000000c5fc4860) 
thrown [s\open\src\hotspot\share\prims\jni.cpp, line 517]
Event: 563.290 Thread 0x00000297e212a5d0 Exception <a 'java/net/ConnectException'{0x00000000c5908128}: Connection refused: no further information> (0x00000000c5908128) 
thrown [s\open\src\hotspot\share\prims\jni.cpp, line 536]
Event: 563.292 Thread 0x00000297e212a5d0 Exception <a 'java/net/ConnectException'{0x00000000c5908d08}: Connection refused: no further information> (0x00000000c5908d08) 
thrown [s\open\src\hotspot\share\prims\jni.cpp, line 536]
Event: 604.571 Thread 0x00000297e212b5c0 Exception <a 'java/lang/InterruptedException'{0x00000000c5c98190}: sleep interrupted> (0x00000000c5c98190) 
thrown [s\open\src\hotspot\share\prims\jvm.cpp, line 3103]
Event: 605.092 Thread 0x00000297e212c060 Exception <a 'sun/nio/fs/WindowsException'{0x00000000c6b7b650}> (0x00000000c6b7b650) 
thrown [s\open\src\hotspot\share\prims\jni.cpp, line 517]
Event: 606.806 Thread 0x00000297e212c060 Implicit null exception at 0x00000297cf18814d to 0x00000297cf18923c
Event: 606.810 Thread 0x00000297e212c060 Implicit null exception at 0x00000297cf0a99e8 to 0x00000297cf0a9a78
Event: 609.228 Thread 0x00000297e212c060 Exception <a 'java/lang/NoClassDefFoundError'{0x00000000c5152390}: org/flywaydb/core/Flyway> (0x00000000c5152390) 
thrown [s\open\src\hotspot\share\oops\constantPool.cpp, line 837]
Event: 609.228 Thread 0x00000297e212c060 Exception <a 'java/lang/NoClassDefFoundError'{0x00000000c51529f0}: liquibase/integration/spring/SpringLiquibase> (0x00000000c51529f0) 
thrown [s\open\src\hotspot\share\oops\constantPool.cpp, line 837]
Event: 609.236 Thread 0x00000297e212c060 Exception <a 'java/lang/NoClassDefFoundError'{0x00000000c518cd60}: org/jooq/DSLContext> (0x00000000c518cd60) 
thrown [s\open\src\hotspot\share\oops\constantPool.cpp, line 837]
Event: 609.237 Thread 0x00000297e212c060 Exception <a 'java/lang/NoClassDefFoundError'{0x00000000c5195de0}: org/springframework/batch/core/repository/JobRepository> (0x00000000c5195de0) 
thrown [s\open\src\hotspot\share\oops\constantPool.cpp, line 837]
Event: 609.237 Thread 0x00000297e212c060 Exception <a 'java/lang/NoClassDefFoundError'{0x00000000c5196438}: org/quartz/Scheduler> (0x00000000c5196438) 
thrown [s\open\src\hotspot\share\oops\constantPool.cpp, line 837]
Event: 609.237 Thread 0x00000297e212c060 Exception <a 'java/lang/NoClassDefFoundError'{0x00000000c5196ab8}: org/springframework/session/jdbc/JdbcIndexedSessionRepository> (0x00000000c5196ab8) 
thrown [s\open\src\hotspot\share\oops\constantPool.cpp, line 837]
Event: 609.805 Thread 0x00000297e212c060 Exception <a 'sun/nio/fs/WindowsException'{0x00000000c6032068}> (0x00000000c6032068) 
thrown [s\open\src\hotspot\share\prims\jni.cpp, line 517]
Event: 609.987 Thread 0x00000297e212c060 Exception <a 'sun/nio/fs/WindowsException'{0x00000000c60326d0}> (0x00000000c60326d0) 
thrown [s\open\src\hotspot\share\prims\jni.cpp, line 517]
Event: 609.987 Thread 0x00000297e212c060 Exception <a 'sun/nio/fs/WindowsException'{0x00000000c6032da8}> (0x00000000c6032da8) 
thrown [s\open\src\hotspot\share\prims\jni.cpp, line 517]
Event: 610.158 Thread 0x00000297e212c060 Exception <a 'java/io/FileNotFoundException'{0x00000000c6065f48}> (0x00000000c6065f48) 
thrown [s\open\src\hotspot\share\prims\jni.cpp, line 517]
Event: 610.314 Thread 0x00000297e212c060 Exception <a 'java/io/FileNotFoundException'{0x00000000c5f9c240}> (0x00000000c5f9c240) 
thrown [s\open\src\hotspot\share\prims\jni.cpp, line 517]
Event: 610.525 Thread 0x00000297e212c060 Exception <a 'java/net/ConnectException'{0x00000000c5add958}: Connection refused: no further information> (0x00000000c5add958) 
thrown [s\open\src\hotspot\share\prims\jni.cpp, line 536]
Event: 610.528 Thread 0x00000297e212c060 Exception <a 'java/net/ConnectException'{0x00000000c5ade468}: Connection refused: no further information> (0x00000000c5ade468) 
thrown [s\open\src\hotspot\share\prims\jni.cpp, line 536]

VM Operations (20 events):
Event: 565.237 Executing VM operation: G1CollectForAllocation
Event: 565.256 Executing VM operation: G1CollectForAllocation done
Event: 566.271 Executing VM operation: Cleanup
Event: 566.271 Executing VM operation: Cleanup done
Event: 567.284 Executing VM operation: Cleanup
Event: 567.284 Executing VM operation: Cleanup done
Event: 604.585 Executing VM operation: G1CollectFull
Event: 604.771 Executing VM operation: G1CollectFull done
Event: 605.781 Executing VM operation: Cleanup
Event: 605.806 Executing VM operation: Cleanup done
Event: 606.807 Executing VM operation: Cleanup
Event: 606.810 Executing VM operation: Cleanup done
Event: 607.823 Executing VM operation: Cleanup
Event: 607.823 Executing VM operation: Cleanup done
Event: 608.937 Executing VM operation: Cleanup
Event: 609.223 Executing VM operation: Cleanup done
Event: 609.693 Executing VM operation: G1CollectForAllocation
Event: 609.700 Executing VM operation: G1CollectForAllocation done
Event: 610.712 Executing VM operation: Cleanup
Event: 610.932 Executing VM operation: Cleanup done

Events (20 events):
Event: 604.566 Thread 0x00000297e212cb00 Thread exited: 0x00000297e212cb00
Event: 604.566 Thread 0x00000297e21270b0 Thread exited: 0x00000297e21270b0
Event: 604.567 Thread 0x00000297e212a080 Thread exited: 0x00000297e212a080
Event: 604.567 Thread 0x00000297e212d5a0 Thread exited: 0x00000297e212d5a0
Event: 604.568 Thread 0x00000297e2129b30 Thread exited: 0x00000297e2129b30
Event: 604.568 Thread 0x00000297e2127b50 Thread exited: 0x00000297e2127b50
Event: 604.568 Thread 0x00000297e212e040 Thread exited: 0x00000297e212e040
Event: 604.568 Thread 0x00000297e2129090 Thread exited: 0x00000297e2129090
Event: 604.569 Thread 0x00000297e212daf0 Thread exited: 0x00000297e212daf0
Event: 604.571 Thread 0x00000297e212b5c0 Thread exited: 0x00000297e212b5c0
Event: 604.578 Thread 0x00000297e212eae0 Thread exited: 0x00000297e212eae0
Event: 604.579 Thread 0x00000297e212d050 Thread exited: 0x00000297e212d050
Event: 604.771 Thread 0x00000297e21270b0 Thread added: 0x00000297e21270b0
Event: 604.925 Thread 0x00000297e21270b0 Thread exited: 0x00000297e21270b0
Event: 604.925 Thread 0x00000297e212c060 Thread added: 0x00000297e212c060
Event: 605.914 Thread 0x00000297e21285f0 Thread added: 0x00000297e21285f0
Event: 606.336 Thread 0x00000297e21285f0 Thread exited: 0x00000297e21285f0
Event: 610.316 Thread 0x00000297e2129b30 Thread added: 0x00000297e2129b30
Event: 610.316 Thread 0x00000297e212d5a0 Thread added: 0x00000297e212d5a0
Event: 610.316 Thread 0x00000297e212cb00 Thread added: 0x00000297e212cb00


Dynamic libraries:
0x00007ff71b5f0000 - 0x00007ff71b600000 	C:\Program Files\Java\jdk-19\bin\java.exe
0x00007ffaa7db0000 - 0x00007ffaa7fc4000 	C:\WINDOWS\SYSTEM32\ntdll.dll
0x00007ffaa7370000 - 0x00007ffaa7433000 	C:\WINDOWS\System32\KERNEL32.DLL
0x00007ffaa54d0000 - 0x00007ffaa586c000 	C:\WINDOWS\System32\KERNELBASE.dll
0x00007ffaa5290000 - 0x00007ffaa53a1000 	C:\WINDOWS\System32\ucrtbase.dll
0x00007ffa9b970000 - 0x00007ffa9b98b000 	C:\Program Files\Java\jdk-19\bin\VCRUNTIME140.dll
0x00007ffa8ccd0000 - 0x00007ffa8cce8000 	C:\Program Files\Java\jdk-19\bin\jli.dll
0x00007ffaa62e0000 - 0x00007ffaa638e000 	C:\WINDOWS\System32\ADVAPI32.dll
0x00007ffaa6d80000 - 0x00007ffaa6e27000 	C:\WINDOWS\System32\msvcrt.dll
0x00007ffaa7980000 - 0x00007ffaa7a24000 	C:\WINDOWS\System32\sechost.dll
0x00007ffaa6000000 - 0x00007ffaa6115000 	C:\WINDOWS\System32\RPCRT4.dll
0x00007ffaa6fd0000 - 0x00007ffaa717d000 	C:\WINDOWS\System32\USER32.dll
0x00007ffaa5870000 - 0x00007ffaa5896000 	C:\WINDOWS\System32\win32u.dll
0x00007ffaa72e0000 - 0x00007ffaa7309000 	C:\WINDOWS\System32\GDI32.dll
0x00007ffaa53b0000 - 0x00007ffaa54c3000 	C:\WINDOWS\System32\gdi32full.dll
0x00007ffaa51f0000 - 0x00007ffaa528a000 	C:\WINDOWS\System32\msvcp_win.dll
0x00007ffa890f0000 - 0x00007ffa8937e000 	C:\WINDOWS\WinSxS\amd64_microsoft.windows.common-controls_6595b64144ccf1df_6.0.22621.608_none_a9444ca7c10bb01d\COMCTL32.dll
0x00007ffa9b990000 - 0x00007ffa9b99a000 	C:\WINDOWS\SYSTEM32\VERSION.dll
0x00007ffaa7940000 - 0x00007ffaa7971000 	C:\WINDOWS\System32\IMM32.DLL
0x00007ffa9efe0000 - 0x00007ffa9efec000 	C:\Program Files\Java\jdk-19\bin\vcruntime140_1.dll
0x00007ffa6cd30000 - 0x00007ffa6cdbe000 	C:\Program Files\Java\jdk-19\bin\msvcp140.dll
0x00007ffa41390000 - 0x00007ffa42050000 	C:\Program Files\Java\jdk-19\bin\server\jvm.dll
0x00007ffa9df10000 - 0x00007ffa9df44000 	C:\WINDOWS\SYSTEM32\WINMM.dll
0x00007ffa9f500000 - 0x00007ffa9f509000 	C:\WINDOWS\SYSTEM32\WSOCK32.dll
0x00007ffaa7180000 - 0x00007ffaa71f1000 	C:\WINDOWS\System32\WS2_32.dll
0x00007ffaa4240000 - 0x00007ffaa4258000 	C:\WINDOWS\SYSTEM32\kernel.appcore.dll
0x00007ffa9b9e0000 - 0x00007ffa9b9ea000 	C:\Program Files\Java\jdk-19\bin\jimage.dll
0x00007ffaa2da0000 - 0x00007ffaa2fce000 	C:\WINDOWS\SYSTEM32\DBGHELP.DLL
0x00007ffaa5bc0000 - 0x00007ffaa5f49000 	C:\WINDOWS\System32\combase.dll
0x00007ffaa6450000 - 0x00007ffaa6527000 	C:\WINDOWS\System32\OLEAUT32.dll
0x00007ffa7f920000 - 0x00007ffa7f952000 	C:\WINDOWS\SYSTEM32\dbgcore.DLL
0x00007ffaa5b40000 - 0x00007ffaa5bbb000 	C:\WINDOWS\System32\bcryptPrimitives.dll
0x00007ffa8cd30000 - 0x00007ffa8cd56000 	C:\Program Files\Java\jdk-19\bin\java.dll
0x00007ffa6cdc0000 - 0x00007ffa6ce97000 	C:\Program Files\Java\jdk-19\bin\jsvml.dll
0x00007ffaa6590000 - 0x00007ffaa6d80000 	C:\WINDOWS\System32\SHELL32.dll
0x00007ffaa3200000 - 0x00007ffaa3ace000 	C:\WINDOWS\SYSTEM32\windows.storage.dll
0x00007ffaa30c0000 - 0x00007ffaa31fe000 	C:\WINDOWS\SYSTEM32\wintypes.dll
0x00007ffaa7c70000 - 0x00007ffaa7d61000 	C:\WINDOWS\System32\SHCORE.dll
0x00007ffaa63f0000 - 0x00007ffaa644e000 	C:\WINDOWS\System32\shlwapi.dll
0x00007ffaa5120000 - 0x00007ffaa5141000 	C:\WINDOWS\SYSTEM32\profapi.dll
0x00007ffa92550000 - 0x00007ffa92563000 	C:\Program Files\Java\jdk-19\bin\net.dll
0x00007ffa9bac0000 - 0x00007ffa9bbef000 	C:\WINDOWS\SYSTEM32\WINHTTP.dll
0x00007ffaa46b0000 - 0x00007ffaa4719000 	C:\WINDOWS\system32\mswsock.dll
0x00007ffa919a0000 - 0x00007ffa919b6000 	C:\Program Files\Java\jdk-19\bin\nio.dll
0x00007ffa8cd00000 - 0x00007ffa8cd18000 	C:\Program Files\Java\jdk-19\bin\zip.dll
0x00007ffa8cdb0000 - 0x00007ffa8cdba000 	C:\Program Files\Java\jdk-19\bin\management.dll
0x00007ffa8ccf0000 - 0x00007ffa8ccfb000 	C:\Program Files\Java\jdk-19\bin\management_ext.dll
0x00007ffaa6530000 - 0x00007ffaa6538000 	C:\WINDOWS\System32\PSAPI.DLL
0x00007ffa91ae0000 - 0x00007ffa91af0000 	C:\Program Files\Java\jdk-19\bin\verify.dll
0x00007ffaa4920000 - 0x00007ffaa493b000 	C:\WINDOWS\SYSTEM32\CRYPTSP.dll
0x00007ffaa41b0000 - 0x00007ffaa41e5000 	C:\WINDOWS\system32\rsaenh.dll
0x00007ffaa47b0000 - 0x00007ffaa47d8000 	C:\WINDOWS\SYSTEM32\USERENV.dll
0x00007ffaa4ad0000 - 0x00007ffaa4af8000 	C:\WINDOWS\SYSTEM32\bcrypt.dll
0x00007ffaa4910000 - 0x00007ffaa491c000 	C:\WINDOWS\SYSTEM32\CRYPTBASE.dll
0x00007ffaa3db0000 - 0x00007ffaa3ddd000 	C:\WINDOWS\SYSTEM32\IPHLPAPI.DLL
0x00007ffaa7200000 - 0x00007ffaa7209000 	C:\WINDOWS\System32\NSI.dll
0x00007ffa9c850000 - 0x00007ffa9c869000 	C:\WINDOWS\SYSTEM32\dhcpcsvc6.DLL
0x00007ffa9baa0000 - 0x00007ffa9babf000 	C:\WINDOWS\SYSTEM32\dhcpcsvc.DLL
0x00007ffaa3de0000 - 0x00007ffaa3ed3000 	C:\WINDOWS\SYSTEM32\DNSAPI.dll
0x00007ffaa2070000 - 0x00007ffaa207e000 	C:\Program Files\Java\jdk-19\bin\sunmscapi.dll
0x00007ffaa59d0000 - 0x00007ffaa5b36000 	C:\WINDOWS\System32\CRYPT32.dll
0x00007ffaa4aa0000 - 0x00007ffaa4acd000 	C:\WINDOWS\SYSTEM32\ncrypt.dll
0x00007ffaa4a60000 - 0x00007ffaa4a97000 	C:\WINDOWS\SYSTEM32\NTASN1.dll
0x00007ffa8a620000 - 0x00007ffa8a62a000 	C:\Windows\System32\rasadhlp.dll
0x00007ffa998f0000 - 0x00007ffa99973000 	C:\WINDOWS\System32\fwpuclnt.dll
0x00007ffa8f5f0000 - 0x00007ffa8f5f8000 	C:\Program Files\Java\jdk-19\bin\extnet.dll
0x00007ffa924e0000 - 0x00007ffa924e8000 	C:\WINDOWS\system32\wshunix.dll

dbghelp: loaded successfully - version: 4.0.5 - missing functions: none
symbol engine: initialized successfully - sym options: 0x614 - pdb path: .;C:\Program Files\Java\jdk-19\bin;C:\WINDOWS\SYSTEM32;C:\WINDOWS\WinSxS\amd64_microsoft.windows.common-controls_6595b64144ccf1df_6.0.22621.608_none_a9444ca7c10bb01d;C:\Program Files\Java\jdk-19\bin\server

VM Arguments:
java_command: com.portfolio.thiagobong.ThiagobongApplication
java_class_path (initial): C:\Argentina Programa\PortfolioWeb_Thiagobongiovanni\Portfolioweb_Thiagobongiovanni\BackEnd\target\classes;C:\Users\thiag\.m2\repository\org\springframework\boot\spring-boot-starter-data-jpa\3.0.5\spring-boot-starter-data-jpa-3.0.5.jar;C:\Users\thiag\.m2\repository\org\springframework\boot\spring-boot-starter-aop\3.0.5\spring-boot-starter-aop-3.0.5.jar;C:\Users\thiag\.m2\repository\org\springframework\spring-aop\6.0.7\spring-aop-6.0.7.jar;C:\Users\thiag\.m2\repository\org\aspectj\aspectjweaver\1.9.19\aspectjweaver-1.9.19.jar;C:\Users\thiag\.m2\repository\org\springframework\boot\spring-boot-starter-jdbc\3.0.5\spring-boot-starter-jdbc-3.0.5.jar;C:\Users\thiag\.m2\repository\com\zaxxer\HikariCP\5.0.1\HikariCP-5.0.1.jar;C:\Users\thiag\.m2\repository\org\springframework\spring-jdbc\6.0.7\spring-jdbc-6.0.7.jar;C:\Users\thiag\.m2\repository\org\hibernate\orm\hibernate-core\6.1.7.Final\hibernate-core-6.1.7.Final.jar;C:\Users\thiag\.m2\repository\jakarta\persistence\jakarta.persistence-api\3.1.0\jakarta.persistence-api-3.1.0.jar;C:\Users\thiag\.m2\repository\jakarta\transaction\jakarta.transaction-api\2.0.1\jakarta.transaction-api-2.0.1.jar;C:\Users\thiag\.m2\repository\org\jboss\logging\jboss-logging\3.5.0.Final\jboss-logging-3.5.0.Final.jar;C:\Users\thiag\.m2\repository\org\hibernate\common\hibernate-commons-annotations\6.0.6.Final\hibernate-commons-annotations-6.0.6.Final.jar;C:\Users\thiag\.m2\repository\org\jboss\jandex\2.4.2.Final\jandex-2.4.2.Final.jar;C:\Users\thiag\.m2\repository\com\fasterxml\classmate\1.5.1\classmate-1.5.1.jar;C:\Users\thiag\.m2\repository\net\bytebuddy\byte-buddy\1.12.23\byte-buddy-1.12.23.jar;C:\Users\thiag\.m2\repository\org\glassfish\jaxb\jaxb-runtime\4.0.2\jaxb-runtime-4.0.2.jar;C:\Users\thiag\.m2\repository\org\glassfish\jaxb\jaxb-core\4.0.2\jaxb-core-4.0.2.jar;C:\Users\thiag\.m2\repository\org\eclipse\angus\angus-activation\2.0.0\angus-activation-2.0.0.jar;C:\Users\thiag\.m2\repository\org\glassfish\jaxb\txw2\4.0.2\txw2-4.0.2.jar;C:\Users\thiag\.m2\repository\com\sun\istack\istack-commons-runtime\4.1.1\istack-commons-runtime-4.1.1.jar;C:\Users\thiag\.m2\repository\jakarta\inject\jakarta.inject-api\2.0.0\jakarta.inject-api-2.0.0.jar;C:\Users\thiag\.m2\repository\org\antlr\antlr4-runtime\4.10.1\antlr4-runtime-4.10.1.jar;C:\Users\thiag\.m2\repository\org\springframework\data\spring-data-jpa\3.0.4\spring-data-jpa-3.0.4.jar;C:\Users\thiag\.m2\repository\org\springframework\data\spring-data-commons\3.0.4\spring-data-commons-3.0.4.jar;C:\Users\thiag\.m2\repository\org\springframework\spring-orm\6.0.7\spring-orm-6.0.7.jar;C:\Users\thiag\.m2\repository\org\springframework\spring-context\6.0.7\spring-context-6.0.7.jar;C:\Users\thiag\.m2\repository\org\springframework\spring-tx\6.0.7\spring-tx-6.0.7.jar;C:\Users\thiag\.m2\repository\org\springframework\spring-beans\6.0.7\spring-beans-6.0.7.jar;C:\Users\thiag\.m2\repository\jakarta\annotation\jakarta.annotation-api\2.1.1\jakarta.annotation-api-2.1.1.jar;C:\Users\thiag\.m2\repository\org\slf4j\slf4j-api\2.0.7\slf4j-api-2.0.7.jar;C:\Users\thiag\.m2\repository\org\springframework\spring-aspects\6.0.7\spring-aspects-6.0.7.jar;C:\Users\thiag\.m2\repository\org\springframework\boot\spring-boot-starter-validation\3.0.5\spring-boot-starter-validation-3.0.5.jar;C:\Users\thiag\.m2\repository\org\springframework\boot\spring-boot-starter\3.0.5\spring-boot-starter-3.0.5.jar;C:\Users\thiag\.m2\repository\org\springframework\boot\spring-boot-starter-logging\3.0.5\spring-boot-starter-logging-3.0.5.jar;C:\Users\thiag\.m2\repository\ch\qos\logback\logback-classic\1.4.6\logback-classic-1.4.6.jar;C:\Users\thiag\.m2\repository\ch\qos\logback\logback-core\1.4.6\logback-core-1.4.6.jar;C:\Users\thiag\.m2\repository\org\apache\logging\log4j\log4j-to-slf4j\2.19.0\log4j-to-slf4j-2.19.0.jar;C:\Users\thiag\.m2\repository\org\apache\logging\log4j\log4j-api\2.19.0\log4j-api-2.19.0.jar;C:\Users\thiag\.m2\repository\org\slf4j\jul-to-slf4j\2.0.7\jul-to-slf4j-2.0.7.jar;C:\Users\thiag\.m2\repository\org\yaml\snakeyaml\1.33\snakeyaml-1.33.jar;C:\Users\thiag\.m2\repository\org\apache\tomcat\embed\tomcat-embed-el\10.1.7\tomcat-embed-el-10.1.7.jar;C:\Users\thiag\.m2\repository\org\hibernate\validator\hibernate-validator\8.0.0.Final\hibernate-validator-8.0.0.Final.jar;C:\Users\thiag\.m2\repository\jakarta\validation\jakarta.validation-api\3.0.2\jakarta.validation-api-3.0.2.jar;C:\Users\thiag\.m2\repository\org\springframework\boot\spring-boot-starter-web\3.0.5\spring-boot-starter-web-3.0.5.jar;C:\Users\thiag\.m2\repository\org\springframework\boot\spring-boot-starter-json\3.0.5\spring-boot-starter-json-3.0.5.jar;C:\Users\thiag\.m2\repository\com\fasterxml\jackson\core\jackson-databind\2.14.2\jackson-databind-2.14.2.jar;C:\Users\thiag\.m2\repository\com\fasterxml\jackson\core\jackson-annotations\2.14.2\jackson-annotations-2.14.2.jar;C:\Users\thiag\.m2\repository\com\fasterxml\jackson\core\jackson-core\2.14.2\jackson-core-2.14.2.jar;C:\Users\thiag\.m2\repository\com\fasterxml\jackson\datatype\jackson-datatype-jdk8\2.14.2\jackson-datatype-jdk8-2.14.2.jar;C:\Users\thiag\.m2\repository\com\fasterxml\jackson\datatype\jackson-datatype-jsr310\2.14.2\jackson-datatype-jsr310-2.14.2.jar;C:\Users\thiag\.m2\repository\com\fasterxml\jackson\module\jackson-module-parameter-names\2.14.2\jackson-module-parameter-names-2.14.2.jar;C:\Users\thiag\.m2\repository\org\springframework\boot\spring-boot-starter-tomcat\3.0.5\spring-boot-starter-tomcat-3.0.5.jar;C:\Users\thiag\.m2\repository\org\apache\tomcat\embed\tomcat-embed-core\10.1.7\tomcat-embed-core-10.1.7.jar;C:\Users\thiag\.m2\repository\org\apache\tomcat\embed\tomcat-embed-websocket\10.1.7\tomcat-embed-websocket-10.1.7.jar;C:\Users\thiag\.m2\repository\org\springframework\spring-web\6.0.7\spring-web-6.0.7.jar;C:\Users\thiag\.m2\repository\io\micrometer\micrometer-observation\1.10.5\micrometer-observation-1.10.5.jar;C:\Users\thiag\.m2\repository\io\micrometer\micrometer-commons\1.10.5\micrometer-commons-1.10.5.jar;C:\Users\thiag\.m2\repository\org\springframework\spring-webmvc\6.0.7\spring-webmvc-6.0.7.jar;C:\Users\thiag\.m2\repository\org\springframework\spring-expression\6.0.7\spring-expression-6.0.7.jar;C:\Users\thiag\.m2\repository\org\springframework\boot\spring-boot-devtools\3.0.5\spring-boot-devtools-3.0.5.jar;C:\Users\thiag\.m2\repository\org\springframework\boot\spring-boot\3.0.5\spring-boot-3.0.5.jar;C:\Users\thiag\.m2\repository\org\springframework\boot\spring-boot-autoconfigure\3.0.5\spring-boot-autoconfigure-3.0.5.jar;C:\Users\thiag\.m2\repository\com\mysql\mysql-connector-j\8.0.32\mysql-connector-j-8.0.32.jar;C:\Users\thiag\.m2\repository\org\projectlombok\lombok\1.18.26\lombok-1.18.26.jar;C:\Users\thiag\.m2\repository\jakarta\xml\bind\jakarta.xml.bind-api\4.0.0\jakarta.xml.bind-api-4.0.0.jar;C:\Users\thiag\.m2\repository\jakarta\activation\jakarta.activation-api\2.1.1\jakarta.activation-api-2.1.1.jar;C:\Users\thiag\.m2\repository\org\springframework\spring-core\6.0.7\spring-core-6.0.7.jar;C:\Users\thiag\.m2\repository\org\springframework\spring-jcl\6.0.7\spring-jcl-6.0.7.jar
Launcher Type: SUN_STANDARD

[Global flags]
     intx CICompilerCount                          = 2                                         {product} {ergonomic}
     uint ConcGCThreads                            = 1                                         {product} {ergonomic}
     uint G1ConcRefinementThreads                  = 2                                         {product} {ergonomic}
   size_t G1HeapRegionSize                         = 1048576                                   {product} {ergonomic}
    uintx GCDrainStackTargetSize                   = 64                                        {product} {ergonomic}
   size_t InitialHeapSize                          = 65011712                                  {product} {ergonomic}
   size_t MarkStackSize                            = 4194304                                   {product} {ergonomic}
   size_t MaxHeapSize                              = 1025507328                                {product} {ergonomic}
   size_t MaxNewSize                               = 614465536                                 {product} {ergonomic}
   size_t MinHeapDeltaBytes                        = 1048576                                   {product} {ergonomic}
   size_t MinHeapSize                              = 8388608                                   {product} {ergonomic}
    uintx NonNMethodCodeHeapSize                   = 5826188                                {pd product} {ergonomic}
    uintx NonProfiledCodeHeapSize                  = 122916026                              {pd product} {ergonomic}
    uintx ProfiledCodeHeapSize                     = 122916026                              {pd product} {ergonomic}
    uintx ReservedCodeCacheSize                    = 251658240                              {pd product} {ergonomic}
     bool SegmentedCodeCache                       = true                                      {product} {ergonomic}
   size_t SoftMaxHeapSize                          = 1025507328                             {manageable} {ergonomic}
     bool UseCompressedClassPointers               = true                           {product lp64_product} {ergonomic}
     bool UseCompressedOops                        = true                           {product lp64_product} {ergonomic}
     bool UseG1GC                                  = true                                      {product} {ergonomic}
     bool UseLargePagesIndividualAllocation        = false                                  {pd product} {ergonomic}

Logging:
Log output configuration:
 #0: stdout all=warning uptime,level,tags foldmultilines=false
 #1: stderr all=off uptime,level,tags foldmultilines=false

Environment Variables:
JAVA_HOME=C:\Program Files\Java\jdk-19
PATH=C:\Program Files\Common Files\Oracle\Java\javapath;C:\WINDOWS\system32;C:\WINDOWS;C:\WINDOWS\System32\Wbem;C:\WINDOWS\System32\WindowsPowerShell\v1.0\;C:\WINDOWS\System32\OpenSSH\;C:\Program Files\Git\cmd;C:\Program Files\nodejs\;C:\Users\thiag\AppData\Local\Microsoft\WindowsApps;C:\Users\thiag\AppData\Local\Programs\Microsoft VS Code\bin;C:\Users\thiag\AppData\Local\GitHubDesktop\bin;C:\Users\thiag\AppData\Roaming\npm
USERNAME=thiag
OS=Windows_NT
PROCESSOR_IDENTIFIER=Intel64 Family 6 Model 122 Stepping 1, GenuineIntel
TMP=C:\Users\thiag\AppData\Local\Temp
TEMP=C:\Users\thiag\AppData\Local\Temp



---------------  S Y S T E M  ---------------

OS:
 Windows 11 , 64 bit Build 22621 (10.0.22621.1344)
OS uptime: 12 days 2:10 hours

CPU: total 2 (initial active 2) (2 cores per cpu, 1 threads per core) family 6 model 122 stepping 1 microcode 0x34, cx8, cmov, fxsr, mmx, 3dnowpref, sse, sse2, sse3, ssse3, sse4.1, sse4.2, popcnt, tsc, tscinvbit, aes, erms, clmul, sha, clflush, clflushopt, rdtscp, rdpid

Memory: 4k page, system-wide physical 3911M (256M free)
TotalPageFile size 11257M (AvailPageFile size 3M)
current process WorkingSet (physical memory assigned to process): 161M, peak: 202M
current process commit charge ("private bytes"): 213M, peak: 232M

vm_info: Java HotSpot(TM) 64-Bit Server VM (19.0.2+7-44) for windows-amd64 JRE (19.0.2+7-44), built on 2022-11-30T18:02:09Z by "mach5one" with MS VC++ 17.1 (VS2022)

END.
